#
# A fatal error has been detected by the Java Runtime Environment:
#
#  EXCEPTION_ACCESS_VIOLATION (0xc0000005) at pc=0x00007fff120cc236, pid=18388, tid=22144
#
# JRE version: OpenJDK Runtime Environment Temurin-21.0.4+7 (21.0.4+7) (build 21.0.4+7-LTS)
# Java VM: OpenJDK 64-Bit Server VM Temurin-21.0.4+7 (21.0.4+7-LTS, mixed mode, emulated-client, tiered, compressed oops, compressed class ptrs, g1 gc, windows-amd64)
# Problematic frame:
# V  [jvm.dll+0xc236]
#
# No core dump will be written. Minidumps are not enabled by default on client versions of Windows
#
# If you would like to submit a bug report, please visit:
#   https://github.com/adoptium/adoptium-support/issues
#

---------------  S U M M A R Y ------------

Command Line: -XX:+ShowCodeDetailsInExceptionMessages -agentlib:jdwp=transport=dt_socket,suspend=y,address=localhost:53879 -Dcom.sun.management.jmxremote -Dcom.sun.management.jmxremote.port=53878 -Dcom.sun.management.jmxremote.authenticate=false -Dcom.sun.management.jmxremote.ssl=false -Djava.rmi.server.hostname=localhost -Dspring.jmx.enabled=true -Dmanagement.endpoints.jmx.exposure.include=* -Dspring.application.admin.enabled=true -XX:TieredStopAtLevel=1 -Dspring.boot.project.name=hrms -javaagent:D:\STS\sts-4.25.0.RELEASE\configuration\org.eclipse.osgi\270\0\.cp\lib\javaagent-shaded.jar -Dfile.encoding=UTF-8 -Dstdout.encoding=UTF-8 -Dstderr.encoding=UTF-8 com.cotodel.hrms.web.config.CotoDelApplication --spring.output.ansi.enabled=always

Host: 12th Gen Intel(R) Core(TM) i5-12450H, 12 cores, 15G,  Windows 11 , 64 bit Build 26100 (10.0.26100.3775)
Time: Mon Apr 14 10:54:44 2025 India Standard Time elapsed time: 647.461449 seconds (0d 0h 10m 47s)

---------------  T H R E A D  ---------------

Current thread (0x000001fa4f813480):  WorkerThread "GC Thread#6"    [id=22144, stack(0x0000000102200000,0x0000000102300000) (1024K)]

Stack: [0x0000000102200000,0x0000000102300000],  sp=0x00000001022fdf78,  free space=1015k
Native frames: (J=compiled Java code, j=interpreted, Vv=VM code, C=native code)
V  [jvm.dll+0xc236]

JavaThread 0x000001fa4f9744b0 (nid = 22792) was being processed
Java frames: (J=compiled Java code, j=interpreted, Vv=VM code)
j  java.lang.invoke.DirectMethodHandle$Holder.newInvokeSpecial(Ljava/lang/Object;)Ljava/lang/Object;+15 java.base@21.0.4
J 903 c1 jdk.internal.reflect.DirectConstructorHandleAccessor.newInstance([Ljava/lang/Object;)Ljava/lang/Object; java.base@21.0.4 (130 bytes) @ 0x000001fa3f2cac6c [0x000001fa3f2caa60+0x000000000000020c]
J 902 c1 java.lang.reflect.Constructor.newInstanceWithCaller([Ljava/lang/Object;ZLjava/lang/Class;)Ljava/lang/Object; java.base@21.0.4 (51 bytes) @ 0x000001fa3f2c3c9c [0x000001fa3f2c3bc0+0x00000000000000dc]
J 8956 c1 org.springframework.beans.BeanUtils.instantiateClass(Ljava/lang/reflect/Constructor;[Ljava/lang/Object;)Ljava/lang/Object; (187 bytes) @ 0x000001fa3facf664 [0x000001fa3facf240+0x0000000000000424]
j  org.springframework.beans.factory.support.SimpleInstantiationStrategy.instantiate(Lorg/springframework/beans/factory/support/RootBeanDefinition;Ljava/lang/String;Lorg/springframework/beans/factory/BeanFactory;)Ljava/lang/Object;+140
j  org.springframework.beans.factory.support.AbstractAutowireCapableBeanFactory.instantiateBean(Ljava/lang/String;Lorg/springframework/beans/factory/support/RootBeanDefinition;)Lorg/springframework/beans/BeanWrapper;+32
J 10228 c1 org.springframework.beans.factory.support.AbstractAutowireCapableBeanFactory.createBeanInstance(Ljava/lang/String;Lorg/springframework/beans/factory/support/RootBeanDefinition;[Ljava/lang/Object;)Lorg/springframework/beans/BeanWrapper; (254 bytes) @ 0x000001fa3f0f2d54 [0x000001fa3f0f26c0+0x0000000000000694]
J 10227 c1 org.springframework.beans.factory.support.AbstractAutowireCapableBeanFactory.doCreateBean(Ljava/lang/String;Lorg/springframework/beans/factory/support/RootBeanDefinition;[Ljava/lang/Object;)Ljava/lang/Object; (507 bytes) @ 0x000001fa3fcc162c [0x000001fa3fcc1480+0x00000000000001ac]
J 10225 c1 org.springframework.beans.factory.support.AbstractAutowireCapableBeanFactory.createBean(Ljava/lang/String;Lorg/springframework/beans/factory/support/RootBeanDefinition;[Ljava/lang/Object;)Ljava/lang/Object; (247 bytes) @ 0x000001fa3f147094 [0x000001fa3f146a40+0x0000000000000654]
J 10268 c1 org.springframework.beans.factory.support.AbstractBeanFactory$$Lambda+0x00000008003b0418.getObject()Ljava/lang/Object; (20 bytes) @ 0x000001fa3f317ebc [0x000001fa3f317e20+0x000000000000009c]
J 10229 c1 org.springframework.beans.factory.support.DefaultSingletonBeanRegistry.getSingleton(Ljava/lang/String;Lorg/springframework/beans/factory/ObjectFactory;)Ljava/lang/Object; (297 bytes) @ 0x000001fa3f0e2304 [0x000001fa3f0e1e80+0x0000000000000484]
J 4374 c1 org.springframework.beans.factory.support.AbstractBeanFactory.doGetBean(Ljava/lang/String;Ljava/lang/Class;[Ljava/lang/Object;Z)Ljava/lang/Object; (832 bytes) @ 0x000001fa3f958f44 [0x000001fa3f9588c0+0x0000000000000684]
J 5159 c1 org.springframework.beans.factory.support.AbstractBeanFactory.getBean(Ljava/lang/String;)Ljava/lang/Object; (9 bytes) @ 0x000001fa3fac2f14 [0x000001fa3fac2ea0+0x0000000000000074]
j  org.springframework.beans.factory.support.DefaultListableBeanFactory.preInstantiateSingletons()V+248
j  org.springframework.context.support.AbstractApplicationContext.finishBeanFactoryInitialization(Lorg/springframework/beans/factory/config/ConfigurableListableBeanFactory;)V+124
j  org.springframework.context.support.AbstractApplicationContext.refresh()V+86
j  org.springframework.boot.web.servlet.context.ServletWebServerApplicationContext.refresh()V+1
j  org.springframework.boot.SpringApplication.refresh(Lorg/springframework/context/ConfigurableApplicationContext;)V+1
j  org.springframework.boot.SpringApplication.refreshContext(Lorg/springframework/context/ConfigurableApplicationContext;)V+16
j  org.springframework.boot.SpringApplication.run([Ljava/lang/String;)Lorg/springframework/context/ConfigurableApplicationContext;+107
j  org.springframework.boot.SpringApplication.run([Ljava/lang/Class;[Ljava/lang/String;)Lorg/springframework/context/ConfigurableApplicationContext;+9
j  org.springframework.boot.SpringApplication.run(Ljava/lang/Class;[Ljava/lang/String;)Lorg/springframework/context/ConfigurableApplicationContext;+9
j  com.cotodel.hrms.web.config.CotoDelApplication.main([Ljava/lang/String;)V+3
j  java.lang.invoke.LambdaForm$DMH+0x00000008000c4c00.invokeStatic(Ljava/lang/Object;Ljava/lang/Object;)V+10 java.base@21.0.4
j  java.lang.invoke.LambdaForm$MH+0x00000008007e0000.invoke(Ljava/lang/Object;Ljava/lang/Object;Ljava/lang/Object;)Ljava/lang/Object;+33 java.base@21.0.4
J 3383 c1 jdk.internal.reflect.DirectMethodHandleAccessor.invoke(Ljava/lang/Object;[Ljava/lang/Object;)Ljava/lang/Object; java.base@21.0.4 (92 bytes) @ 0x000001fa3f7ba5fc [0x000001fa3f7ba240+0x00000000000003bc]
J 3396 c1 java.lang.reflect.Method.invoke(Ljava/lang/Object;[Ljava/lang/Object;)Ljava/lang/Object; java.base@21.0.4 (108 bytes) @ 0x000001fa3f7c5774 [0x000001fa3f7c5580+0x00000000000001f4]
j  org.springframework.boot.devtools.restart.RestartLauncher.run()V+42
v  ~StubRoutines::call_stub 0x000001fa3ef2100d

siginfo: EXCEPTION_ACCESS_VIOLATION (0xc0000005), reading address 0x000000084b3ecc77


Registers:
RAX=0x0000000000000000, RBX=0x0000000000000000, RCX=0x0000000101cfdb30, RDX=0x0000000101cfdb30
RSP=0x00000001022fdf78, RBP=0x00000001022fe150, RSI=0x0000000101cfdb30, RDI=0x0000000101cfdb30
R8 =0x000000084b3ecc6f, R9 =0x0000000101cfdb30, R10=0x000001fa3b3b3030, R11=0x00000001022fe1c8
R12=0x000001fa4a77d978, R13=0x0000000101cfdb30, R14=0x000001fa4fa5a480, R15=0x000000084b3ecc6f
RIP=0x00007fff120cc236, EFLAGS=0x0000000000010206


Register to memory mapping:

RAX=0x0 is null
RBX=0x0 is null
RCX=0x0000000101cfdb30 is pointing into the stack for thread: 0x000001fa4f9744b0
RDX=0x0000000101cfdb30 is pointing into the stack for thread: 0x000001fa4f9744b0
RSP=0x00000001022fdf78 points into unknown readable memory: 0x00007fff12416a5b | 5b 6a 41 12 ff 7f 00 00
RBP=0x00000001022fe150 points into unknown readable memory: 0x000001fa00000000 | 00 00 00 00 fa 01 00 00
RSI=0x0000000101cfdb30 is pointing into the stack for thread: 0x000001fa4f9744b0
RDI=0x0000000101cfdb30 is pointing into the stack for thread: 0x000001fa4f9744b0
R8 =0x000000084b3ecc6f is an unknown value
R9 =0x0000000101cfdb30 is pointing into the stack for thread: 0x000001fa4f9744b0
R10=0x000001fa3b3b3030 points into unknown readable memory: 0x00007fff12ade740 | 40 e7 ad 12 ff 7f 00 00
R11=0x00000001022fe1c8 points into unknown readable memory: 0x00007fff123d337d | 7d 33 3d 12 ff 7f 00 00
R12=0x000001fa4a77d978 points into unknown readable memory: 0x4c2800326a0fffff | ff ff 0f 6a 32 00 28 4c
R13=0x0000000101cfdb30 is pointing into the stack for thread: 0x000001fa4f9744b0
R14=0x000001fa4fa5a480 points into unknown readable memory: 0x00007fff12ae5a88 | 88 5a ae 12 ff 7f 00 00
R15=0x000000084b3ecc6f is an unknown value

Top of Stack: (sp=0x00000001022fdf78)
0x00000001022fdf78:   00007fff12416a5b 0000000000000000
0x00000001022fdf88:   00007fff123d8d26 000000000000012f
0x00000001022fdf98:   00007fff1277a91f 000000000000012f
0x00000001022fdfa8:   00007fff123d8d26 000001fa4fa40258
0x00000001022fdfb8:   00007fff12854e51 000001fa4fa40258
0x00000001022fdfc8:   0000000000000000 000001fa4fa401f8
0x00000001022fdfd8:   0000000000000000 000001fa4f69feb0
0x00000001022fdfe8:   000001fa4a962ca0 000001fa4a77d978
0x00000001022fdff8:   0000000101cfdb30 0000000101cfdb30
0x00000001022fe008:   00000001022fe150 000001fa4fa401f8
0x00000001022fe018:   00007fff12424e2c 00000001022fe0e0
0x00000001022fe028:   00000001022fe320 000001fa49d06748
0x00000001022fe038:   0000000000000000 000001fa4fa401f8
0x00000001022fe048:   00007fff123d392b 0000000000000001
0x00000001022fe058:   00000001022fe320 000001fa4fa401f8
0x00000001022fe068:   00000001022fe320 0000000f4fa40201
0x00000001022fe078:   000001fa4b3ecc80 000001fa4f813480
0x00000001022fe088:   000001fa00000003 00000000000003d8
0x00000001022fe098:   000001fa4a962cb0 000001fa4a963088
0x00000001022fe0a8:   000001fa4b3ecc6f 000001fa000000b8
0x00000001022fe0b8:   000001fa4b3ecc80 00007fff12adcff0
0x00000001022fe0c8:   00000001022fe320 000001fa4fa401f8
0x00000001022fe0d8:   0000000400000003 000001fa4a77d978
0x00000001022fe0e8:   0000001300000001 0000000000000032
0x00000001022fe0f8:   000000010000000c 000001fa49d06748
0x00000001022fe108:   0000000000000000 000001fa3f35c890
0x00000001022fe118:   0000855448d94ba6 00007fff12918330
0x00000001022fe128:   000001fa4fa401f8 00000000000003d8
0x00000001022fe138:   00007fff123d8d26 000001fa4b04da60
0x00000001022fe148:   000000063f350013 000001fa00000000
0x00000001022fe158:   0000000000000015 000001fa4fa401f8
0x00000001022fe168:   00007fff12424e97 000001fa4fa401f8 

Instructions: (pc=0x00007fff120cc236)
0x00007fff120cc136:   48 8b 05 33 89 cc 00 48 8b 48 60 48 8b 04 d1 48
0x00007fff120cc146:   85 c0 75 08 48 8b 05 27 89 cc 00 c3 48 8b 05 17
0x00007fff120cc156:   89 cc 00 c3 cc cc cc cc cc cc 8b 05 52 5e c1 00
0x00007fff120cc166:   c3 cc cc cc cc cc cc cc cc cc 0f b6 05 a3 74 c1
0x00007fff120cc176:   00 48 8b d1 84 c0 74 16 44 8b 41 08 8b 0d 30 5e
0x00007fff120cc186:   c1 00 49 d3 e0 4c 03 05 1e 5e c1 00 eb 04 4c 8b
0x00007fff120cc196:   41 08 45 8b 48 08 45 85 c9 7e 0e 41 f6 c1 01 75
0x00007fff120cc1a6:   53 41 c1 f9 03 49 63 c1 c3 79 49 84 c0 41 b8 0c
0x00007fff120cc1b6:   00 00 00 8b 05 69 6f c1 00 b9 10 00 00 00 41 0f
0x00007fff120cc1c6:   45 c8 ff c8 4c 63 c0 41 8b c1 48 c1 f8 10 0f b6
0x00007fff120cc1d6:   c0 48 63 14 11 41 8b c9 83 e1 3f 48 d3 e2 49 8d
0x00007fff120cc1e6:   0c 10 49 f7 d0 48 03 c1 49 c1 e8 03 48 c1 e8 03
0x00007fff120cc1f6:   49 23 c0 c3 49 8b 00 49 8b c8 48 ff a0 00 01 00
0x00007fff120cc206:   00 cc cc cc cc cc cc cc cc cc 8b 44 24 30 45 03
0x00007fff120cc216:   c9 44 2b 4c 24 28 83 c0 0b 44 03 ca 45 03 c8 41
0x00007fff120cc226:   03 c1 c3 cc cc cc cc cc cc cc 4c 8b c2 48 8b d1
0x00007fff120cc236:   45 8b 48 08 45 85 c9 7e 0e 41 f6 c1 01 75 56 41
0x00007fff120cc246:   c1 f9 03 49 63 c1 c3 79 4c 80 3d c4 73 c1 00 00
0x00007fff120cc256:   b8 0c 00 00 00 b9 10 00 00 00 0f 45 c8 8b 05 bf
0x00007fff120cc266:   6e c1 00 ff c8 4c 63 c0 41 8b c1 48 c1 f8 10 48
0x00007fff120cc276:   63 14 11 41 8b c9 83 e1 3f 0f b6 c0 48 d3 e2 49
0x00007fff120cc286:   8d 0c 10 49 f7 d0 48 03 c1 49 c1 e8 03 48 c1 e8
0x00007fff120cc296:   03 49 23 c0 c3 49 8b 00 49 8b c8 48 ff a0 00 01
0x00007fff120cc2a6:   00 00 cc cc cc cc cc cc cc cc 48 8b 41 08 0f b7
0x00007fff120cc2b6:   48 2c 0f b7 40 2a 83 c0 48 03 c1 c3 cc cc cc cc
0x00007fff120cc2c6:   cc cc cc cc cc cc cc cc cc cc 48 89 5c 24 08 57
0x00007fff120cc2d6:   48 83 ec 20 0f b6 05 df 70 cc 00 48 8b fa 48 8b
0x00007fff120cc2e6:   d9 84 c0 74 4f 48 85 15 76 68 cc 00 74 38 48 8b
0x00007fff120cc2f6:   ca e8 94 a8 8c 00 48 8b d0 48 85 db 74 25 48 85
0x00007fff120cc306:   c0 74 20 48 8b c7 f0 48 0f b1 13 74 16 48 85 05
0x00007fff120cc316:   4e 68 cc 00 74 0d 48 8b c8 f0 48 0f b1 13 48 3b
0x00007fff120cc326:   c1 75 ea 48 8b fa 48 8b c7 48 8b 5c 24 30 48 83 


Stack slot to memory mapping:

stack at sp + 0 slots: 0x00007fff12416a5b jvm.dll
stack at sp + 1 slots: 0x0 is null
stack at sp + 2 slots: 0x00007fff123d8d26 jvm.dll
stack at sp + 3 slots: 0x000000000000012f is an unknown value
stack at sp + 4 slots: 0x00007fff1277a91f jvm.dll
stack at sp + 5 slots: 0x000000000000012f is an unknown value
stack at sp + 6 slots: 0x00007fff123d8d26 jvm.dll
stack at sp + 7 slots: 0x000001fa4fa40258 points into unknown readable memory: 0x00007fff12ae7808 | 08 78 ae 12 ff 7f 00 00


---------------  P R O C E S S  ---------------

Threads class SMR info:
_java_thread_list=0x000001fa50d6a970, length=30, elements={
0x000001fa4a61bd60, 0x000001fa4a61c7c0, 0x000001fa4a61d980, 0x000001fa4a64f1e0,
0x000001fa4a651260, 0x000001fa4a6860b0, 0x000001fa4a63d4d0, 0x000001fa4a7d6340,
0x000001fa4a8d9320, 0x000001fa4a8e3bd0, 0x000001fa4a8e7660, 0x000001fa4f5fa530,
0x000001fa4f82a0c0, 0x000001fa4f870d70, 0x000001fa4f8800a0, 0x000001fa4ff2c770,
0x000001fa4fefeb50, 0x000001fa4fe49030, 0x000001fa51730890, 0x000001fa5172fb70,
0x000001fa51735750, 0x000001fa4f971d50, 0x000001fa4f972a70, 0x000001fa4f9744b0,
0x000001fa4f973e20, 0x000001fa51aebd90, 0x000001fa4f9709a0, 0x000001fa4f971030,
0x000001fa4f9723e0, 0x000001fa4f7b3ea0
}

Java Threads: ( => current thread )
  0x000001fa4a61bd60 JavaThread "Reference Handler"          daemon [_thread_blocked, id=4240, stack(0x0000000100e00000,0x0000000100f00000) (1024K)]
  0x000001fa4a61c7c0 JavaThread "Finalizer"                  daemon [_thread_blocked, id=9116, stack(0x0000000100f00000,0x0000000101000000) (1024K)]
  0x000001fa4a61d980 JavaThread "Signal Dispatcher"          daemon [_thread_blocked, id=18408, stack(0x0000000101000000,0x0000000101100000) (1024K)]
  0x000001fa4a64f1e0 JavaThread "Attach Listener"            daemon [_thread_blocked, id=22308, stack(0x0000000101100000,0x0000000101200000) (1024K)]
  0x000001fa4a651260 JavaThread "Service Thread"             daemon [_thread_blocked, id=2484, stack(0x0000000101200000,0x0000000101300000) (1024K)]
  0x000001fa4a6860b0 JavaThread "Monitor Deflation Thread"   daemon [_thread_blocked, id=2944, stack(0x0000000101300000,0x0000000101400000) (1024K)]
  0x000001fa4a63d4d0 JavaThread "C1 CompilerThread0"         daemon [_thread_blocked, id=17996, stack(0x0000000101400000,0x0000000101500000) (1024K)]
  0x000001fa4a7d6340 JavaThread "Common-Cleaner"             daemon [_thread_blocked, id=13268, stack(0x0000000101500000,0x0000000101600000) (1024K)]
  0x000001fa4a8d9320 JavaThread "JDWP Transport Listener: dt_socket" daemon [_thread_blocked, id=18156, stack(0x0000000101800000,0x0000000101900000) (1024K)]
  0x000001fa4a8e3bd0 JavaThread "JDWP Event Helper Thread"   daemon [_thread_blocked, id=5576, stack(0x0000000101900000,0x0000000101a00000) (1024K)]
  0x000001fa4a8e7660 JavaThread "JDWP Command Reader"        daemon [_thread_in_native, id=9304, stack(0x0000000101a00000,0x0000000101b00000) (1024K)]
  0x000001fa4f5fa530 JavaThread "Notification Thread"        daemon [_thread_blocked, id=3648, stack(0x0000000101b00000,0x0000000101c00000) (1024K)]
  0x000001fa4f82a0c0 JavaThread "RMI TCP Accept-0"           daemon [_thread_in_native, id=9200, stack(0x0000000102500000,0x0000000102600000) (1024K)]
  0x000001fa4f870d70 JavaThread "RMI TCP Accept-53878"       daemon [_thread_in_native, id=7104, stack(0x0000000102600000,0x0000000102700000) (1024K)]
  0x000001fa4f8800a0 JavaThread "RMI TCP Accept-0"           daemon [_thread_in_native, id=20764, stack(0x0000000102700000,0x0000000102800000) (1024K)]
  0x000001fa4ff2c770 JavaThread "RMI Scheduler(0)"           daemon [_thread_blocked, id=12020, stack(0x0000000102c00000,0x0000000102d00000) (1024K)]
  0x000001fa4fefeb50 JavaThread "RMI TCP Connection(idle)"   daemon [_thread_blocked, id=5236, stack(0x0000000102d00000,0x0000000102e00000) (1024K)]
  0x000001fa4fe49030 JavaThread "JMX server connection timeout 43" daemon [_thread_blocked, id=18704, stack(0x0000000102e00000,0x0000000102f00000) (1024K)]
  0x000001fa51730890 JavaThread "Live Reload Server"         daemon [_thread_in_native, id=7328, stack(0x0000000103600000,0x0000000103700000) (1024K)]
  0x000001fa5172fb70 JavaThread "DestroyJavaVM"                     [_thread_blocked, id=21824, stack(0x0000000100600000,0x0000000100700000) (1024K)]
  0x000001fa51735750 JavaThread "http-nio-8082-exec-10"      daemon [_thread_blocked, id=2412, stack(0x0000000104000000,0x0000000104100000) (1024K)]
  0x000001fa4f971d50 JavaThread "Thread-5"                          [_thread_blocked, id=16944, stack(0x0000000100400000,0x0000000100500000) (1024K)]
  0x000001fa4f972a70 JavaThread "File Watcher"               daemon [_thread_blocked, id=13544, stack(0x0000000100100000,0x0000000100200000) (1024K)]
  0x000001fa4f9744b0 JavaThread "restartedMain"                     [_thread_blocked, id=22792, stack(0x0000000101c00000,0x0000000101d00000) (1024K)]
  0x000001fa4f973e20 JavaThread "Log4j2-TF-9-Scheduled-4"    daemon [_thread_blocked, id=20152, stack(0x0000000102f00000,0x0000000103000000) (1024K)]
  0x000001fa51aebd90 JavaThread "C1 CompilerThread1"         daemon [_thread_blocked, id=21572, stack(0x0000000102b00000,0x0000000102c00000) (1024K)]
  0x000001fa4f9709a0 JavaThread "Catalina-utility-1"                [_thread_blocked, id=8068, stack(0x0000000103000000,0x0000000103100000) (1024K)]
  0x000001fa4f971030 JavaThread "Catalina-utility-2"                [_thread_blocked, id=18024, stack(0x0000000103100000,0x0000000103200000) (1024K)]
  0x000001fa4f9723e0 JavaThread "container-1"                       [_thread_blocked, id=20300, stack(0x0000000103200000,0x0000000103300000) (1024K)]
  0x000001fa4f7b3ea0 JavaThread "C1 CompilerThread2"         daemon [_thread_blocked, id=15348, stack(0x0000000103300000,0x0000000103400000) (1024K)]
Total: 30

Other Threads:
  0x000001fa397a9a20 VMThread "VM Thread"                           [id=10920, stack(0x0000000100d00000,0x0000000100e00000) (1024K)]
  0x000001fa49de4ed0 WatcherThread "VM Periodic Task Thread"        [id=12212, stack(0x0000000100c00000,0x0000000100d00000) (1024K)]
  0x000001fa397a8460 WorkerThread "GC Thread#0"                     [id=21292, stack(0x0000000100700000,0x0000000100800000) (1024K)]
  0x000001fa397a8800 WorkerThread "GC Thread#1"                     [id=18456, stack(0x0000000101d00000,0x0000000101e00000) (1024K)]
  0x000001fa4f8146a0 WorkerThread "GC Thread#2"                     [id=20400, stack(0x0000000101e00000,0x0000000101f00000) (1024K)]
  0x000001fa4f814a40 WorkerThread "GC Thread#3"                     [id=20464, stack(0x0000000101f00000,0x0000000102000000) (1024K)]
  0x000001fa4f814de0 WorkerThread "GC Thread#4"                     [id=17688, stack(0x0000000102000000,0x0000000102100000) (1024K)]
  0x000001fa4f816740 WorkerThread "GC Thread#5"                     [id=17252, stack(0x0000000102100000,0x0000000102200000) (1024K)]
=>0x000001fa4f813480 WorkerThread "GC Thread#6"                     [id=22144, stack(0x0000000102200000,0x0000000102300000) (1024K)]
  0x000001fa4f816ae0 WorkerThread "GC Thread#7"                     [id=14064, stack(0x0000000102300000,0x0000000102400000) (1024K)]
  0x000001fa4f813820 WorkerThread "GC Thread#8"                     [id=22380, stack(0x0000000102400000,0x0000000102500000) (1024K)]
  0x000001fa4f814300 WorkerThread "GC Thread#9"                     [id=20028, stack(0x0000000102800000,0x0000000102900000) (1024K)]
  0x000001fa3b418450 ConcurrentGCThread "G1 Main Marker"            [id=22576, stack(0x0000000100800000,0x0000000100900000) (1024K)]
  0x000001fa397a9680 WorkerThread "G1 Conc#0"                       [id=17924, stack(0x0000000100900000,0x0000000100a00000) (1024K)]
  0x000001fa4f815c60 WorkerThread "G1 Conc#1"                       [id=20992, stack(0x0000000102900000,0x0000000102a00000) (1024K)]
  0x000001fa4f815520 WorkerThread "G1 Conc#2"                       [id=23120, stack(0x0000000102a00000,0x0000000102b00000) (1024K)]
  0x000001fa3b44e7a0 ConcurrentGCThread "G1 Refine#0"               [id=6664, stack(0x0000000100a00000,0x0000000100b00000) (1024K)]
  0x000001fa49ca91b0 ConcurrentGCThread "G1 Service"                [id=9504, stack(0x0000000100b00000,0x0000000100c00000) (1024K)]
Total: 18

Threads with active compile tasks:
Total: 0

VM state: at safepoint (normal execution)

VM Mutex/Monitor currently owned by a thread:  ([mutex/lock_event])
[0x00007fff12d67308] Threads_lock - owner thread: 0x000001fa397a9a20
[0x00007fff12d67408] Heap_lock - owner thread: 0x000001fa4f972a70

Heap address: 0x0000000704c00000, size: 4020 MB, Compressed Oops mode: Zero based, Oop shift amount: 3

CDS archive(s) not mapped
Compressed class space mapped at: 0x0000000800000000-0x0000000840000000, reserved size: 1073741824
Narrow klass base: 0x0000000800000000, Narrow klass shift: 0, Narrow klass range: 0x40000000

GC Precious Log:
 CardTable entry size: 512
 Card Set container configuration: InlinePtr #cards 4 size 8 Array Of Cards #cards 16 size 48 Howl #buckets 8 coarsen threshold 3686 Howl Bitmap #cards 512 size 80 coarsen threshold 460 Card regions per heap region 1 cards per card region 4096
 CPUs: 12 total, 12 available
 Memory: 16076M
 Large Page Support: Disabled
 NUMA Support: Disabled
 Compressed Oops: Enabled (Zero based)
 Heap Region Size: 2M
 Heap Min Capacity: 8M
 Heap Initial Capacity: 252M
 Heap Max Capacity: 4020M
 Pre-touch: Disabled
 Parallel Workers: 10
 Concurrent Workers: 3
 Concurrent Refinement Workers: 10
 Periodic GC: Disabled

Heap:
 garbage-first heap   total 110592K, used 90995K [0x0000000704c00000, 0x0000000800000000)
  region size 2048K, 28 young (57344K), 2 survivors (4096K)
 Metaspace       used 63218K, committed 63808K, reserved 1114112K
  class space    used 7938K, committed 8256K, reserved 1048576K

Heap Regions: E=young(eden), S=young(survivor), O=old, HS=humongous(starts), HC=humongous(continues), CS=collection set, F=free, TAMS=top-at-mark-start, PB=parsable bottom
|   0|0x0000000704c00000, 0x0000000704e00000, 0x0000000704e00000|100%| O|  |TAMS 0x0000000704e00000| PB 0x0000000704c00000| Untracked 
|   1|0x0000000704e00000, 0x0000000704fffff8, 0x0000000705000000| 99%| O|  |TAMS 0x0000000704fffff8| PB 0x0000000704e00000| Untracked 
|   2|0x0000000705000000, 0x00000007051fffe0, 0x0000000705200000| 99%| O|  |TAMS 0x00000007051fffe0| PB 0x0000000705000000| Untracked 
|   3|0x0000000705200000, 0x00000007053fffc8, 0x0000000705400000| 99%| O|  |TAMS 0x00000007053fffc8| PB 0x0000000705200000| Untracked 
|   4|0x0000000705400000, 0x00000007055ffff0, 0x0000000705600000| 99%| O|  |TAMS 0x00000007055ffff0| PB 0x0000000705400000| Untracked 
|   5|0x0000000705600000, 0x00000007057fff98, 0x0000000705800000| 99%| O|  |TAMS 0x00000007057fff98| PB 0x0000000705600000| Untracked 
|   6|0x0000000705800000, 0x000000070590ef70, 0x0000000705a00000| 52%| O|  |TAMS 0x000000070590ef70| PB 0x0000000705800000| Untracked 
|   7|0x0000000705a00000, 0x0000000705bfffe8, 0x0000000705c00000| 99%| O|  |TAMS 0x0000000705bfffe8| PB 0x0000000705a00000| Untracked 
|   8|0x0000000705c00000, 0x0000000705dffca0, 0x0000000705e00000| 99%| O|  |TAMS 0x0000000705dffca0| PB 0x0000000705c00000| Untracked 
|   9|0x0000000705e00000, 0x0000000705fffff8, 0x0000000706000000| 99%| O|  |TAMS 0x0000000705fffff8| PB 0x0000000705e00000| Untracked 
|  10|0x0000000706000000, 0x0000000706200000, 0x0000000706200000|100%| O|  |TAMS 0x0000000706000000| PB 0x0000000706000000| Untracked 
|  11|0x0000000706200000, 0x0000000706400000, 0x0000000706400000|100%| O|  |TAMS 0x0000000706400000| PB 0x0000000706200000| Untracked 
|  12|0x0000000706400000, 0x0000000706600000, 0x0000000706600000|100%| O|  |TAMS 0x00000007064f9520| PB 0x0000000706400000| Untracked 
|  13|0x0000000706600000, 0x00000007067fffc0, 0x0000000706800000| 99%| O|  |TAMS 0x00000007067fffc0| PB 0x0000000706600000| Untracked 
|  14|0x0000000706800000, 0x000000070695a430, 0x0000000706a00000| 67%| O|  |TAMS 0x0000000706800000| PB 0x0000000706800000| Untracked 
|  15|0x0000000706a00000, 0x0000000706a00000, 0x0000000706c00000|  0%| F|  |TAMS 0x0000000706a00000| PB 0x0000000706a00000| Untracked 
|  16|0x0000000706c00000, 0x0000000706e00000, 0x0000000706e00000|100%| O|  |TAMS 0x0000000706e00000| PB 0x0000000706c00000| Untracked 
|  17|0x0000000706e00000, 0x0000000706f57428, 0x0000000707000000| 67%| E|CS|TAMS 0x0000000706e00000| PB 0x0000000706e00000| Complete 
|  18|0x0000000707000000, 0x000000070717d8e8, 0x0000000707200000| 74%| O|  |TAMS 0x000000070717d8e8| PB 0x0000000707000000| Untracked 
|  19|0x0000000707200000, 0x0000000707200000, 0x0000000707400000|  0%| F|  |TAMS 0x0000000707200000| PB 0x0000000707200000| Untracked 
|  20|0x0000000707400000, 0x0000000707400000, 0x0000000707600000|  0%| F|  |TAMS 0x0000000707400000| PB 0x0000000707400000| Untracked 
|  21|0x0000000707600000, 0x0000000707800000, 0x0000000707800000|100%| E|CS|TAMS 0x0000000707600000| PB 0x0000000707600000| Complete 
|  22|0x0000000707800000, 0x0000000707a00000, 0x0000000707a00000|100%| E|CS|TAMS 0x0000000707800000| PB 0x0000000707800000| Complete 
|  23|0x0000000707a00000, 0x0000000707c00000, 0x0000000707c00000|100%| E|CS|TAMS 0x0000000707a00000| PB 0x0000000707a00000| Complete 
|  24|0x0000000707c00000, 0x0000000707c00000, 0x0000000707e00000|  0%| F|  |TAMS 0x0000000707c00000| PB 0x0000000707c00000| Untracked 
|  25|0x0000000707e00000, 0x0000000707ea9350, 0x0000000708000000| 33%| S|  |TAMS 0x0000000707e00000| PB 0x0000000707e00000| Complete 
|  26|0x0000000708000000, 0x0000000708200000, 0x0000000708200000|100%| S|  |TAMS 0x0000000708000000| PB 0x0000000708000000| Complete 
|  27|0x0000000708200000, 0x0000000708400000, 0x0000000708400000|100%| E|CS|TAMS 0x0000000708200000| PB 0x0000000708200000| Complete 
|  28|0x0000000708400000, 0x0000000708600000, 0x0000000708600000|100%| E|CS|TAMS 0x0000000708400000| PB 0x0000000708400000| Complete 
|  29|0x0000000708600000, 0x0000000708800000, 0x0000000708800000|100%| E|CS|TAMS 0x0000000708600000| PB 0x0000000708600000| Complete 
|  30|0x0000000708800000, 0x0000000708a00000, 0x0000000708a00000|100%| E|CS|TAMS 0x0000000708800000| PB 0x0000000708800000| Complete 
|  31|0x0000000708a00000, 0x0000000708c00000, 0x0000000708c00000|100%| E|CS|TAMS 0x0000000708a00000| PB 0x0000000708a00000| Complete 
|  32|0x0000000708c00000, 0x0000000708e00000, 0x0000000708e00000|100%| E|CS|TAMS 0x0000000708c00000| PB 0x0000000708c00000| Complete 
|  33|0x0000000708e00000, 0x0000000709000000, 0x0000000709000000|100%| E|CS|TAMS 0x0000000708e00000| PB 0x0000000708e00000| Complete 
|  34|0x0000000709000000, 0x0000000709200000, 0x0000000709200000|100%| E|CS|TAMS 0x0000000709000000| PB 0x0000000709000000| Complete 
|  35|0x0000000709200000, 0x0000000709400000, 0x0000000709400000|100%| E|CS|TAMS 0x0000000709200000| PB 0x0000000709200000| Complete 
|  36|0x0000000709400000, 0x0000000709600000, 0x0000000709600000|100%| E|CS|TAMS 0x0000000709400000| PB 0x0000000709400000| Complete 
|  37|0x0000000709600000, 0x0000000709800000, 0x0000000709800000|100%| E|CS|TAMS 0x0000000709600000| PB 0x0000000709600000| Complete 
|  38|0x0000000709800000, 0x0000000709a00000, 0x0000000709a00000|100%| E|CS|TAMS 0x0000000709800000| PB 0x0000000709800000| Complete 
|  39|0x0000000709a00000, 0x0000000709c00000, 0x0000000709c00000|100%| E|CS|TAMS 0x0000000709a00000| PB 0x0000000709a00000| Complete 
|  40|0x0000000709c00000, 0x0000000709e00000, 0x0000000709e00000|100%| E|CS|TAMS 0x0000000709c00000| PB 0x0000000709c00000| Complete 
|  41|0x0000000709e00000, 0x000000070a000000, 0x000000070a000000|100%| E|CS|TAMS 0x0000000709e00000| PB 0x0000000709e00000| Complete 
|  42|0x000000070a000000, 0x000000070a200000, 0x000000070a200000|100%| E|CS|TAMS 0x000000070a000000| PB 0x000000070a000000| Complete 
|  43|0x000000070a200000, 0x000000070a400000, 0x000000070a400000|100%| E|CS|TAMS 0x000000070a200000| PB 0x000000070a200000| Complete 
|  44|0x000000070a400000, 0x000000070a600000, 0x000000070a600000|100%| E|CS|TAMS 0x000000070a400000| PB 0x000000070a400000| Complete 
|  45|0x000000070a600000, 0x000000070a800000, 0x000000070a800000|100%| E|CS|TAMS 0x000000070a600000| PB 0x000000070a600000| Complete 
|  46|0x000000070a800000, 0x000000070aa00000, 0x000000070aa00000|100%| E|CS|TAMS 0x000000070a800000| PB 0x000000070a800000| Complete 
|  47|0x000000070aa00000, 0x000000070ac00000, 0x000000070ac00000|100%| E|CS|TAMS 0x000000070aa00000| PB 0x000000070aa00000| Complete 
|  48|0x000000070ac00000, 0x000000070ae00000, 0x000000070ae00000|100%| E|CS|TAMS 0x000000070ac00000| PB 0x000000070ac00000| Complete 
|  49|0x000000070ae00000, 0x000000070b000000, 0x000000070b000000|100%| E|CS|TAMS 0x000000070ae00000| PB 0x000000070ae00000| Complete 
|  50|0x000000070b000000, 0x000000070b200000, 0x000000070b200000|100%| E|CS|TAMS 0x000000070b000000| PB 0x000000070b000000| Complete 
|  51|0x000000070b200000, 0x000000070b400000, 0x000000070b400000|100%| E|CS|TAMS 0x000000070b200000| PB 0x000000070b200000| Complete 
|  52|0x000000070b400000, 0x000000070b600000, 0x000000070b600000|100%| E|CS|TAMS 0x000000070b400000| PB 0x000000070b400000| Complete 
|2009|0x00000007ffe00000, 0x0000000800000000, 0x0000000800000000|100%| O|  |TAMS 0x0000000800000000| PB 0x00000007ffe00000| Untracked 

Card table byte_map: [0x000001fa431a0000,0x000001fa43980000] _byte_map_base: 0x000001fa3f97a000

Marking Bits: (CMBitMap*) 0x000001fa3b408030
 Bits: [0x000001fa43980000, 0x000001fa47850000)

Polling page: 0x000001fa39ae0000

Metaspace:

Usage:
  Non-class:     53.98 MB used.
      Class:      7.75 MB used.
       Both:     61.74 MB used.

Virtual space:
  Non-class space:       64.00 MB reserved,      54.25 MB ( 85%) committed,  1 nodes.
      Class space:        1.00 GB reserved,       8.06 MB ( <1%) committed,  1 nodes.
             Both:        1.06 GB reserved,      62.31 MB (  6%) committed. 

Chunk freelists:
   Non-Class:  9.64 MB
       Class:  7.92 MB
        Both:  17.56 MB

MaxMetaspaceSize: unlimited
CompressedClassSpaceSize: 1.00 GB
Initial GC threshold: 21.00 MB
Current GC threshold: 102.62 MB
CDS: off
 - commit_granule_bytes: 65536.
 - commit_granule_words: 8192.
 - virtual_space_node_default_size: 8388608.
 - enlarge_chunks_in_place: 1.
 - use_allocation_guard: 0.


Internal statistics:

num_allocs_failed_limit: 9.
num_arena_births: 1226.
num_arena_deaths: 490.
num_vsnodes_births: 2.
num_vsnodes_deaths: 0.
num_space_committed: 997.
num_space_uncommitted: 0.
num_chunks_returned_to_freelist: 599.
num_chunks_taken_from_freelist: 3211.
num_chunk_merges: 155.
num_chunk_splits: 2026.
num_chunks_enlarged: 1524.
num_inconsistent_stats: 0.

CodeCache: size=49152Kb used=12012Kb max_used=15199Kb free=37139Kb
 bounds [0x000001fa3ef20000, 0x000001fa3ff20000, 0x000001fa41f20000]
 total_blobs=5775 nmethods=5117 adapters=579
 compilation: enabled
              stopped_count=0, restarted_count=0
 full_count=0

Compilation events (20 events):
Event: 644.340 Thread 0x000001fa4a63d4d0 10490       1       java.util.Formatter$FormatSpecifier::index (5 bytes)
Event: 644.340 Thread 0x000001fa4f7b3ea0 nmethod 10500 0x000001fa3f9a7c10 code [0x000001fa3f9a7f60, 0x000001fa3f9a8a30]
Event: 644.340 Thread 0x000001fa4a63d4d0 nmethod 10490 0x000001fa3f6dfb10 code [0x000001fa3f6dfca0, 0x000001fa3f6dfd68]
Event: 644.340 Thread 0x000001fa4a63d4d0 10503       1       java.util.Formatter$FormatSpecifier::checkBadFlags (24 bytes)
Event: 644.340 Thread 0x000001fa4f7b3ea0 10494       1       java.lang.String::format (16 bytes)
Event: 644.340 Thread 0x000001fa4a63d4d0 nmethod 10503 0x000001fa3f9a7790 code [0x000001fa3f9a7940, 0x000001fa3f9a7ad8]
Event: 644.340 Thread 0x000001fa4a63d4d0 10495       1       java.util.Formatter::<init> (18 bytes)
Event: 644.340 Thread 0x000001fa4a63d4d0 nmethod 10495 0x000001fa3f9a7290 code [0x000001fa3f9a7440, 0x000001fa3f9a7688]
Event: 644.340 Thread 0x000001fa4a63d4d0 10504       1       java.util.regex.Matcher::end (20 bytes)
Event: 644.340 Thread 0x000001fa4f7b3ea0 nmethod 10494 0x000001fa3f9a6b10 code [0x000001fa3f9a6d00, 0x000001fa3f9a70b8]
Event: 644.340 Thread 0x000001fa4f7b3ea0 10497       1       java.util.Formatter::toString (14 bytes)
Event: 644.340 Thread 0x000001fa4a63d4d0 nmethod 10504 0x000001fa3f9a6610 code [0x000001fa3f9a67c0, 0x000001fa3f9a69b8]
Event: 644.340 Thread 0x000001fa4a63d4d0 10499       1       java.util.Formatter::format (11 bytes)
Event: 644.340 Thread 0x000001fa4a63d4d0 nmethod 10499 0x000001fa3f9a6310 code [0x000001fa3f9a64a0, 0x000001fa3f9a65a8]
Event: 644.340 Thread 0x000001fa4f7b3ea0 nmethod 10497 0x000001fa3f9a5f10 code [0x000001fa3f9a60c0, 0x000001fa3f9a6238]
Event: 644.340 Thread 0x000001fa4a63d4d0 10502       1       java.util.Formatter::<init> (15 bytes)
Event: 644.341 Thread 0x000001fa4f7b3ea0 10492       1       java.util.Formatter$Conversion::isCharacter (34 bytes)
Event: 644.341 Thread 0x000001fa4a63d4d0 nmethod 10502 0x000001fa3f9a5b90 code [0x000001fa3f9a5d20, 0x000001fa3f9a5e90]
Event: 644.341 Thread 0x000001fa4f7b3ea0 nmethod 10492 0x000001fa3f9a5890 code [0x000001fa3f9a5a20, 0x000001fa3f9a5ae8]
Event: 644.342 Thread 0x000001fa51aebd90 nmethod 10491 0x000001fa3fa2b690 code [0x000001fa3fa2bb00, 0x000001fa3fa2cee0]

GC Heap History (20 events):
Event: 499.101 GC heap after
{Heap after GC invocations=57 (full 1):
 garbage-first heap   total 110592K, used 32277K [0x0000000704c00000, 0x0000000800000000)
  region size 2048K, 1 young (2048K), 1 survivors (2048K)
 Metaspace       used 62505K, committed 63040K, reserved 1114112K
  class space    used 7852K, committed 8128K, reserved 1048576K
}
Event: 516.218 GC heap before
{Heap before GC invocations=57 (full 1):
 garbage-first heap   total 110592K, used 93717K [0x0000000704c00000, 0x0000000800000000)
  region size 2048K, 31 young (63488K), 1 survivors (2048K)
 Metaspace       used 62505K, committed 63040K, reserved 1114112K
  class space    used 7852K, committed 8128K, reserved 1048576K
}
Event: 516.221 GC heap after
{Heap after GC invocations=58 (full 1):
 garbage-first heap   total 110592K, used 31998K [0x0000000704c00000, 0x0000000800000000)
  region size 2048K, 1 young (2048K), 1 survivors (2048K)
 Metaspace       used 62505K, committed 63040K, reserved 1114112K
  class space    used 7852K, committed 8128K, reserved 1048576K
}
Event: 532.701 GC heap before
{Heap before GC invocations=59 (full 1):
 garbage-first heap   total 110592K, used 93438K [0x0000000704c00000, 0x0000000800000000)
  region size 2048K, 31 young (63488K), 1 survivors (2048K)
 Metaspace       used 62505K, committed 63040K, reserved 1114112K
  class space    used 7852K, committed 8128K, reserved 1048576K
}
Event: 532.703 GC heap after
{Heap after GC invocations=60 (full 1):
 garbage-first heap   total 110592K, used 32994K [0x0000000704c00000, 0x0000000800000000)
  region size 2048K, 1 young (2048K), 1 survivors (2048K)
 Metaspace       used 62505K, committed 63040K, reserved 1114112K
  class space    used 7852K, committed 8128K, reserved 1048576K
}
Event: 549.331 GC heap before
{Heap before GC invocations=60 (full 1):
 garbage-first heap   total 110592K, used 94434K [0x0000000704c00000, 0x0000000800000000)
  region size 2048K, 31 young (63488K), 1 survivors (2048K)
 Metaspace       used 62505K, committed 63040K, reserved 1114112K
  class space    used 7852K, committed 8128K, reserved 1048576K
}
Event: 549.333 GC heap after
{Heap after GC invocations=61 (full 1):
 garbage-first heap   total 110592K, used 33075K [0x0000000704c00000, 0x0000000800000000)
  region size 2048K, 1 young (2048K), 1 survivors (2048K)
 Metaspace       used 62505K, committed 63040K, reserved 1114112K
  class space    used 7852K, committed 8128K, reserved 1048576K
}
Event: 566.903 GC heap before
{Heap before GC invocations=61 (full 1):
 garbage-first heap   total 110592K, used 96563K [0x0000000704c00000, 0x0000000800000000)
  region size 2048K, 32 young (65536K), 1 survivors (2048K)
 Metaspace       used 62505K, committed 63040K, reserved 1114112K
  class space    used 7852K, committed 8128K, reserved 1048576K
}
Event: 566.907 GC heap after
{Heap after GC invocations=62 (full 1):
 garbage-first heap   total 110592K, used 33006K [0x0000000704c00000, 0x0000000800000000)
  region size 2048K, 1 young (2048K), 1 survivors (2048K)
 Metaspace       used 62505K, committed 63040K, reserved 1114112K
  class space    used 7852K, committed 8128K, reserved 1048576K
}
Event: 584.622 GC heap before
{Heap before GC invocations=63 (full 1):
 garbage-first heap   total 110592K, used 96494K [0x0000000704c00000, 0x0000000800000000)
  region size 2048K, 32 young (65536K), 1 survivors (2048K)
 Metaspace       used 62369K, committed 63040K, reserved 1114112K
  class space    used 7817K, committed 8128K, reserved 1048576K
}
Event: 584.624 GC heap after
{Heap after GC invocations=64 (full 1):
 garbage-first heap   total 110592K, used 32263K [0x0000000704c00000, 0x0000000800000000)
  region size 2048K, 1 young (2048K), 1 survivors (2048K)
 Metaspace       used 62369K, committed 63040K, reserved 1114112K
  class space    used 7817K, committed 8128K, reserved 1048576K
}
Event: 601.828 GC heap before
{Heap before GC invocations=64 (full 1):
 garbage-first heap   total 110592K, used 95751K [0x0000000704c00000, 0x0000000800000000)
  region size 2048K, 32 young (65536K), 1 survivors (2048K)
 Metaspace       used 62380K, committed 63040K, reserved 1114112K
  class space    used 7819K, committed 8128K, reserved 1048576K
}
Event: 601.832 GC heap after
{Heap after GC invocations=65 (full 1):
 garbage-first heap   total 110592K, used 32726K [0x0000000704c00000, 0x0000000800000000)
  region size 2048K, 1 young (2048K), 1 survivors (2048K)
 Metaspace       used 62380K, committed 63040K, reserved 1114112K
  class space    used 7819K, committed 8128K, reserved 1048576K
}
Event: 619.115 GC heap before
{Heap before GC invocations=65 (full 1):
 garbage-first heap   total 110592K, used 96214K [0x0000000704c00000, 0x0000000800000000)
  region size 2048K, 32 young (65536K), 1 survivors (2048K)
 Metaspace       used 62380K, committed 63040K, reserved 1114112K
  class space    used 7819K, committed 8128K, reserved 1048576K
}
Event: 619.117 GC heap after
{Heap after GC invocations=66 (full 1):
 garbage-first heap   total 110592K, used 32873K [0x0000000704c00000, 0x0000000800000000)
  region size 2048K, 1 young (2048K), 1 survivors (2048K)
 Metaspace       used 62380K, committed 63040K, reserved 1114112K
  class space    used 7819K, committed 8128K, reserved 1048576K
}
Event: 634.979 GC heap before
{Heap before GC invocations=67 (full 1):
 garbage-first heap   total 110592K, used 96361K [0x0000000704c00000, 0x0000000800000000)
  region size 2048K, 32 young (65536K), 1 survivors (2048K)
 Metaspace       used 62433K, committed 63040K, reserved 1114112K
  class space    used 7833K, committed 8128K, reserved 1048576K
}
Event: 634.983 GC heap after
{Heap after GC invocations=68 (full 1):
 garbage-first heap   total 110592K, used 33625K [0x0000000704c00000, 0x0000000800000000)
  region size 2048K, 2 young (4096K), 2 survivors (4096K)
 Metaspace       used 62433K, committed 63040K, reserved 1114112K
  class space    used 7833K, committed 8128K, reserved 1048576K
}
Event: 635.733 GC heap before
{Heap before GC invocations=68 (full 1):
 garbage-first heap   total 110592K, used 93017K [0x0000000704c00000, 0x0000000800000000)
  region size 2048K, 31 young (63488K), 2 survivors (4096K)
 Metaspace       used 62957K, committed 63552K, reserved 1114112K
  class space    used 7914K, committed 8192K, reserved 1048576K
}
Event: 635.740 GC heap after
{Heap after GC invocations=69 (full 1):
 garbage-first heap   total 110592K, used 37747K [0x0000000704c00000, 0x0000000800000000)
  region size 2048K, 4 young (8192K), 4 survivors (8192K)
 Metaspace       used 62957K, committed 63552K, reserved 1114112K
  class space    used 7914K, committed 8192K, reserved 1048576K
}
Event: 647.448 GC heap before
{Heap before GC invocations=69 (full 1):
 garbage-first heap   total 110592K, used 90995K [0x0000000704c00000, 0x0000000800000000)
  region size 2048K, 30 young (61440K), 4 survivors (8192K)
 Metaspace       used 63218K, committed 63808K, reserved 1114112K
  class space    used 7938K, committed 8256K, reserved 1048576K
}

Dll operation events (12 events):
Event: 0.010 Loaded shared library D:\STS\sts-4.25.0.RELEASE\plugins\org.eclipse.justj.openjdk.hotspot.jre.full.win32.x86_64_21.0.4.v20240802-1551\jre\bin\java.dll
Event: 0.014 Loaded shared library D:\STS\sts-4.25.0.RELEASE\plugins\org.eclipse.justj.openjdk.hotspot.jre.full.win32.x86_64_21.0.4.v20240802-1551\jre\bin\zip.dll
Event: 0.243 Loaded shared library D:\STS\sts-4.25.0.RELEASE\plugins\org.eclipse.justj.openjdk.hotspot.jre.full.win32.x86_64_21.0.4.v20240802-1551\jre\bin\instrument.dll
Event: 0.250 Loaded shared library D:\STS\sts-4.25.0.RELEASE\plugins\org.eclipse.justj.openjdk.hotspot.jre.full.win32.x86_64_21.0.4.v20240802-1551\jre\bin\net.dll
Event: 0.251 Loaded shared library D:\STS\sts-4.25.0.RELEASE\plugins\org.eclipse.justj.openjdk.hotspot.jre.full.win32.x86_64_21.0.4.v20240802-1551\jre\bin\nio.dll
Event: 0.258 Loaded shared library D:\STS\sts-4.25.0.RELEASE\plugins\org.eclipse.justj.openjdk.hotspot.jre.full.win32.x86_64_21.0.4.v20240802-1551\jre\bin\zip.dll
Event: 0.388 Loaded shared library D:\STS\sts-4.25.0.RELEASE\plugins\org.eclipse.justj.openjdk.hotspot.jre.full.win32.x86_64_21.0.4.v20240802-1551\jre\bin\jimage.dll
Event: 0.429 Loaded shared library D:\STS\sts-4.25.0.RELEASE\plugins\org.eclipse.justj.openjdk.hotspot.jre.full.win32.x86_64_21.0.4.v20240802-1551\jre\bin\management.dll
Event: 0.438 Loaded shared library D:\STS\sts-4.25.0.RELEASE\plugins\org.eclipse.justj.openjdk.hotspot.jre.full.win32.x86_64_21.0.4.v20240802-1551\jre\bin\management_ext.dll
Event: 0.639 Loaded shared library D:\STS\sts-4.25.0.RELEASE\plugins\org.eclipse.justj.openjdk.hotspot.jre.full.win32.x86_64_21.0.4.v20240802-1551\jre\bin\extnet.dll
Event: 0.661 Loaded shared library D:\STS\sts-4.25.0.RELEASE\plugins\org.eclipse.justj.openjdk.hotspot.jre.full.win32.x86_64_21.0.4.v20240802-1551\jre\bin\verify.dll
Event: 6.290 Loaded shared library D:\STS\sts-4.25.0.RELEASE\plugins\org.eclipse.justj.openjdk.hotspot.jre.full.win32.x86_64_21.0.4.v20240802-1551\jre\bin\sunmscapi.dll

Deoptimization events (20 events):
Event: 635.931 Thread 0x000001fa4f9744b0 DEOPT PACKING pc=0x000001fa3f3a56ec sp=0x0000000101cfcb20
Event: 635.931 Thread 0x000001fa4f9744b0 DEOPT UNPACKING pc=0x000001fa3ef74e42 sp=0x0000000101cfc058 mode 1
Event: 635.931 Thread 0x000001fa4f9744b0 DEOPT PACKING pc=0x000001fa3f8403b4 sp=0x0000000101cfcc10
Event: 635.931 Thread 0x000001fa4f9744b0 DEOPT UNPACKING pc=0x000001fa3ef74e42 sp=0x0000000101cfc1b8 mode 1
Event: 635.931 Thread 0x000001fa4f9744b0 DEOPT PACKING pc=0x000001fa3f51d8ac sp=0x0000000101cfcd70
Event: 635.931 Thread 0x000001fa4f9744b0 DEOPT UNPACKING pc=0x000001fa3ef74e42 sp=0x0000000101cfc330 mode 1
Event: 635.932 Thread 0x000001fa4f9744b0 DEOPT PACKING pc=0x000001fa3f3a56ec sp=0x0000000101cfcc10
Event: 635.932 Thread 0x000001fa4f9744b0 DEOPT UNPACKING pc=0x000001fa3ef74e42 sp=0x0000000101cfc148 mode 1
Event: 635.932 Thread 0x000001fa4f9744b0 DEOPT PACKING pc=0x000001fa3f8403b4 sp=0x0000000101cfcd00
Event: 635.932 Thread 0x000001fa4f9744b0 DEOPT UNPACKING pc=0x000001fa3ef74e42 sp=0x0000000101cfc2a8 mode 1
Event: 635.932 Thread 0x000001fa4f9744b0 DEOPT PACKING pc=0x000001fa3f51d8ac sp=0x0000000101cfce60
Event: 635.932 Thread 0x000001fa4f9744b0 DEOPT UNPACKING pc=0x000001fa3ef74e42 sp=0x0000000101cfc420 mode 1
Event: 635.935 Thread 0x000001fa4f9744b0 DEOPT PACKING pc=0x000001fa3f3a56ec sp=0x0000000101cf9910
Event: 635.935 Thread 0x000001fa4f9744b0 DEOPT UNPACKING pc=0x000001fa3ef74e42 sp=0x0000000101cf8e48 mode 1
Event: 635.935 Thread 0x000001fa4f9744b0 DEOPT PACKING pc=0x000001fa3f8403b4 sp=0x0000000101cf9a00
Event: 635.935 Thread 0x000001fa4f9744b0 DEOPT UNPACKING pc=0x000001fa3ef74e42 sp=0x0000000101cf8fa8 mode 1
Event: 635.935 Thread 0x000001fa4f9744b0 DEOPT PACKING pc=0x000001fa3f51d8ac sp=0x0000000101cf9b60
Event: 635.935 Thread 0x000001fa4f9744b0 DEOPT UNPACKING pc=0x000001fa3ef74e42 sp=0x0000000101cf9120 mode 1
Event: 641.583 Thread 0x000001fa4f9744b0 DEOPT PACKING pc=0x000001fa3f36a894 sp=0x0000000101cfdb30
Event: 641.583 Thread 0x000001fa4f9744b0 DEOPT UNPACKING pc=0x000001fa3ef74e42 sp=0x0000000101cfcfe8 mode 0

Classes loaded (20 events):
Event: 467.838 Loading class java/util/concurrent/atomic/AtomicIntegerFieldUpdater$AtomicIntegerFieldUpdaterImpl$1
Event: 467.838 Loading class java/util/concurrent/atomic/AtomicIntegerFieldUpdater$AtomicIntegerFieldUpdaterImpl$1 done
Event: 467.839 Loading class java/util/concurrent/ConcurrentHashMap$EntrySpliterator
Event: 467.839 Loading class java/util/concurrent/ConcurrentHashMap$EntrySpliterator done
Event: 467.874 Loading class java/lang/ref/Finalizer$2
Event: 467.874 Loading class java/lang/ref/Finalizer$2 done
Event: 467.875 Loading class java/lang/ref/Finalizer$1
Event: 467.875 Loading class java/lang/ref/Finalizer$1 done
Event: 468.297 Loading class java/time/DurationEditor
Event: 468.297 Loading class java/time/DurationEditor done
Event: 468.362 Loading class java/lang/ObjectCustomizer
Event: 468.362 Loading class java/lang/ObjectCustomizer done
Event: 468.366 Loading class java/lang/ObjectCustomizer
Event: 468.366 Loading class java/lang/ObjectCustomizer done
Event: 635.664 Loading class java/time/DurationEditor
Event: 635.664 Loading class java/time/DurationEditor done
Event: 635.798 Loading class java/lang/ObjectCustomizer
Event: 635.798 Loading class java/lang/ObjectCustomizer done
Event: 635.799 Loading class java/lang/ObjectCustomizer
Event: 635.799 Loading class java/lang/ObjectCustomizer done

Classes unloaded (20 events):
Event: 566.919 Thread 0x000001fa397a9a20 Unloading class 0x0000000800518c00 'java/lang/invoke/LambdaForm$MH+0x0000000800518c00'
Event: 566.919 Thread 0x000001fa397a9a20 Unloading class 0x0000000800519000 'java/lang/invoke/LambdaForm$MH+0x0000000800519000'
Event: 566.919 Thread 0x000001fa397a9a20 Unloading class 0x0000000800519c00 'java/lang/invoke/LambdaForm$BMH+0x0000000800519c00'
Event: 566.919 Thread 0x000001fa397a9a20 Unloading class 0x000000080052cc00 'java/lang/invoke/LambdaForm$MH+0x000000080052cc00'
Event: 566.919 Thread 0x000001fa397a9a20 Unloading class 0x0000000800530800 'java/lang/invoke/LambdaForm$MH+0x0000000800530800'
Event: 566.919 Thread 0x000001fa397a9a20 Unloading class 0x0000000800590800 'java/lang/invoke/LambdaForm$MH+0x0000000800590800'
Event: 566.919 Thread 0x000001fa397a9a20 Unloading class 0x0000000800592000 'java/lang/invoke/LambdaForm$MH+0x0000000800592000'
Event: 566.919 Thread 0x000001fa397a9a20 Unloading class 0x00000008005b8800 'java/lang/invoke/LambdaForm$MH+0x00000008005b8800'
Event: 566.919 Thread 0x000001fa397a9a20 Unloading class 0x00000008005cc800 'java/lang/invoke/LambdaForm$MH+0x00000008005cc800'
Event: 566.919 Thread 0x000001fa397a9a20 Unloading class 0x0000000800604400 'java/lang/invoke/LambdaForm$MH+0x0000000800604400'
Event: 566.919 Thread 0x000001fa397a9a20 Unloading class 0x0000000800604800 'java/lang/invoke/LambdaForm$MH+0x0000000800604800'
Event: 566.919 Thread 0x000001fa397a9a20 Unloading class 0x0000000800605400 'java/lang/invoke/LambdaForm$MH+0x0000000800605400'
Event: 566.919 Thread 0x000001fa397a9a20 Unloading class 0x00000008007ce800 'java/lang/invoke/LambdaForm$MH+0x00000008007ce800'
Event: 566.919 Thread 0x000001fa397a9a20 Unloading class 0x00000008007ce400 'java/lang/invoke/LambdaForm$MH+0x00000008007ce400'
Event: 566.919 Thread 0x000001fa397a9a20 Unloading class 0x00000008007cd800 'java/lang/invoke/LambdaForm$MH+0x00000008007cd800'
Event: 566.919 Thread 0x000001fa397a9a20 Unloading class 0x00000008006a0400 'java/lang/invoke/LambdaForm$MH+0x00000008006a0400'
Event: 566.919 Thread 0x000001fa397a9a20 Unloading class 0x000000080065c000 'jdk/internal/reflect/GeneratedSerializationConstructorAccessor28'
Event: 566.919 Thread 0x000001fa397a9a20 Unloading class 0x0000000800667c00 'jdk/internal/reflect/GeneratedSerializationConstructorAccessor27'
Event: 566.919 Thread 0x000001fa397a9a20 Unloading class 0x000000080066c400 'jdk/internal/reflect/GeneratedSerializationConstructorAccessor26'
Event: 566.919 Thread 0x000001fa397a9a20 Unloading class 0x000000080066c800 'jdk/internal/reflect/GeneratedSerializationConstructorAccessor25'

Classes redefined (0 events):
No events

Internal exceptions (20 events):
Event: 468.509 Thread 0x000001fa4f9709a0 Exception <a 'java/lang/NoClassDefFoundError'{0x000000070ad54300}: org/springframework/jdbc/CannotGetJdbcConnectionException> (0x000000070ad54300) 
thrown [s\src\hotspot\share\classfile\systemDictionary.cpp, line 301]
Event: 601.084 Thread 0x000001fa4fefeb50 Exception <a 'java/lang/NoSuchMethodError'{0x0000000707b30608}: static [B.<clinit>()V> (0x0000000707b30608) 
thrown [s\src\hotspot\share\prims\jni.cpp, line 1111]
Event: 634.900 Thread 0x000001fa4f9744b0 Exception <a 'sun/nio/fs/WindowsException'{0x0000000707aacd50}> (0x0000000707aacd50) 
thrown [s\src\hotspot\share\prims\jni.cpp, line 520]
Event: 634.968 Thread 0x000001fa4f9744b0 Exception <a 'java/lang/NoSuchMethodError'{0x00000007079b5248}: 'void java.lang.invoke.DelegatingMethodHandle$Holder.reinvoke_L(java.lang.Object, java.lang.Object, int)'> (0x00000007079b5248) 
thrown [s\src\hotspot\share\interpreter\linkResolver.cpp, line 773]
Event: 634.993 Thread 0x000001fa4f9744b0 Exception <a 'java/lang/NoSuchMethodError'{0x000000070b478670}: 'java.lang.Object java.lang.invoke.DelegatingMethodHandle$Holder.reinvoke_L(java.lang.Object, int, java.lang.Object, java.lang.Object, java.lang.Object, java.lang.Object, java.lang.Object, java.lang.Object, java.lang.Object)'> (0x000000070b478670) 
thrown [s\src\hotspot\share\interpreter\linkResolver.cpp, line 773]
Event: 635.032 Thread 0x000001fa4f9744b0 Exception <a 'java/lang/NoSuchMethodError'{0x000000070b5ebfb8}: 'long java.lang.invoke.DelegatingMethodHandle$Holder.reinvoke_L(java.lang.Object, java.lang.Object)'> (0x000000070b5ebfb8) 
thrown [s\src\hotspot\share\interpreter\linkResolver.cpp, line 773]
Event: 635.580 Thread 0x000001fa4f9744b0 Exception <a 'java/lang/NoClassDefFoundError'{0x0000000708acea18}: org/flywaydb/core/Flyway> (0x0000000708acea18) 
thrown [s\src\hotspot\share\oops\constantPool.cpp, line 873]
Event: 635.583 Thread 0x000001fa4f9744b0 Exception <a 'java/lang/NoClassDefFoundError'{0x0000000708acf078}: liquibase/integration/spring/SpringLiquibase> (0x0000000708acf078) 
thrown [s\src\hotspot\share\oops\constantPool.cpp, line 873]
Event: 635.726 Thread 0x000001fa4f9744b0 Exception <a 'java/lang/NoSuchMethodError'{0x0000000707db73a8}: 'int java.lang.invoke.DirectMethodHandle$Holder.invokeVirtual(java.lang.Object, java.lang.Object, java.lang.Object, java.lang.Object)'> (0x0000000707db73a8) 
thrown [s\src\hotspot\share\interpreter\linkResolver.cpp, line 773]
Event: 635.727 Thread 0x000001fa4f9744b0 Exception <a 'java/lang/NoSuchMethodError'{0x0000000707dba990}: 'int java.lang.invoke.DelegatingMethodHandle$Holder.reinvoke_L(java.lang.Object, java.lang.Object, java.lang.Object, java.lang.Object)'> (0x0000000707dba990) 
thrown [s\src\hotspot\share\interpreter\linkResolver.cpp, line 773]
Event: 635.770 Thread 0x000001fa4f9744b0 Exception <a 'java/io/FileNotFoundException'{0x000000070b008588}> (0x000000070b008588) 
thrown [s\src\hotspot\share\prims\jni.cpp, line 520]
Event: 635.799 Thread 0x000001fa4f9744b0 Exception <a 'java/lang/ClassNotFoundException'{0x000000070b1f4af8}: java/lang/ObjectCustomizer> (0x000000070b1f4af8) 
thrown [s\src\hotspot\share\classfile\systemDictionary.cpp, line 312]
Event: 635.801 Thread 0x000001fa4f9744b0 Exception <a 'java/lang/ClassNotFoundException'{0x000000070ae004e0}: org/springframework/security/config/annotation/web/configuration/WebSecurityConfigurerAdapterCustomizer> (0x000000070ae004e0) 
thrown [s\src\hotspot\share\classfile\systemDictionary.cpp, line 312]
Event: 635.804 Thread 0x000001fa4f9744b0 Exception <a 'java/lang/ClassNotFoundException'{0x000000070ae13a78}: com/cotodel/hrms/web/config/LoginSecurityConfigurationCustomizer> (0x000000070ae13a78) 
thrown [s\src\hotspot\share\classfile\systemDictionary.cpp, line 312]
Event: 635.805 Thread 0x000001fa4f9744b0 Exception <a 'java/lang/ClassNotFoundException'{0x000000070ae1f7e0}: com/cotodel/hrms/web/config/LoginSecurityConfiguration$$EnhancerBySpringCGLIB$$5c2d3dd9Customizer> (0x000000070ae1f7e0) 
thrown [s\src\hotspot\share\classfile\systemDictionary.cpp, line 312]
Event: 635.807 Thread 0x000001fa4f9744b0 Exception <a 'java/lang/ClassNotFoundException'{0x000000070ae348f0}: org/springframework/context/annotation/ConfigurationClassEnhancer$EnhancedConfigurationCustomizer> (0x000000070ae348f0) 
thrown [s\src\hotspot\share\classfile\systemDictionary.cpp, line 312]
Event: 635.809 Thread 0x000001fa4f9744b0 Exception <a 'java/lang/ClassNotFoundException'{0x000000070ae3b250}: org/springframework/beans/factory/BeanFactoryAwareCustomizer> (0x000000070ae3b250) 
thrown [s\src\hotspot\share\classfile\systemDictionary.cpp, line 312]
Event: 635.810 Thread 0x000001fa4f9744b0 Exception <a 'java/lang/ClassNotFoundException'{0x000000070ae42fb0}: org/springframework/beans/factory/AwareCustomizer> (0x000000070ae42fb0) 
thrown [s\src\hotspot\share\classfile\systemDictionary.cpp, line 312]
Event: 635.812 Thread 0x000001fa4f9744b0 Exception <a 'java/lang/ClassNotFoundException'{0x000000070ae49c38}: org/springframework/security/config/annotation/web/WebSecurityConfigurerCustomizer> (0x000000070ae49c38) 
thrown [s\src\hotspot\share\classfile\systemDictionary.cpp, line 312]
Event: 635.813 Thread 0x000001fa4f9744b0 Exception <a 'java/lang/ClassNotFoundException'{0x000000070ae50bc0}: org/springframework/security/config/annotation/SecurityConfigurerCustomizer> (0x000000070ae50bc0) 
thrown [s\src\hotspot\share\classfile\systemDictionary.cpp, line 312]

ZGC Phase Switch (0 events):
No events

VM Operations (20 events):
Event: 646.403 Executing VM operation: get/set locals done
Event: 646.404 Executing VM operation: get/set locals
Event: 646.404 Executing VM operation: get/set locals done
Event: 646.405 Executing VM operation: get/set locals
Event: 646.405 Executing VM operation: get/set locals done
Event: 646.405 Executing VM operation: get/set locals
Event: 646.405 Executing VM operation: get/set locals done
Event: 646.406 Executing VM operation: get/set locals
Event: 646.406 Executing VM operation: get/set locals done
Event: 646.406 Executing VM operation: get/set locals
Event: 646.406 Executing VM operation: get/set locals done
Event: 646.407 Executing VM operation: get/set locals
Event: 646.407 Executing VM operation: get/set locals done
Event: 646.407 Executing VM operation: get/set locals
Event: 646.407 Executing VM operation: get/set locals done
Event: 646.408 Executing VM operation: get/set locals
Event: 646.408 Executing VM operation: get/set locals done
Event: 646.408 Executing VM operation: get/set locals
Event: 646.408 Executing VM operation: get/set locals done
Event: 647.447 Executing VM operation: G1CollectForAllocation (G1 Evacuation Pause)

Memory protections (0 events):
No events

Nmethod flushes (20 events):
Event: 468.379 Thread 0x000001fa397a9a20 flushing  nmethod 0x000001fa3f6fa890
Event: 468.379 Thread 0x000001fa397a9a20 flushing  nmethod 0x000001fa3f77de90
Event: 468.379 Thread 0x000001fa397a9a20 flushing  nmethod 0x000001fa3f7a3010
Event: 468.379 Thread 0x000001fa397a9a20 flushing  nmethod 0x000001fa3f7a5010
Event: 468.379 Thread 0x000001fa397a9a20 flushing  nmethod 0x000001fa3f91bd10
Event: 468.379 Thread 0x000001fa397a9a20 flushing  nmethod 0x000001fa3f91c010
Event: 468.379 Thread 0x000001fa397a9a20 flushing  nmethod 0x000001fa3f953810
Event: 468.379 Thread 0x000001fa397a9a20 flushing  nmethod 0x000001fa3f97a610
Event: 468.379 Thread 0x000001fa397a9a20 flushing  nmethod 0x000001fa3f98b710
Event: 468.379 Thread 0x000001fa397a9a20 flushing  nmethod 0x000001fa3fb01910
Event: 468.379 Thread 0x000001fa397a9a20 flushing  nmethod 0x000001fa3fb16690
Event: 468.379 Thread 0x000001fa397a9a20 flushing  nmethod 0x000001fa3fb17310
Event: 516.253 Thread 0x000001fa397a9a20 flushing  nmethod 0x000001fa3f27c610
Event: 516.253 Thread 0x000001fa397a9a20 flushing  nmethod 0x000001fa3f3adf90
Event: 516.253 Thread 0x000001fa397a9a20 flushing  nmethod 0x000001fa3fc99110
Event: 516.253 Thread 0x000001fa397a9a20 flushing  nmethod 0x000001fa3f145190
Event: 516.253 Thread 0x000001fa397a9a20 flushing  nmethod 0x000001fa3f22c190
Event: 516.253 Thread 0x000001fa397a9a20 flushing  nmethod 0x000001fa3f043490
Event: 516.253 Thread 0x000001fa397a9a20 flushing  nmethod 0x000001fa3f044390
Event: 516.253 Thread 0x000001fa397a9a20 flushing  nmethod 0x000001fa3f2e0c90

Events (20 events):
Event: 468.490 Thread 0x000001fa4f975860 Thread exited: 0x000001fa4f975860
Event: 468.490 Thread 0x000001fa4f974b40 Thread exited: 0x000001fa4f974b40
Event: 468.490 Thread 0x000001fa4f9751d0 Thread exited: 0x000001fa4f9751d0
Event: 468.515 Thread 0x000001fa4f9709a0 Thread exited: 0x000001fa4f9709a0
Event: 468.515 Thread 0x000001fa4f971d50 Thread added: 0x000001fa4f972a70
Event: 473.526 Thread 0x000001fa516bbc20 Thread exited: 0x000001fa516bbc20
Event: 478.535 Thread 0x000001fa4f7b3ea0 Thread exited: 0x000001fa4f7b3ea0
Event: 478.535 Thread 0x000001fa51aebd90 Thread exited: 0x000001fa51aebd90
Event: 634.866 Thread 0x000001fa4f971d50 Thread added: 0x000001fa4f9744b0
Event: 635.002 Thread 0x000001fa4f9744b0 Thread added: 0x000001fa4f973e20
Event: 635.004 Thread 0x000001fa4f971030 Thread exited: 0x000001fa4f971030
Event: 635.157 Thread 0x000001fa4f9744b0 Thread added: 0x000001fa4f971030
Event: 635.208 Thread 0x000001fa4f971030 Thread exited: 0x000001fa4f971030
Event: 635.608 Thread 0x000001fa4a63d4d0 Thread added: 0x000001fa51aebd90
Event: 635.881 Thread 0x000001fa4f9744b0 Thread added: 0x000001fa4f9709a0
Event: 635.881 Thread 0x000001fa4f9744b0 Thread added: 0x000001fa4f971030
Event: 635.881 Thread 0x000001fa4f9744b0 Thread added: 0x000001fa4f9723e0
Event: 635.942 Thread 0x000001fa4a63d4d0 Thread added: 0x000001fa4f7b3ea0
Event: 640.947 Thread 0x000001fa4f7b3ea0 Thread exited: 0x000001fa4f7b3ea0
Event: 644.337 Thread 0x000001fa51aebd90 Thread added: 0x000001fa4f7b3ea0


Dynamic libraries:
0x00007ff676d80000 - 0x00007ff676d8e000 	D:\STS\sts-4.25.0.RELEASE\plugins\org.eclipse.justj.openjdk.hotspot.jre.full.win32.x86_64_21.0.4.v20240802-1551\jre\bin\javaw.exe
0x00007fffa0360000 - 0x00007fffa05c0000 	C:\Windows\SYSTEM32\ntdll.dll
0x00007fff9f6b0000 - 0x00007fff9f777000 	C:\Windows\System32\KERNEL32.DLL
0x00007fff9d970000 - 0x00007fff9dd3a000 	C:\Windows\System32\KERNELBASE.dll
0x00007fff9de10000 - 0x00007fff9df5b000 	C:\Windows\System32\ucrtbase.dll
0x00007fff63ad0000 - 0x00007fff63ae8000 	D:\STS\sts-4.25.0.RELEASE\plugins\org.eclipse.justj.openjdk.hotspot.jre.full.win32.x86_64_21.0.4.v20240802-1551\jre\bin\jli.dll
0x00007fff8b870000 - 0x00007fff8b88b000 	D:\STS\sts-4.25.0.RELEASE\plugins\org.eclipse.justj.openjdk.hotspot.jre.full.win32.x86_64_21.0.4.v20240802-1551\jre\bin\VCRUNTIME140.dll
0x00007fff9f280000 - 0x00007fff9f44c000 	C:\Windows\System32\USER32.dll
0x00007fff7fa20000 - 0x00007fff7fcb7000 	C:\Windows\WinSxS\amd64_microsoft.windows.common-controls_6595b64144ccf1df_6.0.26100.3624_none_3e086962e3345f24\COMCTL32.dll
0x00007fff9dde0000 - 0x00007fff9de07000 	C:\Windows\System32\win32u.dll
0x00007fff9e920000 - 0x00007fff9e94a000 	C:\Windows\System32\GDI32.dll
0x00007fff9f780000 - 0x00007fff9f829000 	C:\Windows\System32\msvcrt.dll
0x00007fff9d5f0000 - 0x00007fff9d721000 	C:\Windows\System32\gdi32full.dll
0x00007fff9d540000 - 0x00007fff9d5e3000 	C:\Windows\System32\msvcp_win.dll
0x00007fff9f4d0000 - 0x00007fff9f4ff000 	C:\Windows\System32\IMM32.DLL
0x00007fff8bbc0000 - 0x00007fff8bbcc000 	D:\STS\sts-4.25.0.RELEASE\plugins\org.eclipse.justj.openjdk.hotspot.jre.full.win32.x86_64_21.0.4.v20240802-1551\jre\bin\vcruntime140_1.dll
0x00007fff6c340000 - 0x00007fff6c3ce000 	D:\STS\sts-4.25.0.RELEASE\plugins\org.eclipse.justj.openjdk.hotspot.jre.full.win32.x86_64_21.0.4.v20240802-1551\jre\bin\msvcp140.dll
0x00007fff120c0000 - 0x00007fff12e48000 	D:\STS\sts-4.25.0.RELEASE\plugins\org.eclipse.justj.openjdk.hotspot.jre.full.win32.x86_64_21.0.4.v20240802-1551\jre\bin\server\jvm.dll
0x00007fffa0250000 - 0x00007fffa0302000 	C:\Windows\System32\ADVAPI32.dll
0x00007fff9ff40000 - 0x00007fff9ffe6000 	C:\Windows\System32\sechost.dll
0x00007fff9e7a0000 - 0x00007fff9e8b6000 	C:\Windows\System32\RPCRT4.dll
0x00007fff9e520000 - 0x00007fff9e594000 	C:\Windows\System32\WS2_32.dll
0x00007fff9d390000 - 0x00007fff9d3ee000 	C:\Windows\SYSTEM32\POWRPROF.dll
0x00007fff91e20000 - 0x00007fff91e2b000 	C:\Windows\SYSTEM32\VERSION.dll
0x00007fff92450000 - 0x00007fff92486000 	C:\Windows\SYSTEM32\WINMM.dll
0x00007fff9d370000 - 0x00007fff9d384000 	C:\Windows\SYSTEM32\UMPDC.dll
0x00007fff9c320000 - 0x00007fff9c33a000 	C:\Windows\SYSTEM32\kernel.appcore.dll
0x00007fff8b180000 - 0x00007fff8b18a000 	D:\STS\sts-4.25.0.RELEASE\plugins\org.eclipse.justj.openjdk.hotspot.jre.full.win32.x86_64_21.0.4.v20240802-1551\jre\bin\jimage.dll
0x00007fff9acf0000 - 0x00007fff9af31000 	C:\Windows\SYSTEM32\DBGHELP.DLL
0x00007fff9e160000 - 0x00007fff9e4e2000 	C:\Windows\System32\combase.dll
0x00007fff9fd50000 - 0x00007fff9fe26000 	C:\Windows\System32\OLEAUT32.dll
0x00007fff7c760000 - 0x00007fff7c799000 	C:\Windows\SYSTEM32\dbgcore.DLL
0x00007fff9dd40000 - 0x00007fff9ddd9000 	C:\Windows\System32\bcryptPrimitives.dll
0x00007fff87650000 - 0x00007fff8768c000 	D:\STS\sts-4.25.0.RELEASE\plugins\org.eclipse.justj.openjdk.hotspot.jre.full.win32.x86_64_21.0.4.v20240802-1551\jre\bin\jdwp.dll
0x00007fff88140000 - 0x00007fff8814f000 	D:\STS\sts-4.25.0.RELEASE\plugins\org.eclipse.justj.openjdk.hotspot.jre.full.win32.x86_64_21.0.4.v20240802-1551\jre\bin\instrument.dll
0x00007fff5e2c0000 - 0x00007fff5e2df000 	D:\STS\sts-4.25.0.RELEASE\plugins\org.eclipse.justj.openjdk.hotspot.jre.full.win32.x86_64_21.0.4.v20240802-1551\jre\bin\java.dll
0x00007fff5cde0000 - 0x00007fff5cdf8000 	D:\STS\sts-4.25.0.RELEASE\plugins\org.eclipse.justj.openjdk.hotspot.jre.full.win32.x86_64_21.0.4.v20240802-1551\jre\bin\zip.dll
0x00007fff9eb50000 - 0x00007fff9f279000 	C:\Windows\System32\SHELL32.dll
0x00007fff9dff0000 - 0x00007fff9e158000 	C:\Windows\System32\wintypes.dll
0x00007fff9b1a0000 - 0x00007fff9b9f2000 	C:\Windows\SYSTEM32\windows.storage.dll
0x00007fffa0150000 - 0x00007fffa023d000 	C:\Windows\System32\SHCORE.dll
0x00007fff9f460000 - 0x00007fff9f4c4000 	C:\Windows\System32\shlwapi.dll
0x00007fff9d450000 - 0x00007fff9d47f000 	C:\Windows\SYSTEM32\profapi.dll
0x00007fff8be90000 - 0x00007fff8be9b000 	D:\STS\sts-4.25.0.RELEASE\plugins\org.eclipse.justj.openjdk.hotspot.jre.full.win32.x86_64_21.0.4.v20240802-1551\jre\bin\dt_socket.dll
0x00007fff9bd80000 - 0x00007fff9bdb3000 	C:\Windows\SYSTEM32\IPHLPAPI.DLL
0x00007fff9c830000 - 0x00007fff9c89a000 	C:\Windows\system32\mswsock.dll
0x00007fff9be20000 - 0x00007fff9bf45000 	C:\Windows\SYSTEM32\DNSAPI.dll
0x00007fffa0240000 - 0x00007fffa024a000 	C:\Windows\System32\NSI.dll
0x00007fff91e60000 - 0x00007fff91e6b000 	C:\Windows\System32\rasadhlp.dll
0x00007fff94e00000 - 0x00007fff94e85000 	C:\Windows\System32\fwpuclnt.dll
0x00007fff87e60000 - 0x00007fff87e70000 	D:\STS\sts-4.25.0.RELEASE\plugins\org.eclipse.justj.openjdk.hotspot.jre.full.win32.x86_64_21.0.4.v20240802-1551\jre\bin\net.dll
0x00007fff8c950000 - 0x00007fff8ca6d000 	C:\Windows\SYSTEM32\WINHTTP.dll
0x00007fff5cc20000 - 0x00007fff5cc36000 	D:\STS\sts-4.25.0.RELEASE\plugins\org.eclipse.justj.openjdk.hotspot.jre.full.win32.x86_64_21.0.4.v20240802-1551\jre\bin\nio.dll
0x00007fff8ba60000 - 0x00007fff8ba6a000 	D:\STS\sts-4.25.0.RELEASE\plugins\org.eclipse.justj.openjdk.hotspot.jre.full.win32.x86_64_21.0.4.v20240802-1551\jre\bin\management.dll
0x00007fff8b9a0000 - 0x00007fff8b9ab000 	D:\STS\sts-4.25.0.RELEASE\plugins\org.eclipse.justj.openjdk.hotspot.jre.full.win32.x86_64_21.0.4.v20240802-1551\jre\bin\management_ext.dll
0x00007fff9ff30000 - 0x00007fff9ff38000 	C:\Windows\System32\PSAPI.DLL
0x00007fff6ee00000 - 0x00007fff6ee18000 	C:\Windows\system32\napinsp.dll
0x00007fff6ede0000 - 0x00007fff6edf2000 	C:\Windows\System32\winrnr.dll
0x00007fff8b9f0000 - 0x00007fff8ba20000 	C:\Windows\system32\nlansp_c.dll
0x00007fff7fe50000 - 0x00007fff7fe66000 	C:\Windows\system32\wshbth.dll
0x00007fff9caf0000 - 0x00007fff9cb0c000 	C:\Windows\SYSTEM32\CRYPTSP.dll
0x00007fff9c280000 - 0x00007fff9c2ba000 	C:\Windows\system32\rsaenh.dll
0x00007fff9c8d0000 - 0x00007fff9c8fb000 	C:\Windows\SYSTEM32\USERENV.dll
0x00007fff9d420000 - 0x00007fff9d446000 	C:\Windows\SYSTEM32\bcrypt.dll
0x00007fff9cb10000 - 0x00007fff9cb1c000 	C:\Windows\SYSTEM32\CRYPTBASE.dll
0x00007fff8bb50000 - 0x00007fff8bb59000 	D:\STS\sts-4.25.0.RELEASE\plugins\org.eclipse.justj.openjdk.hotspot.jre.full.win32.x86_64_21.0.4.v20240802-1551\jre\bin\extnet.dll
0x00007fff85bd0000 - 0x00007fff85be0000 	D:\STS\sts-4.25.0.RELEASE\plugins\org.eclipse.justj.openjdk.hotspot.jre.full.win32.x86_64_21.0.4.v20240802-1551\jre\bin\verify.dll
0x00007fff8be50000 - 0x00007fff8be5e000 	D:\STS\sts-4.25.0.RELEASE\plugins\org.eclipse.justj.openjdk.hotspot.jre.full.win32.x86_64_21.0.4.v20240802-1551\jre\bin\sunmscapi.dll
0x00007fff9d7f0000 - 0x00007fff9d967000 	C:\Windows\System32\CRYPT32.dll
0x00007fff9cd10000 - 0x00007fff9cd40000 	C:\Windows\SYSTEM32\ncrypt.dll
0x00007fff9ccc0000 - 0x00007fff9ccff000 	C:\Windows\SYSTEM32\NTASN1.dll
0x00007fff75430000 - 0x00007fff75438000 	C:\Windows\system32\wshunix.dll

dbghelp: loaded successfully - version: 4.0.5 - missing functions: none
symbol engine: initialized successfully - sym options: 0x614 - pdb path: .;D:\STS\sts-4.25.0.RELEASE\plugins\org.eclipse.justj.openjdk.hotspot.jre.full.win32.x86_64_21.0.4.v20240802-1551\jre\bin;C:\Windows\SYSTEM32;C:\Windows\WinSxS\amd64_microsoft.windows.common-controls_6595b64144ccf1df_6.0.26100.3624_none_3e086962e3345f24;D:\STS\sts-4.25.0.RELEASE\plugins\org.eclipse.justj.openjdk.hotspot.jre.full.win32.x86_64_21.0.4.v20240802-1551\jre\bin\server

VM Arguments:
jvm_args: -XX:+ShowCodeDetailsInExceptionMessages -agentlib:jdwp=transport=dt_socket,suspend=y,address=localhost:53879 -Dcom.sun.management.jmxremote -Dcom.sun.management.jmxremote.port=53878 -Dcom.sun.management.jmxremote.authenticate=false -Dcom.sun.management.jmxremote.ssl=false -Djava.rmi.server.hostname=localhost -Dspring.jmx.enabled=true -Dmanagement.endpoints.jmx.exposure.include=* -Dspring.application.admin.enabled=true -XX:TieredStopAtLevel=1 -Dspring.boot.project.name=hrms -javaagent:D:\STS\sts-4.25.0.RELEASE\configuration\org.eclipse.osgi\270\0\.cp\lib\javaagent-shaded.jar -Dfile.encoding=UTF-8 -Dstdout.encoding=UTF-8 -Dstderr.encoding=UTF-8 
java_command: com.cotodel.hrms.web.config.CotoDelApplication --spring.output.ansi.enabled=always
java_class_path (initial): D:\Cotodel\hrms\hrms\target\classes;C:\Users\aashv\.m2\repository\org\springframework\boot\spring-boot-starter-thymeleaf\2.6.1\spring-boot-starter-thymeleaf-2.6.1.jar;C:\Users\aashv\.m2\repository\org\thymeleaf\thymeleaf-spring5\3.0.12.RELEASE\thymeleaf-spring5-3.0.12.RELEASE.jar;C:\Users\aashv\.m2\repository\org\thymeleaf\thymeleaf\3.0.12.RELEASE\thymeleaf-3.0.12.RELEASE.jar;C:\Users\aashv\.m2\repository\org\attoparser\attoparser\2.0.5.RELEASE\attoparser-2.0.5.RELEASE.jar;C:\Users\aashv\.m2\repository\org\unbescape\unbescape\1.1.6.RELEASE\unbescape-1.1.6.RELEASE.jar;C:\Users\aashv\.m2\repository\org\slf4j\slf4j-api\1.7.32\slf4j-api-1.7.32.jar;C:\Users\aashv\.m2\repository\org\thymeleaf\extras\thymeleaf-extras-java8time\3.0.4.RELEASE\thymeleaf-extras-java8time-3.0.4.RELEASE.jar;C:\Users\aashv\.m2\repository\org\springframework\boot\spring-boot-starter-web\2.6.1\spring-boot-starter-web-2.6.1.jar;C:\Users\aashv\.m2\repository\org\springframework\boot\spring-boot-starter-json\2.6.1\spring-boot-starter-json-2.6.1.jar;C:\Users\aashv\.m2\repository\com\fasterxml\jackson\datatype\jackson-datatype-jdk8\2.13.0\jackson-datatype-jdk8-2.13.0.jar;C:\Users\aashv\.m2\repository\com\fasterxml\jackson\module\jackson-module-parameter-names\2.13.0\jackson-module-parameter-names-2.13.0.jar;C:\Users\aashv\.m2\repository\org\springframework\spring-web\5.3.13\spring-web-5.3.13.jar;C:\Users\aashv\.m2\repository\org\springframework\spring-beans\5.3.13\spring-beans-5.3.13.jar;C:\Users\aashv\.m2\repository\org\springframework\spring-webmvc\5.3.13\spring-webmvc-5.3.13.jar;C:\Users\aashv\.m2\repository\org\springframework\spring-aop\5.3.13\spring-aop-5.3.13.jar;C:\Users\aashv\.m2\repository\org\springframework\spring-context\5.3.13\spring-context-5.3.13.jar;C:\Users\aashv\.m2\repository\org\springframework\spring-expression\5.3.13\spring-expression-5.3.13.jar;C:\Users\aashv\.m2\repository\com\okta\spring\okta-spring-boot-starter\2.1.0\okta-spring-boot-starter-2.1.0.jar;C:\Users\aashv\.m2\repository\com\okta\spring\okta-spring-security-oauth2\2.1.0\okta-spring-security-oauth2-2.1.0.jar;C:\Users\aashv\.m2\repository\com\okta\commons\okta-config-check\1.2.5\okta-config-check-1.2.5.jar;C:\Users\aashv\.m2\repository\com\okta\commons\okta-commons-lang\1.2.5\okta-commons-lang-1.2.5.jar;C:\Users\aashv\.m2\repository\org\springframework\security\spring-security-config\5.6.0\spring-security-config-5.6.0.jar;C:\Users\aashv\.m2\repository\org\springframework\security\spring-security-core\5.6.0\spring-security-core-5.6.0.jar;C:\Users\aashv\.m2\repository\org\springframework\security\spring-security-crypto\5.6.0\spring-security-crypto-5.6.0.jar;C:\Users\aashv\.m2\repository\org\springframework\boot\spring-boot-starter-security\2.6.1\spring-boot-starter-security-2.6.1.jar;C:\Users\aashv\.m2\repository\org\springframework\security\spring-security-web\5.6.0\spring-security-web-5.6.0.jar;C:\Users\aashv\.m2\repository\org\springframework\security\spring-security-oauth2-client\5.6.0\spring-security-oauth2-client-5.6.0.jar;C:\Users\aashv\.m2\repository\org\springframework\security\spring-security-oauth2-core\5.6.0\spring-security-oauth2-core-5.6.0.jar;C:\Users\aashv\.m2\repository\com\nimbusds\oauth2-oidc-sdk\9.19\oauth2-oidc-sdk-9.19.jar;C:\Users\aashv\.m2\repository\com\github\stephenc\jcip\jcip-annotations\1.0-1\jcip-annotations-1.0-1.jar;C:\Users\aashv\.m2\repository\com\nimbusds\content-type\2.1\content-type-2.1.jar;C:\Users\aashv\.m2\repository\net\minidev\json-smart\2.4.7\json-smart-2.4.7.jar;C:\Users\aashv\.m2\repository\net\minidev\accessors-smart\2.4.7\accessors-smart-2.4.7.jar;C:\Users\aashv\.m2\repository\org\ow2\asm\asm\9.1\asm-9.1.jar;C:\Users\aashv\.m2\repository\com\nimbusds\lang-tag\1.5\lang-tag-1.5.jar;C:\Users\aashv\.m2\repository\org\springframework\security\spring-security-oauth2-jose\5.6.0\spring-security-oauth2-jose-5.6.0.jar;C:\Users\aashv\.m2\repository\com\nimbusds\nimbus-jose-jwt\9.14\nimbus-jose-jwt-9.14.jar;C:\Users\aashv\.m2\repository\org\springframework\security\spring-security-oauth2-resource-server\5.6.0\spring-security-oauth2-resource-server-5.6.0.jar;C:\Users\aashv\.m2\repository\com\okta\spring\okta-spring-sdk\2.1.0\okta-spring-sdk-2.1.0.jar;C:\Users\aashv\.m2\repository\com\google\code\gson\gson\2.8.7\gson-2.8.7.jar;C:\Users\aashv\.m2\repository\org\json\json\20210307\json-20210307.jar;C:\Users\aashv\.m2\repository\org\springframework\boot\spring-boot-starter-tomcat\2.6.1\spring-boot-starter-tomcat-2.6.1.jar;C:\Users\aashv\.m2\repository\jakarta\annotation\jakarta.annotation-api\1.3.5\jakarta.annotation-api-1.3.5.jar;C:\Users\aashv\.m2\repository\org\apache\tomcat\embed\tomcat-embed-core\9.0.55\tomcat-embed-core-9.0.55.jar;C:\Users\aashv\.m2\repository\org\apache\tomcat\embed\tomcat-embed-el\9.0.55\tomcat-embed-el-9.0.55.jar;C:\Users\aashv\.m2\repository\org\apache\tomcat\embed\tomcat-embed-websocket\9.0.55\tomcat-embed-websocket-9.0.55.jar;C:\Users\aashv\.m2\repository\org\springframework\boot\spring-boot-starter-mail\2.6.1\spring-boot-starter-mail-2.6.1.jar;C:\Users\aashv\.m2\repository\org\springframework\spring-context-support\5.3.13\spring-context-support-5.3.13.jar;C:\Users\aashv\.m2\repository\com\sun\mail\jakarta.mail\1.6.7\jakarta.mail-1.6.7.jar;C:\Users\aashv\.m2\repository\com\sun\activation\jakarta.activation\1.2.2\jakarta.activation-1.2.2.jar;C:\Users\aashv\.m2\repository\org\springframework\boot\spring-boot-starter-webflux\2.6.1\spring-boot-starter-webflux-2.6.1.jar;C:\Users\aashv\.m2\repository\org\springframework\boot\spring-boot-starter-reactor-netty\2.6.1\spring-boot-starter-reactor-netty-2.6.1.jar;C:\Users\aashv\.m2\repository\io\projectreactor\netty\reactor-netty-http\1.0.13\reactor-netty-http-1.0.13.jar;C:\Users\aashv\.m2\repository\io\netty\netty-codec-http\4.1.70.Final\netty-codec-http-4.1.70.Final.jar;C:\Users\aashv\.m2\repository\io\netty\netty-common\4.1.70.Final\netty-common-4.1.70.Final.jar;C:\Users\aashv\.m2\repository\io\netty\netty-buffer\4.1.70.Final\netty-buffer-4.1.70.Final.jar;C:\Users\aashv\.m2\repository\io\netty\netty-transport\4.1.70.Final\netty-transport-4.1.70.Final.jar;C:\Users\aashv\.m2\repository\io\netty\netty-codec\4.1.70.Final\netty-codec-4.1.70.Final.jar;C:\Users\aashv\.m2\repository\io\netty\netty-handler\4.1.70.Final\netty-handler-4.1.70.Final.jar;C:\Users\aashv\.m2\repository\io\netty\netty-codec-http2\4.1.70.Final\netty-codec-http2-4.1.70.Final.jar;C:\Users\aashv\.m2\repository\io\netty\netty-resolver-dns\4.1.70.Final\netty-resolver-dns-4.1.70.Final.jar;C:\Users\aashv\.m2\repository\io\netty\netty-resolver\4.1.70.Final\netty-resolver-4.1.70.Final.jar;C:\Users\aashv\.m2\repository\io\netty\netty-codec-dns\4.1.70.Final\netty-codec-dns-4.1.70.Final.jar;C:\Users\aashv\.m2\repository\io\netty\netty-resolver-dns-native-macos\4.1.70.Final\netty-resolver-dns-native-macos-4.1.70.Final-osx-x86_64.jar;C:\Users\aashv\.m2\repository\io\netty\netty-resolver-dns-classes-macos\4.1.70.Final\netty-resolver-dns-classes-macos-4.1.70.Final.jar;C:\Users\aashv\.m2\repository\io\netty\netty-transport-native-epoll\4.1.70.Final\netty-transport-native-epoll-4.1.70.Final-linux-x86_64.jar;C:\Users\aashv\.m2\repository\io\netty\netty-transport-native-unix-common\4.1.70.Final\netty-transport-native-unix-common-4.1.70.Final.jar;C:\Users\aashv\.m2\repository\io\netty\netty-transport-classes-epoll\4.1.70.Final\netty-transport-classes-epoll-4.1.70.Final.jar;C:\Users\aashv\.m2\repository\io\projectreactor\netty\reactor-netty-core\1.0.13\reactor-netty-core-1.0.13.jar;C:\Users\aashv\.m2\repository\io\netty\netty-handler-proxy\4.1.70.Final\netty-handler-proxy-4.1.70.Final.jar;C:\Users\aashv\.m2\repository\io\netty\netty-codec-socks\4.1.70.Final\netty-codec-socks-4.1.70.Final.jar;C:\Users\aashv\.m2\repository\org\springframework\spring-webflux\5.3.13\spring-webflux-5.3.13.jar;C:\Users\aashv\.m2\repository\io\projectreactor\reactor-core\3.4.12\reactor-core-3.4.12.jar;C:\Users\aashv\.m2\repository\org\reactivestreams\reactive-streams\1.0.3\reactive-streams-1.0.3.jar;C:\Users\aashv\.m2\repository\javax\xml\bind\jaxb-api\2.3.1\jaxb-api-2.3.1.jar;C:\Users\aashv\.m2\repository\javax\activation\javax.activation-api\1.2.0\javax.activation-api-1.2.0.jar;C:\Users\aashv\.m2\repository\org\springframework\boot\spring-boot-starter-validation\2.6.1\spring-boot-starter-validation-2.6.1.jar;C:\Users\aashv\.m2\repository\org\hibernate\validator\hibernate-validator\6.2.0.Final\hibernate-validator-6.2.0.Final.jar;C:\Users\aashv\.m2\repository\jakarta\validation\jakarta.validation-api\2.0.2\jakarta.validation-api-2.0.2.jar;C:\Users\aashv\.m2\repository\org\jboss\logging\jboss-logging\3.4.2.Final\jboss-logging-3.4.2.Final.jar;C:\Users\aashv\.m2\repository\com\fasterxml\classmate\1.5.1\classmate-1.5.1.jar;C:\Users\aashv\.m2\repository\io\jsonwebtoken\jjwt\0.9.1\jjwt-0.9.1.jar;C:\Users\aashv\.m2\repository\org\bouncycastle\bcprov-ext-jdk16\1.45\bcprov-ext-jdk16-1.45.jar;C:\Users\aashv\.m2\repository\com\fasterxml\jackson\core\jackson-databind\2.12.3\jackson-databind-2.12.3.jar;C:\Users\aashv\.m2\repository\com\fasterxml\jackson\core\jackson-annotations\2.13.0\jackson-annotations-2.13.0.jar;C:\Users\aashv\.m2\repository\com\fasterxml\jackson\core\jackson-core\2.13.0\jackson-core-2.13.0.jar;C:\Users\aashv\.m2\repository\com\fasterxml\jackson\datatype\jackson-datatype-jsr310\2.12.3\jackson-datatype-jsr310-2.12.3.jar;C:\Users\aashv\.m2\repository\org\springframework\boot\spring-boot-devtools\2.6.1\spring-boot-devtools-2.6.1.jar;C:\Users\aashv\.m2\repository\org\springframework\boot\spring-boot\2.6.1\spring-boot-2.6.1.jar;C:\Users\aashv\.m2\repository\org\springframework\boot\spring-boot-autoconfigure\2.6.1\spring-boot-autoconfigure-2.6.1.jar;C:\Users\aashv\.m2\repository\org\springframework\boot\spring-boot-starter\2.6.1\spring-boot-starter-2.6.1.jar;C:\Users\aashv\.m2\repository\org\springframework\spring-core\5.3.13\spring-core-5.3.13.jar;C:\Users\aashv\.m2\repository\org\springframework\spring-jcl\5.3.13\spring-jcl-5.3.13.jar;C:\Users\aashv\.m2\repository\org\yaml\snakeyaml\1.29\snakeyaml-1.29.jar;C:\Users\aashv\.m2\repository\org\springframework\boot\spring-boot-starter-log4j2\2.6.1\spring-boot-starter-log4j2-2.6.1.jar;C:\Users\aashv\.m2\repository\org\apache\logging\log4j\log4j-slf4j-impl\2.14.1\log4j-slf4j-impl-2.14.1.jar;C:\Users\aashv\.m2\repository\org\apache\logging\log4j\log4j-api\2.14.1\log4j-api-2.14.1.jar;C:\Users\aashv\.m2\repository\org\apache\logging\log4j\log4j-core\2.14.1\log4j-core-2.14.1.jar;C:\Users\aashv\.m2\repository\org\apache\logging\log4j\log4j-jul\2.14.1\log4j-jul-2.14.1.jar;C:\Users\aashv\.m2\repository\org\slf4j\jul-to-slf4j\1.7.32\jul-to-slf4j-1.7.32.jar;C:\Users\aashv\.m2\repository\org\apache\commons\commons-exec\1.1\commons-exec-1.1.jar;C:\Users\aashv\.m2\repository\org\apache\poi\poi\3.12\poi-3.12.jar;C:\Users\aashv\.m2\repository\commons-codec\commons-codec\1.15\commons-codec-1.15.jar;C:\Users\aashv\.m2\repository\org\apache\poi\poi-ooxml\3.12\poi-ooxml-3.12.jar;C:\Users\aashv\.m2\repository\org\apache\poi\poi-ooxml-schemas\3.12\poi-ooxml-schemas-3.12.jar;C:\Users\aashv\.m2\repository\org\apache\xmlbeans\xmlbeans\2.6.0\xmlbeans-2.6.0.jar;C:\Users\aashv\.m2\repository\stax\stax-api\1.0.1\stax-api-1.0.1.jar;C:\Users\aashv\.m2\repository\org\projectlombok\lombok\1.18.24\lombok-1.18.24.jar
Launcher Type: SUN_STANDARD

[Global flags]
     intx CICompilerCount                          = 4                                         {product} {ergonomic}
     uint ConcGCThreads                            = 3                                         {product} {ergonomic}
     uint G1ConcRefinementThreads                  = 10                                        {product} {ergonomic}
   size_t G1HeapRegionSize                         = 2097152                                   {product} {ergonomic}
    uintx GCDrainStackTargetSize                   = 64                                        {product} {ergonomic}
   size_t InitialHeapSize                          = 264241152                                 {product} {ergonomic}
     bool ManagementServer                         = true                                      {product} {command line}
   size_t MarkStackSize                            = 4194304                                   {product} {ergonomic}
   size_t MaxHeapSize                              = 4215275520                                {product} {ergonomic}
   size_t MaxNewSize                               = 2529165312                                {product} {ergonomic}
   size_t MinHeapDeltaBytes                        = 2097152                                   {product} {ergonomic}
   size_t MinHeapSize                              = 8388608                                   {product} {ergonomic}
    uintx NonNMethodCodeHeapSize                   = 4096                                   {pd product} {ergonomic}
    uintx NonProfiledCodeHeapSize                  = 0                                      {pd product} {ergonomic}
     bool ProfileInterpreter                       = false                                  {pd product} {command line}
    uintx ProfiledCodeHeapSize                     = 0                                      {pd product} {ergonomic}
     bool ShowCodeDetailsInExceptionMessages       = true                                   {manageable} {command line}
   size_t SoftMaxHeapSize                          = 4215275520                             {manageable} {ergonomic}
     intx TieredStopAtLevel                        = 1                                         {product} {command line}
     bool UseCompressedOops                        = true                           {product lp64_product} {ergonomic}
     bool UseG1GC                                  = true                                      {product} {ergonomic}
     bool UseLargePagesIndividualAllocation        = false                                  {pd product} {ergonomic}

Logging:
Log output configuration:
 #0: stdout all=warning uptime,level,tags foldmultilines=false
 #1: stderr all=off uptime,level,tags foldmultilines=false

Environment Variables:
JAVA_HOME=C:\Program Files\Java\jdk-17
PATH=D:\STS\sts-4.25.0.RELEASE\plugins\org.eclipse.justj.openjdk.hotspot.jre.full.win32.x86_64_21.0.4.v20240802-1551\jre\bin;D:/STS/sts-4.25.0.RELEASE//plugins/org.eclipse.justj.openjdk.hotspot.jre.full.win32.x86_64_21.0.4.v20240802-1551/jre/bin/server;D:/STS/sts-4.25.0.RELEASE//plugins/org.eclipse.justj.openjdk.hotspot.jre.full.win32.x86_64_21.0.4.v20240802-1551/jre/bin;C:\Program Files\Common Files\Oracle\Java\javapath;C:\Python312\Scripts\;C:\Python312\;C:\Windows\system32;C:\Windows;C:\Windows\System32\Wbem;C:\Windows\System32\WindowsPowerShell\v1.0\;C:\Windows\System32\OpenSSH\;C:\Program Files\Git\cmd;C:\Users\aashv\AppData\;C:\Program Files\nodejs\;C:\ProgramData\chocolatey\bin;C:\Program Files\PuTTY\;C:\Program Files\Java\jdk-17\bin;D:\apache-maven-3.9.9\bin;C:\Program Files\Java\jdk-17\bin;C:\Program Files\TortoiseGit\bin;C:\Users\aashv\AppData\Local\Microsoft\WindowsApps;C:\Users\aashv\AppData\npm;C:\Users\aashv\AppData\Roaming\npm;C:\Users\aashv\AppData\Local\Programs\Microsoft VS Code\bin;C:\Program Files\Java\jdk-17\bin;D:\apache-maven-3.9.9\bin;;D:\STS\sts-4.25.0.RELEASE;
USERNAME=aashv
OS=Windows_NT
PROCESSOR_IDENTIFIER=Intel64 Family 6 Model 154 Stepping 3, GenuineIntel
TMP=C:\Users\aashv\AppData\Local\Temp
TEMP=C:\Users\aashv\AppData\Local\Temp




Periodic native trim disabled

---------------  S Y S T E M  ---------------

OS:
 Windows 11 , 64 bit Build 26100 (10.0.26100.3775)
OS uptime: 2 days 20:23 hours
Hyper-V role detected

CPU: total 12 (initial active 12) (6 cores per cpu, 2 threads per core) family 6 model 154 stepping 3 microcode 0x433, cx8, cmov, fxsr, ht, mmx, 3dnowpref, sse, sse2, sse3, ssse3, sse4.1, sse4.2, popcnt, lzcnt, tsc, tscinvbit, avx, avx2, aes, erms, clmul, bmi1, bmi2, adx, sha, fma, vzeroupper, clflush, clflushopt, clwb, hv, serialize, rdtscp, rdpid, fsrm, f16c, cet_ibt, cet_ss
Processor Information for processor 0
  Max Mhz: 2000, Current Mhz: 2000, Mhz Limit: 2000
Processor Information for processor 1
  Max Mhz: 2000, Current Mhz: 2000, Mhz Limit: 2000
Processor Information for processor 2
  Max Mhz: 2000, Current Mhz: 2000, Mhz Limit: 2000
Processor Information for processor 3
  Max Mhz: 2000, Current Mhz: 2000, Mhz Limit: 2000
Processor Information for processor 4
  Max Mhz: 2000, Current Mhz: 2000, Mhz Limit: 2000
Processor Information for processor 5
  Max Mhz: 2000, Current Mhz: 2000, Mhz Limit: 2000
Processor Information for processor 6
  Max Mhz: 2000, Current Mhz: 2000, Mhz Limit: 2000
Processor Information for processor 7
  Max Mhz: 2000, Current Mhz: 2000, Mhz Limit: 2000
Processor Information for processor 8
  Max Mhz: 2000, Current Mhz: 1500, Mhz Limit: 1500
Processor Information for processor 9
  Max Mhz: 2000, Current Mhz: 1500, Mhz Limit: 1500
Processor Information for processor 10
  Max Mhz: 2000, Current Mhz: 1500, Mhz Limit: 1500
Processor Information for processor 11
  Max Mhz: 2000, Current Mhz: 1500, Mhz Limit: 1500

Memory: 4k page, system-wide physical 16076M (3790M free)
TotalPageFile size 24780M (AvailPageFile size 8712M)
current process WorkingSet (physical memory assigned to process): 268M, peak: 451M
current process commit charge ("private bytes"): 303M, peak: 486M

vm_info: OpenJDK 64-Bit Server VM (21.0.4+7-LTS) for windows-amd64 JRE (21.0.4+7-LTS), built on 2024-07-16T00:00:00Z by "admin" with MS VC++ 17.7 (VS2022)

END.
