#
# A fatal error has been detected by the Java Runtime Environment:
#
#  EXCEPTION_ACCESS_VIOLATION (0xc0000005) at pc=0x00007ffd0aa5c236, pid=27788, tid=15984
#
# JRE version: OpenJDK Runtime Environment Temurin-21.0.4+7 (21.0.4+7) (build 21.0.4+7-LTS)
# Java VM: OpenJDK 64-Bit Server VM Temurin-21.0.4+7 (21.0.4+7-LTS, mixed mode, emulated-client, tiered, compressed oops, compressed class ptrs, g1 gc, windows-amd64)
# Problematic frame:
# V  [jvm.dll+0xc236]
#
# No core dump will be written. Minidumps are not enabled by default on client versions of Windows
#
# If you would like to submit a bug report, please visit:
#   https://github.com/adoptium/adoptium-support/issues
#

---------------  S U M M A R Y ------------

Command Line: -XX:+ShowCodeDetailsInExceptionMessages -agentlib:jdwp=transport=dt_socket,suspend=y,address=localhost:59783 -Dcom.sun.management.jmxremote -Dcom.sun.management.jmxremote.port=59782 -Dcom.sun.management.jmxremote.authenticate=false -Dcom.sun.management.jmxremote.ssl=false -Djava.rmi.server.hostname=localhost -Dspring.jmx.enabled=true -Dmanagement.endpoints.jmx.exposure.include=* -Dspring.application.admin.enabled=true -XX:TieredStopAtLevel=1 -Dspring.boot.project.name=hrms -javaagent:D:\STS\sts-4.25.0.RELEASE\configuration\org.eclipse.osgi\270\0\.cp\lib\javaagent-shaded.jar -Dfile.encoding=UTF-8 -Dstdout.encoding=UTF-8 -Dstderr.encoding=UTF-8 com.cotodel.hrms.web.config.CotoDelApplication --spring.output.ansi.enabled=always

Host: 12th Gen Intel(R) Core(TM) i5-12450H, 12 cores, 15G,  Windows 11 , 64 bit Build 26100 (10.0.26100.3323)
Time: Sun Apr  6 23:18:06 2025 India Standard Time elapsed time: 113644.843683 seconds (1d 7h 34m 4s)

---------------  T H R E A D  ---------------

Current thread (0x000001d57d7ee3f0):  WorkerThread "GC Thread#6"    [id=15984, stack(0x0000001f52a00000,0x0000001f52b00000) (1024K)]

Stack: [0x0000001f52a00000,0x0000001f52b00000],  sp=0x0000001f52afe208,  free space=1016k
Native frames: (J=compiled Java code, j=interpreted, Vv=VM code, C=native code)
V  [jvm.dll+0xc236]

JavaThread 0x000001d505048060 (nid = 3300) was being processed
Java frames: (J=compiled Java code, j=interpreted, Vv=VM code)
j  java.lang.invoke.DirectMethodHandle$Holder.newInvokeSpecial(Ljava/lang/Object;)Ljava/lang/Object;+15 java.base@21.0.4
J 120228 c1 jdk.internal.reflect.DirectConstructorHandleAccessor.newInstance([Ljava/lang/Object;)Ljava/lang/Object; java.base@21.0.4 (130 bytes) @ 0x000001d56d4bea04 [0x000001d56d4be700+0x0000000000000304]
J 120227 c1 java.lang.reflect.Constructor.newInstanceWithCaller([Ljava/lang/Object;ZLjava/lang/Class;)Ljava/lang/Object; java.base@21.0.4 (51 bytes) @ 0x000001d56d9ae29c [0x000001d56d9ae1c0+0x00000000000000dc]
J 121574 c1 org.springframework.beans.BeanUtils.instantiateClass(Ljava/lang/reflect/Constructor;[Ljava/lang/Object;)Ljava/lang/Object; (187 bytes) @ 0x000001d56cf2e664 [0x000001d56cf2e240+0x0000000000000424]
j  org.springframework.beans.factory.support.SimpleInstantiationStrategy.instantiate(Lorg/springframework/beans/factory/support/RootBeanDefinition;Ljava/lang/String;Lorg/springframework/beans/factory/BeanFactory;)Ljava/lang/Object;+140
j  org.springframework.beans.factory.support.AbstractAutowireCapableBeanFactory.instantiateBean(Ljava/lang/String;Lorg/springframework/beans/factory/support/RootBeanDefinition;)Lorg/springframework/beans/BeanWrapper;+32
j  org.springframework.beans.factory.support.AbstractAutowireCapableBeanFactory.createBeanInstance(Ljava/lang/String;Lorg/springframework/beans/factory/support/RootBeanDefinition;[Ljava/lang/Object;)Lorg/springframework/beans/BeanWrapper;+250
j  org.springframework.beans.factory.support.AbstractAutowireCapableBeanFactory.doCreateBean(Ljava/lang/String;Lorg/springframework/beans/factory/support/RootBeanDefinition;[Ljava/lang/Object;)Ljava/lang/Object;+34
j  org.springframework.beans.factory.support.AbstractAutowireCapableBeanFactory.createBean(Ljava/lang/String;Lorg/springframework/beans/factory/support/RootBeanDefinition;[Ljava/lang/Object;)Ljava/lang/Object;+169
j  org.springframework.beans.factory.support.AbstractBeanFactory.lambda$doGetBean$0(Ljava/lang/String;Lorg/springframework/beans/factory/support/RootBeanDefinition;[Ljava/lang/Object;)Ljava/lang/Object;+4
j  org.springframework.beans.factory.support.AbstractBeanFactory$$Lambda+0x00000008003ab938.getObject()Ljava/lang/Object;+16
j  org.springframework.beans.factory.support.DefaultSingletonBeanRegistry.getSingleton(Ljava/lang/String;Lorg/springframework/beans/factory/ObjectFactory;)Ljava/lang/Object;+132
J 121355 c1 org.springframework.beans.factory.support.AbstractBeanFactory.doGetBean(Ljava/lang/String;Ljava/lang/Class;[Ljava/lang/Object;Z)Ljava/lang/Object; (832 bytes) @ 0x000001d56d505fe4 [0x000001d56d505960+0x0000000000000684]
j  org.springframework.beans.factory.support.AbstractBeanFactory.getBean(Ljava/lang/String;)Ljava/lang/Object;+5
j  org.springframework.beans.factory.support.DefaultListableBeanFactory.preInstantiateSingletons()V+248
j  org.springframework.context.support.AbstractApplicationContext.finishBeanFactoryInitialization(Lorg/springframework/beans/factory/config/ConfigurableListableBeanFactory;)V+124
j  org.springframework.context.support.AbstractApplicationContext.refresh()V+86
j  org.springframework.boot.web.servlet.context.ServletWebServerApplicationContext.refresh()V+1
j  org.springframework.boot.SpringApplication.refresh(Lorg/springframework/context/ConfigurableApplicationContext;)V+1
j  org.springframework.boot.SpringApplication.refreshContext(Lorg/springframework/context/ConfigurableApplicationContext;)V+16
j  org.springframework.boot.SpringApplication.run([Ljava/lang/String;)Lorg/springframework/context/ConfigurableApplicationContext;+107
j  org.springframework.boot.SpringApplication.run([Ljava/lang/Class;[Ljava/lang/String;)Lorg/springframework/context/ConfigurableApplicationContext;+9
j  org.springframework.boot.SpringApplication.run(Ljava/lang/Class;[Ljava/lang/String;)Lorg/springframework/context/ConfigurableApplicationContext;+9
j  com.cotodel.hrms.web.config.CotoDelApplication.main([Ljava/lang/String;)V+3
j  java.lang.invoke.LambdaForm$DMH+0x00000008000c4c00.invokeStatic(Ljava/lang/Object;Ljava/lang/Object;)V+10 java.base@21.0.4
j  java.lang.invoke.LambdaForm$MH+0x0000000800b0a400.invoke(Ljava/lang/Object;Ljava/lang/Object;Ljava/lang/Object;)Ljava/lang/Object;+33 java.base@21.0.4
J 113906 c1 jdk.internal.reflect.DirectMethodHandleAccessor.invoke(Ljava/lang/Object;[Ljava/lang/Object;)Ljava/lang/Object; java.base@21.0.4 (92 bytes) @ 0x000001d56ce0c27c [0x000001d56ce0bec0+0x00000000000003bc]
J 113914 c1 java.lang.reflect.Method.invoke(Ljava/lang/Object;[Ljava/lang/Object;)Ljava/lang/Object; java.base@21.0.4 (108 bytes) @ 0x000001d56ce0b874 [0x000001d56ce0b680+0x00000000000001f4]
j  org.springframework.boot.devtools.restart.RestartLauncher.run()V+42
v  ~StubRoutines::call_stub 0x000001d56cc2100d

siginfo: EXCEPTION_ACCESS_VIOLATION (0xc0000005), reading address 0x00000008793ecc77


Registers:
RAX=0x0000000000000000, RBX=0x0000000000000000, RCX=0x0000001f53afe210, RDX=0x0000001f53afe210
RSP=0x0000001f52afe208, RBP=0x0000001f52afe3e0, RSI=0x0000001f52afe5b0, RDI=0x0000001f53afe210
R8 =0x00000008793ecc6f, R9 =0x0000001f53afe210, R10=0x000001d56cc20000, R11=0x0000001f52afe458
R12=0x000001d57842fac8, R13=0x0000001f53afe210, R14=0x000001d500a68c10, R15=0x00000008793ecc6f
RIP=0x00007ffd0aa5c236, EFLAGS=0x0000000000010206


Register to memory mapping:

RAX=0x0 is null
RBX=0x0 is null
RCX=0x0000001f53afe210 is pointing into the stack for thread: 0x000001d505048060
RDX=0x0000001f53afe210 is pointing into the stack for thread: 0x000001d505048060
RSP=0x0000001f52afe208 points into unknown readable memory: 0x00007ffd0ada6a5b | 5b 6a da 0a fd 7f 00 00
RBP=0x0000001f52afe3e0 points into unknown readable memory: 0x0000001f00000001 | 01 00 00 00 1f 00 00 00
RSI=0x0000001f52afe5b0 points into unknown readable memory: 0x0000001f53afe208 | 08 e2 af 53 1f 00 00 00
RDI=0x0000001f53afe210 is pointing into the stack for thread: 0x000001d505048060
R8 =0x00000008793ecc6f is an unknown value
R9 =0x0000001f53afe210 is pointing into the stack for thread: 0x000001d505048060
R10=0x000001d56cc20000 points into unknown readable memory: 0x0000000000000006 | 06 00 00 00 00 00 00 00
R11=0x0000001f52afe458 points into unknown readable memory: 0x00007ffd0ad6337d | 7d 33 d6 0a fd 7f 00 00
R12=0x000001d57842fac8 points into unknown readable memory: 0x4c2800326a0fffff | ff ff 0f 6a 32 00 28 4c
R13=0x0000001f53afe210 is pointing into the stack for thread: 0x000001d505048060
R14=0x000001d500a68c10 points into unknown readable memory: 0x00007ffd0b475a88 | 88 5a 47 0b fd 7f 00 00
R15=0x00000008793ecc6f is an unknown value

Top of Stack: (sp=0x0000001f52afe208)
0x0000001f52afe208:   00007ffd0ada6a5b 0000000967926611
0x0000001f52afe218:   0000000000000004 0000000000000344
0x0000001f52afe228:   00007ffd0b10a91f 000001d57ddb4fc8
0x0000001f52afe238:   00007ffd0adb507e 000001d578639f18
0x0000001f52afe248:   00007ffd0b1e4e51 0000000000000055
0x0000001f52afe258:   0000000000000008 0000000000000002
0x0000001f52afe268:   0000000000000000 000001d57d6cae00
0x0000001f52afe278:   000001d578639b30 000001d57842fac8
0x0000001f52afe288:   0000001f53afe210 0000001f52afe5b0
0x0000001f52afe298:   0000001f52afe3e0 000001d57ddb4fc8
0x0000001f52afe2a8:   00007ffd0adb5024 0000001f52afe370
0x0000001f52afe2b8:   0000001f52afe5b0 000001d5778e3eb8
0x0000001f52afe2c8:   0000000000000000 000001d57ddb4fc8
0x0000001f52afe2d8:   00007ffd0ad6392b 0000000000000001
0x0000001f52afe2e8:   000001d5793ecc80 000001d57ddb4fc8
0x0000001f52afe2f8:   0000001f52afe5b0 0000000f6cfd3401
0x0000001f52afe308:   000001d5793ecc80 000001d57d7ee3f0
0x0000001f52afe318:   000001d500000003 00000000000003d8
0x0000001f52afe328:   000001d578639b40 000001d578639f18
0x0000001f52afe338:   000001d5793ecc6f 000001d5000000b8
0x0000001f52afe348:   000001d5793ecc80 00007ffd0b46cff0
0x0000001f52afe358:   0000001f52afe5b0 000001d57ddb4fc8
0x0000001f52afe368:   0000000500000002 000001d57842fac8
0x0000001f52afe378:   0000001300000001 0000000000000032
0x0000001f52afe388:   000000010000000c 000001d5778e3eb8
0x0000001f52afe398:   0000000000000000 000001d57e4d3a24
0x0000001f52afe3a8:   0000b98700000002 0000000300000001
0x0000001f52afe3b8:   0000ffff0960e400 00007ffd0b2a8330
0x0000001f52afe3c8:   000001d57ddb4fc8 000001d57a6b2430
0x0000001f52afe3d8:   000000067863001c 0000001f00000001
0x0000001f52afe3e8:   0000000000000019 000001d57ddb4fc8
0x0000001f52afe3f8:   00007ffd0adb507e 0000000000000000 

Instructions: (pc=0x00007ffd0aa5c236)
0x00007ffd0aa5c136:   48 8b 05 33 89 cc 00 48 8b 48 60 48 8b 04 d1 48
0x00007ffd0aa5c146:   85 c0 75 08 48 8b 05 27 89 cc 00 c3 48 8b 05 17
0x00007ffd0aa5c156:   89 cc 00 c3 cc cc cc cc cc cc 8b 05 52 5e c1 00
0x00007ffd0aa5c166:   c3 cc cc cc cc cc cc cc cc cc 0f b6 05 a3 74 c1
0x00007ffd0aa5c176:   00 48 8b d1 84 c0 74 16 44 8b 41 08 8b 0d 30 5e
0x00007ffd0aa5c186:   c1 00 49 d3 e0 4c 03 05 1e 5e c1 00 eb 04 4c 8b
0x00007ffd0aa5c196:   41 08 45 8b 48 08 45 85 c9 7e 0e 41 f6 c1 01 75
0x00007ffd0aa5c1a6:   53 41 c1 f9 03 49 63 c1 c3 79 49 84 c0 41 b8 0c
0x00007ffd0aa5c1b6:   00 00 00 8b 05 69 6f c1 00 b9 10 00 00 00 41 0f
0x00007ffd0aa5c1c6:   45 c8 ff c8 4c 63 c0 41 8b c1 48 c1 f8 10 0f b6
0x00007ffd0aa5c1d6:   c0 48 63 14 11 41 8b c9 83 e1 3f 48 d3 e2 49 8d
0x00007ffd0aa5c1e6:   0c 10 49 f7 d0 48 03 c1 49 c1 e8 03 48 c1 e8 03
0x00007ffd0aa5c1f6:   49 23 c0 c3 49 8b 00 49 8b c8 48 ff a0 00 01 00
0x00007ffd0aa5c206:   00 cc cc cc cc cc cc cc cc cc 8b 44 24 30 45 03
0x00007ffd0aa5c216:   c9 44 2b 4c 24 28 83 c0 0b 44 03 ca 45 03 c8 41
0x00007ffd0aa5c226:   03 c1 c3 cc cc cc cc cc cc cc 4c 8b c2 48 8b d1
0x00007ffd0aa5c236:   45 8b 48 08 45 85 c9 7e 0e 41 f6 c1 01 75 56 41
0x00007ffd0aa5c246:   c1 f9 03 49 63 c1 c3 79 4c 80 3d c4 73 c1 00 00
0x00007ffd0aa5c256:   b8 0c 00 00 00 b9 10 00 00 00 0f 45 c8 8b 05 bf
0x00007ffd0aa5c266:   6e c1 00 ff c8 4c 63 c0 41 8b c1 48 c1 f8 10 48
0x00007ffd0aa5c276:   63 14 11 41 8b c9 83 e1 3f 0f b6 c0 48 d3 e2 49
0x00007ffd0aa5c286:   8d 0c 10 49 f7 d0 48 03 c1 49 c1 e8 03 48 c1 e8
0x00007ffd0aa5c296:   03 49 23 c0 c3 49 8b 00 49 8b c8 48 ff a0 00 01
0x00007ffd0aa5c2a6:   00 00 cc cc cc cc cc cc cc cc 48 8b 41 08 0f b7
0x00007ffd0aa5c2b6:   48 2c 0f b7 40 2a 83 c0 48 03 c1 c3 cc cc cc cc
0x00007ffd0aa5c2c6:   cc cc cc cc cc cc cc cc cc cc 48 89 5c 24 08 57
0x00007ffd0aa5c2d6:   48 83 ec 20 0f b6 05 df 70 cc 00 48 8b fa 48 8b
0x00007ffd0aa5c2e6:   d9 84 c0 74 4f 48 85 15 76 68 cc 00 74 38 48 8b
0x00007ffd0aa5c2f6:   ca e8 94 a8 8c 00 48 8b d0 48 85 db 74 25 48 85
0x00007ffd0aa5c306:   c0 74 20 48 8b c7 f0 48 0f b1 13 74 16 48 85 05
0x00007ffd0aa5c316:   4e 68 cc 00 74 0d 48 8b c8 f0 48 0f b1 13 48 3b
0x00007ffd0aa5c326:   c1 75 ea 48 8b fa 48 8b c7 48 8b 5c 24 30 48 83 


Stack slot to memory mapping:

stack at sp + 0 slots: 0x00007ffd0ada6a5b jvm.dll
stack at sp + 1 slots: 0x0000000967926611 is an unknown value
stack at sp + 2 slots: 0x0000000000000004 is an unknown value
stack at sp + 3 slots: 0x0000000000000344 is an unknown value
stack at sp + 4 slots: 0x00007ffd0b10a91f jvm.dll
stack at sp + 5 slots: 0x000001d57ddb4fc8 points into unknown readable memory: 0x00007ffd0b477760 | 60 77 47 0b fd 7f 00 00
stack at sp + 6 slots: 0x00007ffd0adb507e jvm.dll
stack at sp + 7 slots: 0x000001d578639f18 points into unknown readable memory: 0x88000200860b6e31 | 31 6e 0b 86 00 02 00 88


---------------  P R O C E S S  ---------------

Threads class SMR info:
_java_thread_list=0x000001d57e0f50a0, length=32, elements={
0x000001d578386270, 0x000001d578388ce0, 0x000001d578368910, 0x000001d578394f50,
0x000001d5783969c0, 0x000001d5783a4770, 0x000001d5783a51f0, 0x000001d57847ae30,
0x000001d5785fead0, 0x000001d578608190, 0x000001d57860ac30, 0x000001d57847c870,
0x000001d57847c1e0, 0x000001d57847b4c0, 0x000001d57847bb50, 0x000001d57847a7a0,
0x000001d57847d590, 0x000001d57847a110, 0x000001d57e1ecdd0, 0x000001d57e1efbc0,
0x000001d500245a70, 0x000001d5002439a0, 0x000001d500246100, 0x000001d5002446c0,
0x000001d5051b36b0, 0x000001d5051b6660, 0x000001d500244d50, 0x000001d505048060,
0x000001d500b9a4d0, 0x000001d500a7b4a0, 0x000001d500a7bb30, 0x000001d500a7ae10
}

Java Threads: ( => current thread )
  0x000001d578386270 JavaThread "Reference Handler"          daemon [_thread_blocked, id=3220, stack(0x0000001f51600000,0x0000001f51700000) (1024K)]
  0x000001d578388ce0 JavaThread "Finalizer"                  daemon [_thread_blocked, id=26840, stack(0x0000001f51700000,0x0000001f51800000) (1024K)]
  0x000001d578368910 JavaThread "Signal Dispatcher"          daemon [_thread_blocked, id=29224, stack(0x0000001f51800000,0x0000001f51900000) (1024K)]
  0x000001d578394f50 JavaThread "Attach Listener"            daemon [_thread_blocked, id=10432, stack(0x0000001f51900000,0x0000001f51a00000) (1024K)]
  0x000001d5783969c0 JavaThread "Service Thread"             daemon [_thread_blocked, id=26120, stack(0x0000001f51a00000,0x0000001f51b00000) (1024K)]
  0x000001d5783a4770 JavaThread "Monitor Deflation Thread"   daemon [_thread_blocked, id=12060, stack(0x0000001f51b00000,0x0000001f51c00000) (1024K)]
  0x000001d5783a51f0 JavaThread "C1 CompilerThread0"         daemon [_thread_blocked, id=11552, stack(0x0000001f51c00000,0x0000001f51d00000) (1024K)]
  0x000001d57847ae30 JavaThread "Common-Cleaner"             daemon [_thread_blocked, id=28884, stack(0x0000001f51d00000,0x0000001f51e00000) (1024K)]
  0x000001d5785fead0 JavaThread "JDWP Transport Listener: dt_socket" daemon [_thread_blocked, id=12072, stack(0x0000001f52000000,0x0000001f52100000) (1024K)]
  0x000001d578608190 JavaThread "JDWP Event Helper Thread"   daemon [_thread_blocked, id=26576, stack(0x0000001f52100000,0x0000001f52200000) (1024K)]
  0x000001d57860ac30 JavaThread "JDWP Command Reader"        daemon [_thread_in_native, id=26300, stack(0x0000001f52200000,0x0000001f52300000) (1024K)]
  0x000001d57847c870 JavaThread "Notification Thread"        daemon [_thread_blocked, id=13272, stack(0x0000001f51e00000,0x0000001f51f00000) (1024K)]
  0x000001d57847c1e0 JavaThread "RMI TCP Accept-0"           daemon [_thread_in_native, id=27828, stack(0x0000001f52d00000,0x0000001f52e00000) (1024K)]
  0x000001d57847b4c0 JavaThread "RMI TCP Accept-59782"       daemon [_thread_in_native, id=15784, stack(0x0000001f52e00000,0x0000001f52f00000) (1024K)]
  0x000001d57847bb50 JavaThread "RMI TCP Accept-0"           daemon [_thread_in_native, id=10760, stack(0x0000001f52f00000,0x0000001f53000000) (1024K)]
  0x000001d57847a7a0 JavaThread "RMI Scheduler(0)"           daemon [_thread_blocked, id=20740, stack(0x0000001f53200000,0x0000001f53300000) (1024K)]
  0x000001d57847d590 JavaThread "RMI TCP Connection(idle)"   daemon [_thread_blocked, id=29308, stack(0x0000001f53300000,0x0000001f53400000) (1024K)]
  0x000001d57847a110 JavaThread "JMX server connection timeout 41" daemon [_thread_blocked, id=6540, stack(0x0000001f53400000,0x0000001f53500000) (1024K)]
  0x000001d57e1ecdd0 JavaThread "Live Reload Server"         daemon [_thread_in_native, id=22296, stack(0x0000001f53f00000,0x0000001f54000000) (1024K)]
  0x000001d57e1efbc0 JavaThread "DestroyJavaVM"                     [_thread_blocked, id=26292, stack(0x0000001f50e00000,0x0000001f50f00000) (1024K)]
  0x000001d500245a70 JavaThread "File Watcher"               daemon [_thread_blocked, id=25892, stack(0x0000001f50d00000,0x0000001f50e00000) (1024K)]
  0x000001d5002439a0 JavaThread "File Watcher"               daemon [_thread_blocked, id=28080, stack(0x0000001f53100000,0x0000001f53200000) (1024K)]
  0x000001d500246100 JavaThread "File Watcher"               daemon [_thread_blocked, id=7136, stack(0x0000001f53800000,0x0000001f53900000) (1024K)]
  0x000001d5002446c0 JavaThread "File Watcher"               daemon [_thread_blocked, id=24248, stack(0x0000001f51f00000,0x0000001f52000000) (1024K)]
  0x000001d5051b36b0 JavaThread "C1 CompilerThread1"         daemon [_thread_blocked, id=24560, stack(0x0000001f50b00000,0x0000001f50c00000) (1024K)]
  0x000001d5051b6660 JavaThread "C1 CompilerThread2"         daemon [_thread_blocked, id=2872, stack(0x0000001f50c00000,0x0000001f50d00000) (1024K)]
  0x000001d500244d50 JavaThread "Thread-147"                        [_thread_blocked, id=16048, stack(0x0000001f52400000,0x0000001f52500000) (1024K)]
  0x000001d505048060 JavaThread "restartedMain"                     [_thread_blocked, id=3300, stack(0x0000001f53a00000,0x0000001f53b00000) (1024K)]
  0x000001d500b9a4d0 JavaThread "Log4j2-TF-80-Scheduled-39"  daemon [_thread_blocked, id=24500, stack(0x0000001f53b00000,0x0000001f53c00000) (1024K)]
  0x000001d500a7b4a0 JavaThread "Catalina-utility-1"                [_thread_blocked, id=32528, stack(0x0000001f53900000,0x0000001f53a00000) (1024K)]
  0x000001d500a7bb30 JavaThread "Catalina-utility-2"                [_thread_blocked, id=30656, stack(0x0000001f53c00000,0x0000001f53d00000) (1024K)]
  0x000001d500a7ae10 JavaThread "container-4"                       [_thread_blocked, id=8980, stack(0x0000001f53d00000,0x0000001f53e00000) (1024K)]
Total: 32

Other Threads:
  0x000001d5782c1c50 VMThread "VM Thread"                           [id=13912, stack(0x0000001f51500000,0x0000001f51600000) (1024K)]
  0x000001d5779e0e50 WatcherThread "VM Periodic Task Thread"        [id=18940, stack(0x0000001f51400000,0x0000001f51500000) (1024K)]
  0x000001d5690a7530 WorkerThread "GC Thread#0"                     [id=28944, stack(0x0000001f50f00000,0x0000001f51000000) (1024K)]
  0x000001d57d7be1c0 WorkerThread "GC Thread#1"                     [id=1940, stack(0x0000001f52500000,0x0000001f52600000) (1024K)]
  0x000001d57d7be560 WorkerThread "GC Thread#2"                     [id=23424, stack(0x0000001f52600000,0x0000001f52700000) (1024K)]
  0x000001d57d7be900 WorkerThread "GC Thread#3"                     [id=10368, stack(0x0000001f52700000,0x0000001f52800000) (1024K)]
  0x000001d57d7beca0 WorkerThread "GC Thread#4"                     [id=3236, stack(0x0000001f52800000,0x0000001f52900000) (1024K)]
  0x000001d57d7bf040 WorkerThread "GC Thread#5"                     [id=13372, stack(0x0000001f52900000,0x0000001f52a00000) (1024K)]
=>0x000001d57d7ee3f0 WorkerThread "GC Thread#6"                     [id=15984, stack(0x0000001f52a00000,0x0000001f52b00000) (1024K)]
  0x000001d57d7ef7a0 WorkerThread "GC Thread#7"                     [id=4024, stack(0x0000001f52b00000,0x0000001f52c00000) (1024K)]
  0x000001d57d7efb40 WorkerThread "GC Thread#8"                     [id=20776, stack(0x0000001f52c00000,0x0000001f52d00000) (1024K)]
  0x000001d57dc7f2f0 WorkerThread "GC Thread#9"                     [id=2212, stack(0x0000001f53000000,0x0000001f53100000) (1024K)]
  0x000001d5690b7f60 ConcurrentGCThread "G1 Main Marker"            [id=9772, stack(0x0000001f51000000,0x0000001f51100000) (1024K)]
  0x000001d5690b8970 WorkerThread "G1 Conc#0"                       [id=25616, stack(0x0000001f51100000,0x0000001f51200000) (1024K)]
  0x000001d57dc808b0 WorkerThread "G1 Conc#1"                       [id=23116, stack(0x0000001f53500000,0x0000001f53600000) (1024K)]
  0x000001d57dc80510 WorkerThread "G1 Conc#2"                       [id=15824, stack(0x0000001f53600000,0x0000001f53700000) (1024K)]
  0x000001d5690ee040 ConcurrentGCThread "G1 Refine#0"               [id=25360, stack(0x0000001f51200000,0x0000001f51300000) (1024K)]
  0x000001d577894080 ConcurrentGCThread "G1 Service"                [id=25064, stack(0x0000001f51300000,0x0000001f51400000) (1024K)]
Total: 18

Threads with active compile tasks:
Total: 0

VM state: at safepoint (normal execution)

VM Mutex/Monitor currently owned by a thread:  ([mutex/lock_event])
[0x00007ffd0b6f7308] Threads_lock - owner thread: 0x000001d5782c1c50
[0x00007ffd0b6f7408] Heap_lock - owner thread: 0x000001d5002446c0

Heap address: 0x0000000704c00000, size: 4020 MB, Compressed Oops mode: Zero based, Oop shift amount: 3

CDS archive(s) not mapped
Compressed class space mapped at: 0x0000000800000000-0x0000000840000000, reserved size: 1073741824
Narrow klass base: 0x0000000800000000, Narrow klass shift: 0, Narrow klass range: 0x40000000

GC Precious Log:
 CardTable entry size: 512
 Card Set container configuration: InlinePtr #cards 4 size 8 Array Of Cards #cards 16 size 48 Howl #buckets 8 coarsen threshold 3686 Howl Bitmap #cards 512 size 80 coarsen threshold 460 Card regions per heap region 1 cards per card region 4096
 CPUs: 12 total, 12 available
 Memory: 16076M
 Large Page Support: Disabled
 NUMA Support: Disabled
 Compressed Oops: Enabled (Zero based)
 Heap Region Size: 2M
 Heap Min Capacity: 8M
 Heap Initial Capacity: 252M
 Heap Max Capacity: 4020M
 Pre-touch: Disabled
 Parallel Workers: 10
 Concurrent Workers: 3
 Concurrent Refinement Workers: 10
 Periodic GC: Disabled

Heap:
 garbage-first heap   total 157696K, used 131514K [0x0000000704c00000, 0x0000000800000000)
  region size 2048K, 45 young (92160K), 4 survivors (8192K)
 Metaspace       used 100720K, committed 101824K, reserved 1179648K
  class space    used 11346K, committed 11904K, reserved 1048576K

Heap Regions: E=young(eden), S=young(survivor), O=old, HS=humongous(starts), HC=humongous(continues), CS=collection set, F=free, TAMS=top-at-mark-start, PB=parsable bottom
|   0|0x0000000704c00000, 0x0000000704dfffe0, 0x0000000704e00000| 99%| O|  |TAMS 0x0000000704c00000| PB 0x0000000704c00000| Untracked 
|   1|0x0000000704e00000, 0x0000000704fffff8, 0x0000000705000000| 99%| O|  |TAMS 0x0000000704e00000| PB 0x0000000704e00000| Untracked 
|   2|0x0000000705000000, 0x0000000705200000, 0x0000000705200000|100%| O|  |TAMS 0x0000000705000000| PB 0x0000000705000000| Untracked 
|   3|0x0000000705200000, 0x00000007053fff68, 0x0000000705400000| 99%| O|  |TAMS 0x0000000705200000| PB 0x0000000705200000| Untracked 
|   4|0x0000000705400000, 0x00000007055fffd0, 0x0000000705600000| 99%| O|  |TAMS 0x0000000705400000| PB 0x0000000705400000| Untracked 
|   5|0x0000000705600000, 0x00000007057fffe0, 0x0000000705800000| 99%| O|  |TAMS 0x0000000705600000| PB 0x0000000705600000| Untracked 
|   6|0x0000000705800000, 0x00000007059fffe0, 0x0000000705a00000| 99%| O|  |TAMS 0x0000000705800000| PB 0x0000000705800000| Untracked 
|   7|0x0000000705a00000, 0x0000000705bffff0, 0x0000000705c00000| 99%| O|  |TAMS 0x0000000705a00000| PB 0x0000000705a00000| Untracked 
|   8|0x0000000705c00000, 0x0000000705dfffe8, 0x0000000705e00000| 99%| O|  |TAMS 0x0000000705c00000| PB 0x0000000705c00000| Untracked 
|   9|0x0000000705e00000, 0x0000000705ffffb0, 0x0000000706000000| 99%| O|  |TAMS 0x0000000705e00000| PB 0x0000000705e00000| Untracked 
|  10|0x0000000706000000, 0x00000007061ffff8, 0x0000000706200000| 99%| O|  |TAMS 0x0000000706000000| PB 0x0000000706000000| Untracked 
|  11|0x0000000706200000, 0x00000007063fffc0, 0x0000000706400000| 99%| O|  |TAMS 0x0000000706200000| PB 0x0000000706200000| Untracked 
|  12|0x0000000706400000, 0x00000007065ffff8, 0x0000000706600000| 99%| O|  |TAMS 0x0000000706400000| PB 0x0000000706400000| Untracked 
|  13|0x0000000706600000, 0x00000007067fffb8, 0x0000000706800000| 99%| O|  |TAMS 0x0000000706600000| PB 0x0000000706600000| Untracked 
|  14|0x0000000706800000, 0x000000070682a9f0, 0x0000000706a00000|  8%| O|  |TAMS 0x0000000706800000| PB 0x0000000706800000| Untracked 
|  15|0x0000000706a00000, 0x0000000706bd5fc0, 0x0000000706c00000| 91%| O|  |TAMS 0x0000000706a00000| PB 0x0000000706a00000| Untracked 
|  16|0x0000000706c00000, 0x0000000706dffff0, 0x0000000706e00000| 99%| O|  |TAMS 0x0000000706c00000| PB 0x0000000706c00000| Untracked 
|  17|0x0000000706e00000, 0x0000000706e000d0, 0x0000000707000000|  0%| O|CS|TAMS 0x0000000706e00000| PB 0x0000000706e00000| Complete 
|  18|0x0000000707000000, 0x00000007070501e0, 0x0000000707200000| 15%| O|  |TAMS 0x0000000707000000| PB 0x0000000707000000| Untracked 
|  19|0x0000000707200000, 0x00000007072d5a40, 0x0000000707400000| 41%| O|  |TAMS 0x0000000707200000| PB 0x0000000707200000| Untracked 
|  20|0x0000000707400000, 0x0000000707600000, 0x0000000707600000|100%| O|  |TAMS 0x0000000707400000| PB 0x0000000707400000| Untracked 
|  21|0x0000000707600000, 0x0000000707800000, 0x0000000707800000|100%| O|  |TAMS 0x0000000707600000| PB 0x0000000707600000| Untracked 
|  22|0x0000000707800000, 0x0000000707962de0, 0x0000000707a00000| 69%| O|  |TAMS 0x0000000707800000| PB 0x0000000707800000| Untracked 
|  23|0x0000000707a00000, 0x0000000707a1b320, 0x0000000707c00000|  5%| O|  |TAMS 0x0000000707a00000| PB 0x0000000707a00000| Untracked 
|  24|0x0000000707c00000, 0x0000000707c00000, 0x0000000707e00000|  0%| F|  |TAMS 0x0000000707c00000| PB 0x0000000707c00000| Untracked 
|  25|0x0000000707e00000, 0x0000000707e00000, 0x0000000708000000|  0%| F|  |TAMS 0x0000000707e00000| PB 0x0000000707e00000| Untracked 
|  26|0x0000000708000000, 0x00000007081e5880, 0x0000000708200000| 94%| E|CS|TAMS 0x0000000708000000| PB 0x0000000708000000| Complete 
|  27|0x0000000708200000, 0x0000000708400000, 0x0000000708400000|100%| E|CS|TAMS 0x0000000708200000| PB 0x0000000708200000| Complete 
|  28|0x0000000708400000, 0x0000000708600000, 0x0000000708600000|100%| E|CS|TAMS 0x0000000708400000| PB 0x0000000708400000| Complete 
|  29|0x0000000708600000, 0x0000000708800000, 0x0000000708800000|100%| E|CS|TAMS 0x0000000708600000| PB 0x0000000708600000| Complete 
|  30|0x0000000708800000, 0x0000000708a00000, 0x0000000708a00000|100%| S|  |TAMS 0x0000000708800000| PB 0x0000000708800000| Complete 
|  31|0x0000000708a00000, 0x0000000708c00000, 0x0000000708c00000|100%| S|  |TAMS 0x0000000708a00000| PB 0x0000000708a00000| Complete 
|  32|0x0000000708c00000, 0x0000000708e00000, 0x0000000708e00000|100%| S|  |TAMS 0x0000000708c00000| PB 0x0000000708c00000| Complete 
|  33|0x0000000708e00000, 0x0000000709000000, 0x0000000709000000|100%| S|  |TAMS 0x0000000708e00000| PB 0x0000000708e00000| Complete 
|  34|0x0000000709000000, 0x0000000709200000, 0x0000000709200000|100%| E|CS|TAMS 0x0000000709000000| PB 0x0000000709000000| Complete 
|  35|0x0000000709200000, 0x0000000709400000, 0x0000000709400000|100%| E|CS|TAMS 0x0000000709200000| PB 0x0000000709200000| Complete 
|  36|0x0000000709400000, 0x0000000709600000, 0x0000000709600000|100%| E|CS|TAMS 0x0000000709400000| PB 0x0000000709400000| Complete 
|  37|0x0000000709600000, 0x0000000709800000, 0x0000000709800000|100%| E|CS|TAMS 0x0000000709600000| PB 0x0000000709600000| Complete 
|  38|0x0000000709800000, 0x0000000709a00000, 0x0000000709a00000|100%| E|CS|TAMS 0x0000000709800000| PB 0x0000000709800000| Complete 
|  39|0x0000000709a00000, 0x0000000709c00000, 0x0000000709c00000|100%| E|CS|TAMS 0x0000000709a00000| PB 0x0000000709a00000| Complete 
|  40|0x0000000709c00000, 0x0000000709e00000, 0x0000000709e00000|100%| E|CS|TAMS 0x0000000709c00000| PB 0x0000000709c00000| Complete 
|  41|0x0000000709e00000, 0x000000070a000000, 0x000000070a000000|100%| O|  |TAMS 0x0000000709e00000| PB 0x0000000709e00000| Untracked 
|  42|0x000000070a000000, 0x000000070a200000, 0x000000070a200000|100%| E|CS|TAMS 0x000000070a000000| PB 0x000000070a000000| Complete 
|  43|0x000000070a200000, 0x000000070a400000, 0x000000070a400000|100%| O|  |TAMS 0x000000070a200000| PB 0x000000070a200000| Untracked 
|  44|0x000000070a400000, 0x000000070a600000, 0x000000070a600000|100%| E|CS|TAMS 0x000000070a400000| PB 0x000000070a400000| Complete 
|  45|0x000000070a600000, 0x000000070a800000, 0x000000070a800000|100%| E|CS|TAMS 0x000000070a600000| PB 0x000000070a600000| Complete 
|  46|0x000000070a800000, 0x000000070aa00000, 0x000000070aa00000|100%| E|CS|TAMS 0x000000070a800000| PB 0x000000070a800000| Complete 
|  47|0x000000070aa00000, 0x000000070ac00000, 0x000000070ac00000|100%| E|CS|TAMS 0x000000070aa00000| PB 0x000000070aa00000| Complete 
|  48|0x000000070ac00000, 0x000000070ae00000, 0x000000070ae00000|100%| E|CS|TAMS 0x000000070ac00000| PB 0x000000070ac00000| Complete 
|  49|0x000000070ae00000, 0x000000070b000000, 0x000000070b000000|100%| E|CS|TAMS 0x000000070ae00000| PB 0x000000070ae00000| Complete 
|  50|0x000000070b000000, 0x000000070b200000, 0x000000070b200000|100%| E|CS|TAMS 0x000000070b000000| PB 0x000000070b000000| Complete 
|  51|0x000000070b200000, 0x000000070b400000, 0x000000070b400000|100%| E|CS|TAMS 0x000000070b200000| PB 0x000000070b200000| Complete 
|  52|0x000000070b400000, 0x000000070b600000, 0x000000070b600000|100%| E|CS|TAMS 0x000000070b400000| PB 0x000000070b400000| Complete 
|  53|0x000000070b600000, 0x000000070b800000, 0x000000070b800000|100%| E|CS|TAMS 0x000000070b600000| PB 0x000000070b600000| Complete 
|  54|0x000000070b800000, 0x000000070ba00000, 0x000000070ba00000|100%| E|CS|TAMS 0x000000070b800000| PB 0x000000070b800000| Complete 
|  55|0x000000070ba00000, 0x000000070bc00000, 0x000000070bc00000|100%| E|CS|TAMS 0x000000070ba00000| PB 0x000000070ba00000| Complete 
|  56|0x000000070bc00000, 0x000000070be00000, 0x000000070be00000|100%| E|CS|TAMS 0x000000070bc00000| PB 0x000000070bc00000| Complete 
|  57|0x000000070be00000, 0x000000070c000000, 0x000000070c000000|100%| E|CS|TAMS 0x000000070be00000| PB 0x000000070be00000| Complete 
|  58|0x000000070c000000, 0x000000070c200000, 0x000000070c200000|100%| E|CS|TAMS 0x000000070c000000| PB 0x000000070c000000| Complete 
|  59|0x000000070c200000, 0x000000070c400000, 0x000000070c400000|100%| E|CS|TAMS 0x000000070c200000| PB 0x000000070c200000| Complete 
|  60|0x000000070c400000, 0x000000070c600000, 0x000000070c600000|100%| E|CS|TAMS 0x000000070c400000| PB 0x000000070c400000| Complete 
|  61|0x000000070c600000, 0x000000070c800000, 0x000000070c800000|100%| E|CS|TAMS 0x000000070c600000| PB 0x000000070c600000| Complete 
|  62|0x000000070c800000, 0x000000070ca00000, 0x000000070ca00000|100%| E|CS|TAMS 0x000000070c800000| PB 0x000000070c800000| Complete 
|  63|0x000000070ca00000, 0x000000070cc00000, 0x000000070cc00000|100%| E|CS|TAMS 0x000000070ca00000| PB 0x000000070ca00000| Complete 
|  64|0x000000070cc00000, 0x000000070ce00000, 0x000000070ce00000|100%| E|CS|TAMS 0x000000070cc00000| PB 0x000000070cc00000| Complete 
|  65|0x000000070ce00000, 0x000000070d000000, 0x000000070d000000|100%| E|CS|TAMS 0x000000070ce00000| PB 0x000000070ce00000| Complete 
|  66|0x000000070d000000, 0x000000070d200000, 0x000000070d200000|100%| E|CS|TAMS 0x000000070d000000| PB 0x000000070d000000| Complete 
|  67|0x000000070d200000, 0x000000070d400000, 0x000000070d400000|100%| E|CS|TAMS 0x000000070d200000| PB 0x000000070d200000| Complete 
|  68|0x000000070d400000, 0x000000070d600000, 0x000000070d600000|100%| E|CS|TAMS 0x000000070d400000| PB 0x000000070d400000| Complete 
|  69|0x000000070d600000, 0x000000070d800000, 0x000000070d800000|100%| E|CS|TAMS 0x000000070d600000| PB 0x000000070d600000| Complete 
|  70|0x000000070d800000, 0x000000070da00000, 0x000000070da00000|100%| E|CS|TAMS 0x000000070d800000| PB 0x000000070d800000| Complete 
|  71|0x000000070da00000, 0x000000070dc00000, 0x000000070dc00000|100%| E|CS|TAMS 0x000000070da00000| PB 0x000000070da00000| Complete 
|  72|0x000000070dc00000, 0x000000070de00000, 0x000000070de00000|100%| E|CS|TAMS 0x000000070dc00000| PB 0x000000070dc00000| Complete 
|  73|0x000000070de00000, 0x000000070e000000, 0x000000070e000000|100%| E|CS|TAMS 0x000000070de00000| PB 0x000000070de00000| Complete 
|  74|0x000000070e000000, 0x000000070e200000, 0x000000070e200000|100%| E|CS|TAMS 0x000000070e000000| PB 0x000000070e000000| Complete 
|  75|0x000000070e200000, 0x000000070e400000, 0x000000070e400000|100%| E|CS|TAMS 0x000000070e200000| PB 0x000000070e200000| Complete 
|  76|0x000000070e400000, 0x000000070e600000, 0x000000070e600000|100%| E|CS|TAMS 0x000000070e400000| PB 0x000000070e400000| Complete 

Card table byte_map: [0x000001d570ea0000,0x000001d571680000] _byte_map_base: 0x000001d56d67a000

Marking Bits: (CMBitMap*) 0x000001d5690a7b40
 Bits: [0x000001d571680000, 0x000001d575550000)

Polling page: 0x000001d567800000

Metaspace:

Usage:
  Non-class:     87.28 MB used.
      Class:     11.08 MB used.
       Both:     98.36 MB used.

Virtual space:
  Non-class space:      128.00 MB reserved,      87.81 MB ( 69%) committed,  2 nodes.
      Class space:        1.00 GB reserved,      11.62 MB (  1%) committed,  1 nodes.
             Both:        1.12 GB reserved,      99.44 MB (  9%) committed. 

Chunk freelists:
   Non-Class:  8.22 MB
       Class:  4.41 MB
        Both:  12.63 MB

MaxMetaspaceSize: unlimited
CompressedClassSpaceSize: 1.00 GB
Initial GC threshold: 21.00 MB
Current GC threshold: 165.44 MB
CDS: off
 - commit_granule_bytes: 65536.
 - commit_granule_words: 8192.
 - virtual_space_node_default_size: 8388608.
 - enlarge_chunks_in_place: 1.
 - use_allocation_guard: 0.


Internal statistics:

num_allocs_failed_limit: 9.
num_arena_births: 5424.
num_arena_deaths: 4320.
num_vsnodes_births: 3.
num_vsnodes_deaths: 0.
num_space_committed: 1592.
num_space_uncommitted: 1.
num_chunks_returned_to_freelist: 5052.
num_chunks_taken_from_freelist: 10896.
num_chunk_merges: 1112.
num_chunk_splits: 5460.
num_chunks_enlarged: 3844.
num_inconsistent_stats: 0.

CodeCache: size=49152Kb used=10933Kb max_used=22724Kb free=38219Kb
 bounds [0x000001d56cc20000, 0x000001d56e270000, 0x000001d56fc20000]
 total_blobs=5431 nmethods=4765 adapters=586
 compilation: enabled
              stopped_count=0, restarted_count=0
 full_count=0

Compilation events (20 events):
Event: 113634.217 Thread 0x000001d5051b6660 122920       1       org.springframework.aop.framework.autoproxy.ProxyCreationContext::setCurrentProxiedBeanName (21 bytes)
Event: 113634.218 Thread 0x000001d5051b6660 nmethod 122920 0x000001d56cf75910 code [0x000001d56cf75ae0, 0x000001d56cf75dc8]
Event: 113634.221 Thread 0x000001d5051b6660 122921       1       java.lang.StackWalker::estimateDepth (5 bytes)
Event: 113634.221 Thread 0x000001d5051b3d80 122922       1       java.lang.StackStreamFactory::filterStackWalkImpl (30 bytes)
Event: 113634.221 Thread 0x000001d5051b6660 nmethod 122921 0x000001d56cf75610 code [0x000001d56cf757a0, 0x000001d56cf75868]
Event: 113634.221 Thread 0x000001d5051b6660 122923       1       org.springframework.beans.factory.support.AbstractAutowireCapableBeanFactory::getParameterNameDiscoverer (5 bytes)
Event: 113634.222 Thread 0x000001d5051b3d80 nmethod 122922 0x000001d56cf75110 code [0x000001d56cf752e0, 0x000001d56cf75488]
Event: 113634.222 Thread 0x000001d5051b6660 nmethod 122923 0x000001d56cf74e10 code [0x000001d56cf74fa0, 0x000001d56cf75070]
Event: 113634.222 Thread 0x000001d5051b3d80 122924   !   1       jdk.proxy1.$Proxy9::annotationType (29 bytes)
Event: 113634.222 Thread 0x000001d5051b3d80 nmethod 122924 0x000001d56cf74810 code [0x000001d56cf749e0, 0x000001d56cf74c50]
Event: 113634.222 Thread 0x000001d5051b6660 122925       1       org.springframework.aop.framework.autoproxy.AbstractAutoProxyCreator::getCacheKey (42 bytes)
Event: 113634.223 Thread 0x000001d5051b36b0 122926       1       org.springframework.aop.framework.autoproxy.AbstractAutoProxyCreator::isInfrastructureClass (96 bytes)
Event: 113634.223 Thread 0x000001d5783a51f0 122927       1       org.springframework.aop.framework.autoproxy.AbstractAutoProxyCreator::shouldSkip (6 bytes)
Event: 113634.223 Thread 0x000001d5783a51f0 nmethod 122927 0x000001d56cf74510 code [0x000001d56cf746a0, 0x000001d56cf74798]
Event: 113634.223 Thread 0x000001d5051b6660 nmethod 122925 0x000001d56cf73e10 code [0x000001d56cf74000, 0x000001d56cf74348]
Event: 113634.223 Thread 0x000001d5051b36b0 nmethod 122926 0x000001d56cf73510 code [0x000001d56cf73760, 0x000001d56cf73ba8]
Event: 113636.727 Thread 0x000001d5051b3d80 122928       1       java.lang.invoke.VarHandleGuards::guard_LLL_L (98 bytes)
Event: 113636.727 Thread 0x000001d5051b6660 122929       1       java.lang.invoke.VarHandleReferences$FieldInstanceReadWrite::compareAndExchange (48 bytes)
Event: 113636.729 Thread 0x000001d5051b6660 nmethod 122929 0x000001d56cf72a10 code [0x000001d56cf72c40, 0x000001d56cf73188]
Event: 113636.729 Thread 0x000001d5051b3d80 nmethod 122928 0x000001d56cf71410 code [0x000001d56cf716e0, 0x000001d56cf72288]

GC Heap History (20 events):
Event: 113589.290 GC heap after
{Heap after GC invocations=3610 (full 33):
 garbage-first heap   total 225280K, used 42547K [0x0000000704c00000, 0x0000000800000000)
  region size 2048K, 1 young (2048K), 1 survivors (2048K)
 Metaspace       used 99966K, committed 101056K, reserved 1179648K
  class space    used 11235K, committed 11776K, reserved 1048576K
}
Event: 113596.914 GC heap before
{Heap before GC invocations=3610 (full 33):
 garbage-first heap   total 225280K, used 175667K [0x0000000704c00000, 0x0000000800000000)
  region size 2048K, 66 young (135168K), 1 survivors (2048K)
 Metaspace       used 99966K, committed 101056K, reserved 1179648K
  class space    used 11235K, committed 11776K, reserved 1048576K
}
Event: 113596.916 GC heap after
{Heap after GC invocations=3611 (full 33):
 garbage-first heap   total 225280K, used 44280K [0x0000000704c00000, 0x0000000800000000)
  region size 2048K, 2 young (4096K), 2 survivors (4096K)
 Metaspace       used 99966K, committed 101056K, reserved 1179648K
  class space    used 11235K, committed 11776K, reserved 1048576K
}
Event: 113604.049 GC heap before
{Heap before GC invocations=3611 (full 33):
 garbage-first heap   total 225280K, used 175352K [0x0000000704c00000, 0x0000000800000000)
  region size 2048K, 66 young (135168K), 2 survivors (4096K)
 Metaspace       used 99966K, committed 101056K, reserved 1179648K
  class space    used 11235K, committed 11776K, reserved 1048576K
}
Event: 113604.052 GC heap after
{Heap after GC invocations=3612 (full 33):
 garbage-first heap   total 225280K, used 45840K [0x0000000704c00000, 0x0000000800000000)
  region size 2048K, 3 young (6144K), 3 survivors (6144K)
 Metaspace       used 99966K, committed 101056K, reserved 1179648K
  class space    used 11235K, committed 11776K, reserved 1048576K
}
Event: 113611.122 GC heap before
{Heap before GC invocations=3612 (full 33):
 garbage-first heap   total 225280K, used 174864K [0x0000000704c00000, 0x0000000800000000)
  region size 2048K, 66 young (135168K), 3 survivors (6144K)
 Metaspace       used 99966K, committed 101056K, reserved 1179648K
  class space    used 11235K, committed 11776K, reserved 1048576K
}
Event: 113611.124 GC heap after
{Heap after GC invocations=3613 (full 33):
 garbage-first heap   total 225280K, used 43335K [0x0000000704c00000, 0x0000000800000000)
  region size 2048K, 1 young (2048K), 1 survivors (2048K)
 Metaspace       used 99966K, committed 101056K, reserved 1179648K
  class space    used 11235K, committed 11776K, reserved 1048576K
}
Event: 113618.781 GC heap before
{Heap before GC invocations=3613 (full 33):
 garbage-first heap   total 225280K, used 176455K [0x0000000704c00000, 0x0000000800000000)
  region size 2048K, 66 young (135168K), 1 survivors (2048K)
 Metaspace       used 99966K, committed 101056K, reserved 1179648K
  class space    used 11235K, committed 11776K, reserved 1048576K
}
Event: 113618.783 GC heap after
{Heap after GC invocations=3614 (full 33):
 garbage-first heap   total 225280K, used 43437K [0x0000000704c00000, 0x0000000800000000)
  region size 2048K, 1 young (2048K), 1 survivors (2048K)
 Metaspace       used 99966K, committed 101056K, reserved 1179648K
  class space    used 11235K, committed 11776K, reserved 1048576K
}
Event: 113626.302 GC heap before
{Heap before GC invocations=3614 (full 33):
 garbage-first heap   total 225280K, used 176557K [0x0000000704c00000, 0x0000000800000000)
  region size 2048K, 66 young (135168K), 1 survivors (2048K)
 Metaspace       used 99966K, committed 101056K, reserved 1179648K
  class space    used 11235K, committed 11776K, reserved 1048576K
}
Event: 113626.305 GC heap after
{Heap after GC invocations=3615 (full 33):
 garbage-first heap   total 225280K, used 45168K [0x0000000704c00000, 0x0000000800000000)
  region size 2048K, 2 young (4096K), 2 survivors (4096K)
 Metaspace       used 99966K, committed 101056K, reserved 1179648K
  class space    used 11235K, committed 11776K, reserved 1048576K
}
Event: 113633.146 GC heap before
{Heap before GC invocations=3615 (full 33):
 garbage-first heap   total 225280K, used 176240K [0x0000000704c00000, 0x0000000800000000)
  region size 2048K, 66 young (135168K), 2 survivors (4096K)
 Metaspace       used 99966K, committed 101056K, reserved 1179648K
  class space    used 11235K, committed 11776K, reserved 1048576K
}
Event: 113633.151 GC heap after
{Heap after GC invocations=3616 (full 33):
 garbage-first heap   total 225280K, used 50857K [0x0000000704c00000, 0x0000000800000000)
  region size 2048K, 5 young (10240K), 5 survivors (10240K)
 Metaspace       used 99966K, committed 101056K, reserved 1179648K
  class space    used 11235K, committed 11776K, reserved 1048576K
}
Event: 113633.196 GC heap before
{Heap before GC invocations=3616 (full 33):
 garbage-first heap   total 225280K, used 52905K [0x0000000704c00000, 0x0000000800000000)
  region size 2048K, 7 young (14336K), 5 survivors (10240K)
 Metaspace       used 99984K, committed 101056K, reserved 1179648K
  class space    used 11238K, committed 11776K, reserved 1048576K
}
Event: 113633.218 GC heap after
{Heap after GC invocations=3617 (full 34):
 garbage-first heap   total 157696K, used 39460K [0x0000000704c00000, 0x0000000800000000)
  region size 2048K, 0 young (0K), 0 survivors (0K)
 Metaspace       used 99979K, committed 101056K, reserved 1179648K
  class space    used 11236K, committed 11776K, reserved 1048576K
}
Event: 113634.010 GC heap before
{Heap before GC invocations=3617 (full 34):
 garbage-first heap   total 157696K, used 115236K [0x0000000704c00000, 0x0000000800000000)
  region size 2048K, 38 young (77824K), 0 survivors (0K)
 Metaspace       used 100510K, committed 101632K, reserved 1179648K
  class space    used 11327K, committed 11904K, reserved 1048576K
}
Event: 113634.015 GC heap after
{Heap after GC invocations=3618 (full 34):
 garbage-first heap   total 157696K, used 45852K [0x0000000704c00000, 0x0000000800000000)
  region size 2048K, 4 young (8192K), 4 survivors (8192K)
 Metaspace       used 100510K, committed 101632K, reserved 1179648K
  class space    used 11327K, committed 11904K, reserved 1048576K
}
Event: 113639.389 GC heap before
{Heap before GC invocations=3619 (full 34):
 garbage-first heap   total 157696K, used 129820K [0x0000000704c00000, 0x0000000800000000)
  region size 2048K, 45 young (92160K), 4 survivors (8192K)
 Metaspace       used 100713K, committed 101824K, reserved 1179648K
  class space    used 11346K, committed 11904K, reserved 1048576K
}
Event: 113639.394 GC heap after
{Heap after GC invocations=3620 (full 34):
 garbage-first heap   total 157696K, used 47546K [0x0000000704c00000, 0x0000000800000000)
  region size 2048K, 4 young (8192K), 4 survivors (8192K)
 Metaspace       used 100713K, committed 101824K, reserved 1179648K
  class space    used 11346K, committed 11904K, reserved 1048576K
}
Event: 113644.828 GC heap before
{Heap before GC invocations=3620 (full 34):
 garbage-first heap   total 157696K, used 129466K [0x0000000704c00000, 0x0000000800000000)
  region size 2048K, 45 young (92160K), 4 survivors (8192K)
 Metaspace       used 100720K, committed 101824K, reserved 1179648K
  class space    used 11346K, committed 11904K, reserved 1048576K
}

Dll operation events (12 events):
Event: 0.278 Loaded shared library D:\STS\sts-4.25.0.RELEASE\plugins\org.eclipse.justj.openjdk.hotspot.jre.full.win32.x86_64_21.0.4.v20240802-1551\jre\bin\java.dll
Event: 0.339 Loaded shared library D:\STS\sts-4.25.0.RELEASE\plugins\org.eclipse.justj.openjdk.hotspot.jre.full.win32.x86_64_21.0.4.v20240802-1551\jre\bin\zip.dll
Event: 0.704 Loaded shared library D:\STS\sts-4.25.0.RELEASE\plugins\org.eclipse.justj.openjdk.hotspot.jre.full.win32.x86_64_21.0.4.v20240802-1551\jre\bin\instrument.dll
Event: 0.806 Loaded shared library D:\STS\sts-4.25.0.RELEASE\plugins\org.eclipse.justj.openjdk.hotspot.jre.full.win32.x86_64_21.0.4.v20240802-1551\jre\bin\net.dll
Event: 0.872 Loaded shared library D:\STS\sts-4.25.0.RELEASE\plugins\org.eclipse.justj.openjdk.hotspot.jre.full.win32.x86_64_21.0.4.v20240802-1551\jre\bin\nio.dll
Event: 0.942 Loaded shared library D:\STS\sts-4.25.0.RELEASE\plugins\org.eclipse.justj.openjdk.hotspot.jre.full.win32.x86_64_21.0.4.v20240802-1551\jre\bin\zip.dll
Event: 6.486 Loaded shared library D:\STS\sts-4.25.0.RELEASE\plugins\org.eclipse.justj.openjdk.hotspot.jre.full.win32.x86_64_21.0.4.v20240802-1551\jre\bin\jimage.dll
Event: 6.633 Loaded shared library D:\STS\sts-4.25.0.RELEASE\plugins\org.eclipse.justj.openjdk.hotspot.jre.full.win32.x86_64_21.0.4.v20240802-1551\jre\bin\management.dll
Event: 6.711 Loaded shared library D:\STS\sts-4.25.0.RELEASE\plugins\org.eclipse.justj.openjdk.hotspot.jre.full.win32.x86_64_21.0.4.v20240802-1551\jre\bin\management_ext.dll
Event: 7.060 Loaded shared library D:\STS\sts-4.25.0.RELEASE\plugins\org.eclipse.justj.openjdk.hotspot.jre.full.win32.x86_64_21.0.4.v20240802-1551\jre\bin\extnet.dll
Event: 7.152 Loaded shared library D:\STS\sts-4.25.0.RELEASE\plugins\org.eclipse.justj.openjdk.hotspot.jre.full.win32.x86_64_21.0.4.v20240802-1551\jre\bin\verify.dll
Event: 13.060 Loaded shared library D:\STS\sts-4.25.0.RELEASE\plugins\org.eclipse.justj.openjdk.hotspot.jre.full.win32.x86_64_21.0.4.v20240802-1551\jre\bin\sunmscapi.dll

Deoptimization events (20 events):
Event: 113634.205 Thread 0x000001d505048060 DEOPT PACKING pc=0x000001d56d35ecec sp=0x0000001f53afd220
Event: 113634.205 Thread 0x000001d505048060 DEOPT UNPACKING pc=0x000001d56cc74e42 sp=0x0000001f53afc758 mode 1
Event: 113634.205 Thread 0x000001d505048060 DEOPT PACKING pc=0x000001d56d35afb4 sp=0x0000001f53afd310
Event: 113634.205 Thread 0x000001d505048060 DEOPT UNPACKING pc=0x000001d56cc74e42 sp=0x0000001f53afc8b8 mode 1
Event: 113634.205 Thread 0x000001d505048060 DEOPT PACKING pc=0x000001d56d35d42c sp=0x0000001f53afd470
Event: 113634.205 Thread 0x000001d505048060 DEOPT UNPACKING pc=0x000001d56cc74e42 sp=0x0000001f53afca30 mode 1
Event: 113634.206 Thread 0x000001d505048060 DEOPT PACKING pc=0x000001d56d35ecec sp=0x0000001f53afd310
Event: 113634.206 Thread 0x000001d505048060 DEOPT UNPACKING pc=0x000001d56cc74e42 sp=0x0000001f53afc848 mode 1
Event: 113634.206 Thread 0x000001d505048060 DEOPT PACKING pc=0x000001d56d35afb4 sp=0x0000001f53afd400
Event: 113634.206 Thread 0x000001d505048060 DEOPT UNPACKING pc=0x000001d56cc74e42 sp=0x0000001f53afc9a8 mode 1
Event: 113634.206 Thread 0x000001d505048060 DEOPT PACKING pc=0x000001d56d35d42c sp=0x0000001f53afd560
Event: 113634.206 Thread 0x000001d505048060 DEOPT UNPACKING pc=0x000001d56cc74e42 sp=0x0000001f53afcb20 mode 1
Event: 113634.226 Thread 0x000001d505048060 DEOPT PACKING pc=0x000001d56d35ecec sp=0x0000001f53afd220
Event: 113634.226 Thread 0x000001d505048060 DEOPT UNPACKING pc=0x000001d56cc74e42 sp=0x0000001f53afc758 mode 1
Event: 113634.226 Thread 0x000001d505048060 DEOPT PACKING pc=0x000001d56d35afb4 sp=0x0000001f53afd310
Event: 113634.226 Thread 0x000001d505048060 DEOPT UNPACKING pc=0x000001d56cc74e42 sp=0x0000001f53afc8b8 mode 1
Event: 113634.226 Thread 0x000001d505048060 DEOPT PACKING pc=0x000001d56d35d42c sp=0x0000001f53afd470
Event: 113634.226 Thread 0x000001d505048060 DEOPT UNPACKING pc=0x000001d56cc74e42 sp=0x0000001f53afca30 mode 1
Event: 113643.643 Thread 0x000001d505048060 DEOPT PACKING pc=0x000001d56d202f14 sp=0x0000001f53afe210
Event: 113643.643 Thread 0x000001d505048060 DEOPT UNPACKING pc=0x000001d56cc74e42 sp=0x0000001f53afd6c8 mode 0

Classes loaded (20 events):
Event: 113131.818 Loading class java/lang/ObjectCustomizer
Event: 113131.818 Loading class java/lang/ObjectCustomizer done
Event: 113206.431 Loading class java/lang/ObjectCustomizer
Event: 113206.431 Loading class java/lang/ObjectCustomizer done
Event: 113206.432 Loading class java/lang/ObjectCustomizer
Event: 113206.432 Loading class java/lang/ObjectCustomizer done
Event: 113233.030 Loading class java/lang/ObjectCustomizer
Event: 113233.030 Loading class java/lang/ObjectCustomizer done
Event: 113233.030 Loading class java/lang/ObjectCustomizer
Event: 113233.030 Loading class java/lang/ObjectCustomizer done
Event: 113260.327 Loading class java/lang/ObjectCustomizer
Event: 113260.327 Loading class java/lang/ObjectCustomizer done
Event: 113260.328 Loading class java/lang/ObjectCustomizer
Event: 113260.328 Loading class java/lang/ObjectCustomizer done
Event: 113633.897 Loading class java/time/DurationEditor
Event: 113633.897 Loading class java/time/DurationEditor done
Event: 113634.063 Loading class java/lang/ObjectCustomizer
Event: 113634.063 Loading class java/lang/ObjectCustomizer done
Event: 113634.063 Loading class java/lang/ObjectCustomizer
Event: 113634.063 Loading class java/lang/ObjectCustomizer done

Classes unloaded (20 events):
Event: 113382.972 Thread 0x000001d5782c1c50 Unloading class 0x00000008008f0c00 'java/lang/invoke/LambdaForm$MH+0x00000008008f0c00'
Event: 113382.972 Thread 0x000001d5782c1c50 Unloading class 0x000000080086b800 'java/lang/invoke/LambdaForm$MH+0x000000080086b800'
Event: 113382.972 Thread 0x000001d5782c1c50 Unloading class 0x00000008009c9800 'java/lang/invoke/LambdaForm$MH+0x00000008009c9800'
Event: 113382.972 Thread 0x000001d5782c1c50 Unloading class 0x00000008008d9000 'java/lang/invoke/LambdaForm$MH+0x00000008008d9000'
Event: 113382.972 Thread 0x000001d5782c1c50 Unloading class 0x0000000800ad7400 'java/lang/invoke/LambdaForm$MH+0x0000000800ad7400'
Event: 113382.972 Thread 0x000001d5782c1c50 Unloading class 0x0000000800ab8000 'java/lang/invoke/LambdaForm$MH+0x0000000800ab8000'
Event: 113382.972 Thread 0x000001d5782c1c50 Unloading class 0x0000000800afdc00 'java/lang/invoke/LambdaForm$MH+0x0000000800afdc00'
Event: 113382.972 Thread 0x000001d5782c1c50 Unloading class 0x0000000800ada800 'java/lang/invoke/LambdaForm$MH+0x0000000800ada800'
Event: 113382.972 Thread 0x000001d5782c1c50 Unloading class 0x0000000800ae3400 'java/lang/invoke/LambdaForm$MH+0x0000000800ae3400'
Event: 113382.972 Thread 0x000001d5782c1c50 Unloading class 0x0000000800ae4400 'java/lang/invoke/LambdaForm$MH+0x0000000800ae4400'
Event: 113382.972 Thread 0x000001d5782c1c50 Unloading class 0x0000000800af3400 'jdk/internal/reflect/GeneratedSerializationConstructorAccessor117'
Event: 113382.972 Thread 0x000001d5782c1c50 Unloading class 0x0000000800af2400 'jdk/internal/reflect/GeneratedSerializationConstructorAccessor116'
Event: 113382.972 Thread 0x000001d5782c1c50 Unloading class 0x0000000800af1c00 'jdk/internal/reflect/GeneratedSerializationConstructorAccessor115'
Event: 113382.972 Thread 0x000001d5782c1c50 Unloading class 0x0000000800af1400 'jdk/internal/reflect/GeneratedSerializationConstructorAccessor114'
Event: 113480.583 Thread 0x000001d5782c1c50 Unloading class 0x0000000800b74800 'jdk/internal/reflect/GeneratedSerializationConstructorAccessor123'
Event: 113480.583 Thread 0x000001d5782c1c50 Unloading class 0x0000000800b24c00 'jdk/internal/reflect/GeneratedSerializationConstructorAccessor122'
Event: 113480.583 Thread 0x000001d5782c1c50 Unloading class 0x0000000800b24800 'jdk/internal/reflect/GeneratedSerializationConstructorAccessor121'
Event: 113633.205 Thread 0x000001d5782c1c50 Unloading class 0x0000000800b10000 'java/lang/invoke/LambdaForm$MH+0x0000000800b10000'
Event: 113633.205 Thread 0x000001d5782c1c50 Unloading class 0x0000000800b0f000 'java/lang/invoke/LambdaForm$DMH+0x0000000800b0f000'
Event: 113633.205 Thread 0x000001d5782c1c50 Unloading class 0x0000000800b0a400 'java/lang/invoke/LambdaForm$MH+0x0000000800b0a400'

Classes redefined (20 events):
Event: 112674.625 Thread 0x000001d5782c1c50 redefined class name=com.cotodel.hrms.web.controller.EmployeeDetailController, count=1
Event: 112674.625 Thread 0x000001d5782c1c50 redefined class name=com.cotodel.hrms.web.controller.EmployeeDetailController, count=1
Event: 112674.625 Thread 0x000001d5782c1c50 redefined class name=com.cotodel.hrms.web.controller.EmployeeDetailController, count=1
Event: 112674.625 Thread 0x000001d5782c1c50 redefined class name=com.cotodel.hrms.web.controller.EmployeeDetailController, count=5
Event: 112674.625 Thread 0x000001d5782c1c50 redefined class name=com.cotodel.hrms.web.controller.EmployeeDetailController, count=5
Event: 112674.625 Thread 0x000001d5782c1c50 redefined class name=com.cotodel.hrms.web.controller.EmployeeDetailController, count=1
Event: 112674.625 Thread 0x000001d5782c1c50 redefined class name=com.cotodel.hrms.web.controller.EmployeeDetailController, count=1
Event: 112674.625 Thread 0x000001d5782c1c50 redefined class name=com.cotodel.hrms.web.controller.EmployeeDetailController, count=1
Event: 112674.625 Thread 0x000001d5782c1c50 redefined class name=com.cotodel.hrms.web.controller.EmployeeDetailController, count=1
Event: 112674.625 Thread 0x000001d5782c1c50 redefined class name=com.cotodel.hrms.web.controller.EmployeeDetailController, count=1
Event: 112674.625 Thread 0x000001d5782c1c50 redefined class name=com.cotodel.hrms.web.controller.EmployeeDetailController, count=1
Event: 112674.625 Thread 0x000001d5782c1c50 redefined class name=com.cotodel.hrms.web.controller.EmployeeDetailController, count=1
Event: 112674.625 Thread 0x000001d5782c1c50 redefined class name=com.cotodel.hrms.web.controller.EmployeeDetailController, count=1
Event: 112674.625 Thread 0x000001d5782c1c50 redefined class name=com.cotodel.hrms.web.controller.EmployeeDetailController, count=1
Event: 112674.625 Thread 0x000001d5782c1c50 redefined class name=com.cotodel.hrms.web.controller.EmployeeDetailController, count=6
Event: 112674.625 Thread 0x000001d5782c1c50 redefined class name=com.cotodel.hrms.web.controller.EmployeeDetailController, count=1
Event: 112674.625 Thread 0x000001d5782c1c50 redefined class name=com.cotodel.hrms.web.controller.EmployeeDetailController, count=3
Event: 112674.625 Thread 0x000001d5782c1c50 redefined class name=com.cotodel.hrms.web.controller.EmployeeDetailController, count=1
Event: 112674.625 Thread 0x000001d5782c1c50 redefined class name=com.cotodel.hrms.web.controller.EmployeeDetailController, count=1
Event: 112674.625 Thread 0x000001d5782c1c50 redefined class name=com.cotodel.hrms.web.controller.EmployeeDetailController, count=7

Internal exceptions (20 events):
Event: 113368.384 Thread 0x000001d57847d590 Exception <a 'java/lang/NoSuchMethodError'{0x000000070ce1e050}: static [B.<clinit>()V> (0x000000070ce1e050) 
thrown [s\src\hotspot\share\prims\jni.cpp, line 1111]
Event: 113633.193 Thread 0x000001d5006cfce0 Exception <a 'java/lang/InterruptedException'{0x0000000712593538}: sleep interrupted> (0x0000000712593538) 
thrown [s\src\hotspot\share\prims\jvm.cpp, line 3074]
Event: 113633.242 Thread 0x000001d505048060 Exception <a 'sun/nio/fs/WindowsException'{0x000000070e4df848}> (0x000000070e4df848) 
thrown [s\src\hotspot\share\prims\jni.cpp, line 520]
Event: 113633.312 Thread 0x000001d505048060 Exception <a 'java/lang/NoSuchMethodError'{0x000000070de24680}: 'void java.lang.invoke.DelegatingMethodHandle$Holder.reinvoke_L(java.lang.Object, java.lang.Object, int)'> (0x000000070de24680) 
thrown [s\src\hotspot\share\interpreter\linkResolver.cpp, line 773]
Event: 113633.338 Thread 0x000001d505048060 Exception <a 'java/lang/NoSuchMethodError'{0x000000070dfea678}: 'java.lang.Object java.lang.invoke.DelegatingMethodHandle$Holder.reinvoke_L(java.lang.Object, int, java.lang.Object, java.lang.Object, java.lang.Object, java.lang.Object, java.lang.Object, java.lang.Object, java.lang.Object)'> (0x000000070dfea678) 
thrown [s\src\hotspot\share\interpreter\linkResolver.cpp, line 773]
Event: 113633.368 Thread 0x000001d505048060 Exception <a 'java/lang/NoSuchMethodError'{0x000000070dd56090}: 'long java.lang.invoke.DelegatingMethodHandle$Holder.reinvoke_L(java.lang.Object, java.lang.Object)'> (0x000000070dd56090) 
thrown [s\src\hotspot\share\interpreter\linkResolver.cpp, line 773]
Event: 113633.828 Thread 0x000001d505048060 Exception <a 'java/lang/NoClassDefFoundError'{0x000000070b1aa8d0}: org/flywaydb/core/Flyway> (0x000000070b1aa8d0) 
thrown [s\src\hotspot\share\oops\constantPool.cpp, line 873]
Event: 113633.829 Thread 0x000001d505048060 Exception <a 'java/lang/NoClassDefFoundError'{0x000000070b1aaf30}: liquibase/integration/spring/SpringLiquibase> (0x000000070b1aaf30) 
thrown [s\src\hotspot\share\oops\constantPool.cpp, line 873]
Event: 113633.960 Thread 0x000001d505048060 Exception <a 'java/lang/NoSuchMethodError'{0x0000000709a46b08}: 'int java.lang.invoke.DirectMethodHandle$Holder.invokeVirtual(java.lang.Object, java.lang.Object, java.lang.Object, java.lang.Object)'> (0x0000000709a46b08) 
thrown [s\src\hotspot\share\interpreter\linkResolver.cpp, line 773]
Event: 113633.961 Thread 0x000001d505048060 Exception <a 'java/lang/NoSuchMethodError'{0x0000000709a4a0f0}: 'int java.lang.invoke.DelegatingMethodHandle$Holder.reinvoke_L(java.lang.Object, java.lang.Object, java.lang.Object, java.lang.Object)'> (0x0000000709a4a0f0) 
thrown [s\src\hotspot\share\interpreter\linkResolver.cpp, line 773]
Event: 113634.003 Thread 0x000001d505048060 Exception <a 'java/io/FileNotFoundException'{0x00000007096645b0}> (0x00000007096645b0) 
thrown [s\src\hotspot\share\prims\jni.cpp, line 520]
Event: 113634.063 Thread 0x000001d505048060 Exception <a 'java/lang/ClassNotFoundException'{0x000000070e5ae1d0}: java/lang/ObjectCustomizer> (0x000000070e5ae1d0) 
thrown [s\src\hotspot\share\classfile\systemDictionary.cpp, line 312]
Event: 113634.065 Thread 0x000001d505048060 Exception <a 'java/lang/ClassNotFoundException'{0x000000070e5b9b28}: org/springframework/security/config/annotation/web/configuration/WebSecurityConfigurerAdapterCustomizer> (0x000000070e5b9b28) 
thrown [s\src\hotspot\share\classfile\systemDictionary.cpp, line 312]
Event: 113634.070 Thread 0x000001d505048060 Exception <a 'java/lang/ClassNotFoundException'{0x000000070e5cd0a8}: com/cotodel/hrms/web/config/LoginSecurityConfigurationCustomizer> (0x000000070e5cd0a8) 
thrown [s\src\hotspot\share\classfile\systemDictionary.cpp, line 312]
Event: 113634.071 Thread 0x000001d505048060 Exception <a 'java/lang/ClassNotFoundException'{0x000000070e5d8e10}: com/cotodel/hrms/web/config/LoginSecurityConfiguration$$EnhancerBySpringCGLIB$$1dc01c27Customizer> (0x000000070e5d8e10) 
thrown [s\src\hotspot\share\classfile\systemDictionary.cpp, line 312]
Event: 113634.073 Thread 0x000001d505048060 Exception <a 'java/lang/ClassNotFoundException'{0x000000070e5edc50}: org/springframework/context/annotation/ConfigurationClassEnhancer$EnhancedConfigurationCustomizer> (0x000000070e5edc50) 
thrown [s\src\hotspot\share\classfile\systemDictionary.cpp, line 312]
Event: 113634.075 Thread 0x000001d505048060 Exception <a 'java/lang/ClassNotFoundException'{0x000000070e5f45b0}: org/springframework/beans/factory/BeanFactoryAwareCustomizer> (0x000000070e5f45b0) 
thrown [s\src\hotspot\share\classfile\systemDictionary.cpp, line 312]
Event: 113634.076 Thread 0x000001d505048060 Exception <a 'java/lang/ClassNotFoundException'{0x000000070e5fc310}: org/springframework/beans/factory/AwareCustomizer> (0x000000070e5fc310) 
thrown [s\src\hotspot\share\classfile\systemDictionary.cpp, line 312]
Event: 113634.077 Thread 0x000001d505048060 Exception <a 'java/lang/ClassNotFoundException'{0x000000070e203010}: org/springframework/security/config/annotation/web/WebSecurityConfigurerCustomizer> (0x000000070e203010) 
thrown [s\src\hotspot\share\classfile\systemDictionary.cpp, line 312]
Event: 113634.078 Thread 0x000001d505048060 Exception <a 'java/lang/ClassNotFoundException'{0x000000070e209f98}: org/springframework/security/config/annotation/SecurityConfigurerCustomizer> (0x000000070e209f98) 
thrown [s\src\hotspot\share\classfile\systemDictionary.cpp, line 312]

ZGC Phase Switch (0 events):
No events

VM Operations (20 events):
Event: 113643.834 Executing VM operation: get/set locals done
Event: 113643.834 Executing VM operation: get/set locals
Event: 113643.834 Executing VM operation: get/set locals done
Event: 113643.835 Executing VM operation: get/set locals
Event: 113643.835 Executing VM operation: get/set locals done
Event: 113643.836 Executing VM operation: get/set locals
Event: 113643.836 Executing VM operation: get/set locals done
Event: 113643.837 Executing VM operation: get/set locals
Event: 113643.837 Executing VM operation: get/set locals done
Event: 113643.837 Executing VM operation: get/set locals
Event: 113643.838 Executing VM operation: get/set locals done
Event: 113643.838 Executing VM operation: get/set locals
Event: 113643.838 Executing VM operation: get/set locals done
Event: 113643.839 Executing VM operation: get/set locals
Event: 113643.839 Executing VM operation: get/set locals done
Event: 113643.839 Executing VM operation: get/set locals
Event: 113643.839 Executing VM operation: get/set locals done
Event: 113643.840 Executing VM operation: get/set locals
Event: 113643.840 Executing VM operation: get/set locals done
Event: 113644.828 Executing VM operation: G1CollectForAllocation (G1 Evacuation Pause)

Memory protections (0 events):
No events

Nmethod flushes (20 events):
Event: 113464.607 Thread 0x000001d5782c1c50 flushing  nmethod 0x000001d56d20e610
Event: 113464.607 Thread 0x000001d5782c1c50 flushing  nmethod 0x000001d56d211290
Event: 113464.607 Thread 0x000001d5782c1c50 flushing  nmethod 0x000001d56d358e10
Event: 113464.607 Thread 0x000001d5782c1c50 flushing  nmethod 0x000001d56d3c9190
Event: 113464.607 Thread 0x000001d5782c1c50 flushing  nmethod 0x000001d56cdf7a90
Event: 113464.607 Thread 0x000001d5782c1c50 flushing  nmethod 0x000001d56ce56a90
Event: 113464.607 Thread 0x000001d5782c1c50 flushing  nmethod 0x000001d56ce57910
Event: 113464.607 Thread 0x000001d5782c1c50 flushing  nmethod 0x000001d56ce5cd90
Event: 113464.607 Thread 0x000001d5782c1c50 flushing  nmethod 0x000001d56cfdaa90
Event: 113464.607 Thread 0x000001d5782c1c50 flushing  nmethod 0x000001d56cff2c10
Event: 113464.607 Thread 0x000001d5782c1c50 flushing  nmethod 0x000001d56d02dd90
Event: 113464.607 Thread 0x000001d5782c1c50 flushing  nmethod 0x000001d56d4b4c10
Event: 113464.607 Thread 0x000001d5782c1c50 flushing  nmethod 0x000001d56cdfe990
Event: 113464.607 Thread 0x000001d5782c1c50 flushing  nmethod 0x000001d56ce91810
Event: 113464.607 Thread 0x000001d5782c1c50 flushing  nmethod 0x000001d56ce92090
Event: 113464.607 Thread 0x000001d5782c1c50 flushing  nmethod 0x000001d56d04be90
Event: 113464.607 Thread 0x000001d5782c1c50 flushing  nmethod 0x000001d56d236190
Event: 113464.607 Thread 0x000001d5782c1c50 flushing  nmethod 0x000001d56d50e990
Event: 113464.607 Thread 0x000001d5782c1c50 flushing  nmethod 0x000001d56d526d10
Event: 113633.208 Thread 0x000001d5782c1c50 flushing  nmethod 0x000001d56d19c590

Events (20 events):
Event: 113633.162 Thread 0x000001d5783a51f0 Thread added: 0x000001d5051b6660
Event: 113633.162 Thread 0x000001d5783a51f0 Thread added: 0x000001d5051b3d80
Event: 113633.173 Thread 0x000001d500540390 Thread added: 0x000001d500244d50
Event: 113633.173 Thread 0x000001d500540390 Thread exited: 0x000001d500540390
Event: 113633.180 Thread 0x000001d500244030 Thread exited: 0x000001d500244030
Event: 113633.193 Thread 0x000001d500242c80 Thread exited: 0x000001d500242c80
Event: 113633.193 Thread 0x000001d5006cfce0 Thread exited: 0x000001d5006cfce0
Event: 113633.194 Thread 0x000001d500d4def0 Thread exited: 0x000001d500d4def0
Event: 113633.195 Thread 0x000001d500d4e580 Thread exited: 0x000001d500d4e580
Event: 113633.218 Thread 0x000001d500244d50 Thread added: 0x000001d5006cf650
Event: 113633.219 Thread 0x000001d5006cf650 Thread exited: 0x000001d5006cf650
Event: 113633.219 Thread 0x000001d500244d50 Thread added: 0x000001d505048060
Event: 113633.346 Thread 0x000001d505048060 Thread added: 0x000001d500b9a4d0
Event: 113633.348 Thread 0x000001d505048d80 Thread exited: 0x000001d505048d80
Event: 113633.486 Thread 0x000001d505048060 Thread added: 0x000001d500836db0
Event: 113633.506 Thread 0x000001d500836db0 Thread exited: 0x000001d500836db0
Event: 113634.153 Thread 0x000001d505048060 Thread added: 0x000001d500a7b4a0
Event: 113634.154 Thread 0x000001d505048060 Thread added: 0x000001d500a7bb30
Event: 113634.155 Thread 0x000001d505048060 Thread added: 0x000001d500a7ae10
Event: 113641.739 Thread 0x000001d5051b3d80 Thread exited: 0x000001d5051b3d80


Dynamic libraries:
0x00007ff72e3f0000 - 0x00007ff72e3fe000 	D:\STS\sts-4.25.0.RELEASE\plugins\org.eclipse.justj.openjdk.hotspot.jre.full.win32.x86_64_21.0.4.v20240802-1551\jre\bin\javaw.exe
0x00007ffd8cac0000 - 0x00007ffd8cd23000 	C:\Windows\SYSTEM32\ntdll.dll
0x00007ffd8bc60000 - 0x00007ffd8bd27000 	C:\Windows\System32\KERNEL32.DLL
0x00007ffd89d50000 - 0x00007ffd8a119000 	C:\Windows\System32\KERNELBASE.dll
0x00007ffd8a120000 - 0x00007ffd8a26c000 	C:\Windows\System32\ucrtbase.dll
0x00007ffd69140000 - 0x00007ffd69158000 	D:\STS\sts-4.25.0.RELEASE\plugins\org.eclipse.justj.openjdk.hotspot.jre.full.win32.x86_64_21.0.4.v20240802-1551\jre\bin\jli.dll
0x00007ffd8c610000 - 0x00007ffd8c7da000 	C:\Windows\System32\USER32.dll
0x00007ffd8a8b0000 - 0x00007ffd8a8d7000 	C:\Windows\System32\win32u.dll
0x00007ffd8bdc0000 - 0x00007ffd8bdea000 	C:\Windows\System32\GDI32.dll
0x00007ffd6be20000 - 0x00007ffd6c0b0000 	C:\Windows\WinSxS\amd64_microsoft.windows.common-controls_6595b64144ccf1df_6.0.26100.3323_none_3e088096e3344490\COMCTL32.dll
0x00007ffd8a480000 - 0x00007ffd8a5b1000 	C:\Windows\System32\gdi32full.dll
0x00007ffd8b3c0000 - 0x00007ffd8b469000 	C:\Windows\System32\msvcrt.dll
0x00007ffd8a310000 - 0x00007ffd8a3b3000 	C:\Windows\System32\msvcp_win.dll
0x00007ffd56750000 - 0x00007ffd5676b000 	D:\STS\sts-4.25.0.RELEASE\plugins\org.eclipse.justj.openjdk.hotspot.jre.full.win32.x86_64_21.0.4.v20240802-1551\jre\bin\VCRUNTIME140.dll
0x00007ffd8ab50000 - 0x00007ffd8ab7f000 	C:\Windows\System32\IMM32.DLL
0x00007ffd81dd0000 - 0x00007ffd81ddc000 	D:\STS\sts-4.25.0.RELEASE\plugins\org.eclipse.justj.openjdk.hotspot.jre.full.win32.x86_64_21.0.4.v20240802-1551\jre\bin\vcruntime140_1.dll
0x00007ffd3b110000 - 0x00007ffd3b19e000 	D:\STS\sts-4.25.0.RELEASE\plugins\org.eclipse.justj.openjdk.hotspot.jre.full.win32.x86_64_21.0.4.v20240802-1551\jre\bin\msvcp140.dll
0x00007ffd0aa50000 - 0x00007ffd0b7d8000 	D:\STS\sts-4.25.0.RELEASE\plugins\org.eclipse.justj.openjdk.hotspot.jre.full.win32.x86_64_21.0.4.v20240802-1551\jre\bin\server\jvm.dll
0x00007ffd8b9c0000 - 0x00007ffd8ba72000 	C:\Windows\System32\ADVAPI32.dll
0x00007ffd8be70000 - 0x00007ffd8bf16000 	C:\Windows\System32\sechost.dll
0x00007ffd8a8e0000 - 0x00007ffd8a9f6000 	C:\Windows\System32\RPCRT4.dll
0x00007ffd8bd40000 - 0x00007ffd8bdb4000 	C:\Windows\System32\WS2_32.dll
0x00007ffd7e390000 - 0x00007ffd7e3c6000 	C:\Windows\SYSTEM32\WINMM.dll
0x00007ffd76e60000 - 0x00007ffd76e6b000 	C:\Windows\SYSTEM32\VERSION.dll
0x00007ffd89b50000 - 0x00007ffd89b9e000 	C:\Windows\SYSTEM32\POWRPROF.dll
0x00007ffd89b30000 - 0x00007ffd89b44000 	C:\Windows\SYSTEM32\UMPDC.dll
0x00007ffd88ab0000 - 0x00007ffd88aca000 	C:\Windows\SYSTEM32\kernel.appcore.dll
0x00007ffd83e20000 - 0x00007ffd83e2a000 	D:\STS\sts-4.25.0.RELEASE\plugins\org.eclipse.justj.openjdk.hotspot.jre.full.win32.x86_64_21.0.4.v20240802-1551\jre\bin\jimage.dll
0x00007ffd874a0000 - 0x00007ffd876e1000 	C:\Windows\SYSTEM32\DBGHELP.DLL
0x00007ffd8c090000 - 0x00007ffd8c412000 	C:\Windows\System32\combase.dll
0x00007ffd8c9a0000 - 0x00007ffd8ca76000 	C:\Windows\System32\OLEAUT32.dll
0x00007ffd67e80000 - 0x00007ffd67eb9000 	C:\Windows\SYSTEM32\dbgcore.DLL
0x00007ffd8a270000 - 0x00007ffd8a309000 	C:\Windows\System32\bcryptPrimitives.dll
0x00007ffd77da0000 - 0x00007ffd77ddc000 	D:\STS\sts-4.25.0.RELEASE\plugins\org.eclipse.justj.openjdk.hotspot.jre.full.win32.x86_64_21.0.4.v20240802-1551\jre\bin\jdwp.dll
0x00007ffd83e10000 - 0x00007ffd83e1f000 	D:\STS\sts-4.25.0.RELEASE\plugins\org.eclipse.justj.openjdk.hotspot.jre.full.win32.x86_64_21.0.4.v20240802-1551\jre\bin\instrument.dll
0x00007ffd5ab80000 - 0x00007ffd5ab9f000 	D:\STS\sts-4.25.0.RELEASE\plugins\org.eclipse.justj.openjdk.hotspot.jre.full.win32.x86_64_21.0.4.v20240802-1551\jre\bin\java.dll
0x00007ffd4f230000 - 0x00007ffd4f248000 	D:\STS\sts-4.25.0.RELEASE\plugins\org.eclipse.justj.openjdk.hotspot.jre.full.win32.x86_64_21.0.4.v20240802-1551\jre\bin\zip.dll
0x00007ffd8aca0000 - 0x00007ffd8b3b5000 	C:\Windows\System32\SHELL32.dll
0x00007ffd8a5c0000 - 0x00007ffd8a728000 	C:\Windows\System32\wintypes.dll
0x00007ffd87960000 - 0x00007ffd881a5000 	C:\Windows\SYSTEM32\windows.storage.dll
0x00007ffd8ab90000 - 0x00007ffd8ac7b000 	C:\Windows\System32\SHCORE.dll
0x00007ffd8c030000 - 0x00007ffd8c08d000 	C:\Windows\System32\shlwapi.dll
0x00007ffd89bd0000 - 0x00007ffd89bff000 	C:\Windows\SYSTEM32\profapi.dll
0x00007ffd80040000 - 0x00007ffd8004b000 	D:\STS\sts-4.25.0.RELEASE\plugins\org.eclipse.justj.openjdk.hotspot.jre.full.win32.x86_64_21.0.4.v20240802-1551\jre\bin\dt_socket.dll
0x00007ffd88510000 - 0x00007ffd88543000 	C:\Windows\SYSTEM32\IPHLPAPI.DLL
0x00007ffd88fb0000 - 0x00007ffd8901a000 	C:\Windows\system32\mswsock.dll
0x00007ffd885b0000 - 0x00007ffd886d5000 	C:\Windows\SYSTEM32\DNSAPI.dll
0x00007ffd8aa00000 - 0x00007ffd8aa0a000 	C:\Windows\System32\NSI.dll
0x00007ffd78ce0000 - 0x00007ffd78ceb000 	C:\Windows\System32\rasadhlp.dll
0x00007ffd80280000 - 0x00007ffd80305000 	C:\Windows\System32\fwpuclnt.dll
0x00007ffd786c0000 - 0x00007ffd786d0000 	D:\STS\sts-4.25.0.RELEASE\plugins\org.eclipse.justj.openjdk.hotspot.jre.full.win32.x86_64_21.0.4.v20240802-1551\jre\bin\net.dll
0x00007ffd78b60000 - 0x00007ffd78c7e000 	C:\Windows\SYSTEM32\WINHTTP.dll
0x00007ffd4b740000 - 0x00007ffd4b756000 	D:\STS\sts-4.25.0.RELEASE\plugins\org.eclipse.justj.openjdk.hotspot.jre.full.win32.x86_64_21.0.4.v20240802-1551\jre\bin\nio.dll
0x00007ffd5c160000 - 0x00007ffd5c16a000 	D:\STS\sts-4.25.0.RELEASE\plugins\org.eclipse.justj.openjdk.hotspot.jre.full.win32.x86_64_21.0.4.v20240802-1551\jre\bin\management.dll
0x00007ffd5b260000 - 0x00007ffd5b26b000 	D:\STS\sts-4.25.0.RELEASE\plugins\org.eclipse.justj.openjdk.hotspot.jre.full.win32.x86_64_21.0.4.v20240802-1551\jre\bin\management_ext.dll
0x00007ffd8bd30000 - 0x00007ffd8bd38000 	C:\Windows\System32\PSAPI.DLL
0x00007ffd786f0000 - 0x00007ffd78708000 	C:\Windows\system32\napinsp.dll
0x00007ffd77360000 - 0x00007ffd77372000 	C:\Windows\System32\winrnr.dll
0x00007ffd17330000 - 0x00007ffd17352000 	C:\Windows\system32\nlansp_c.dll
0x00007ffd78cf0000 - 0x00007ffd78d06000 	C:\Windows\system32\wshbth.dll
0x00007ffd89210000 - 0x00007ffd8922c000 	C:\Windows\SYSTEM32\CRYPTSP.dll
0x00007ffd88a10000 - 0x00007ffd88a4a000 	C:\Windows\system32\rsaenh.dll
0x00007ffd89050000 - 0x00007ffd8907b000 	C:\Windows\SYSTEM32\USERENV.dll
0x00007ffd894e0000 - 0x00007ffd89506000 	C:\Windows\SYSTEM32\bcrypt.dll
0x00007ffd89230000 - 0x00007ffd8923c000 	C:\Windows\SYSTEM32\CRYPTBASE.dll
0x00007ffd772b0000 - 0x00007ffd772b9000 	D:\STS\sts-4.25.0.RELEASE\plugins\org.eclipse.justj.openjdk.hotspot.jre.full.win32.x86_64_21.0.4.v20240802-1551\jre\bin\extnet.dll
0x00007ffd78500000 - 0x00007ffd78510000 	D:\STS\sts-4.25.0.RELEASE\plugins\org.eclipse.justj.openjdk.hotspot.jre.full.win32.x86_64_21.0.4.v20240802-1551\jre\bin\verify.dll
0x00007ffd81de0000 - 0x00007ffd81dee000 	D:\STS\sts-4.25.0.RELEASE\plugins\org.eclipse.justj.openjdk.hotspot.jre.full.win32.x86_64_21.0.4.v20240802-1551\jre\bin\sunmscapi.dll
0x00007ffd8a730000 - 0x00007ffd8a8a7000 	C:\Windows\System32\CRYPT32.dll
0x00007ffd894a0000 - 0x00007ffd894d0000 	C:\Windows\SYSTEM32\ncrypt.dll
0x00007ffd89450000 - 0x00007ffd8948f000 	C:\Windows\SYSTEM32\NTASN1.dll
0x00007ffd572d0000 - 0x00007ffd572d8000 	C:\Windows\system32\wshunix.dll

dbghelp: loaded successfully - version: 4.0.5 - missing functions: none
symbol engine: initialized successfully - sym options: 0x614 - pdb path: .;D:\STS\sts-4.25.0.RELEASE\plugins\org.eclipse.justj.openjdk.hotspot.jre.full.win32.x86_64_21.0.4.v20240802-1551\jre\bin;C:\Windows\SYSTEM32;C:\Windows\WinSxS\amd64_microsoft.windows.common-controls_6595b64144ccf1df_6.0.26100.3323_none_3e088096e3344490;D:\STS\sts-4.25.0.RELEASE\plugins\org.eclipse.justj.openjdk.hotspot.jre.full.win32.x86_64_21.0.4.v20240802-1551\jre\bin\server

VM Arguments:
jvm_args: -XX:+ShowCodeDetailsInExceptionMessages -agentlib:jdwp=transport=dt_socket,suspend=y,address=localhost:59783 -Dcom.sun.management.jmxremote -Dcom.sun.management.jmxremote.port=59782 -Dcom.sun.management.jmxremote.authenticate=false -Dcom.sun.management.jmxremote.ssl=false -Djava.rmi.server.hostname=localhost -Dspring.jmx.enabled=true -Dmanagement.endpoints.jmx.exposure.include=* -Dspring.application.admin.enabled=true -XX:TieredStopAtLevel=1 -Dspring.boot.project.name=hrms -javaagent:D:\STS\sts-4.25.0.RELEASE\configuration\org.eclipse.osgi\270\0\.cp\lib\javaagent-shaded.jar -Dfile.encoding=UTF-8 -Dstdout.encoding=UTF-8 -Dstderr.encoding=UTF-8 
java_command: com.cotodel.hrms.web.config.CotoDelApplication --spring.output.ansi.enabled=always
java_class_path (initial): D:\Cotodel\hrms\hrms\target\classes;C:\Users\aashv\.m2\repository\org\springframework\boot\spring-boot-starter-thymeleaf\2.6.1\spring-boot-starter-thymeleaf-2.6.1.jar;C:\Users\aashv\.m2\repository\org\thymeleaf\thymeleaf-spring5\3.0.12.RELEASE\thymeleaf-spring5-3.0.12.RELEASE.jar;C:\Users\aashv\.m2\repository\org\thymeleaf\thymeleaf\3.0.12.RELEASE\thymeleaf-3.0.12.RELEASE.jar;C:\Users\aashv\.m2\repository\org\attoparser\attoparser\2.0.5.RELEASE\attoparser-2.0.5.RELEASE.jar;C:\Users\aashv\.m2\repository\org\unbescape\unbescape\1.1.6.RELEASE\unbescape-1.1.6.RELEASE.jar;C:\Users\aashv\.m2\repository\org\slf4j\slf4j-api\1.7.32\slf4j-api-1.7.32.jar;C:\Users\aashv\.m2\repository\org\thymeleaf\extras\thymeleaf-extras-java8time\3.0.4.RELEASE\thymeleaf-extras-java8time-3.0.4.RELEASE.jar;C:\Users\aashv\.m2\repository\org\springframework\boot\spring-boot-starter-web\2.6.1\spring-boot-starter-web-2.6.1.jar;C:\Users\aashv\.m2\repository\org\springframework\boot\spring-boot-starter-json\2.6.1\spring-boot-starter-json-2.6.1.jar;C:\Users\aashv\.m2\repository\com\fasterxml\jackson\datatype\jackson-datatype-jdk8\2.13.0\jackson-datatype-jdk8-2.13.0.jar;C:\Users\aashv\.m2\repository\com\fasterxml\jackson\module\jackson-module-parameter-names\2.13.0\jackson-module-parameter-names-2.13.0.jar;C:\Users\aashv\.m2\repository\org\springframework\spring-web\5.3.13\spring-web-5.3.13.jar;C:\Users\aashv\.m2\repository\org\springframework\spring-beans\5.3.13\spring-beans-5.3.13.jar;C:\Users\aashv\.m2\repository\org\springframework\spring-webmvc\5.3.13\spring-webmvc-5.3.13.jar;C:\Users\aashv\.m2\repository\org\springframework\spring-aop\5.3.13\spring-aop-5.3.13.jar;C:\Users\aashv\.m2\repository\org\springframework\spring-context\5.3.13\spring-context-5.3.13.jar;C:\Users\aashv\.m2\repository\org\springframework\spring-expression\5.3.13\spring-expression-5.3.13.jar;C:\Users\aashv\.m2\repository\com\okta\spring\okta-spring-boot-starter\2.1.0\okta-spring-boot-starter-2.1.0.jar;C:\Users\aashv\.m2\repository\com\okta\spring\okta-spring-security-oauth2\2.1.0\okta-spring-security-oauth2-2.1.0.jar;C:\Users\aashv\.m2\repository\com\okta\commons\okta-config-check\1.2.5\okta-config-check-1.2.5.jar;C:\Users\aashv\.m2\repository\com\okta\commons\okta-commons-lang\1.2.5\okta-commons-lang-1.2.5.jar;C:\Users\aashv\.m2\repository\org\springframework\security\spring-security-config\5.6.0\spring-security-config-5.6.0.jar;C:\Users\aashv\.m2\repository\org\springframework\security\spring-security-core\5.6.0\spring-security-core-5.6.0.jar;C:\Users\aashv\.m2\repository\org\springframework\security\spring-security-crypto\5.6.0\spring-security-crypto-5.6.0.jar;C:\Users\aashv\.m2\repository\org\springframework\boot\spring-boot-starter-security\2.6.1\spring-boot-starter-security-2.6.1.jar;C:\Users\aashv\.m2\repository\org\springframework\security\spring-security-web\5.6.0\spring-security-web-5.6.0.jar;C:\Users\aashv\.m2\repository\org\springframework\security\spring-security-oauth2-client\5.6.0\spring-security-oauth2-client-5.6.0.jar;C:\Users\aashv\.m2\repository\org\springframework\security\spring-security-oauth2-core\5.6.0\spring-security-oauth2-core-5.6.0.jar;C:\Users\aashv\.m2\repository\com\nimbusds\oauth2-oidc-sdk\9.19\oauth2-oidc-sdk-9.19.jar;C:\Users\aashv\.m2\repository\com\github\stephenc\jcip\jcip-annotations\1.0-1\jcip-annotations-1.0-1.jar;C:\Users\aashv\.m2\repository\com\nimbusds\content-type\2.1\content-type-2.1.jar;C:\Users\aashv\.m2\repository\net\minidev\json-smart\2.4.7\json-smart-2.4.7.jar;C:\Users\aashv\.m2\repository\net\minidev\accessors-smart\2.4.7\accessors-smart-2.4.7.jar;C:\Users\aashv\.m2\repository\org\ow2\asm\asm\9.1\asm-9.1.jar;C:\Users\aashv\.m2\repository\com\nimbusds\lang-tag\1.5\lang-tag-1.5.jar;C:\Users\aashv\.m2\repository\org\springframework\security\spring-security-oauth2-jose\5.6.0\spring-security-oauth2-jose-5.6.0.jar;C:\Users\aashv\.m2\repository\com\nimbusds\nimbus-jose-jwt\9.14\nimbus-jose-jwt-9.14.jar;C:\Users\aashv\.m2\repository\org\springframework\security\spring-security-oauth2-resource-server\5.6.0\spring-security-oauth2-resource-server-5.6.0.jar;C:\Users\aashv\.m2\repository\com\okta\spring\okta-spring-sdk\2.1.0\okta-spring-sdk-2.1.0.jar;C:\Users\aashv\.m2\repository\com\google\code\gson\gson\2.8.7\gson-2.8.7.jar;C:\Users\aashv\.m2\repository\org\json\json\20210307\json-20210307.jar;C:\Users\aashv\.m2\repository\org\springframework\boot\spring-boot-starter-tomcat\2.6.1\spring-boot-starter-tomcat-2.6.1.jar;C:\Users\aashv\.m2\repository\jakarta\annotation\jakarta.annotation-api\1.3.5\jakarta.annotation-api-1.3.5.jar;C:\Users\aashv\.m2\repository\org\apache\tomcat\embed\tomcat-embed-core\9.0.55\tomcat-embed-core-9.0.55.jar;C:\Users\aashv\.m2\repository\org\apache\tomcat\embed\tomcat-embed-el\9.0.55\tomcat-embed-el-9.0.55.jar;C:\Users\aashv\.m2\repository\org\apache\tomcat\embed\tomcat-embed-websocket\9.0.55\tomcat-embed-websocket-9.0.55.jar;C:\Users\aashv\.m2\repository\org\springframework\boot\spring-boot-starter-mail\2.6.1\spring-boot-starter-mail-2.6.1.jar;C:\Users\aashv\.m2\repository\org\springframework\spring-context-support\5.3.13\spring-context-support-5.3.13.jar;C:\Users\aashv\.m2\repository\com\sun\mail\jakarta.mail\1.6.7\jakarta.mail-1.6.7.jar;C:\Users\aashv\.m2\repository\com\sun\activation\jakarta.activation\1.2.2\jakarta.activation-1.2.2.jar;C:\Users\aashv\.m2\repository\org\springframework\boot\spring-boot-starter-webflux\2.6.1\spring-boot-starter-webflux-2.6.1.jar;C:\Users\aashv\.m2\repository\org\springframework\boot\spring-boot-starter-reactor-netty\2.6.1\spring-boot-starter-reactor-netty-2.6.1.jar;C:\Users\aashv\.m2\repository\io\projectreactor\netty\reactor-netty-http\1.0.13\reactor-netty-http-1.0.13.jar;C:\Users\aashv\.m2\repository\io\netty\netty-codec-http\4.1.70.Final\netty-codec-http-4.1.70.Final.jar;C:\Users\aashv\.m2\repository\io\netty\netty-common\4.1.70.Final\netty-common-4.1.70.Final.jar;C:\Users\aashv\.m2\repository\io\netty\netty-buffer\4.1.70.Final\netty-buffer-4.1.70.Final.jar;C:\Users\aashv\.m2\repository\io\netty\netty-transport\4.1.70.Final\netty-transport-4.1.70.Final.jar;C:\Users\aashv\.m2\repository\io\netty\netty-codec\4.1.70.Final\netty-codec-4.1.70.Final.jar;C:\Users\aashv\.m2\repository\io\netty\netty-handler\4.1.70.Final\netty-handler-4.1.70.Final.jar;C:\Users\aashv\.m2\repository\io\netty\netty-codec-http2\4.1.70.Final\netty-codec-http2-4.1.70.Final.jar;C:\Users\aashv\.m2\repository\io\netty\netty-resolver-dns\4.1.70.Final\netty-resolver-dns-4.1.70.Final.jar;C:\Users\aashv\.m2\repository\io\netty\netty-resolver\4.1.70.Final\netty-resolver-4.1.70.Final.jar;C:\Users\aashv\.m2\repository\io\netty\netty-codec-dns\4.1.70.Final\netty-codec-dns-4.1.70.Final.jar;C:\Users\aashv\.m2\repository\io\netty\netty-resolver-dns-native-macos\4.1.70.Final\netty-resolver-dns-native-macos-4.1.70.Final-osx-x86_64.jar;C:\Users\aashv\.m2\repository\io\netty\netty-resolver-dns-classes-macos\4.1.70.Final\netty-resolver-dns-classes-macos-4.1.70.Final.jar;C:\Users\aashv\.m2\repository\io\netty\netty-transport-native-epoll\4.1.70.Final\netty-transport-native-epoll-4.1.70.Final-linux-x86_64.jar;C:\Users\aashv\.m2\repository\io\netty\netty-transport-native-unix-common\4.1.70.Final\netty-transport-native-unix-common-4.1.70.Final.jar;C:\Users\aashv\.m2\repository\io\netty\netty-transport-classes-epoll\4.1.70.Final\netty-transport-classes-epoll-4.1.70.Final.jar;C:\Users\aashv\.m2\repository\io\projectreactor\netty\reactor-netty-core\1.0.13\reactor-netty-core-1.0.13.jar;C:\Users\aashv\.m2\repository\io\netty\netty-handler-proxy\4.1.70.Final\netty-handler-proxy-4.1.70.Final.jar;C:\Users\aashv\.m2\repository\io\netty\netty-codec-socks\4.1.70.Final\netty-codec-socks-4.1.70.Final.jar;C:\Users\aashv\.m2\repository\org\springframework\spring-webflux\5.3.13\spring-webflux-5.3.13.jar;C:\Users\aashv\.m2\repository\io\projectreactor\reactor-core\3.4.12\reactor-core-3.4.12.jar;C:\Users\aashv\.m2\repository\org\reactivestreams\reactive-streams\1.0.3\reactive-streams-1.0.3.jar;C:\Users\aashv\.m2\repository\javax\xml\bind\jaxb-api\2.3.1\jaxb-api-2.3.1.jar;C:\Users\aashv\.m2\repository\javax\activation\javax.activation-api\1.2.0\javax.activation-api-1.2.0.jar;C:\Users\aashv\.m2\repository\org\springframework\boot\spring-boot-starter-validation\2.6.1\spring-boot-starter-validation-2.6.1.jar;C:\Users\aashv\.m2\repository\org\hibernate\validator\hibernate-validator\6.2.0.Final\hibernate-validator-6.2.0.Final.jar;C:\Users\aashv\.m2\repository\jakarta\validation\jakarta.validation-api\2.0.2\jakarta.validation-api-2.0.2.jar;C:\Users\aashv\.m2\repository\org\jboss\logging\jboss-logging\3.4.2.Final\jboss-logging-3.4.2.Final.jar;C:\Users\aashv\.m2\repository\com\fasterxml\classmate\1.5.1\classmate-1.5.1.jar;C:\Users\aashv\.m2\repository\io\jsonwebtoken\jjwt\0.9.1\jjwt-0.9.1.jar;C:\Users\aashv\.m2\repository\org\bouncycastle\bcprov-ext-jdk16\1.45\bcprov-ext-jdk16-1.45.jar;C:\Users\aashv\.m2\repository\com\fasterxml\jackson\core\jackson-databind\2.12.3\jackson-databind-2.12.3.jar;C:\Users\aashv\.m2\repository\com\fasterxml\jackson\core\jackson-annotations\2.13.0\jackson-annotations-2.13.0.jar;C:\Users\aashv\.m2\repository\com\fasterxml\jackson\core\jackson-core\2.13.0\jackson-core-2.13.0.jar;C:\Users\aashv\.m2\repository\com\fasterxml\jackson\datatype\jackson-datatype-jsr310\2.12.3\jackson-datatype-jsr310-2.12.3.jar;C:\Users\aashv\.m2\repository\org\springframework\boot\spring-boot-devtools\2.6.1\spring-boot-devtools-2.6.1.jar;C:\Users\aashv\.m2\repository\org\springframework\boot\spring-boot\2.6.1\spring-boot-2.6.1.jar;C:\Users\aashv\.m2\repository\org\springframework\boot\spring-boot-autoconfigure\2.6.1\spring-boot-autoconfigure-2.6.1.jar;C:\Users\aashv\.m2\repository\org\springframework\boot\spring-boot-starter\2.6.1\spring-boot-starter-2.6.1.jar;C:\Users\aashv\.m2\repository\org\springframework\spring-core\5.3.13\spring-core-5.3.13.jar;C:\Users\aashv\.m2\repository\org\springframework\spring-jcl\5.3.13\spring-jcl-5.3.13.jar;C:\Users\aashv\.m2\repository\org\yaml\snakeyaml\1.29\snakeyaml-1.29.jar;C:\Users\aashv\.m2\repository\org\springframework\boot\spring-boot-starter-log4j2\2.6.1\spring-boot-starter-log4j2-2.6.1.jar;C:\Users\aashv\.m2\repository\org\apache\logging\log4j\log4j-slf4j-impl\2.14.1\log4j-slf4j-impl-2.14.1.jar;C:\Users\aashv\.m2\repository\org\apache\logging\log4j\log4j-api\2.14.1\log4j-api-2.14.1.jar;C:\Users\aashv\.m2\repository\org\apache\logging\log4j\log4j-core\2.14.1\log4j-core-2.14.1.jar;C:\Users\aashv\.m2\repository\org\apache\logging\log4j\log4j-jul\2.14.1\log4j-jul-2.14.1.jar;C:\Users\aashv\.m2\repository\org\slf4j\jul-to-slf4j\1.7.32\jul-to-slf4j-1.7.32.jar;C:\Users\aashv\.m2\repository\org\apache\commons\commons-exec\1.1\commons-exec-1.1.jar;C:\Users\aashv\.m2\repository\org\apache\poi\poi\3.12\poi-3.12.jar;C:\Users\aashv\.m2\repository\commons-codec\commons-codec\1.15\commons-codec-1.15.jar;C:\Users\aashv\.m2\repository\org\apache\poi\poi-ooxml\3.12\poi-ooxml-3.12.jar;C:\Users\aashv\.m2\repository\org\apache\poi\poi-ooxml-schemas\3.12\poi-ooxml-schemas-3.12.jar;C:\Users\aashv\.m2\repository\org\apache\xmlbeans\xmlbeans\2.6.0\xmlbeans-2.6.0.jar;C:\Users\aashv\.m2\repository\stax\stax-api\1.0.1\stax-api-1.0.1.jar;C:\Users\aashv\.m2\repository\org\projectlombok\lombok\1.18.24\lombok-1.18.24.jar
Launcher Type: SUN_STANDARD

[Global flags]
     intx CICompilerCount                          = 4                                         {product} {ergonomic}
     uint ConcGCThreads                            = 3                                         {product} {ergonomic}
     uint G1ConcRefinementThreads                  = 10                                        {product} {ergonomic}
   size_t G1HeapRegionSize                         = 2097152                                   {product} {ergonomic}
    uintx GCDrainStackTargetSize                   = 64                                        {product} {ergonomic}
   size_t InitialHeapSize                          = 264241152                                 {product} {ergonomic}
     bool ManagementServer                         = true                                      {product} {command line}
   size_t MarkStackSize                            = 4194304                                   {product} {ergonomic}
   size_t MaxHeapSize                              = 4215275520                                {product} {ergonomic}
   size_t MaxNewSize                               = 2529165312                                {product} {ergonomic}
   size_t MinHeapDeltaBytes                        = 2097152                                   {product} {ergonomic}
   size_t MinHeapSize                              = 8388608                                   {product} {ergonomic}
    uintx NonNMethodCodeHeapSize                   = 4096                                   {pd product} {ergonomic}
    uintx NonProfiledCodeHeapSize                  = 0                                      {pd product} {ergonomic}
     bool ProfileInterpreter                       = false                                  {pd product} {command line}
    uintx ProfiledCodeHeapSize                     = 0                                      {pd product} {ergonomic}
     bool ShowCodeDetailsInExceptionMessages       = true                                   {manageable} {command line}
   size_t SoftMaxHeapSize                          = 4215275520                             {manageable} {ergonomic}
     intx TieredStopAtLevel                        = 1                                         {product} {command line}
     bool UseCompressedOops                        = true                           {product lp64_product} {ergonomic}
     bool UseG1GC                                  = true                                      {product} {ergonomic}
     bool UseLargePagesIndividualAllocation        = false                                  {pd product} {ergonomic}

Logging:
Log output configuration:
 #0: stdout all=warning uptime,level,tags foldmultilines=false
 #1: stderr all=off uptime,level,tags foldmultilines=false

Environment Variables:
JAVA_HOME=C:\Program Files\Java\jdk-17
PATH=D:\STS\sts-4.25.0.RELEASE\plugins\org.eclipse.justj.openjdk.hotspot.jre.full.win32.x86_64_21.0.4.v20240802-1551\jre\bin;D:/STS/sts-4.25.0.RELEASE//plugins/org.eclipse.justj.openjdk.hotspot.jre.full.win32.x86_64_21.0.4.v20240802-1551/jre/bin/server;D:/STS/sts-4.25.0.RELEASE//plugins/org.eclipse.justj.openjdk.hotspot.jre.full.win32.x86_64_21.0.4.v20240802-1551/jre/bin;C:\Program Files\Common Files\Oracle\Java\javapath;C:\Python312\Scripts\;C:\Python312\;C:\Windows\system32;C:\Windows;C:\Windows\System32\Wbem;C:\Windows\System32\WindowsPowerShell\v1.0\;C:\Windows\System32\OpenSSH\;C:\Program Files\Git\cmd;C:\Users\aashv\AppData\;C:\Program Files\nodejs\;C:\ProgramData\chocolatey\bin;C:\Program Files\PuTTY\;C:\Program Files\Java\jdk-17\bin;D:\apache-maven-3.9.9\bin;C:\Program Files\Java\jdk-17\bin;C:\Program Files\TortoiseGit\bin;C:\Users\aashv\AppData\Local\Microsoft\WindowsApps;C:\Users\aashv\AppData\npm;C:\Users\aashv\AppData\Roaming\npm;C:\Users\aashv\AppData\Local\Programs\Microsoft VS Code\bin;C:\Program Files\Java\jdk-17\bin;D:\apache-maven-3.9.9\bin;;D:\STS\sts-4.25.0.RELEASE;
USERNAME=aashv
OS=Windows_NT
PROCESSOR_IDENTIFIER=Intel64 Family 6 Model 154 Stepping 3, GenuineIntel
TMP=C:\Users\aashv\AppData\Local\Temp
TEMP=C:\Users\aashv\AppData\Local\Temp




Periodic native trim disabled

---------------  S Y S T E M  ---------------

OS:
 Windows 11 , 64 bit Build 26100 (10.0.26100.3323)
OS uptime: 2 days 11:26 hours
Hyper-V role detected

CPU: total 12 (initial active 12) (6 cores per cpu, 2 threads per core) family 6 model 154 stepping 3 microcode 0x433, cx8, cmov, fxsr, ht, mmx, 3dnowpref, sse, sse2, sse3, ssse3, sse4.1, sse4.2, popcnt, lzcnt, tsc, tscinvbit, avx, avx2, aes, erms, clmul, bmi1, bmi2, adx, sha, fma, vzeroupper, clflush, clflushopt, clwb, hv, serialize, rdtscp, rdpid, fsrm, f16c, cet_ibt, cet_ss
Processor Information for processor 0
  Max Mhz: 2000, Current Mhz: 2000, Mhz Limit: 2000
Processor Information for processor 1
  Max Mhz: 2000, Current Mhz: 2000, Mhz Limit: 2000
Processor Information for processor 2
  Max Mhz: 2000, Current Mhz: 2000, Mhz Limit: 2000
Processor Information for processor 3
  Max Mhz: 2000, Current Mhz: 2000, Mhz Limit: 2000
Processor Information for processor 4
  Max Mhz: 2000, Current Mhz: 2000, Mhz Limit: 2000
Processor Information for processor 5
  Max Mhz: 2000, Current Mhz: 2000, Mhz Limit: 2000
Processor Information for processor 6
  Max Mhz: 2000, Current Mhz: 2000, Mhz Limit: 2000
Processor Information for processor 7
  Max Mhz: 2000, Current Mhz: 2000, Mhz Limit: 2000
Processor Information for processor 8
  Max Mhz: 2000, Current Mhz: 1500, Mhz Limit: 1500
Processor Information for processor 9
  Max Mhz: 2000, Current Mhz: 1500, Mhz Limit: 1500
Processor Information for processor 10
  Max Mhz: 2000, Current Mhz: 1500, Mhz Limit: 1500
Processor Information for processor 11
  Max Mhz: 2000, Current Mhz: 1500, Mhz Limit: 1500

Memory: 4k page, system-wide physical 16076M (2690M free)
TotalPageFile size 22417M (AvailPageFile size 2096M)
current process WorkingSet (physical memory assigned to process): 341M, peak: 586M
current process commit charge ("private bytes"): 405M, peak: 759M

vm_info: OpenJDK 64-Bit Server VM (21.0.4+7-LTS) for windows-amd64 JRE (21.0.4+7-LTS), built on 2024-07-16T00:00:00Z by "admin" with MS VC++ 17.7 (VS2022)

END.
