#
# A fatal error has been detected by the Java Runtime Environment:
#
#  EXCEPTION_ACCESS_VIOLATION (0xc0000005) at pc=0x00007ffabd7ec236, pid=16240, tid=5504
#
# JRE version: OpenJDK Runtime Environment Temurin-21.0.4+7 (21.0.4+7) (build 21.0.4+7-LTS)
# Java VM: OpenJDK 64-Bit Server VM Temurin-21.0.4+7 (21.0.4+7-LTS, mixed mode, emulated-client, tiered, compressed oops, compressed class ptrs, g1 gc, windows-amd64)
# Problematic frame:
# V  [jvm.dll+0xc236]
#
# No core dump will be written. Minidumps are not enabled by default on client versions of Windows
#
# If you would like to submit a bug report, please visit:
#   https://github.com/adoptium/adoptium-support/issues
#

---------------  S U M M A R Y ------------

Command Line: -XX:+ShowCodeDetailsInExceptionMessages -agentlib:jdwp=transport=dt_socket,suspend=y,address=localhost:59949 -Dcom.sun.management.jmxremote -Dcom.sun.management.jmxremote.port=59948 -Dcom.sun.management.jmxremote.authenticate=false -Dcom.sun.management.jmxremote.ssl=false -Djava.rmi.server.hostname=localhost -Dspring.jmx.enabled=true -Dmanagement.endpoints.jmx.exposure.include=* -Dspring.application.admin.enabled=true -XX:TieredStopAtLevel=1 -Dspring.boot.project.name=hrms -javaagent:D:\STS\sts-4.25.0.RELEASE\configuration\org.eclipse.osgi\270\0\.cp\lib\javaagent-shaded.jar -Dfile.encoding=UTF-8 -Dstdout.encoding=UTF-8 -Dstderr.encoding=UTF-8 com.cotodel.hrms.web.config.CotoDelApplication --spring.output.ansi.enabled=always

Host: 12th Gen Intel(R) Core(TM) i5-12450H, 12 cores, 15G,  Windows 11 , 64 bit Build 26100 (10.0.26100.3912)
Time: Thu May 29 17:58:04 2025 India Standard Time elapsed time: 25818.360595 seconds (0d 7h 10m 18s)

---------------  T H R E A D  ---------------

Current thread (0x000001c1abf91100):  WorkerThread "GC Thread#9"    [id=5504, stack(0x00000039e7e00000,0x00000039e7f00000) (1024K)]

Stack: [0x00000039e7e00000,0x00000039e7f00000],  sp=0x00000039e7efde88,  free space=1015k
Native frames: (J=compiled Java code, j=interpreted, Vv=VM code, C=native code)
V  [jvm.dll+0xc236]

JavaThread 0x000001c1add26b00 (nid = 23120) was being processed
Java frames: (J=compiled Java code, j=interpreted, Vv=VM code)
j  java.lang.invoke.DirectMethodHandle$Holder.newInvokeSpecial(Ljava/lang/Object;)Ljava/lang/Object;+15 java.base@21.0.4
J 29455 c1 jdk.internal.reflect.DirectConstructorHandleAccessor.newInstance([Ljava/lang/Object;)Ljava/lang/Object; java.base@21.0.4 (130 bytes) @ 0x000001c19c621f84 [0x000001c19c621c80+0x0000000000000304]
J 29527 c1 java.lang.reflect.Constructor.newInstanceWithCaller([Ljava/lang/Object;ZLjava/lang/Class;)Ljava/lang/Object; java.base@21.0.4 (51 bytes) @ 0x000001c19c325d9c [0x000001c19c325cc0+0x00000000000000dc]
J 36479 c1 org.springframework.beans.BeanUtils.instantiateClass(Ljava/lang/reflect/Constructor;[Ljava/lang/Object;)Ljava/lang/Object; (187 bytes) @ 0x000001c19c9227e4 [0x000001c19c9223c0+0x0000000000000424]
j  org.springframework.beans.factory.support.SimpleInstantiationStrategy.instantiate(Lorg/springframework/beans/factory/support/RootBeanDefinition;Ljava/lang/String;Lorg/springframework/beans/factory/BeanFactory;)Ljava/lang/Object;+140
j  org.springframework.beans.factory.support.AbstractAutowireCapableBeanFactory.instantiateBean(Ljava/lang/String;Lorg/springframework/beans/factory/support/RootBeanDefinition;)Lorg/springframework/beans/BeanWrapper;+32
j  org.springframework.beans.factory.support.AbstractAutowireCapableBeanFactory.createBeanInstance(Ljava/lang/String;Lorg/springframework/beans/factory/support/RootBeanDefinition;[Ljava/lang/Object;)Lorg/springframework/beans/BeanWrapper;+250
j  org.springframework.beans.factory.support.AbstractAutowireCapableBeanFactory.doCreateBean(Ljava/lang/String;Lorg/springframework/beans/factory/support/RootBeanDefinition;[Ljava/lang/Object;)Ljava/lang/Object;+34
j  org.springframework.beans.factory.support.AbstractAutowireCapableBeanFactory.createBean(Ljava/lang/String;Lorg/springframework/beans/factory/support/RootBeanDefinition;[Ljava/lang/Object;)Ljava/lang/Object;+169
j  org.springframework.beans.factory.support.AbstractBeanFactory.lambda$doGetBean$0(Ljava/lang/String;Lorg/springframework/beans/factory/support/RootBeanDefinition;[Ljava/lang/Object;)Ljava/lang/Object;+4
j  org.springframework.beans.factory.support.AbstractBeanFactory$$Lambda+0x00000008003b4e20.getObject()Ljava/lang/Object;+16
j  org.springframework.beans.factory.support.DefaultSingletonBeanRegistry.getSingleton(Ljava/lang/String;Lorg/springframework/beans/factory/ObjectFactory;)Ljava/lang/Object;+132
J 37600 c1 org.springframework.beans.factory.support.AbstractBeanFactory.doGetBean(Ljava/lang/String;Ljava/lang/Class;[Ljava/lang/Object;Z)Ljava/lang/Object; (832 bytes) @ 0x000001c19cbbd5e4 [0x000001c19cbbcf60+0x0000000000000684]
J 38276 c1 org.springframework.beans.factory.support.AbstractBeanFactory.getBean(Ljava/lang/String;)Ljava/lang/Object; (9 bytes) @ 0x000001c19ca60894 [0x000001c19ca60820+0x0000000000000074]
j  org.springframework.beans.factory.support.DefaultListableBeanFactory.preInstantiateSingletons()V+248
j  org.springframework.context.support.AbstractApplicationContext.finishBeanFactoryInitialization(Lorg/springframework/beans/factory/config/ConfigurableListableBeanFactory;)V+124
j  org.springframework.context.support.AbstractApplicationContext.refresh()V+86
j  org.springframework.boot.web.servlet.context.ServletWebServerApplicationContext.refresh()V+1
j  org.springframework.boot.SpringApplication.refresh(Lorg/springframework/context/ConfigurableApplicationContext;)V+1
j  org.springframework.boot.SpringApplication.refreshContext(Lorg/springframework/context/ConfigurableApplicationContext;)V+16
j  org.springframework.boot.SpringApplication.run([Ljava/lang/String;)Lorg/springframework/context/ConfigurableApplicationContext;+107
j  org.springframework.boot.SpringApplication.run([Ljava/lang/Class;[Ljava/lang/String;)Lorg/springframework/context/ConfigurableApplicationContext;+9
j  org.springframework.boot.SpringApplication.run(Ljava/lang/Class;[Ljava/lang/String;)Lorg/springframework/context/ConfigurableApplicationContext;+9
j  com.cotodel.hrms.web.config.CotoDelApplication.main([Ljava/lang/String;)V+3
j  java.lang.invoke.LambdaForm$DMH+0x00000008000c4c00.invokeStatic(Ljava/lang/Object;Ljava/lang/Object;)V+10 java.base@21.0.4
j  java.lang.invoke.LambdaForm$MH+0x00000008007e8800.invoke(Ljava/lang/Object;Ljava/lang/Object;Ljava/lang/Object;)Ljava/lang/Object;+33 java.base@21.0.4
J 3359 c1 jdk.internal.reflect.DirectMethodHandleAccessor.invoke(Ljava/lang/Object;[Ljava/lang/Object;)Ljava/lang/Object; java.base@21.0.4 (92 bytes) @ 0x000001c19c2c59fc [0x000001c19c2c5640+0x00000000000003bc]
J 3378 c1 java.lang.reflect.Method.invoke(Ljava/lang/Object;[Ljava/lang/Object;)Ljava/lang/Object; java.base@21.0.4 (108 bytes) @ 0x000001c19c2d1c74 [0x000001c19c2d1a80+0x00000000000001f4]
j  org.springframework.boot.devtools.restart.RestartLauncher.run()V+42
v  ~StubRoutines::call_stub 0x000001c19ba3100d

siginfo: EXCEPTION_ACCESS_VIOLATION (0xc0000005), reading address 0x00000008a73ecc77


Registers:
RAX=0x0000000000000000, RBX=0x0000000000000000, RCX=0x00000039e59fe020, RDX=0x00000039e59fe020
RSP=0x00000039e7efde88, RBP=0x00000039e7efe060, RSI=0x00000039e7efe230, RDI=0x00000039e59fe020
R8 =0x00000008a73ecc6f, R9 =0x00000039e59fe020, R10=0x000001c19ba30000, R11=0x00000039e7efe0d8
R12=0x000001c1a6b06cd8, R13=0x00000039e59fe020, R14=0x000001c1adf57580, R15=0x00000008a73ecc6f
RIP=0x00007ffabd7ec236, EFLAGS=0x0000000000010206


Register to memory mapping:

RAX=0x0 is null
RBX=0x0 is null
RCX=0x00000039e59fe020 is pointing into the stack for thread: 0x000001c1add26b00
RDX=0x00000039e59fe020 is pointing into the stack for thread: 0x000001c1add26b00
RSP=0x00000039e7efde88 points into unknown readable memory: 0x00007ffabdb36a5b | 5b 6a b3 bd fa 7f 00 00
RBP=0x00000039e7efe060 points into unknown readable memory: 0x000001c100000000 | 00 00 00 00 c1 01 00 00
RSI=0x00000039e7efe230 points into unknown readable memory: 0x00000039e59fe018 | 18 e0 9f e5 39 00 00 00
RDI=0x00000039e59fe020 is pointing into the stack for thread: 0x000001c1add26b00
R8 =0x00000008a73ecc6f is an unknown value
R9 =0x00000039e59fe020 is pointing into the stack for thread: 0x000001c1add26b00
R10=0x000001c19ba30000 points into unknown readable memory: 0x0000000000000006 | 06 00 00 00 00 00 00 00
R11=0x00000039e7efe0d8 points into unknown readable memory: 0x00007ffabdaf337d | 7d 33 af bd fa 7f 00 00
R12=0x000001c1a6b06cd8 points into unknown readable memory: 0x4c2800326a0fffff | ff ff 0f 6a 32 00 28 4c
R13=0x00000039e59fe020 is pointing into the stack for thread: 0x000001c1add26b00
R14=0x000001c1adf57580 points into unknown readable memory: 0x00007ffabe205a88 | 88 5a 20 be fa 7f 00 00
R15=0x00000008a73ecc6f is an unknown value

Top of Stack: (sp=0x00000039e7efde88)
0x00000039e7efde88:   00007ffabdb36a5b 0000000000000000
0x00000039e7efde98:   0000000000000005 000000000000012f
0x00000039e7efdea8:   00007ffabde9a91f 000000000000012f
0x00000039e7efdeb8:   0000000000000013 000001c1ac2bad88
0x00000039e7efdec8:   00007ffabdf74e51 0000000000000000
0x00000039e7efded8:   00000039e7efdf38 000001c1ac2bad28
0x00000039e7efdee8:   0000000000000000 000001c1abc453d0
0x00000039e7efdef8:   000001c1a6c97230 000001c1a6b06cd8
0x00000039e7efdf08:   00000039e59fe020 00000039e7efe230
0x00000039e7efdf18:   00000039e7efe060 000001c1ac2bad28
0x00000039e7efdf28:   00007ffabdb45024 00000039e7efdff0
0x00000039e7efdf38:   00000039e7efe230 000001c1a67f5478
0x00000039e7efdf48:   0000000000000000 000001c1ac2bad28
0x00000039e7efdf58:   00007ffabdaf392b 0000000000000001
0x00000039e7efdf68:   000001c1a73ecc80 000001c1ac2bad28
0x00000039e7efdf78:   00000039e7efe230 0000000f9bc57301
0x00000039e7efdf88:   000001c1a73ecc80 000001c1abf91100
0x00000039e7efdf98:   000001c100000003 00000000000003d8
0x00000039e7efdfa8:   000001c1a6c97240 000001c1a6c97618
0x00000039e7efdfb8:   000001c1a73ecc6f 000001c1000000b8
0x00000039e7efdfc8:   000001c1a73ecc80 00007ffabe1fcff0
0x00000039e7efdfd8:   00000039e7efe230 000001c1ac2bad28
0x00000039e7efdfe8:   0000000400000003 000001c1a6b06cd8
0x00000039e7efdff8:   0000001300000001 0000000000000032
0x00000039e7efe008:   000000010000000c 000001c1a67f5478
0x00000039e7efe018:   0000000000000000 000001c19bc57390
0x00000039e7efe028:   0000036fcbf16e02 00007ffabe038330
0x00000039e7efe038:   00000039e7efe0c0 00000000000003d8
0x00000039e7efe048:   000001c1a6c97618 000001c1a704da60
0x00000039e7efe058:   000000069bc50013 000001c100000000
0x00000039e7efe068:   0000000000000015 000001c1ac2bad28
0x00000039e7efe078:   00007ffabdb4507e 0000000000000000 

Instructions: (pc=0x00007ffabd7ec236)
0x00007ffabd7ec136:   48 8b 05 33 89 cc 00 48 8b 48 60 48 8b 04 d1 48
0x00007ffabd7ec146:   85 c0 75 08 48 8b 05 27 89 cc 00 c3 48 8b 05 17
0x00007ffabd7ec156:   89 cc 00 c3 cc cc cc cc cc cc 8b 05 52 5e c1 00
0x00007ffabd7ec166:   c3 cc cc cc cc cc cc cc cc cc 0f b6 05 a3 74 c1
0x00007ffabd7ec176:   00 48 8b d1 84 c0 74 16 44 8b 41 08 8b 0d 30 5e
0x00007ffabd7ec186:   c1 00 49 d3 e0 4c 03 05 1e 5e c1 00 eb 04 4c 8b
0x00007ffabd7ec196:   41 08 45 8b 48 08 45 85 c9 7e 0e 41 f6 c1 01 75
0x00007ffabd7ec1a6:   53 41 c1 f9 03 49 63 c1 c3 79 49 84 c0 41 b8 0c
0x00007ffabd7ec1b6:   00 00 00 8b 05 69 6f c1 00 b9 10 00 00 00 41 0f
0x00007ffabd7ec1c6:   45 c8 ff c8 4c 63 c0 41 8b c1 48 c1 f8 10 0f b6
0x00007ffabd7ec1d6:   c0 48 63 14 11 41 8b c9 83 e1 3f 48 d3 e2 49 8d
0x00007ffabd7ec1e6:   0c 10 49 f7 d0 48 03 c1 49 c1 e8 03 48 c1 e8 03
0x00007ffabd7ec1f6:   49 23 c0 c3 49 8b 00 49 8b c8 48 ff a0 00 01 00
0x00007ffabd7ec206:   00 cc cc cc cc cc cc cc cc cc 8b 44 24 30 45 03
0x00007ffabd7ec216:   c9 44 2b 4c 24 28 83 c0 0b 44 03 ca 45 03 c8 41
0x00007ffabd7ec226:   03 c1 c3 cc cc cc cc cc cc cc 4c 8b c2 48 8b d1
0x00007ffabd7ec236:   45 8b 48 08 45 85 c9 7e 0e 41 f6 c1 01 75 56 41
0x00007ffabd7ec246:   c1 f9 03 49 63 c1 c3 79 4c 80 3d c4 73 c1 00 00
0x00007ffabd7ec256:   b8 0c 00 00 00 b9 10 00 00 00 0f 45 c8 8b 05 bf
0x00007ffabd7ec266:   6e c1 00 ff c8 4c 63 c0 41 8b c1 48 c1 f8 10 48
0x00007ffabd7ec276:   63 14 11 41 8b c9 83 e1 3f 0f b6 c0 48 d3 e2 49
0x00007ffabd7ec286:   8d 0c 10 49 f7 d0 48 03 c1 49 c1 e8 03 48 c1 e8
0x00007ffabd7ec296:   03 49 23 c0 c3 49 8b 00 49 8b c8 48 ff a0 00 01
0x00007ffabd7ec2a6:   00 00 cc cc cc cc cc cc cc cc 48 8b 41 08 0f b7
0x00007ffabd7ec2b6:   48 2c 0f b7 40 2a 83 c0 48 03 c1 c3 cc cc cc cc
0x00007ffabd7ec2c6:   cc cc cc cc cc cc cc cc cc cc 48 89 5c 24 08 57
0x00007ffabd7ec2d6:   48 83 ec 20 0f b6 05 df 70 cc 00 48 8b fa 48 8b
0x00007ffabd7ec2e6:   d9 84 c0 74 4f 48 85 15 76 68 cc 00 74 38 48 8b
0x00007ffabd7ec2f6:   ca e8 94 a8 8c 00 48 8b d0 48 85 db 74 25 48 85
0x00007ffabd7ec306:   c0 74 20 48 8b c7 f0 48 0f b1 13 74 16 48 85 05
0x00007ffabd7ec316:   4e 68 cc 00 74 0d 48 8b c8 f0 48 0f b1 13 48 3b
0x00007ffabd7ec326:   c1 75 ea 48 8b fa 48 8b c7 48 8b 5c 24 30 48 83 


Stack slot to memory mapping:

stack at sp + 0 slots: 0x00007ffabdb36a5b jvm.dll
stack at sp + 1 slots: 0x0 is null
stack at sp + 2 slots: 0x0000000000000005 is an unknown value
stack at sp + 3 slots: 0x000000000000012f is an unknown value
stack at sp + 4 slots: 0x00007ffabde9a91f jvm.dll
stack at sp + 5 slots: 0x000000000000012f is an unknown value
stack at sp + 6 slots: 0x0000000000000013 is an unknown value
stack at sp + 7 slots: 0x000001c1ac2bad88 points into unknown readable memory: 0x00007ffabe207790 | 90 77 20 be fa 7f 00 00


---------------  P R O C E S S  ---------------

Threads class SMR info:
_java_thread_list=0x000001c1ae247960, length=28, elements={
0x000001c1a69e7e80, 0x000001c1a69e88e0, 0x000001c1a69ef720, 0x000001c1a69f1190,
0x000001c1a69f2910, 0x000001c1a69f3370, 0x000001c1a69c0980, 0x000001c1a6a34400,
0x000001c1a6c84d50, 0x000001c1a6c905b0, 0x000001c1a6c99680, 0x000001c1ab922a30,
0x000001c1abba7510, 0x000001c1abbb6d70, 0x000001c1abbd5890, 0x000001c1ac18db10,
0x000001c1ac18e180, 0x000001c1ac4b2390, 0x000001c1ad94f580, 0x000001c1ad950930,
0x000001c1add27eb0, 0x000001c1ae4a5a60, 0x000001c1add28540, 0x000001c1add26b00,
0x000001c1add2b330, 0x000001c1add298f0, 0x000001c1add2a610, 0x000001c1add27190
}

Java Threads: ( => current thread )
  0x000001c1a69e7e80 JavaThread "Reference Handler"          daemon [_thread_blocked, id=2200, stack(0x00000039e6400000,0x00000039e6500000) (1024K)]
  0x000001c1a69e88e0 JavaThread "Finalizer"                  daemon [_thread_blocked, id=23396, stack(0x00000039e6500000,0x00000039e6600000) (1024K)]
  0x000001c1a69ef720 JavaThread "Signal Dispatcher"          daemon [_thread_blocked, id=5428, stack(0x00000039e6600000,0x00000039e6700000) (1024K)]
  0x000001c1a69f1190 JavaThread "Attach Listener"            daemon [_thread_blocked, id=1268, stack(0x00000039e6700000,0x00000039e6800000) (1024K)]
  0x000001c1a69f2910 JavaThread "Service Thread"             daemon [_thread_blocked, id=21296, stack(0x00000039e6800000,0x00000039e6900000) (1024K)]
  0x000001c1a69f3370 JavaThread "Monitor Deflation Thread"   daemon [_thread_blocked, id=22320, stack(0x00000039e6900000,0x00000039e6a00000) (1024K)]
  0x000001c1a69c0980 JavaThread "C1 CompilerThread0"         daemon [_thread_blocked, id=7360, stack(0x00000039e6a00000,0x00000039e6b00000) (1024K)]
  0x000001c1a6a34400 JavaThread "Common-Cleaner"             daemon [_thread_blocked, id=8928, stack(0x00000039e6b00000,0x00000039e6c00000) (1024K)]
  0x000001c1a6c84d50 JavaThread "JDWP Transport Listener: dt_socket" daemon [_thread_blocked, id=13692, stack(0x00000039e6e00000,0x00000039e6f00000) (1024K)]
  0x000001c1a6c905b0 JavaThread "JDWP Event Helper Thread"   daemon [_thread_blocked, id=18496, stack(0x00000039e6f00000,0x00000039e7000000) (1024K)]
  0x000001c1a6c99680 JavaThread "JDWP Command Reader"        daemon [_thread_in_native, id=19136, stack(0x00000039e7000000,0x00000039e7100000) (1024K)]
  0x000001c1ab922a30 JavaThread "Notification Thread"        daemon [_thread_blocked, id=20560, stack(0x00000039e7100000,0x00000039e7200000) (1024K)]
  0x000001c1abba7510 JavaThread "RMI TCP Accept-0"           daemon [_thread_in_native, id=12420, stack(0x00000039e7b00000,0x00000039e7c00000) (1024K)]
  0x000001c1abbb6d70 JavaThread "RMI TCP Accept-59948"       daemon [_thread_in_native, id=21404, stack(0x00000039e7c00000,0x00000039e7d00000) (1024K)]
  0x000001c1abbd5890 JavaThread "RMI TCP Accept-0"           daemon [_thread_in_native, id=2192, stack(0x00000039e7d00000,0x00000039e7e00000) (1024K)]
  0x000001c1ac18db10 JavaThread "RMI Scheduler(0)"           daemon [_thread_blocked, id=9224, stack(0x00000039e8200000,0x00000039e8300000) (1024K)]
  0x000001c1ac18e180 JavaThread "RMI TCP Connection(410)-127.0.0.1" daemon [_thread_in_native, id=10884, stack(0x00000039e8300000,0x00000039e8400000) (1024K)]
  0x000001c1ac4b2390 JavaThread "JMX server connection timeout 43" daemon [_thread_blocked, id=14144, stack(0x00000039e8400000,0x00000039e8500000) (1024K)]
  0x000001c1ad94f580 JavaThread "Live Reload Server"         daemon [_thread_in_native, id=10416, stack(0x00000039e8c00000,0x00000039e8d00000) (1024K)]
  0x000001c1ad950930 JavaThread "DestroyJavaVM"                     [_thread_blocked, id=22388, stack(0x00000039e5c00000,0x00000039e5d00000) (1024K)]
  0x000001c1add27eb0 JavaThread "File Watcher"               daemon [_thread_blocked, id=16296, stack(0x00000039e5b00000,0x00000039e5c00000) (1024K)]
  0x000001c1ae4a5a60 JavaThread "File Watcher"               daemon [_thread_blocked, id=23056, stack(0x00000039e5a00000,0x00000039e5b00000) (1024K)]
  0x000001c1add28540 JavaThread "Thread-125"                        [_thread_blocked, id=3980, stack(0x00000039e9200000,0x00000039e9300000) (1024K)]
  0x000001c1add26b00 JavaThread "restartedMain"                     [_thread_blocked, id=23120, stack(0x00000039e5900000,0x00000039e5a00000) (1024K)]
  0x000001c1add2b330 JavaThread "Log4j2-TF-69-Scheduled-34"  daemon [_thread_blocked, id=18852, stack(0x00000039e7200000,0x00000039e7300000) (1024K)]
  0x000001c1add298f0 JavaThread "Catalina-utility-1"                [_thread_blocked, id=2140, stack(0x00000039e8100000,0x00000039e8200000) (1024K)]
  0x000001c1add2a610 JavaThread "Catalina-utility-2"                [_thread_blocked, id=5448, stack(0x00000039e8500000,0x00000039e8600000) (1024K)]
  0x000001c1add27190 JavaThread "container-2"                       [_thread_blocked, id=24520, stack(0x00000039e8600000,0x00000039e8700000) (1024K)]
Total: 28

Other Threads:
  0x000001c1a692e7c0 VMThread "VM Thread"                           [id=19692, stack(0x00000039e6300000,0x00000039e6400000) (1024K)]
  0x000001c1a68d2370 WatcherThread "VM Periodic Task Thread"        [id=11664, stack(0x00000039e6200000,0x00000039e6300000) (1024K)]
  0x000001c197fa73e0 WorkerThread "GC Thread#0"                     [id=12392, stack(0x00000039e5d00000,0x00000039e5e00000) (1024K)]
  0x000001c1abb19c40 WorkerThread "GC Thread#1"                     [id=10704, stack(0x00000039e7300000,0x00000039e7400000) (1024K)]
  0x000001c1abb19fe0 WorkerThread "GC Thread#2"                     [id=12448, stack(0x00000039e7400000,0x00000039e7500000) (1024K)]
  0x000001c1abb1a380 WorkerThread "GC Thread#3"                     [id=14152, stack(0x00000039e7500000,0x00000039e7600000) (1024K)]
  0x000001c1abb1a720 WorkerThread "GC Thread#4"                     [id=21204, stack(0x00000039e7600000,0x00000039e7700000) (1024K)]
  0x000001c1abb1aac0 WorkerThread "GC Thread#5"                     [id=23024, stack(0x00000039e7700000,0x00000039e7800000) (1024K)]
  0x000001c1abb38e10 WorkerThread "GC Thread#6"                     [id=18324, stack(0x00000039e7800000,0x00000039e7900000) (1024K)]
  0x000001c1abb395c0 WorkerThread "GC Thread#7"                     [id=17312, stack(0x00000039e7900000,0x00000039e7a00000) (1024K)]
  0x000001c1abb39960 WorkerThread "GC Thread#8"                     [id=16488, stack(0x00000039e7a00000,0x00000039e7b00000) (1024K)]
=>0x000001c1abf91100 WorkerThread "GC Thread#9"                     [id=5504, stack(0x00000039e7e00000,0x00000039e7f00000) (1024K)]
  0x000001c197fb7f00 ConcurrentGCThread "G1 Main Marker"            [id=15420, stack(0x00000039e5e00000,0x00000039e5f00000) (1024K)]
  0x000001c197fba020 WorkerThread "G1 Conc#0"                       [id=11060, stack(0x00000039e5f00000,0x00000039e6000000) (1024K)]
  0x000001c1abf91be0 WorkerThread "G1 Conc#1"                       [id=9456, stack(0x00000039e7f00000,0x00000039e8000000) (1024K)]
  0x000001c1abf91f80 WorkerThread "G1 Conc#2"                       [id=2624, stack(0x00000039e8000000,0x00000039e8100000) (1024K)]
  0x000001c1a67a0e70 ConcurrentGCThread "G1 Refine#0"               [id=11200, stack(0x00000039e6000000,0x00000039e6100000) (1024K)]
  0x000001c1a67a2890 ConcurrentGCThread "G1 Service"                [id=20100, stack(0x00000039e6100000,0x00000039e6200000) (1024K)]
Total: 18

Threads with active compile tasks:
Total: 0

VM state: at safepoint (normal execution)

VM Mutex/Monitor currently owned by a thread:  ([mutex/lock_event])
[0x00007ffabe487308] Threads_lock - owner thread: 0x000001c1a692e7c0
[0x00007ffabe487408] Heap_lock - owner thread: 0x000001c1ae4a5a60

Heap address: 0x0000000704c00000, size: 4020 MB, Compressed Oops mode: Zero based, Oop shift amount: 3

CDS archive(s) not mapped
Compressed class space mapped at: 0x0000000800000000-0x0000000840000000, reserved size: 1073741824
Narrow klass base: 0x0000000800000000, Narrow klass shift: 0, Narrow klass range: 0x40000000

GC Precious Log:
 CardTable entry size: 512
 Card Set container configuration: InlinePtr #cards 4 size 8 Array Of Cards #cards 16 size 48 Howl #buckets 8 coarsen threshold 3686 Howl Bitmap #cards 512 size 80 coarsen threshold 460 Card regions per heap region 1 cards per card region 4096
 CPUs: 12 total, 12 available
 Memory: 16076M
 Large Page Support: Disabled
 NUMA Support: Disabled
 Compressed Oops: Enabled (Zero based)
 Heap Region Size: 2M
 Heap Min Capacity: 8M
 Heap Initial Capacity: 252M
 Heap Max Capacity: 4020M
 Pre-touch: Disabled
 Parallel Workers: 10
 Concurrent Workers: 3
 Concurrent Refinement Workers: 10
 Periodic GC: Disabled

Heap:
 garbage-first heap   total 137216K, used 120696K [0x0000000704c00000, 0x0000000800000000)
  region size 2048K, 41 young (83968K), 4 survivors (8192K)
 Metaspace       used 80438K, committed 81408K, reserved 1179648K
  class space    used 9605K, committed 10048K, reserved 1048576K

Heap Regions: E=young(eden), S=young(survivor), O=old, HS=humongous(starts), HC=humongous(continues), CS=collection set, F=free, TAMS=top-at-mark-start, PB=parsable bottom
|   0|0x0000000704c00000, 0x0000000704e00000, 0x0000000704e00000|100%| O|  |TAMS 0x0000000704c00000| PB 0x0000000704c00000| Untracked 
|   1|0x0000000704e00000, 0x0000000704ffffc8, 0x0000000705000000| 99%| O|  |TAMS 0x0000000704e00000| PB 0x0000000704e00000| Untracked 
|   2|0x0000000705000000, 0x0000000705200000, 0x0000000705200000|100%| O|  |TAMS 0x0000000705000000| PB 0x0000000705000000| Untracked 
|   3|0x0000000705200000, 0x00000007053ffff0, 0x0000000705400000| 99%| O|  |TAMS 0x0000000705200000| PB 0x0000000705200000| Untracked 
|   4|0x0000000705400000, 0x00000007055fffe8, 0x0000000705600000| 99%| O|  |TAMS 0x0000000705400000| PB 0x0000000705400000| Untracked 
|   5|0x0000000705600000, 0x00000007057ffff0, 0x0000000705800000| 99%| O|  |TAMS 0x0000000705600000| PB 0x0000000705600000| Untracked 
|   6|0x0000000705800000, 0x0000000705a00000, 0x0000000705a00000|100%| O|  |TAMS 0x0000000705800000| PB 0x0000000705800000| Untracked 
|   7|0x0000000705a00000, 0x0000000705bffff0, 0x0000000705c00000| 99%| O|  |TAMS 0x0000000705a00000| PB 0x0000000705a00000| Untracked 
|   8|0x0000000705c00000, 0x0000000705dffff8, 0x0000000705e00000| 99%| O|  |TAMS 0x0000000705c00000| PB 0x0000000705c00000| Untracked 
|   9|0x0000000705e00000, 0x0000000705fffff8, 0x0000000706000000| 99%| O|  |TAMS 0x0000000705e00000| PB 0x0000000705e00000| Untracked 
|  10|0x0000000706000000, 0x0000000706200000, 0x0000000706200000|100%| O|  |TAMS 0x0000000706000000| PB 0x0000000706000000| Untracked 
|  11|0x0000000706200000, 0x00000007063fffd8, 0x0000000706400000| 99%| O|  |TAMS 0x0000000706200000| PB 0x0000000706200000| Untracked 
|  12|0x0000000706400000, 0x0000000706600000, 0x0000000706600000|100%| O|  |TAMS 0x0000000706400000| PB 0x0000000706400000| Untracked 
|  13|0x0000000706600000, 0x00000007067ff830, 0x0000000706800000| 99%| O|  |TAMS 0x0000000706600000| PB 0x0000000706600000| Untracked 
|  14|0x0000000706800000, 0x00000007069d1140, 0x0000000706a00000| 90%| O|  |TAMS 0x0000000706800000| PB 0x0000000706800000| Untracked 
|  15|0x0000000706a00000, 0x0000000706ba3578, 0x0000000706c00000| 81%| O|  |TAMS 0x0000000706a00000| PB 0x0000000706a00000| Untracked 
|  16|0x0000000706c00000, 0x0000000706dfffe8, 0x0000000706e00000| 99%| O|  |TAMS 0x0000000706c00000| PB 0x0000000706c00000| Untracked 
|  17|0x0000000706e00000, 0x0000000706f70450, 0x0000000707000000| 71%| O|  |TAMS 0x0000000706e00000| PB 0x0000000706e00000| Untracked 
|  18|0x0000000707000000, 0x0000000707191550, 0x0000000707200000| 78%| O|  |TAMS 0x0000000707000000| PB 0x0000000707000000| Untracked 
|  19|0x0000000707200000, 0x0000000707400000, 0x0000000707400000|100%| O|  |TAMS 0x0000000707200000| PB 0x0000000707200000| Untracked 
|  20|0x0000000707400000, 0x0000000707600000, 0x0000000707600000|100%| O|  |TAMS 0x0000000707400000| PB 0x0000000707400000| Untracked 
|  21|0x0000000707600000, 0x0000000707600000, 0x0000000707800000|  0%| F|  |TAMS 0x0000000707600000| PB 0x0000000707600000| Untracked 
|  22|0x0000000707800000, 0x00000007078b1600, 0x0000000707a00000| 34%| O|  |TAMS 0x0000000707800000| PB 0x0000000707800000| Untracked 
|  23|0x0000000707a00000, 0x0000000707a00000, 0x0000000707c00000|  0%| F|  |TAMS 0x0000000707a00000| PB 0x0000000707a00000| Untracked 
|  24|0x0000000707c00000, 0x0000000707ca9a60, 0x0000000707e00000| 33%| S|  |TAMS 0x0000000707c00000| PB 0x0000000707c00000| Complete 
|  25|0x0000000707e00000, 0x0000000708000000, 0x0000000708000000|100%| S|  |TAMS 0x0000000707e00000| PB 0x0000000707e00000| Complete 
|  26|0x0000000708000000, 0x0000000708200000, 0x0000000708200000|100%| S|  |TAMS 0x0000000708000000| PB 0x0000000708000000| Complete 
|  27|0x0000000708200000, 0x0000000708400000, 0x0000000708400000|100%| S|  |TAMS 0x0000000708200000| PB 0x0000000708200000| Complete 
|  28|0x0000000708400000, 0x0000000708600000, 0x0000000708600000|100%| E|CS|TAMS 0x0000000708400000| PB 0x0000000708400000| Complete 
|  29|0x0000000708600000, 0x0000000708800000, 0x0000000708800000|100%| E|CS|TAMS 0x0000000708600000| PB 0x0000000708600000| Complete 
|  30|0x0000000708800000, 0x00000007088b7540, 0x0000000708a00000| 35%| E|CS|TAMS 0x0000000708800000| PB 0x0000000708800000| Complete 
|  31|0x0000000708a00000, 0x0000000708c00000, 0x0000000708c00000|100%| E|CS|TAMS 0x0000000708a00000| PB 0x0000000708a00000| Complete 
|  32|0x0000000708c00000, 0x0000000708e00000, 0x0000000708e00000|100%| E|CS|TAMS 0x0000000708c00000| PB 0x0000000708c00000| Complete 
|  33|0x0000000708e00000, 0x0000000709000000, 0x0000000709000000|100%| E|CS|TAMS 0x0000000708e00000| PB 0x0000000708e00000| Complete 
|  34|0x0000000709000000, 0x0000000709200000, 0x0000000709200000|100%| E|CS|TAMS 0x0000000709000000| PB 0x0000000709000000| Complete 
|  35|0x0000000709200000, 0x0000000709400000, 0x0000000709400000|100%| E|CS|TAMS 0x0000000709200000| PB 0x0000000709200000| Complete 
|  36|0x0000000709400000, 0x0000000709600000, 0x0000000709600000|100%| E|CS|TAMS 0x0000000709400000| PB 0x0000000709400000| Complete 
|  37|0x0000000709600000, 0x0000000709800000, 0x0000000709800000|100%| E|CS|TAMS 0x0000000709600000| PB 0x0000000709600000| Complete 
|  38|0x0000000709800000, 0x0000000709a00000, 0x0000000709a00000|100%| E|CS|TAMS 0x0000000709800000| PB 0x0000000709800000| Complete 
|  39|0x0000000709a00000, 0x0000000709c00000, 0x0000000709c00000|100%| E|CS|TAMS 0x0000000709a00000| PB 0x0000000709a00000| Complete 
|  40|0x0000000709c00000, 0x0000000709e00000, 0x0000000709e00000|100%| E|CS|TAMS 0x0000000709c00000| PB 0x0000000709c00000| Complete 
|  41|0x0000000709e00000, 0x000000070a000000, 0x000000070a000000|100%| E|CS|TAMS 0x0000000709e00000| PB 0x0000000709e00000| Complete 
|  42|0x000000070a000000, 0x000000070a200000, 0x000000070a200000|100%| E|CS|TAMS 0x000000070a000000| PB 0x000000070a000000| Complete 
|  43|0x000000070a200000, 0x000000070a400000, 0x000000070a400000|100%| E|CS|TAMS 0x000000070a200000| PB 0x000000070a200000| Complete 
|  44|0x000000070a400000, 0x000000070a600000, 0x000000070a600000|100%| E|CS|TAMS 0x000000070a400000| PB 0x000000070a400000| Complete 
|  45|0x000000070a600000, 0x000000070a800000, 0x000000070a800000|100%| E|CS|TAMS 0x000000070a600000| PB 0x000000070a600000| Complete 
|  46|0x000000070a800000, 0x000000070aa00000, 0x000000070aa00000|100%| E|CS|TAMS 0x000000070a800000| PB 0x000000070a800000| Complete 
|  47|0x000000070aa00000, 0x000000070ac00000, 0x000000070ac00000|100%| E|CS|TAMS 0x000000070aa00000| PB 0x000000070aa00000| Complete 
|  48|0x000000070ac00000, 0x000000070ae00000, 0x000000070ae00000|100%| E|CS|TAMS 0x000000070ac00000| PB 0x000000070ac00000| Complete 
|  49|0x000000070ae00000, 0x000000070b000000, 0x000000070b000000|100%| E|CS|TAMS 0x000000070ae00000| PB 0x000000070ae00000| Complete 
|  50|0x000000070b000000, 0x000000070b200000, 0x000000070b200000|100%| E|CS|TAMS 0x000000070b000000| PB 0x000000070b000000| Complete 
|  51|0x000000070b200000, 0x000000070b400000, 0x000000070b400000|100%| E|CS|TAMS 0x000000070b200000| PB 0x000000070b200000| Complete 
|  52|0x000000070b400000, 0x000000070b600000, 0x000000070b600000|100%| E|CS|TAMS 0x000000070b400000| PB 0x000000070b400000| Complete 
|  53|0x000000070b600000, 0x000000070b800000, 0x000000070b800000|100%| E|CS|TAMS 0x000000070b600000| PB 0x000000070b600000| Complete 
|  54|0x000000070b800000, 0x000000070ba00000, 0x000000070ba00000|100%| E|CS|TAMS 0x000000070b800000| PB 0x000000070b800000| Complete 
|  55|0x000000070ba00000, 0x000000070bc00000, 0x000000070bc00000|100%| E|CS|TAMS 0x000000070ba00000| PB 0x000000070ba00000| Complete 
|  56|0x000000070bc00000, 0x000000070be00000, 0x000000070be00000|100%| E|CS|TAMS 0x000000070bc00000| PB 0x000000070bc00000| Complete 
|  57|0x000000070be00000, 0x000000070c000000, 0x000000070c000000|100%| E|CS|TAMS 0x000000070be00000| PB 0x000000070be00000| Complete 
|  58|0x000000070c000000, 0x000000070c200000, 0x000000070c200000|100%| E|CS|TAMS 0x000000070c000000| PB 0x000000070c000000| Complete 
|  59|0x000000070c200000, 0x000000070c400000, 0x000000070c400000|100%| E|CS|TAMS 0x000000070c200000| PB 0x000000070c200000| Complete 
|  60|0x000000070c400000, 0x000000070c600000, 0x000000070c600000|100%| E|CS|TAMS 0x000000070c400000| PB 0x000000070c400000| Complete 
|  61|0x000000070c600000, 0x000000070c800000, 0x000000070c800000|100%| E|CS|TAMS 0x000000070c600000| PB 0x000000070c600000| Complete 
|  62|0x000000070c800000, 0x000000070ca00000, 0x000000070ca00000|100%| E|CS|TAMS 0x000000070c800000| PB 0x000000070c800000| Complete 
|  63|0x000000070ca00000, 0x000000070cc00000, 0x000000070cc00000|100%| E|CS|TAMS 0x000000070ca00000| PB 0x000000070ca00000| Complete 
|  64|0x000000070cc00000, 0x000000070ce00000, 0x000000070ce00000|100%| E|CS|TAMS 0x000000070cc00000| PB 0x000000070cc00000| Complete 
|  65|0x000000070ce00000, 0x000000070d000000, 0x000000070d000000|100%| E|CS|TAMS 0x000000070ce00000| PB 0x000000070ce00000| Complete 
|  66|0x000000070d000000, 0x000000070d200000, 0x000000070d200000|100%| E|CS|TAMS 0x000000070d000000| PB 0x000000070d000000| Complete 

Card table byte_map: [0x000001c19f550000,0x000001c19fd30000] _byte_map_base: 0x000001c19bd2a000

Marking Bits: (CMBitMap*) 0x000001c197fa7ae0
 Bits: [0x000001c19fd30000, 0x000001c1a3c00000)

Polling page: 0x000001c195c10000

Metaspace:

Usage:
  Non-class:     69.17 MB used.
      Class:      9.38 MB used.
       Both:     78.55 MB used.

Virtual space:
  Non-class space:      128.00 MB reserved,      69.69 MB ( 54%) committed,  2 nodes.
      Class space:        1.00 GB reserved,       9.81 MB ( <1%) committed,  1 nodes.
             Both:        1.12 GB reserved,      79.50 MB (  7%) committed. 

Chunk freelists:
   Non-Class:  9.42 MB
       Class:  6.16 MB
        Both:  15.58 MB

MaxMetaspaceSize: unlimited
CompressedClassSpaceSize: 1.00 GB
Initial GC threshold: 21.00 MB
Current GC threshold: 131.25 MB
CDS: off
 - commit_granule_bytes: 65536.
 - commit_granule_words: 8192.
 - virtual_space_node_default_size: 8388608.
 - enlarge_chunks_in_place: 1.
 - use_allocation_guard: 0.


Internal statistics:

num_allocs_failed_limit: 6.
num_arena_births: 5894.
num_arena_deaths: 4658.
num_vsnodes_births: 3.
num_vsnodes_deaths: 0.
num_space_committed: 1592.
num_space_uncommitted: 130.
num_chunks_returned_to_freelist: 7508.
num_chunks_taken_from_freelist: 11764.
num_chunk_merges: 1457.
num_chunk_splits: 5273.
num_chunks_enlarged: 3783.
num_inconsistent_stats: 0.

CodeCache: size=49152Kb used=11600Kb max_used=23898Kb free=37552Kb
 bounds [0x000001c19ba30000, 0x000001c19d220000, 0x000001c19ea30000]
 total_blobs=5874 nmethods=5190 adapters=607
 compilation: enabled
              stopped_count=0, restarted_count=0
 full_count=0

Compilation events (20 events):
Event: 25791.177 Thread 0x000001c1aea5eb90 nmethod 56883 0x000001c19c9f4b10 code [0x000001c19c9f4ce0, 0x000001c19c9f4f50]
Event: 25791.177 Thread 0x000001c1aea5f260 nmethod 56884 0x000001c19ca34090 code [0x000001c19ca34260, 0x000001c19ca344d0]
Event: 25791.178 Thread 0x000001c1aea5f260 56885       1       org.springframework.beans.factory.config.DependencyDescriptor::getResolvableType (49 bytes)
Event: 25791.178 Thread 0x000001c1aea5f260 nmethod 56885 0x000001c19bdb9d90 code [0x000001c19bdb9f80, 0x000001c19bdba300]
Event: 25791.179 Thread 0x000001c1aea5f260 56886   !   1       org.springframework.beans.factory.support.DefaultSingletonBeanRegistry::addSingleton (65 bytes)
Event: 25791.179 Thread 0x000001c1aea5f930 56887       1       org.springframework.beans.factory.config.DependencyDescriptor::<init> (83 bytes)
Event: 25791.179 Thread 0x000001c1aea5eb90 56888       1       org.springframework.beans.factory.InjectionPoint::<init> (47 bytes)
Event: 25791.179 Thread 0x000001c1aea5f260 nmethod 56886 0x000001c19bfa0a90 code [0x000001c19bfa0c60, 0x000001c19bfa0f88]
Event: 25791.179 Thread 0x000001c1aea5f930 nmethod 56887 0x000001c19cb86a10 code [0x000001c19cb86bc0, 0x000001c19cb86f08]
Event: 25791.179 Thread 0x000001c1aea5eb90 nmethod 56888 0x000001c19c5b0b10 code [0x000001c19c5b0cc0, 0x000001c19c5b0f98]
Event: 25791.179 Thread 0x000001c1aea5eb90 56889       1       jdk.proxy2.$Proxy41::<init> (6 bytes)
Event: 25791.180 Thread 0x000001c1aea5eb90 nmethod 56889 0x000001c19c629110 code [0x000001c19c6292c0, 0x000001c19c6294a0]
Event: 25791.181 Thread 0x000001c1aea5eb90 56890       1       java.lang.StackStreamFactory$StackFrameTraverser::characteristics (4 bytes)
Event: 25791.181 Thread 0x000001c1aea5eb90 nmethod 56890 0x000001c19c5d0910 code [0x000001c19c5d0aa0, 0x000001c19c5d0b68]
Event: 25791.182 Thread 0x000001c1aea5f260 56891       1       java.lang.invoke.LambdaForm$MH/0x00000008007f4000::invoke (42 bytes)
Event: 25791.182 Thread 0x000001c1aea5eb90 56892       1       jdk.proxy2.$Proxy75::<init> (6 bytes)
Event: 25791.182 Thread 0x000001c1aea5eb90 nmethod 56892 0x000001c19c636690 code [0x000001c19c636840, 0x000001c19c636a20]
Event: 25791.183 Thread 0x000001c1aea5f260 nmethod 56891 0x000001c19bf91310 code [0x000001c19bf91500, 0x000001c19bf91868]
Event: 25791.183 Thread 0x000001c1a69c0980 56893       1       org.springframework.beans.factory.support.DefaultListableBeanFactory::addCandidateEntry (112 bytes)
Event: 25791.183 Thread 0x000001c1a69c0980 nmethod 56893 0x000001c19bc4e210 code [0x000001c19bc4e440, 0x000001c19bc4e8e0]

GC Heap History (20 events):
Event: 25756.926 GC heap after
{Heap after GC invocations=2836 (full 29):
 garbage-first heap   total 143360K, used 49261K [0x0000000704c00000, 0x0000000800000000)
  region size 2048K, 2 young (4096K), 2 survivors (4096K)
 Metaspace       used 79070K, committed 79936K, reserved 1179648K
  class space    used 9462K, committed 9856K, reserved 1048576K
}
Event: 25763.880 GC heap before
{Heap before GC invocations=2836 (full 29):
 garbage-first heap   total 143360K, used 129133K [0x0000000704c00000, 0x0000000800000000)
  region size 2048K, 41 young (83968K), 2 survivors (4096K)
 Metaspace       used 79070K, committed 79936K, reserved 1179648K
  class space    used 9462K, committed 9856K, reserved 1048576K
}
Event: 25763.882 GC heap after
{Heap after GC invocations=2837 (full 29):
 garbage-first heap   total 143360K, used 48994K [0x0000000704c00000, 0x0000000800000000)
  region size 2048K, 2 young (4096K), 2 survivors (4096K)
 Metaspace       used 79070K, committed 79936K, reserved 1179648K
  class space    used 9462K, committed 9856K, reserved 1048576K
}
Event: 25770.849 GC heap before
{Heap before GC invocations=2837 (full 29):
 garbage-first heap   total 143360K, used 128866K [0x0000000704c00000, 0x0000000800000000)
  region size 2048K, 41 young (83968K), 2 survivors (4096K)
 Metaspace       used 79070K, committed 79936K, reserved 1179648K
  class space    used 9462K, committed 9856K, reserved 1048576K
}
Event: 25770.850 GC heap after
{Heap after GC invocations=2838 (full 29):
 garbage-first heap   total 143360K, used 46691K [0x0000000704c00000, 0x0000000800000000)
  region size 2048K, 1 young (2048K), 1 survivors (2048K)
 Metaspace       used 79070K, committed 79936K, reserved 1179648K
  class space    used 9462K, committed 9856K, reserved 1048576K
}
Event: 25777.898 GC heap before
{Heap before GC invocations=2838 (full 29):
 garbage-first heap   total 143360K, used 130659K [0x0000000704c00000, 0x0000000800000000)
  region size 2048K, 42 young (86016K), 1 survivors (2048K)
 Metaspace       used 79070K, committed 79936K, reserved 1179648K
  class space    used 9462K, committed 9856K, reserved 1048576K
}
Event: 25777.900 GC heap after
{Heap after GC invocations=2839 (full 29):
 garbage-first heap   total 143360K, used 47835K [0x0000000704c00000, 0x0000000800000000)
  region size 2048K, 1 young (2048K), 1 survivors (2048K)
 Metaspace       used 79070K, committed 79936K, reserved 1179648K
  class space    used 9462K, committed 9856K, reserved 1048576K
}
Event: 25784.977 GC heap before
{Heap before GC invocations=2839 (full 29):
 garbage-first heap   total 143360K, used 131803K [0x0000000704c00000, 0x0000000800000000)
  region size 2048K, 42 young (86016K), 1 survivors (2048K)
 Metaspace       used 79070K, committed 79936K, reserved 1179648K
  class space    used 9462K, committed 9856K, reserved 1048576K
}
Event: 25784.979 GC heap after
{Heap after GC invocations=2840 (full 29):
 garbage-first heap   total 143360K, used 49147K [0x0000000704c00000, 0x0000000800000000)
  region size 2048K, 2 young (4096K), 2 survivors (4096K)
 Metaspace       used 79070K, committed 79936K, reserved 1179648K
  class space    used 9462K, committed 9856K, reserved 1048576K
}
Event: 25787.213 GC heap before
{Heap before GC invocations=2840 (full 29):
 garbage-first heap   total 143360K, used 81915K [0x0000000704c00000, 0x0000000800000000)
  region size 2048K, 19 young (38912K), 2 survivors (4096K)
 Metaspace       used 79088K, committed 79936K, reserved 1179648K
  class space    used 9465K, committed 9856K, reserved 1048576K
}
Event: 25787.248 GC heap after
{Heap after GC invocations=2841 (full 30):
 garbage-first heap   total 137216K, used 37857K [0x0000000704c00000, 0x0000000800000000)
  region size 2048K, 0 young (0K), 0 survivors (0K)
 Metaspace       used 79082K, committed 79936K, reserved 1179648K
  class space    used 9464K, committed 9856K, reserved 1048576K
}
Event: 25790.963 GC heap before
{Heap before GC invocations=2841 (full 30):
 garbage-first heap   total 137216K, used 119777K [0x0000000704c00000, 0x0000000800000000)
  region size 2048K, 40 young (81920K), 0 survivors (0K)
 Metaspace       used 79679K, committed 80640K, reserved 1179648K
  class space    used 9548K, committed 9984K, reserved 1048576K
}
Event: 25790.966 GC heap after
{Heap after GC invocations=2842 (full 30):
 garbage-first heap   total 137216K, used 42349K [0x0000000704c00000, 0x0000000800000000)
  region size 2048K, 3 young (6144K), 3 survivors (6144K)
 Metaspace       used 79679K, committed 80640K, reserved 1179648K
  class space    used 9548K, committed 9984K, reserved 1048576K
}
Event: 25791.073 GC heap before
{Heap before GC invocations=2842 (full 30):
 garbage-first heap   total 137216K, used 56685K [0x0000000704c00000, 0x0000000800000000)
  region size 2048K, 11 young (22528K), 3 survivors (6144K)
 Metaspace       used 79728K, committed 80640K, reserved 1179648K
  class space    used 9560K, committed 9984K, reserved 1048576K
}
Event: 25791.077 GC heap after
{Heap after GC invocations=2843 (full 30):
 garbage-first heap   total 137216K, used 42948K [0x0000000704c00000, 0x0000000800000000)
  region size 2048K, 3 young (6144K), 3 survivors (6144K)
 Metaspace       used 79728K, committed 80640K, reserved 1179648K
  class space    used 9560K, committed 9984K, reserved 1048576K
}
Event: 25799.534 GC heap before
{Heap before GC invocations=2844 (full 30):
 garbage-first heap   total 137216K, used 118724K [0x0000000704c00000, 0x0000000800000000)
  region size 2048K, 40 young (81920K), 3 survivors (6144K)
 Metaspace       used 80438K, committed 81408K, reserved 1179648K
  class space    used 9605K, committed 10048K, reserved 1048576K
}
Event: 25799.539 GC heap after
{Heap after GC invocations=2845 (full 30):
 garbage-first heap   total 137216K, used 45260K [0x0000000704c00000, 0x0000000800000000)
  region size 2048K, 4 young (8192K), 4 survivors (8192K)
 Metaspace       used 80438K, committed 81408K, reserved 1179648K
  class space    used 9605K, committed 10048K, reserved 1048576K
}
Event: 25808.910 GC heap before
{Heap before GC invocations=2845 (full 30):
 garbage-first heap   total 137216K, used 116940K [0x0000000704c00000, 0x0000000800000000)
  region size 2048K, 39 young (79872K), 4 survivors (8192K)
 Metaspace       used 80438K, committed 81408K, reserved 1179648K
  class space    used 9605K, committed 10048K, reserved 1048576K
}
Event: 25808.913 GC heap after
{Heap after GC invocations=2846 (full 30):
 garbage-first heap   total 137216K, used 44920K [0x0000000704c00000, 0x0000000800000000)
  region size 2048K, 2 young (4096K), 2 survivors (4096K)
 Metaspace       used 80438K, committed 81408K, reserved 1179648K
  class space    used 9605K, committed 10048K, reserved 1048576K
}
Event: 25818.341 GC heap before
{Heap before GC invocations=2846 (full 30):
 garbage-first heap   total 137216K, used 120696K [0x0000000704c00000, 0x0000000800000000)
  region size 2048K, 39 young (79872K), 2 survivors (4096K)
 Metaspace       used 80438K, committed 81408K, reserved 1179648K
  class space    used 9605K, committed 10048K, reserved 1048576K
}

Dll operation events (12 events):
Event: 0.006 Loaded shared library D:\STS\sts-4.25.0.RELEASE\plugins\org.eclipse.justj.openjdk.hotspot.jre.full.win32.x86_64_21.0.4.v20240802-1551\jre\bin\java.dll
Event: 0.010 Loaded shared library D:\STS\sts-4.25.0.RELEASE\plugins\org.eclipse.justj.openjdk.hotspot.jre.full.win32.x86_64_21.0.4.v20240802-1551\jre\bin\zip.dll
Event: 0.230 Loaded shared library D:\STS\sts-4.25.0.RELEASE\plugins\org.eclipse.justj.openjdk.hotspot.jre.full.win32.x86_64_21.0.4.v20240802-1551\jre\bin\instrument.dll
Event: 0.238 Loaded shared library D:\STS\sts-4.25.0.RELEASE\plugins\org.eclipse.justj.openjdk.hotspot.jre.full.win32.x86_64_21.0.4.v20240802-1551\jre\bin\net.dll
Event: 0.239 Loaded shared library D:\STS\sts-4.25.0.RELEASE\plugins\org.eclipse.justj.openjdk.hotspot.jre.full.win32.x86_64_21.0.4.v20240802-1551\jre\bin\nio.dll
Event: 0.246 Loaded shared library D:\STS\sts-4.25.0.RELEASE\plugins\org.eclipse.justj.openjdk.hotspot.jre.full.win32.x86_64_21.0.4.v20240802-1551\jre\bin\zip.dll
Event: 0.362 Loaded shared library D:\STS\sts-4.25.0.RELEASE\plugins\org.eclipse.justj.openjdk.hotspot.jre.full.win32.x86_64_21.0.4.v20240802-1551\jre\bin\jimage.dll
Event: 0.401 Loaded shared library D:\STS\sts-4.25.0.RELEASE\plugins\org.eclipse.justj.openjdk.hotspot.jre.full.win32.x86_64_21.0.4.v20240802-1551\jre\bin\management.dll
Event: 0.409 Loaded shared library D:\STS\sts-4.25.0.RELEASE\plugins\org.eclipse.justj.openjdk.hotspot.jre.full.win32.x86_64_21.0.4.v20240802-1551\jre\bin\management_ext.dll
Event: 0.598 Loaded shared library D:\STS\sts-4.25.0.RELEASE\plugins\org.eclipse.justj.openjdk.hotspot.jre.full.win32.x86_64_21.0.4.v20240802-1551\jre\bin\extnet.dll
Event: 0.622 Loaded shared library D:\STS\sts-4.25.0.RELEASE\plugins\org.eclipse.justj.openjdk.hotspot.jre.full.win32.x86_64_21.0.4.v20240802-1551\jre\bin\verify.dll
Event: 19.187 Loaded shared library D:\STS\sts-4.25.0.RELEASE\plugins\org.eclipse.justj.openjdk.hotspot.jre.full.win32.x86_64_21.0.4.v20240802-1551\jre\bin\sunmscapi.dll

Deoptimization events (20 events):
Event: 25791.175 Thread 0x000001c1add26b00 DEOPT PACKING pc=0x000001c19cc5a36c sp=0x00000039e59f9bb0
Event: 25791.175 Thread 0x000001c1add26b00 DEOPT UNPACKING pc=0x000001c19ba84e42 sp=0x00000039e59f90e8 mode 1
Event: 25791.175 Thread 0x000001c1add26b00 DEOPT PACKING pc=0x000001c19cc56034 sp=0x00000039e59f9ca0
Event: 25791.175 Thread 0x000001c1add26b00 DEOPT UNPACKING pc=0x000001c19ba84e42 sp=0x00000039e59f9248 mode 1
Event: 25791.175 Thread 0x000001c1add26b00 DEOPT PACKING pc=0x000001c19cc57cac sp=0x00000039e59f9e00
Event: 25791.175 Thread 0x000001c1add26b00 DEOPT UNPACKING pc=0x000001c19ba84e42 sp=0x00000039e59f93c0 mode 1
Event: 25791.175 Thread 0x000001c1add26b00 DEOPT PACKING pc=0x000001c19cc5a36c sp=0x00000039e59f9bb0
Event: 25791.175 Thread 0x000001c1add26b00 DEOPT UNPACKING pc=0x000001c19ba84e42 sp=0x00000039e59f90e8 mode 1
Event: 25791.175 Thread 0x000001c1add26b00 DEOPT PACKING pc=0x000001c19cc56034 sp=0x00000039e59f9ca0
Event: 25791.175 Thread 0x000001c1add26b00 DEOPT UNPACKING pc=0x000001c19ba84e42 sp=0x00000039e59f9248 mode 1
Event: 25791.175 Thread 0x000001c1add26b00 DEOPT PACKING pc=0x000001c19cc57cac sp=0x00000039e59f9e00
Event: 25791.175 Thread 0x000001c1add26b00 DEOPT UNPACKING pc=0x000001c19ba84e42 sp=0x00000039e59f93c0 mode 1
Event: 25791.180 Thread 0x000001c1add26b00 DEOPT PACKING pc=0x000001c19cc5a36c sp=0x00000039e59fd250
Event: 25791.180 Thread 0x000001c1add26b00 DEOPT UNPACKING pc=0x000001c19ba84e42 sp=0x00000039e59fc788 mode 1
Event: 25791.180 Thread 0x000001c1add26b00 DEOPT PACKING pc=0x000001c19cc56034 sp=0x00000039e59fd340
Event: 25791.180 Thread 0x000001c1add26b00 DEOPT UNPACKING pc=0x000001c19ba84e42 sp=0x00000039e59fc8e8 mode 1
Event: 25791.180 Thread 0x000001c1add26b00 DEOPT PACKING pc=0x000001c19cc57cac sp=0x00000039e59fd4a0
Event: 25791.180 Thread 0x000001c1add26b00 DEOPT UNPACKING pc=0x000001c19ba84e42 sp=0x00000039e59fca60 mode 1
Event: 25815.592 Thread 0x000001c1add26b00 DEOPT PACKING pc=0x000001c19bfc1b14 sp=0x00000039e59fe020
Event: 25815.592 Thread 0x000001c1add26b00 DEOPT UNPACKING pc=0x000001c19ba84e42 sp=0x00000039e59fd4d8 mode 0

Classes loaded (20 events):
Event: 25576.148 Loading class org/xml/sax/Parser
Event: 25576.148 Loading class org/xml/sax/Parser done
Event: 25576.148 Loading class org/xml/sax/Locator
Event: 25576.148 Loading class org/xml/sax/Locator done
Event: 25576.150 Loading class org/xml/sax/Attributes
Event: 25576.150 Loading class org/xml/sax/Attributes done
Event: 25576.150 Loading class org/xml/sax/AttributeList
Event: 25576.150 Loading class org/xml/sax/AttributeList done
Event: 25576.152 Loading class org/xml/sax/SAXNotSupportedException
Event: 25576.152 Loading class org/xml/sax/SAXNotSupportedException done
Event: 25576.152 Loading class org/xml/sax/SAXNotRecognizedException
Event: 25576.152 Loading class org/xml/sax/SAXNotRecognizedException done
Event: 25576.714 Loading class java/lang/Throwable$WrappedPrintWriter
Event: 25576.714 Loading class java/lang/Throwable$WrappedPrintWriter done
Event: 25790.968 Loading class java/time/DurationEditor
Event: 25790.968 Loading class java/time/DurationEditor done
Event: 25791.056 Loading class java/lang/ObjectCustomizer
Event: 25791.056 Loading class java/lang/ObjectCustomizer done
Event: 25791.056 Loading class java/lang/ObjectCustomizer
Event: 25791.056 Loading class java/lang/ObjectCustomizer done

Classes unloaded (20 events):
Event: 25728.421 Thread 0x000001c1a692e7c0 Unloading class 0x00000008008fc400 'java/lang/invoke/LambdaForm$MH+0x00000008008fc400'
Event: 25728.421 Thread 0x000001c1a692e7c0 Unloading class 0x0000000800904800 'java/lang/invoke/LambdaForm$MH+0x0000000800904800'
Event: 25728.421 Thread 0x000001c1a692e7c0 Unloading class 0x000000080028c000 'java/lang/invoke/LambdaForm$MH+0x000000080028c000'
Event: 25728.421 Thread 0x000001c1a692e7c0 Unloading class 0x00000008007e8800 'java/lang/invoke/LambdaForm$MH+0x00000008007e8800'
Event: 25728.421 Thread 0x000001c1a692e7c0 Unloading class 0x00000008008e5c00 'java/lang/invoke/LambdaForm$MH+0x00000008008e5c00'
Event: 25728.421 Thread 0x000001c1a692e7c0 Unloading class 0x0000000800846000 'java/lang/invoke/LambdaForm$MH+0x0000000800846000'
Event: 25728.421 Thread 0x000001c1a692e7c0 Unloading class 0x00000008008d8000 'java/lang/invoke/LambdaForm$MH+0x00000008008d8000'
Event: 25728.421 Thread 0x000001c1a692e7c0 Unloading class 0x0000000800598000 'java/lang/invoke/LambdaForm$MH+0x0000000800598000'
Event: 25728.421 Thread 0x000001c1a692e7c0 Unloading class 0x0000000800811c00 'java/lang/invoke/LambdaForm$MH+0x0000000800811c00'
Event: 25728.421 Thread 0x000001c1a692e7c0 Unloading class 0x00000008007ea400 'java/lang/invoke/LambdaForm$MH+0x00000008007ea400'
Event: 25728.421 Thread 0x000001c1a692e7c0 Unloading class 0x0000000800844c00 'java/lang/invoke/LambdaForm$MH+0x0000000800844c00'
Event: 25728.421 Thread 0x000001c1a692e7c0 Unloading class 0x0000000800844400 'java/lang/invoke/LambdaForm$MH+0x0000000800844400'
Event: 25728.421 Thread 0x000001c1a692e7c0 Unloading class 0x00000008007e0800 'java/lang/invoke/LambdaForm$MH+0x00000008007e0800'
Event: 25728.421 Thread 0x000001c1a692e7c0 Unloading class 0x0000000800906400 'java/lang/invoke/LambdaForm$MH+0x0000000800906400'
Event: 25728.421 Thread 0x000001c1a692e7c0 Unloading class 0x0000000800905c00 'java/lang/invoke/LambdaForm$MH+0x0000000800905c00'
Event: 25728.421 Thread 0x000001c1a692e7c0 Unloading class 0x0000000800805c00 'java/lang/invoke/LambdaForm$MH+0x0000000800805c00'
Event: 25728.421 Thread 0x000001c1a692e7c0 Unloading class 0x00000008008fdc00 'java/lang/invoke/LambdaForm$MH+0x00000008008fdc00'
Event: 25787.226 Thread 0x000001c1a692e7c0 Unloading class 0x00000008007eb000 'java/lang/invoke/LambdaForm$MH+0x00000008007eb000'
Event: 25787.226 Thread 0x000001c1a692e7c0 Unloading class 0x00000008007ea000 'java/lang/invoke/LambdaForm$DMH+0x00000008007ea000'
Event: 25787.226 Thread 0x000001c1a692e7c0 Unloading class 0x0000000800304c00 'java/lang/invoke/LambdaForm$MH+0x0000000800304c00'

Classes redefined (20 events):
Event: 1223.441 Thread 0x000001c1a692e7c0 redefined class name=com.cotodel.hrms.web.service.Impl.BulkEmployeeServiceImpl, count=1
Event: 1223.441 Thread 0x000001c1a692e7c0 redefined class name=com.cotodel.hrms.web.service.Impl.BulkInviteServiceImpl, count=1
Event: 1223.441 Thread 0x000001c1a692e7c0 redefined class name=com.cotodel.hrms.web.service.Impl.BulkVoucherServiceImpl, count=1
Event: 1223.441 Thread 0x000001c1a692e7c0 redefined class name=com.cotodel.hrms.web.service.Impl.CashfreePaymentServiceImpl, count=1
Event: 1223.441 Thread 0x000001c1a692e7c0 redefined class name=com.cotodel.hrms.web.service.Impl.CompanyServiceImpl, count=1
Event: 1223.441 Thread 0x000001c1a692e7c0 redefined class name=com.cotodel.hrms.web.service.Impl.DepartmentMasterServiceImpl, count=1
Event: 1223.441 Thread 0x000001c1a692e7c0 redefined class name=com.cotodel.hrms.web.service.Impl.EmployeeBandSettingServiceImpl, count=1
Event: 1223.441 Thread 0x000001c1a692e7c0 redefined class name=com.cotodel.hrms.web.service.Impl.EmployeeDetailServiceImpl, count=1
Event: 1223.441 Thread 0x000001c1a692e7c0 redefined class name=com.cotodel.hrms.web.service.Impl.ErupiVoucherCreateDetailsServiceImpl, count=1
Event: 1223.441 Thread 0x000001c1a692e7c0 redefined class name=com.cotodel.hrms.web.service.Impl.ExpensesTravelImpl, count=1
Event: 1223.441 Thread 0x000001c1a692e7c0 redefined class name=com.cotodel.hrms.web.service.Impl.LoginServiceImpl, count=1
Event: 1223.441 Thread 0x000001c1a692e7c0 redefined class name=com.cotodel.hrms.web.service.Impl.MasterServiceImpl, count=1
Event: 1223.441 Thread 0x000001c1a692e7c0 redefined class name=com.cotodel.hrms.web.service.Impl.PayrollServiceImpl, count=1
Event: 1223.441 Thread 0x000001c1a692e7c0 redefined class name=com.cotodel.hrms.web.service.Impl.ReCaptchaServiceImpl, count=1
Event: 1223.441 Thread 0x000001c1a692e7c0 redefined class name=com.cotodel.hrms.web.service.Impl.ReputeServiceImpl, count=1
Event: 1223.441 Thread 0x000001c1a692e7c0 redefined class name=com.cotodel.hrms.web.service.Impl.RoleAccessServiceImpl, count=1
Event: 1223.441 Thread 0x000001c1a692e7c0 redefined class name=com.cotodel.hrms.web.service.Impl.VehicleManagementServiceImpl, count=1
Event: 1223.441 Thread 0x000001c1a692e7c0 redefined class name=com.cotodel.hrms.web.service.Impl.jobTitlemasterServiceImpl, count=1
Event: 1223.441 Thread 0x000001c1a692e7c0 redefined class name=com.cotodel.hrms.web.service.Impl.ExpensesReimbursementServiceImpl, count=1
Event: 1223.441 Thread 0x000001c1a692e7c0 redefined class name=com.cotodel.hrms.web.service.Impl.managerMasterServiceImpl, count=1

Internal exceptions (20 events):
Event: 25632.762 Thread 0x000001c1ac18e180 Exception <a 'java/lang/NoSuchMethodError'{0x000000070b60b7b8}: static [B.<clinit>()V> (0x000000070b60b7b8) 
thrown [s\src\hotspot\share\prims\jni.cpp, line 1111]
Event: 25787.209 Thread 0x000001c1ae4a60f0 Exception <a 'java/lang/InterruptedException'{0x000000070b6a1d78}: sleep interrupted> (0x000000070b6a1d78) 
thrown [s\src\hotspot\share\prims\jvm.cpp, line 3074]
Event: 25787.282 Thread 0x000001c1add26b00 Exception <a 'sun/nio/fs/WindowsException'{0x000000070d0d8160}> (0x000000070d0d8160) 
thrown [s\src\hotspot\share\prims\jni.cpp, line 520]
Event: 25787.328 Thread 0x000001c1add26b00 Exception <a 'java/lang/NoSuchMethodError'{0x000000070cfdc8b0}: 'void java.lang.invoke.DelegatingMethodHandle$Holder.reinvoke_L(java.lang.Object, java.lang.Object, int)'> (0x000000070cfdc8b0) 
thrown [s\src\hotspot\share\interpreter\linkResolver.cpp, line 773]
Event: 25787.342 Thread 0x000001c1add26b00 Exception <a 'java/lang/NoSuchMethodError'{0x000000070cc9ed08}: 'java.lang.Object java.lang.invoke.DelegatingMethodHandle$Holder.reinvoke_L(java.lang.Object, int, java.lang.Object, java.lang.Object, java.lang.Object, java.lang.Object, java.lang.Object, java.lang.Object, java.lang.Object)'> (0x000000070cc9ed08) 
thrown [s\src\hotspot\share\interpreter\linkResolver.cpp, line 773]
Event: 25787.355 Thread 0x000001c1add26b00 Exception <a 'java/lang/NoSuchMethodError'{0x000000070ca4fe58}: 'long java.lang.invoke.DelegatingMethodHandle$Holder.reinvoke_L(java.lang.Object, java.lang.Object)'> (0x000000070ca4fe58) 
thrown [s\src\hotspot\share\interpreter\linkResolver.cpp, line 773]
Event: 25790.929 Thread 0x000001c1add26b00 Exception <a 'java/lang/NoClassDefFoundError'{0x000000070865a9f8}: org/flywaydb/core/Flyway> (0x000000070865a9f8) 
thrown [s\src\hotspot\share\oops\constantPool.cpp, line 873]
Event: 25790.930 Thread 0x000001c1add26b00 Exception <a 'java/lang/NoClassDefFoundError'{0x000000070865b058}: liquibase/integration/spring/SpringLiquibase> (0x000000070865b058) 
thrown [s\src\hotspot\share\oops\constantPool.cpp, line 873]
Event: 25791.003 Thread 0x000001c1add26b00 Exception <a 'java/lang/NoSuchMethodError'{0x000000070cb9e3a0}: 'int java.lang.invoke.DirectMethodHandle$Holder.invokeVirtual(java.lang.Object, java.lang.Object, java.lang.Object, java.lang.Object)'> (0x000000070cb9e3a0) 
thrown [s\src\hotspot\share\interpreter\linkResolver.cpp, line 773]
Event: 25791.003 Thread 0x000001c1add26b00 Exception <a 'java/lang/NoSuchMethodError'{0x000000070cba1988}: 'int java.lang.invoke.DelegatingMethodHandle$Holder.reinvoke_L(java.lang.Object, java.lang.Object, java.lang.Object, java.lang.Object)'> (0x000000070cba1988) 
thrown [s\src\hotspot\share\interpreter\linkResolver.cpp, line 773]
Event: 25791.037 Thread 0x000001c1add26b00 Exception <a 'java/io/FileNotFoundException'{0x000000070c72e078}> (0x000000070c72e078) 
thrown [s\src\hotspot\share\prims\jni.cpp, line 520]
Event: 25791.056 Thread 0x000001c1add26b00 Exception <a 'java/lang/ClassNotFoundException'{0x000000070c51c158}: java/lang/ObjectCustomizer> (0x000000070c51c158) 
thrown [s\src\hotspot\share\classfile\systemDictionary.cpp, line 312]
Event: 25791.058 Thread 0x000001c1add26b00 Exception <a 'java/lang/ClassNotFoundException'{0x000000070c527b98}: org/springframework/security/config/annotation/web/configuration/WebSecurityConfigurerAdapterCustomizer> (0x000000070c527b98) 
thrown [s\src\hotspot\share\classfile\systemDictionary.cpp, line 312]
Event: 25791.059 Thread 0x000001c1add26b00 Exception <a 'java/lang/ClassNotFoundException'{0x000000070c53b210}: com/cotodel/hrms/web/config/LoginSecurityConfigurationCustomizer> (0x000000070c53b210) 
thrown [s\src\hotspot\share\classfile\systemDictionary.cpp, line 312]
Event: 25791.060 Thread 0x000001c1add26b00 Exception <a 'java/lang/ClassNotFoundException'{0x000000070c546fe8}: com/cotodel/hrms/web/config/LoginSecurityConfiguration$$EnhancerBySpringCGLIB$$1767658Customizer> (0x000000070c546fe8) 
thrown [s\src\hotspot\share\classfile\systemDictionary.cpp, line 312]
Event: 25791.061 Thread 0x000001c1add26b00 Exception <a 'java/lang/ClassNotFoundException'{0x000000070c55bfb0}: org/springframework/context/annotation/ConfigurationClassEnhancer$EnhancedConfigurationCustomizer> (0x000000070c55bfb0) 
thrown [s\src\hotspot\share\classfile\systemDictionary.cpp, line 312]
Event: 25791.062 Thread 0x000001c1add26b00 Exception <a 'java/lang/ClassNotFoundException'{0x000000070c562a20}: org/springframework/beans/factory/BeanFactoryAwareCustomizer> (0x000000070c562a20) 
thrown [s\src\hotspot\share\classfile\systemDictionary.cpp, line 312]
Event: 25791.063 Thread 0x000001c1add26b00 Exception <a 'java/lang/ClassNotFoundException'{0x000000070c56a898}: org/springframework/beans/factory/AwareCustomizer> (0x000000070c56a898) 
thrown [s\src\hotspot\share\classfile\systemDictionary.cpp, line 312]
Event: 25791.063 Thread 0x000001c1add26b00 Exception <a 'java/lang/ClassNotFoundException'{0x000000070c571630}: org/springframework/security/config/annotation/web/WebSecurityConfigurerCustomizer> (0x000000070c571630) 
thrown [s\src\hotspot\share\classfile\systemDictionary.cpp, line 312]
Event: 25791.064 Thread 0x000001c1add26b00 Exception <a 'java/lang/ClassNotFoundException'{0x000000070c5786c8}: org/springframework/security/config/annotation/SecurityConfigurerCustomizer> (0x000000070c5786c8) 
thrown [s\src\hotspot\share\classfile\systemDictionary.cpp, line 312]

ZGC Phase Switch (0 events):
No events

VM Operations (20 events):
Event: 25815.733 Executing VM operation: get/set locals done
Event: 25815.734 Executing VM operation: get/set locals
Event: 25815.734 Executing VM operation: get/set locals done
Event: 25815.734 Executing VM operation: get/set locals
Event: 25815.734 Executing VM operation: get/set locals done
Event: 25815.735 Executing VM operation: get/set locals
Event: 25815.735 Executing VM operation: get/set locals done
Event: 25815.735 Executing VM operation: get/set locals
Event: 25815.735 Executing VM operation: get/set locals done
Event: 25815.735 Executing VM operation: get/set locals
Event: 25815.735 Executing VM operation: get/set locals done
Event: 25815.736 Executing VM operation: get/set locals
Event: 25815.736 Executing VM operation: get/set locals done
Event: 25815.736 Executing VM operation: get/set locals
Event: 25815.737 Executing VM operation: get/set locals done
Event: 25815.737 Executing VM operation: get/set locals
Event: 25815.737 Executing VM operation: get/set locals done
Event: 25815.738 Executing VM operation: get/set locals
Event: 25815.738 Executing VM operation: get/set locals done
Event: 25818.341 Executing VM operation: G1CollectForAllocation (G1 Evacuation Pause)

Memory protections (0 events):
No events

Nmethod flushes (20 events):
Event: 25791.101 Thread 0x000001c1a692e7c0 flushing  nmethod 0x000001c19cf74890
Event: 25791.101 Thread 0x000001c1a692e7c0 flushing  nmethod 0x000001c19cf7b790
Event: 25791.101 Thread 0x000001c1a692e7c0 flushing  nmethod 0x000001c19cf7bc90
Event: 25791.101 Thread 0x000001c1a692e7c0 flushing  nmethod 0x000001c19cf7fe90
Event: 25791.101 Thread 0x000001c1a692e7c0 flushing  nmethod 0x000001c19cf80410
Event: 25791.101 Thread 0x000001c1a692e7c0 flushing  nmethod 0x000001c19cfa7e10
Event: 25791.101 Thread 0x000001c1a692e7c0 flushing  nmethod 0x000001c19cfac190
Event: 25791.101 Thread 0x000001c1a692e7c0 flushing  nmethod 0x000001c19cfae510
Event: 25791.101 Thread 0x000001c1a692e7c0 flushing  nmethod 0x000001c19cfb2290
Event: 25791.101 Thread 0x000001c1a692e7c0 flushing  nmethod 0x000001c19d094890
Event: 25791.101 Thread 0x000001c1a692e7c0 flushing  nmethod 0x000001c19d09c010
Event: 25791.101 Thread 0x000001c1a692e7c0 flushing  nmethod 0x000001c19d0bc390
Event: 25791.101 Thread 0x000001c1a692e7c0 flushing  nmethod 0x000001c19d0bc790
Event: 25791.101 Thread 0x000001c1a692e7c0 flushing  nmethod 0x000001c19d0bd510
Event: 25791.101 Thread 0x000001c1a692e7c0 flushing  nmethod 0x000001c19d0bd910
Event: 25791.101 Thread 0x000001c1a692e7c0 flushing  nmethod 0x000001c19d0c2b90
Event: 25791.101 Thread 0x000001c1a692e7c0 flushing  nmethod 0x000001c19d0c3610
Event: 25791.101 Thread 0x000001c1a692e7c0 flushing  nmethod 0x000001c19d0c3990
Event: 25791.101 Thread 0x000001c1a692e7c0 flushing  nmethod 0x000001c19d0d9290
Event: 25791.101 Thread 0x000001c1a692e7c0 flushing  nmethod 0x000001c19d0d9c90

Events (20 events):
Event: 25787.249 Thread 0x000001c1add26b00 Thread exited: 0x000001c1add26b00
Event: 25787.249 Thread 0x000001c1add28540 Thread added: 0x000001c1add26b00
Event: 25787.283 Thread 0x000001c1a69c0980 Thread added: 0x000001c1aea5f260
Event: 25787.283 Thread 0x000001c1a69c0980 Thread added: 0x000001c1aea5f930
Event: 25787.345 Thread 0x000001c1add26b00 Thread added: 0x000001c1add2b330
Event: 25787.347 Thread 0x000001c1ae4a6780 Thread exited: 0x000001c1ae4a6780
Event: 25789.447 Thread 0x000001c1aea5f930 Thread exited: 0x000001c1aea5f930
Event: 25789.590 Thread 0x000001c1aea5f260 Thread added: 0x000001c1aea5d050
Event: 25790.170 Thread 0x000001c1aea5d050 Thread exited: 0x000001c1aea5d050
Event: 25790.259 Thread 0x000001c1aea5f260 Thread exited: 0x000001c1aea5f260
Event: 25790.706 Thread 0x000001c1a69c0980 Thread added: 0x000001c1aea5f260
Event: 25790.706 Thread 0x000001c1a69c0980 Thread added: 0x000001c1aea5f930
Event: 25790.744 Thread 0x000001c1add26b00 Thread added: 0x000001c1add2e120
Event: 25790.758 Thread 0x000001c1add2e120 Thread exited: 0x000001c1add2e120
Event: 25791.132 Thread 0x000001c1add26b00 Thread added: 0x000001c1add298f0
Event: 25791.132 Thread 0x000001c1add26b00 Thread added: 0x000001c1add2a610
Event: 25791.133 Thread 0x000001c1add26b00 Thread added: 0x000001c1add27190
Event: 25796.183 Thread 0x000001c1aea5f930 Thread exited: 0x000001c1aea5f930
Event: 25796.183 Thread 0x000001c1aea5f260 Thread exited: 0x000001c1aea5f260
Event: 25801.184 Thread 0x000001c1aea5eb90 Thread exited: 0x000001c1aea5eb90


Dynamic libraries:
0x00007ff7288b0000 - 0x00007ff7288be000 	D:\STS\sts-4.25.0.RELEASE\plugins\org.eclipse.justj.openjdk.hotspot.jre.full.win32.x86_64_21.0.4.v20240802-1551\jre\bin\javaw.exe
0x00007ffb31aa0000 - 0x00007ffb31d06000 	C:\Windows\SYSTEM32\ntdll.dll
0x00007ffb30a00000 - 0x00007ffb30ac9000 	C:\Windows\System32\KERNEL32.DLL
0x00007ffb2ec30000 - 0x00007ffb2effc000 	C:\Windows\System32\KERNELBASE.dll
0x00007ffb2f710000 - 0x00007ffb2f85b000 	C:\Windows\System32\ucrtbase.dll
0x00007ffb1bbb0000 - 0x00007ffb1bbc8000 	D:\STS\sts-4.25.0.RELEASE\plugins\org.eclipse.justj.openjdk.hotspot.jre.full.win32.x86_64_21.0.4.v20240802-1551\jre\bin\jli.dll
0x00007ffb16610000 - 0x00007ffb1662b000 	D:\STS\sts-4.25.0.RELEASE\plugins\org.eclipse.justj.openjdk.hotspot.jre.full.win32.x86_64_21.0.4.v20240802-1551\jre\bin\VCRUNTIME140.dll
0x00007ffb310b0000 - 0x00007ffb3127a000 	C:\Windows\System32\USER32.dll
0x00007ffb2f640000 - 0x00007ffb2f667000 	C:\Windows\System32\win32u.dll
0x00007ffb0e3c0000 - 0x00007ffb0e65a000 	C:\Windows\WinSxS\amd64_microsoft.windows.common-controls_6595b64144ccf1df_6.0.26100.3912_none_3e07963ce335137e\COMCTL32.dll
0x00007ffb2fb50000 - 0x00007ffb2fb7b000 	C:\Windows\System32\GDI32.dll
0x00007ffb2fbc0000 - 0x00007ffb2fc69000 	C:\Windows\System32\msvcrt.dll
0x00007ffb2f500000 - 0x00007ffb2f632000 	C:\Windows\System32\gdi32full.dll
0x00007ffb2f390000 - 0x00007ffb2f433000 	C:\Windows\System32\msvcp_win.dll
0x00007ffb2fb80000 - 0x00007ffb2fbb0000 	C:\Windows\System32\IMM32.DLL
0x00007ffb16600000 - 0x00007ffb1660c000 	D:\STS\sts-4.25.0.RELEASE\plugins\org.eclipse.justj.openjdk.hotspot.jre.full.win32.x86_64_21.0.4.v20240802-1551\jre\bin\vcruntime140_1.dll
0x00007ffaf6650000 - 0x00007ffaf66de000 	D:\STS\sts-4.25.0.RELEASE\plugins\org.eclipse.justj.openjdk.hotspot.jre.full.win32.x86_64_21.0.4.v20240802-1551\jre\bin\msvcp140.dll
0x00007ffabd7e0000 - 0x00007ffabe568000 	D:\STS\sts-4.25.0.RELEASE\plugins\org.eclipse.justj.openjdk.hotspot.jre.full.win32.x86_64_21.0.4.v20240802-1551\jre\bin\server\jvm.dll
0x00007ffb30710000 - 0x00007ffb307c2000 	C:\Windows\System32\ADVAPI32.dll
0x00007ffb31520000 - 0x00007ffb315c6000 	C:\Windows\System32\sechost.dll
0x00007ffb307e0000 - 0x00007ffb308f6000 	C:\Windows\System32\RPCRT4.dll
0x00007ffb2ff00000 - 0x00007ffb2ff74000 	C:\Windows\System32\WS2_32.dll
0x00007ffb2ea80000 - 0x00007ffb2eade000 	C:\Windows\SYSTEM32\POWRPROF.dll
0x00007ffb22370000 - 0x00007ffb223a6000 	C:\Windows\SYSTEM32\WINMM.dll
0x00007ffb21e10000 - 0x00007ffb21e1b000 	C:\Windows\SYSTEM32\VERSION.dll
0x00007ffb2ea60000 - 0x00007ffb2ea74000 	C:\Windows\SYSTEM32\UMPDC.dll
0x00007ffb2d9c0000 - 0x00007ffb2d9da000 	C:\Windows\SYSTEM32\kernel.appcore.dll
0x00007ffb1bc20000 - 0x00007ffb1bc2a000 	D:\STS\sts-4.25.0.RELEASE\plugins\org.eclipse.justj.openjdk.hotspot.jre.full.win32.x86_64_21.0.4.v20240802-1551\jre\bin\jimage.dll
0x00007ffb2bd00000 - 0x00007ffb2bf41000 	C:\Windows\SYSTEM32\DBGHELP.DLL
0x00007ffb30ad0000 - 0x00007ffb30e54000 	C:\Windows\System32\combase.dll
0x00007ffb2f860000 - 0x00007ffb2f940000 	C:\Windows\System32\OLEAUT32.dll
0x00007ffb0cf20000 - 0x00007ffb0cf59000 	C:\Windows\SYSTEM32\dbgcore.DLL
0x00007ffb2f670000 - 0x00007ffb2f709000 	C:\Windows\System32\bcryptPrimitives.dll
0x00007ffb1b950000 - 0x00007ffb1b98c000 	D:\STS\sts-4.25.0.RELEASE\plugins\org.eclipse.justj.openjdk.hotspot.jre.full.win32.x86_64_21.0.4.v20240802-1551\jre\bin\jdwp.dll
0x00007ffb1bc10000 - 0x00007ffb1bc1f000 	D:\STS\sts-4.25.0.RELEASE\plugins\org.eclipse.justj.openjdk.hotspot.jre.full.win32.x86_64_21.0.4.v20240802-1551\jre\bin\instrument.dll
0x00007ffb030e0000 - 0x00007ffb030ff000 	D:\STS\sts-4.25.0.RELEASE\plugins\org.eclipse.justj.openjdk.hotspot.jre.full.win32.x86_64_21.0.4.v20240802-1551\jre\bin\java.dll
0x00007ffafcaf0000 - 0x00007ffafcb08000 	D:\STS\sts-4.25.0.RELEASE\plugins\org.eclipse.justj.openjdk.hotspot.jre.full.win32.x86_64_21.0.4.v20240802-1551\jre\bin\zip.dll
0x00007ffb2ffa0000 - 0x00007ffb306cd000 	C:\Windows\System32\SHELL32.dll
0x00007ffb2f000000 - 0x00007ffb2f174000 	C:\Windows\System32\wintypes.dll
0x00007ffb2c860000 - 0x00007ffb2d0b6000 	C:\Windows\SYSTEM32\windows.storage.dll
0x00007ffb2f9d0000 - 0x00007ffb2fabf000 	C:\Windows\System32\SHCORE.dll
0x00007ffb314b0000 - 0x00007ffb31519000 	C:\Windows\System32\shlwapi.dll
0x00007ffb2eb40000 - 0x00007ffb2eb6f000 	C:\Windows\SYSTEM32\profapi.dll
0x00007ffb220d0000 - 0x00007ffb220db000 	D:\STS\sts-4.25.0.RELEASE\plugins\org.eclipse.justj.openjdk.hotspot.jre.full.win32.x86_64_21.0.4.v20240802-1551\jre\bin\dt_socket.dll
0x00007ffb2d480000 - 0x00007ffb2d4b3000 	C:\Windows\SYSTEM32\IPHLPAPI.DLL
0x00007ffb2df10000 - 0x00007ffb2df7a000 	C:\Windows\system32\mswsock.dll
0x00007ffb2d4c0000 - 0x00007ffb2d5e7000 	C:\Windows\SYSTEM32\DNSAPI.dll
0x00007ffb2fc70000 - 0x00007ffb2fc7a000 	C:\Windows\System32\NSI.dll
0x00007ffb248c0000 - 0x00007ffb248cb000 	C:\Windows\System32\rasadhlp.dll
0x00007ffb27d80000 - 0x00007ffb27e06000 	C:\Windows\System32\fwpuclnt.dll
0x00007ffb1bba0000 - 0x00007ffb1bbb0000 	D:\STS\sts-4.25.0.RELEASE\plugins\org.eclipse.justj.openjdk.hotspot.jre.full.win32.x86_64_21.0.4.v20240802-1551\jre\bin\net.dll
0x00007ffb24620000 - 0x00007ffb2473e000 	C:\Windows\SYSTEM32\WINHTTP.dll
0x00007ffafbe60000 - 0x00007ffafbe76000 	D:\STS\sts-4.25.0.RELEASE\plugins\org.eclipse.justj.openjdk.hotspot.jre.full.win32.x86_64_21.0.4.v20240802-1551\jre\bin\nio.dll
0x00007ffb0af20000 - 0x00007ffb0af2a000 	D:\STS\sts-4.25.0.RELEASE\plugins\org.eclipse.justj.openjdk.hotspot.jre.full.win32.x86_64_21.0.4.v20240802-1551\jre\bin\management.dll
0x00007ffafedf0000 - 0x00007ffafedfb000 	D:\STS\sts-4.25.0.RELEASE\plugins\org.eclipse.justj.openjdk.hotspot.jre.full.win32.x86_64_21.0.4.v20240802-1551\jre\bin\management_ext.dll
0x00007ffb306d0000 - 0x00007ffb306d8000 	C:\Windows\System32\PSAPI.DLL
0x00007ffa8fe80000 - 0x00007ffa8fe98000 	C:\Windows\system32\napinsp.dll
0x00007ffa8fe60000 - 0x00007ffa8fe72000 	C:\Windows\System32\winrnr.dll
0x00007ffae8430000 - 0x00007ffae8460000 	C:\Windows\system32\nlansp_c.dll
0x00007ffb23a70000 - 0x00007ffb23a90000 	C:\Windows\system32\wshbth.dll
0x00007ffb2e1e0000 - 0x00007ffb2e1fc000 	C:\Windows\SYSTEM32\CRYPTSP.dll
0x00007ffb2d910000 - 0x00007ffb2d94a000 	C:\Windows\system32\rsaenh.dll
0x00007ffb2dfb0000 - 0x00007ffb2dfdb000 	C:\Windows\SYSTEM32\USERENV.dll
0x00007ffb2eb10000 - 0x00007ffb2eb36000 	C:\Windows\SYSTEM32\bcrypt.dll
0x00007ffb2e140000 - 0x00007ffb2e14c000 	C:\Windows\SYSTEM32\CRYPTBASE.dll
0x00007ffb0bb10000 - 0x00007ffb0bb19000 	D:\STS\sts-4.25.0.RELEASE\plugins\org.eclipse.justj.openjdk.hotspot.jre.full.win32.x86_64_21.0.4.v20240802-1551\jre\bin\extnet.dll
0x00007ffb165c0000 - 0x00007ffb165d0000 	D:\STS\sts-4.25.0.RELEASE\plugins\org.eclipse.justj.openjdk.hotspot.jre.full.win32.x86_64_21.0.4.v20240802-1551\jre\bin\verify.dll
0x00007ffb16630000 - 0x00007ffb1663e000 	D:\STS\sts-4.25.0.RELEASE\plugins\org.eclipse.justj.openjdk.hotspot.jre.full.win32.x86_64_21.0.4.v20240802-1551\jre\bin\sunmscapi.dll
0x00007ffb2f180000 - 0x00007ffb2f2f7000 	C:\Windows\System32\CRYPT32.dll
0x00007ffb2e410000 - 0x00007ffb2e440000 	C:\Windows\SYSTEM32\ncrypt.dll
0x00007ffb2e3c0000 - 0x00007ffb2e3ff000 	C:\Windows\SYSTEM32\NTASN1.dll
0x00007ffaf7b00000 - 0x00007ffaf7b08000 	C:\Windows\system32\wshunix.dll

dbghelp: loaded successfully - version: 4.0.5 - missing functions: none
symbol engine: initialized successfully - sym options: 0x614 - pdb path: .;D:\STS\sts-4.25.0.RELEASE\plugins\org.eclipse.justj.openjdk.hotspot.jre.full.win32.x86_64_21.0.4.v20240802-1551\jre\bin;C:\Windows\SYSTEM32;C:\Windows\WinSxS\amd64_microsoft.windows.common-controls_6595b64144ccf1df_6.0.26100.3912_none_3e07963ce335137e;D:\STS\sts-4.25.0.RELEASE\plugins\org.eclipse.justj.openjdk.hotspot.jre.full.win32.x86_64_21.0.4.v20240802-1551\jre\bin\server

VM Arguments:
jvm_args: -XX:+ShowCodeDetailsInExceptionMessages -agentlib:jdwp=transport=dt_socket,suspend=y,address=localhost:59949 -Dcom.sun.management.jmxremote -Dcom.sun.management.jmxremote.port=59948 -Dcom.sun.management.jmxremote.authenticate=false -Dcom.sun.management.jmxremote.ssl=false -Djava.rmi.server.hostname=localhost -Dspring.jmx.enabled=true -Dmanagement.endpoints.jmx.exposure.include=* -Dspring.application.admin.enabled=true -XX:TieredStopAtLevel=1 -Dspring.boot.project.name=hrms -javaagent:D:\STS\sts-4.25.0.RELEASE\configuration\org.eclipse.osgi\270\0\.cp\lib\javaagent-shaded.jar -Dfile.encoding=UTF-8 -Dstdout.encoding=UTF-8 -Dstderr.encoding=UTF-8 
java_command: com.cotodel.hrms.web.config.CotoDelApplication --spring.output.ansi.enabled=always
java_class_path (initial): D:\Cotodel\hrms\hrms\target\classes;C:\Users\aashv\.m2\repository\org\springframework\boot\spring-boot-starter-thymeleaf\2.6.1\spring-boot-starter-thymeleaf-2.6.1.jar;C:\Users\aashv\.m2\repository\org\thymeleaf\thymeleaf-spring5\3.0.12.RELEASE\thymeleaf-spring5-3.0.12.RELEASE.jar;C:\Users\aashv\.m2\repository\org\thymeleaf\thymeleaf\3.0.12.RELEASE\thymeleaf-3.0.12.RELEASE.jar;C:\Users\aashv\.m2\repository\org\attoparser\attoparser\2.0.5.RELEASE\attoparser-2.0.5.RELEASE.jar;C:\Users\aashv\.m2\repository\org\unbescape\unbescape\1.1.6.RELEASE\unbescape-1.1.6.RELEASE.jar;C:\Users\aashv\.m2\repository\org\slf4j\slf4j-api\1.7.32\slf4j-api-1.7.32.jar;C:\Users\aashv\.m2\repository\org\thymeleaf\extras\thymeleaf-extras-java8time\3.0.4.RELEASE\thymeleaf-extras-java8time-3.0.4.RELEASE.jar;C:\Users\aashv\.m2\repository\org\springframework\boot\spring-boot-starter-web\2.6.1\spring-boot-starter-web-2.6.1.jar;C:\Users\aashv\.m2\repository\org\springframework\boot\spring-boot-starter-json\2.6.1\spring-boot-starter-json-2.6.1.jar;C:\Users\aashv\.m2\repository\com\fasterxml\jackson\datatype\jackson-datatype-jdk8\2.13.0\jackson-datatype-jdk8-2.13.0.jar;C:\Users\aashv\.m2\repository\com\fasterxml\jackson\module\jackson-module-parameter-names\2.13.0\jackson-module-parameter-names-2.13.0.jar;C:\Users\aashv\.m2\repository\org\springframework\spring-web\5.3.13\spring-web-5.3.13.jar;C:\Users\aashv\.m2\repository\org\springframework\spring-beans\5.3.13\spring-beans-5.3.13.jar;C:\Users\aashv\.m2\repository\org\springframework\spring-webmvc\5.3.13\spring-webmvc-5.3.13.jar;C:\Users\aashv\.m2\repository\org\springframework\spring-aop\5.3.13\spring-aop-5.3.13.jar;C:\Users\aashv\.m2\repository\org\springframework\spring-context\5.3.13\spring-context-5.3.13.jar;C:\Users\aashv\.m2\repository\org\springframework\spring-expression\5.3.13\spring-expression-5.3.13.jar;C:\Users\aashv\.m2\repository\com\okta\spring\okta-spring-boot-starter\2.1.0\okta-spring-boot-starter-2.1.0.jar;C:\Users\aashv\.m2\repository\com\okta\spring\okta-spring-security-oauth2\2.1.0\okta-spring-security-oauth2-2.1.0.jar;C:\Users\aashv\.m2\repository\com\okta\commons\okta-config-check\1.2.5\okta-config-check-1.2.5.jar;C:\Users\aashv\.m2\repository\com\okta\commons\okta-commons-lang\1.2.5\okta-commons-lang-1.2.5.jar;C:\Users\aashv\.m2\repository\org\springframework\security\spring-security-config\5.6.0\spring-security-config-5.6.0.jar;C:\Users\aashv\.m2\repository\org\springframework\security\spring-security-core\5.6.0\spring-security-core-5.6.0.jar;C:\Users\aashv\.m2\repository\org\springframework\security\spring-security-crypto\5.6.0\spring-security-crypto-5.6.0.jar;C:\Users\aashv\.m2\repository\org\springframework\boot\spring-boot-starter-security\2.6.1\spring-boot-starter-security-2.6.1.jar;C:\Users\aashv\.m2\repository\org\springframework\security\spring-security-web\5.6.0\spring-security-web-5.6.0.jar;C:\Users\aashv\.m2\repository\org\springframework\security\spring-security-oauth2-client\5.6.0\spring-security-oauth2-client-5.6.0.jar;C:\Users\aashv\.m2\repository\org\springframework\security\spring-security-oauth2-core\5.6.0\spring-security-oauth2-core-5.6.0.jar;C:\Users\aashv\.m2\repository\com\nimbusds\oauth2-oidc-sdk\9.19\oauth2-oidc-sdk-9.19.jar;C:\Users\aashv\.m2\repository\com\github\stephenc\jcip\jcip-annotations\1.0-1\jcip-annotations-1.0-1.jar;C:\Users\aashv\.m2\repository\com\nimbusds\content-type\2.1\content-type-2.1.jar;C:\Users\aashv\.m2\repository\net\minidev\json-smart\2.4.7\json-smart-2.4.7.jar;C:\Users\aashv\.m2\repository\net\minidev\accessors-smart\2.4.7\accessors-smart-2.4.7.jar;C:\Users\aashv\.m2\repository\org\ow2\asm\asm\9.1\asm-9.1.jar;C:\Users\aashv\.m2\repository\com\nimbusds\lang-tag\1.5\lang-tag-1.5.jar;C:\Users\aashv\.m2\repository\org\springframework\security\spring-security-oauth2-jose\5.6.0\spring-security-oauth2-jose-5.6.0.jar;C:\Users\aashv\.m2\repository\com\nimbusds\nimbus-jose-jwt\9.14\nimbus-jose-jwt-9.14.jar;C:\Users\aashv\.m2\repository\org\springframework\security\spring-security-oauth2-resource-server\5.6.0\spring-security-oauth2-resource-server-5.6.0.jar;C:\Users\aashv\.m2\repository\com\okta\spring\okta-spring-sdk\2.1.0\okta-spring-sdk-2.1.0.jar;C:\Users\aashv\.m2\repository\com\google\code\gson\gson\2.8.7\gson-2.8.7.jar;C:\Users\aashv\.m2\repository\org\json\json\20210307\json-20210307.jar;C:\Users\aashv\.m2\repository\org\springframework\boot\spring-boot-starter-tomcat\2.6.1\spring-boot-starter-tomcat-2.6.1.jar;C:\Users\aashv\.m2\repository\jakarta\annotation\jakarta.annotation-api\1.3.5\jakarta.annotation-api-1.3.5.jar;C:\Users\aashv\.m2\repository\org\apache\tomcat\embed\tomcat-embed-core\9.0.55\tomcat-embed-core-9.0.55.jar;C:\Users\aashv\.m2\repository\org\apache\tomcat\embed\tomcat-embed-el\9.0.55\tomcat-embed-el-9.0.55.jar;C:\Users\aashv\.m2\repository\org\apache\tomcat\embed\tomcat-embed-websocket\9.0.55\tomcat-embed-websocket-9.0.55.jar;C:\Users\aashv\.m2\repository\org\springframework\boot\spring-boot-starter-mail\2.6.1\spring-boot-starter-mail-2.6.1.jar;C:\Users\aashv\.m2\repository\org\springframework\spring-context-support\5.3.13\spring-context-support-5.3.13.jar;C:\Users\aashv\.m2\repository\com\sun\mail\jakarta.mail\1.6.7\jakarta.mail-1.6.7.jar;C:\Users\aashv\.m2\repository\com\sun\activation\jakarta.activation\1.2.2\jakarta.activation-1.2.2.jar;C:\Users\aashv\.m2\repository\org\springframework\boot\spring-boot-starter-webflux\2.6.1\spring-boot-starter-webflux-2.6.1.jar;C:\Users\aashv\.m2\repository\org\springframework\boot\spring-boot-starter-reactor-netty\2.6.1\spring-boot-starter-reactor-netty-2.6.1.jar;C:\Users\aashv\.m2\repository\io\projectreactor\netty\reactor-netty-http\1.0.13\reactor-netty-http-1.0.13.jar;C:\Users\aashv\.m2\repository\io\netty\netty-codec-http\4.1.70.Final\netty-codec-http-4.1.70.Final.jar;C:\Users\aashv\.m2\repository\io\netty\netty-common\4.1.70.Final\netty-common-4.1.70.Final.jar;C:\Users\aashv\.m2\repository\io\netty\netty-buffer\4.1.70.Final\netty-buffer-4.1.70.Final.jar;C:\Users\aashv\.m2\repository\io\netty\netty-transport\4.1.70.Final\netty-transport-4.1.70.Final.jar;C:\Users\aashv\.m2\repository\io\netty\netty-codec\4.1.70.Final\netty-codec-4.1.70.Final.jar;C:\Users\aashv\.m2\repository\io\netty\netty-handler\4.1.70.Final\netty-handler-4.1.70.Final.jar;C:\Users\aashv\.m2\repository\io\netty\netty-codec-http2\4.1.70.Final\netty-codec-http2-4.1.70.Final.jar;C:\Users\aashv\.m2\repository\io\netty\netty-resolver-dns\4.1.70.Final\netty-resolver-dns-4.1.70.Final.jar;C:\Users\aashv\.m2\repository\io\netty\netty-resolver\4.1.70.Final\netty-resolver-4.1.70.Final.jar;C:\Users\aashv\.m2\repository\io\netty\netty-codec-dns\4.1.70.Final\netty-codec-dns-4.1.70.Final.jar;C:\Users\aashv\.m2\repository\io\netty\netty-resolver-dns-native-macos\4.1.70.Final\netty-resolver-dns-native-macos-4.1.70.Final-osx-x86_64.jar;C:\Users\aashv\.m2\repository\io\netty\netty-resolver-dns-classes-macos\4.1.70.Final\netty-resolver-dns-classes-macos-4.1.70.Final.jar;C:\Users\aashv\.m2\repository\io\netty\netty-transport-native-epoll\4.1.70.Final\netty-transport-native-epoll-4.1.70.Final-linux-x86_64.jar;C:\Users\aashv\.m2\repository\io\netty\netty-transport-native-unix-common\4.1.70.Final\netty-transport-native-unix-common-4.1.70.Final.jar;C:\Users\aashv\.m2\repository\io\netty\netty-transport-classes-epoll\4.1.70.Final\netty-transport-classes-epoll-4.1.70.Final.jar;C:\Users\aashv\.m2\repository\io\projectreactor\netty\reactor-netty-core\1.0.13\reactor-netty-core-1.0.13.jar;C:\Users\aashv\.m2\repository\io\netty\netty-handler-proxy\4.1.70.Final\netty-handler-proxy-4.1.70.Final.jar;C:\Users\aashv\.m2\repository\io\netty\netty-codec-socks\4.1.70.Final\netty-codec-socks-4.1.70.Final.jar;C:\Users\aashv\.m2\repository\org\springframework\spring-webflux\5.3.13\spring-webflux-5.3.13.jar;C:\Users\aashv\.m2\repository\io\projectreactor\reactor-core\3.4.12\reactor-core-3.4.12.jar;C:\Users\aashv\.m2\repository\org\reactivestreams\reactive-streams\1.0.3\reactive-streams-1.0.3.jar;C:\Users\aashv\.m2\repository\javax\xml\bind\jaxb-api\2.3.1\jaxb-api-2.3.1.jar;C:\Users\aashv\.m2\repository\javax\activation\javax.activation-api\1.2.0\javax.activation-api-1.2.0.jar;C:\Users\aashv\.m2\repository\org\springframework\boot\spring-boot-starter-validation\2.6.1\spring-boot-starter-validation-2.6.1.jar;C:\Users\aashv\.m2\repository\org\hibernate\validator\hibernate-validator\6.2.0.Final\hibernate-validator-6.2.0.Final.jar;C:\Users\aashv\.m2\repository\jakarta\validation\jakarta.validation-api\2.0.2\jakarta.validation-api-2.0.2.jar;C:\Users\aashv\.m2\repository\org\jboss\logging\jboss-logging\3.4.2.Final\jboss-logging-3.4.2.Final.jar;C:\Users\aashv\.m2\repository\com\fasterxml\classmate\1.5.1\classmate-1.5.1.jar;C:\Users\aashv\.m2\repository\io\jsonwebtoken\jjwt\0.9.1\jjwt-0.9.1.jar;C:\Users\aashv\.m2\repository\org\bouncycastle\bcprov-ext-jdk16\1.45\bcprov-ext-jdk16-1.45.jar;C:\Users\aashv\.m2\repository\com\fasterxml\jackson\core\jackson-databind\2.12.3\jackson-databind-2.12.3.jar;C:\Users\aashv\.m2\repository\com\fasterxml\jackson\core\jackson-annotations\2.13.0\jackson-annotations-2.13.0.jar;C:\Users\aashv\.m2\repository\com\fasterxml\jackson\core\jackson-core\2.13.0\jackson-core-2.13.0.jar;C:\Users\aashv\.m2\repository\com\fasterxml\jackson\datatype\jackson-datatype-jsr310\2.12.3\jackson-datatype-jsr310-2.12.3.jar;C:\Users\aashv\.m2\repository\org\springframework\boot\spring-boot-devtools\2.6.1\spring-boot-devtools-2.6.1.jar;C:\Users\aashv\.m2\repository\org\springframework\boot\spring-boot\2.6.1\spring-boot-2.6.1.jar;C:\Users\aashv\.m2\repository\org\springframework\boot\spring-boot-autoconfigure\2.6.1\spring-boot-autoconfigure-2.6.1.jar;C:\Users\aashv\.m2\repository\org\springframework\boot\spring-boot-starter\2.6.1\spring-boot-starter-2.6.1.jar;C:\Users\aashv\.m2\repository\org\springframework\spring-core\5.3.13\spring-core-5.3.13.jar;C:\Users\aashv\.m2\repository\org\springframework\spring-jcl\5.3.13\spring-jcl-5.3.13.jar;C:\Users\aashv\.m2\repository\org\yaml\snakeyaml\1.29\snakeyaml-1.29.jar;C:\Users\aashv\.m2\repository\org\springframework\boot\spring-boot-starter-log4j2\2.6.1\spring-boot-starter-log4j2-2.6.1.jar;C:\Users\aashv\.m2\repository\org\apache\logging\log4j\log4j-slf4j-impl\2.14.1\log4j-slf4j-impl-2.14.1.jar;C:\Users\aashv\.m2\repository\org\apache\logging\log4j\log4j-api\2.14.1\log4j-api-2.14.1.jar;C:\Users\aashv\.m2\repository\org\apache\logging\log4j\log4j-core\2.14.1\log4j-core-2.14.1.jar;C:\Users\aashv\.m2\repository\org\apache\logging\log4j\log4j-jul\2.14.1\log4j-jul-2.14.1.jar;C:\Users\aashv\.m2\repository\org\slf4j\jul-to-slf4j\1.7.32\jul-to-slf4j-1.7.32.jar;C:\Users\aashv\.m2\repository\org\apache\commons\commons-exec\1.1\commons-exec-1.1.jar;C:\Users\aashv\.m2\repository\org\apache\poi\poi\3.12\poi-3.12.jar;C:\Users\aashv\.m2\repository\commons-codec\commons-codec\1.15\commons-codec-1.15.jar;C:\Users\aashv\.m2\repository\org\apache\poi\poi-ooxml\3.12\poi-ooxml-3.12.jar;C:\Users\aashv\.m2\repository\org\apache\poi\poi-ooxml-schemas\3.12\poi-ooxml-schemas-3.12.jar;C:\Users\aashv\.m2\repository\org\apache\xmlbeans\xmlbeans\2.6.0\xmlbeans-2.6.0.jar;C:\Users\aashv\.m2\repository\stax\stax-api\1.0.1\stax-api-1.0.1.jar;C:\Users\aashv\.m2\repository\org\projectlombok\lombok\1.18.24\lombok-1.18.24.jar
Launcher Type: SUN_STANDARD

[Global flags]
     intx CICompilerCount                          = 4                                         {product} {ergonomic}
     uint ConcGCThreads                            = 3                                         {product} {ergonomic}
     uint G1ConcRefinementThreads                  = 10                                        {product} {ergonomic}
   size_t G1HeapRegionSize                         = 2097152                                   {product} {ergonomic}
    uintx GCDrainStackTargetSize                   = 64                                        {product} {ergonomic}
   size_t InitialHeapSize                          = 264241152                                 {product} {ergonomic}
     bool ManagementServer                         = true                                      {product} {command line}
   size_t MarkStackSize                            = 4194304                                   {product} {ergonomic}
   size_t MaxHeapSize                              = 4215275520                                {product} {ergonomic}
   size_t MaxNewSize                               = 2529165312                                {product} {ergonomic}
   size_t MinHeapDeltaBytes                        = 2097152                                   {product} {ergonomic}
   size_t MinHeapSize                              = 8388608                                   {product} {ergonomic}
    uintx NonNMethodCodeHeapSize                   = 4096                                   {pd product} {ergonomic}
    uintx NonProfiledCodeHeapSize                  = 0                                      {pd product} {ergonomic}
     bool ProfileInterpreter                       = false                                  {pd product} {command line}
    uintx ProfiledCodeHeapSize                     = 0                                      {pd product} {ergonomic}
     bool ShowCodeDetailsInExceptionMessages       = true                                   {manageable} {command line}
   size_t SoftMaxHeapSize                          = 4215275520                             {manageable} {ergonomic}
     intx TieredStopAtLevel                        = 1                                         {product} {command line}
     bool UseCompressedOops                        = true                           {product lp64_product} {ergonomic}
     bool UseG1GC                                  = true                                      {product} {ergonomic}
     bool UseLargePagesIndividualAllocation        = false                                  {pd product} {ergonomic}

Logging:
Log output configuration:
 #0: stdout all=warning uptime,level,tags foldmultilines=false
 #1: stderr all=off uptime,level,tags foldmultilines=false

Environment Variables:
JAVA_HOME=C:\Program Files\Java\jdk-17
PATH=D:\STS\sts-4.25.0.RELEASE\plugins\org.eclipse.justj.openjdk.hotspot.jre.full.win32.x86_64_21.0.4.v20240802-1551\jre\bin;D:/STS/sts-4.25.0.RELEASE//plugins/org.eclipse.justj.openjdk.hotspot.jre.full.win32.x86_64_21.0.4.v20240802-1551/jre/bin/server;D:/STS/sts-4.25.0.RELEASE//plugins/org.eclipse.justj.openjdk.hotspot.jre.full.win32.x86_64_21.0.4.v20240802-1551/jre/bin;C:\Program Files\Common Files\Oracle\Java\javapath;C:\Python312\Scripts\;C:\Python312\;C:\Windows\system32;C:\Windows;C:\Windows\System32\Wbem;C:\Windows\System32\WindowsPowerShell\v1.0\;C:\Windows\System32\OpenSSH\;C:\Program Files\Git\cmd;C:\Users\aashv\AppData\;C:\Program Files\nodejs\;C:\ProgramData\chocolatey\bin;C:\Program Files\PuTTY\;C:\Program Files\Java\jdk-17\bin;D:\apache-maven-3.9.9\bin;C:\Program Files\Java\jdk-17\bin;C:\Program Files\TortoiseGit\bin;C:\Users\aashv\AppData\Local\Microsoft\WindowsApps;C:\Users\aashv\AppData\npm;C:\Users\aashv\AppData\Roaming\npm;C:\Users\aashv\AppData\Local\Programs\Microsoft VS Code\bin;C:\Program Files\Java\jdk-17\bin;D:\apache-maven-3.9.9\bin;;D:\STS\sts-4.25.0.RELEASE;
USERNAME=aashv
OS=Windows_NT
PROCESSOR_IDENTIFIER=Intel64 Family 6 Model 154 Stepping 3, GenuineIntel
TMP=C:\Users\aashv\AppData\Local\Temp
TEMP=C:\Users\aashv\AppData\Local\Temp




Periodic native trim disabled

---------------  S Y S T E M  ---------------

OS:
 Windows 11 , 64 bit Build 26100 (10.0.26100.3912)
OS uptime: 2 days 7:39 hours
Hyper-V role detected

CPU: total 12 (initial active 12) (6 cores per cpu, 2 threads per core) family 6 model 154 stepping 3 microcode 0x433, cx8, cmov, fxsr, ht, mmx, 3dnowpref, sse, sse2, sse3, ssse3, sse4.1, sse4.2, popcnt, lzcnt, tsc, tscinvbit, avx, avx2, aes, erms, clmul, bmi1, bmi2, adx, sha, fma, vzeroupper, clflush, clflushopt, clwb, hv, serialize, rdtscp, rdpid, fsrm, f16c, cet_ibt, cet_ss
Processor Information for processor 0
  Max Mhz: 2000, Current Mhz: 2000, Mhz Limit: 2000
Processor Information for processor 1
  Max Mhz: 2000, Current Mhz: 1520, Mhz Limit: 2000
Processor Information for processor 2
  Max Mhz: 2000, Current Mhz: 2000, Mhz Limit: 2000
Processor Information for processor 3
  Max Mhz: 2000, Current Mhz: 2000, Mhz Limit: 2000
Processor Information for processor 4
  Max Mhz: 2000, Current Mhz: 2000, Mhz Limit: 2000
Processor Information for processor 5
  Max Mhz: 2000, Current Mhz: 2000, Mhz Limit: 2000
Processor Information for processor 6
  Max Mhz: 2000, Current Mhz: 2000, Mhz Limit: 2000
Processor Information for processor 7
  Max Mhz: 2000, Current Mhz: 2000, Mhz Limit: 2000
Processor Information for processor 8
  Max Mhz: 2000, Current Mhz: 1500, Mhz Limit: 1500
Processor Information for processor 9
  Max Mhz: 2000, Current Mhz: 1500, Mhz Limit: 1500
Processor Information for processor 10
  Max Mhz: 2000, Current Mhz: 1500, Mhz Limit: 1500
Processor Information for processor 11
  Max Mhz: 2000, Current Mhz: 1500, Mhz Limit: 1500

Memory: 4k page, system-wide physical 16076M (3175M free)
TotalPageFile size 21452M (AvailPageFile size 3214M)
current process WorkingSet (physical memory assigned to process): 310M, peak: 405M
current process commit charge ("private bytes"): 367M, peak: 456M

vm_info: OpenJDK 64-Bit Server VM (21.0.4+7-LTS) for windows-amd64 JRE (21.0.4+7-LTS), built on 2024-07-16T00:00:00Z by "admin" with MS VC++ 17.7 (VS2022)

END.
