#
# A fatal error has been detected by the Java Runtime Environment:
#
#  EXCEPTION_ACCESS_VIOLATION (0xc0000005) at pc=0x00007ff953f3c236, pid=15776, tid=8592
#
# JRE version: OpenJDK Runtime Environment Temurin-21.0.4+7 (21.0.4+7) (build 21.0.4+7-LTS)
# Java VM: OpenJDK 64-Bit Server VM Temurin-21.0.4+7 (21.0.4+7-LTS, mixed mode, emulated-client, tiered, compressed oops, compressed class ptrs, g1 gc, windows-amd64)
# Problematic frame:
# V  [jvm.dll+0xc236]
#
# No core dump will be written. Minidumps are not enabled by default on client versions of Windows
#
# If you would like to submit a bug report, please visit:
#   https://github.com/adoptium/adoptium-support/issues
#

---------------  S U M M A R Y ------------

Command Line: -XX:+ShowCodeDetailsInExceptionMessages -agentlib:jdwp=transport=dt_socket,suspend=y,address=localhost:50804 -Dcom.sun.management.jmxremote -Dcom.sun.management.jmxremote.port=50803 -Dcom.sun.management.jmxremote.authenticate=false -Dcom.sun.management.jmxremote.ssl=false -Djava.rmi.server.hostname=localhost -Dspring.jmx.enabled=true -Dmanagement.endpoints.jmx.exposure.include=* -Dspring.application.admin.enabled=true -XX:TieredStopAtLevel=1 -Dspring.boot.project.name=hrms -javaagent:D:\STS\sts-4.25.0.RELEASE\configuration\org.eclipse.osgi\270\0\.cp\lib\javaagent-shaded.jar -Dfile.encoding=UTF-8 -Dstdout.encoding=UTF-8 -Dstderr.encoding=UTF-8 com.cotodel.hrms.web.config.CotoDelApplication --spring.output.ansi.enabled=always

Host: 12th Gen Intel(R) Core(TM) i5-12450H, 12 cores, 15G,  Windows 11 , 64 bit Build 26100 (10.0.26100.2454)
Time: Sat Feb  8 16:02:48 2025 India Standard Time elapsed time: 22782.539055 seconds (0d 6h 19m 42s)

---------------  T H R E A D  ---------------

Current thread (0x0000024896b56f70):  WorkerThread "GC Thread#9"    [id=8592, stack(0x00000090b0000000,0x00000090b0100000) (1024K)]

Stack: [0x00000090b0000000,0x00000090b0100000],  sp=0x00000090b00fe0b8,  free space=1016k
Native frames: (J=compiled Java code, j=interpreted, Vv=VM code, C=native code)
V  [jvm.dll+0xc236]

JavaThread 0x0000024898ee2560 (nid = 3864) was being processed
Java frames: (J=compiled Java code, j=interpreted, Vv=VM code)
j  java.lang.invoke.DirectMethodHandle$Holder.invokeVirtual(Ljava/lang/Object;Ljava/lang/Object;)Ljava/lang/Object;+10 java.base@21.0.4
J 23362 c1 java.lang.invoke.LambdaForm$MH+0x0000000800831000.invoke(Ljava/lang/Object;Ljava/lang/Object;)Ljava/lang/Object; java.base@21.0.4 (35 bytes) @ 0x0000024887e899cc [0x0000024887e898c0+0x000000000000010c]
J 3301 c1 jdk.internal.reflect.DirectMethodHandleAccessor.invoke(Ljava/lang/Object;[Ljava/lang/Object;)Ljava/lang/Object; java.base@21.0.4 (92 bytes) @ 0x00000248875890bc [0x0000024887588d40+0x000000000000037c]
J 3315 c1 java.lang.reflect.Method.invoke(Ljava/lang/Object;[Ljava/lang/Object;)Ljava/lang/Object; java.base@21.0.4 (108 bytes) @ 0x00000248875942f4 [0x0000024887594100+0x00000000000001f4]
j  org.springframework.beans.BeanWrapperImpl$BeanPropertyHandler.getValue()Ljava/lang/Object;+64
J 23127 c1 org.springframework.beans.AbstractNestablePropertyAccessor.processLocalProperty(Lorg/springframework/beans/AbstractNestablePropertyAccessor$PropertyTokenHolder;Lorg/springframework/beans/PropertyValue;)V (467 bytes) @ 0x0000024887ea32cc [0x0000024887ea2ca0+0x000000000000062c]
J 23123 c1 org.springframework.beans.AbstractNestablePropertyAccessor.setPropertyValue(Lorg/springframework/beans/PropertyValue;)V (131 bytes) @ 0x00000248879703cc [0x0000024887970100+0x00000000000002cc]
j  org.springframework.beans.AbstractPropertyAccessor.setPropertyValues(Lorg/springframework/beans/PropertyValues;ZZ)V+74
j  org.springframework.validation.DataBinder.applyPropertyValues(Lorg/springframework/beans/MutablePropertyValues;)V+13
j  org.springframework.validation.DataBinder.doBind(Lorg/springframework/beans/MutablePropertyValues;)V+12
j  org.springframework.web.bind.WebDataBinder.doBind(Lorg/springframework/beans/MutablePropertyValues;)V+17
j  org.springframework.web.bind.ServletRequestDataBinder.bind(Ljavax/servlet/ServletRequest;)V+101
j  org.springframework.web.servlet.mvc.method.annotation.ServletModelAttributeMethodProcessor.bindRequestParameters(Lorg/springframework/web/bind/WebDataBinder;Lorg/springframework/web/context/request/NativeWebRequest;)V+35
j  org.springframework.web.method.annotation.ModelAttributeMethodProcessor.resolveArgument(Lorg/springframework/core/MethodParameter;Lorg/springframework/web/method/support/ModelAndViewContainer;Lorg/springframework/web/context/request/NativeWebRequest;Lorg/springframework/web/bind/support/WebDataBinderFactory;)Ljava/lang/Object;+192
j  org.springframework.web.method.support.HandlerMethodArgumentResolverComposite.resolveArgument(Lorg/springframework/core/MethodParameter;Lorg/springframework/web/method/support/ModelAndViewContainer;Lorg/springframework/web/context/request/NativeWebRequest;Lorg/springframework/web/bind/support/WebDataBinderFactory;)Ljava/lang/Object;+57
j  org.springframework.web.method.support.InvocableHandlerMethod.getMethodArgumentValues(Lorg/springframework/web/context/request/NativeWebRequest;Lorg/springframework/web/method/support/ModelAndViewContainer;[Ljava/lang/Object;)[Ljava/lang/Object;+118
j  org.springframework.web.method.support.InvocableHandlerMethod.invokeForRequest(Lorg/springframework/web/context/request/NativeWebRequest;Lorg/springframework/web/method/support/ModelAndViewContainer;[Ljava/lang/Object;)Ljava/lang/Object;+4
j  org.springframework.web.servlet.mvc.method.annotation.ServletInvocableHandlerMethod.invokeAndHandle(Lorg/springframework/web/context/request/ServletWebRequest;Lorg/springframework/web/method/support/ModelAndViewContainer;[Ljava/lang/Object;)V+4
j  org.springframework.web.servlet.mvc.method.annotation.RequestMappingHandlerAdapter.invokeHandlerMethod(Ljavax/servlet/http/HttpServletRequest;Ljavax/servlet/http/HttpServletResponse;Lorg/springframework/web/method/HandlerMethod;)Lorg/springframework/web/servlet/ModelAndView;+244
j  org.springframework.web.servlet.mvc.method.annotation.RequestMappingHandlerAdapter.handleInternal(Ljavax/servlet/http/HttpServletRequest;Ljavax/servlet/http/HttpServletResponse;Lorg/springframework/web/method/HandlerMethod;)Lorg/springframework/web/servlet/ModelAndView;+81
j  org.springframework.web.servlet.mvc.method.AbstractHandlerMethodAdapter.handle(Ljavax/servlet/http/HttpServletRequest;Ljavax/servlet/http/HttpServletResponse;Ljava/lang/Object;)Lorg/springframework/web/servlet/ModelAndView;+7
j  org.springframework.web.servlet.DispatcherServlet.doDispatch(Ljavax/servlet/http/HttpServletRequest;Ljavax/servlet/http/HttpServletResponse;)V+259
j  org.springframework.web.servlet.DispatcherServlet.doService(Ljavax/servlet/http/HttpServletRequest;Ljavax/servlet/http/HttpServletResponse;)V+241
j  org.springframework.web.servlet.FrameworkServlet.processRequest(Ljavax/servlet/http/HttpServletRequest;Ljavax/servlet/http/HttpServletResponse;)V+71
j  org.springframework.web.servlet.FrameworkServlet.doPost(Ljavax/servlet/http/HttpServletRequest;Ljavax/servlet/http/HttpServletResponse;)V+3
j  javax.servlet.http.HttpServlet.service(Ljavax/servlet/http/HttpServletRequest;Ljavax/servlet/http/HttpServletResponse;)V+149
j  org.springframework.web.servlet.FrameworkServlet.service(Ljavax/servlet/http/HttpServletRequest;Ljavax/servlet/http/HttpServletResponse;)V+33
j  javax.servlet.http.HttpServlet.service(Ljavax/servlet/ServletRequest;Ljavax/servlet/ServletResponse;)V+36
j  org.apache.catalina.core.ApplicationFilterChain.internalDoFilter(Ljavax/servlet/ServletRequest;Ljavax/servlet/ServletResponse;)V+304
j  org.apache.catalina.core.ApplicationFilterChain.doFilter(Ljavax/servlet/ServletRequest;Ljavax/servlet/ServletResponse;)V+99
j  org.apache.tomcat.websocket.server.WsFilter.doFilter(Ljavax/servlet/ServletRequest;Ljavax/servlet/ServletResponse;Ljavax/servlet/FilterChain;)V+21
j  org.apache.catalina.core.ApplicationFilterChain.internalDoFilter(Ljavax/servlet/ServletRequest;Ljavax/servlet/ServletResponse;)V+135
j  org.apache.catalina.core.ApplicationFilterChain.doFilter(Ljavax/servlet/ServletRequest;Ljavax/servlet/ServletResponse;)V+99
j  org.springframework.web.filter.CorsFilter.doFilterInternal(Ljavax/servlet/http/HttpServletRequest;Ljavax/servlet/http/HttpServletResponse;Ljavax/servlet/FilterChain;)V+43
j  org.springframework.web.filter.OncePerRequestFilter.doFilter(Ljavax/servlet/ServletRequest;Ljavax/servlet/ServletResponse;Ljavax/servlet/FilterChain;)V+147
j  org.apache.catalina.core.ApplicationFilterChain.internalDoFilter(Ljavax/servlet/ServletRequest;Ljavax/servlet/ServletResponse;)V+135
j  org.apache.catalina.core.ApplicationFilterChain.doFilter(Ljavax/servlet/ServletRequest;Ljavax/servlet/ServletResponse;)V+99
j  org.springframework.web.filter.RequestContextFilter.doFilterInternal(Ljavax/servlet/http/HttpServletRequest;Ljavax/servlet/http/HttpServletResponse;Ljavax/servlet/FilterChain;)V+21
j  org.springframework.web.filter.OncePerRequestFilter.doFilter(Ljavax/servlet/ServletRequest;Ljavax/servlet/ServletResponse;Ljavax/servlet/FilterChain;)V+147
j  org.apache.catalina.core.ApplicationFilterChain.internalDoFilter(Ljavax/servlet/ServletRequest;Ljavax/servlet/ServletResponse;)V+135
j  org.apache.catalina.core.ApplicationFilterChain.doFilter(Ljavax/servlet/ServletRequest;Ljavax/servlet/ServletResponse;)V+99
j  org.springframework.web.filter.FormContentFilter.doFilterInternal(Ljavax/servlet/http/HttpServletRequest;Ljavax/servlet/http/HttpServletResponse;Ljavax/servlet/FilterChain;)V+38
j  org.springframework.web.filter.OncePerRequestFilter.doFilter(Ljavax/servlet/ServletRequest;Ljavax/servlet/ServletResponse;Ljavax/servlet/FilterChain;)V+147
j  org.apache.catalina.core.ApplicationFilterChain.internalDoFilter(Ljavax/servlet/ServletRequest;Ljavax/servlet/ServletResponse;)V+135
j  org.apache.catalina.core.ApplicationFilterChain.doFilter(Ljavax/servlet/ServletRequest;Ljavax/servlet/ServletResponse;)V+99
j  org.springframework.web.filter.CharacterEncodingFilter.doFilterInternal(Ljavax/servlet/http/HttpServletRequest;Ljavax/servlet/http/HttpServletResponse;Ljavax/servlet/FilterChain;)V+53
j  org.springframework.web.filter.OncePerRequestFilter.doFilter(Ljavax/servlet/ServletRequest;Ljavax/servlet/ServletResponse;Ljavax/servlet/FilterChain;)V+147
j  org.apache.catalina.core.ApplicationFilterChain.internalDoFilter(Ljavax/servlet/ServletRequest;Ljavax/servlet/ServletResponse;)V+135
j  org.apache.catalina.core.ApplicationFilterChain.doFilter(Ljavax/servlet/ServletRequest;Ljavax/servlet/ServletResponse;)V+99
j  org.apache.catalina.core.ApplicationDispatcher.invoke(Ljavax/servlet/ServletRequest;Ljavax/servlet/ServletResponse;Lorg/apache/catalina/core/ApplicationDispatcher$State;)V+341
j  org.apache.catalina.core.ApplicationDispatcher.processRequest(Ljavax/servlet/ServletRequest;Ljavax/servlet/ServletResponse;Lorg/apache/catalina/core/ApplicationDispatcher$State;)V+98
j  org.apache.catalina.core.ApplicationDispatcher.doForward(Ljavax/servlet/ServletRequest;Ljavax/servlet/ServletResponse;)V+357
j  org.apache.catalina.core.ApplicationDispatcher.forward(Ljavax/servlet/ServletRequest;Ljavax/servlet/ServletResponse;)V+55
j  com.cotodel.hrms.web.filter.CotoDelAdminFilter.doFilter(Ljavax/servlet/ServletRequest;Ljavax/servlet/ServletResponse;Ljavax/servlet/FilterChain;)V+530
j  org.apache.catalina.core.ApplicationFilterChain.internalDoFilter(Ljavax/servlet/ServletRequest;Ljavax/servlet/ServletResponse;)V+135
j  org.apache.catalina.core.ApplicationFilterChain.doFilter(Ljavax/servlet/ServletRequest;Ljavax/servlet/ServletResponse;)V+99
j  org.apache.catalina.core.StandardWrapperValve.invoke(Lorg/apache/catalina/connector/Request;Lorg/apache/catalina/connector/Response;)V+694
j  org.apache.catalina.core.StandardContextValve.invoke(Lorg/apache/catalina/connector/Request;Lorg/apache/catalina/connector/Response;)V+169
j  org.apache.catalina.authenticator.AuthenticatorBase.invoke(Lorg/apache/catalina/connector/Request;Lorg/apache/catalina/connector/Response;)V+260
j  org.apache.catalina.core.StandardHostValve.invoke(Lorg/apache/catalina/connector/Request;Lorg/apache/catalina/connector/Response;)V+128
j  org.apache.catalina.valves.ErrorReportValve.invoke(Lorg/apache/catalina/connector/Request;Lorg/apache/catalina/connector/Response;)V+6
j  org.apache.catalina.core.StandardEngineValve.invoke(Lorg/apache/catalina/connector/Request;Lorg/apache/catalina/connector/Response;)V+59
j  org.apache.catalina.connector.CoyoteAdapter.service(Lorg/apache/coyote/Request;Lorg/apache/coyote/Response;)V+199
j  org.apache.coyote.http11.Http11Processor.service(Lorg/apache/tomcat/util/net/SocketWrapperBase;)Lorg/apache/tomcat/util/net/AbstractEndpoint$Handler$SocketState;+737
j  org.apache.coyote.AbstractProcessorLight.process(Lorg/apache/tomcat/util/net/SocketWrapperBase;Lorg/apache/tomcat/util/net/SocketEvent;)Lorg/apache/tomcat/util/net/AbstractEndpoint$Handler$SocketState;+170
j  org.apache.coyote.AbstractProtocol$ConnectionHandler.process(Lorg/apache/tomcat/util/net/SocketWrapperBase;Lorg/apache/tomcat/util/net/SocketEvent;)Lorg/apache/tomcat/util/net/AbstractEndpoint$Handler$SocketState;+505
j  org.apache.tomcat.util.net.NioEndpoint$SocketProcessor.doRun()V+216
j  org.apache.tomcat.util.net.SocketProcessorBase.run()V+21
j  org.apache.tomcat.util.threads.ThreadPoolExecutor.runWorker(Lorg/apache/tomcat/util/threads/ThreadPoolExecutor$Worker;)V+92
j  org.apache.tomcat.util.threads.ThreadPoolExecutor$Worker.run()V+5
j  org.apache.tomcat.util.threads.TaskThread$WrappingRunnable.run()V+4
j  java.lang.Thread.runWith(Ljava/lang/Object;Ljava/lang/Runnable;)V+5 java.base@21.0.4
j  java.lang.Thread.run()V+19 java.base@21.0.4
v  ~StubRoutines::call_stub 0x0000024886d1100d

siginfo: EXCEPTION_ACCESS_VIOLATION (0xc0000005), reading address 0x00000008923ec7c2


Registers:
RAX=0x0000000000000000, RBX=0x00000000000000bd, RCX=0x00000090b0efc710, RDX=0x00000090b0efc710
RSP=0x00000090b00fe0b8, RBP=0x00000090b00fe290, RSI=0x00000090b0efc710, RDI=0x00000090b0efc710
R8 =0x00000008923ec7ba, R9 =0x00000090b0efc710, R10=0x0000024883232a70, R11=0x00000090b00fe308
R12=0x0000024891d0b8b8, R13=0x00000090b0efc710, R14=0x000002489956f9e0, R15=0x00000008923ec7ba
RIP=0x00007ff953f3c236, EFLAGS=0x0000000000010202


Register to memory mapping:

RAX=0x0 is null
RBX=0x00000000000000bd is an unknown value
RCX=0x00000090b0efc710 is pointing into the stack for thread: 0x0000024898ee2560
RDX=0x00000090b0efc710 is pointing into the stack for thread: 0x0000024898ee2560
RSP=0x00000090b00fe0b8 points into unknown readable memory: 0x00007ff954286a5b | 5b 6a 28 54 f9 7f 00 00
RBP=0x00000090b00fe290 points into unknown readable memory: 0x0000000000000000 | 00 00 00 00 00 00 00 00
RSI=0x00000090b0efc710 is pointing into the stack for thread: 0x0000024898ee2560
RDI=0x00000090b0efc710 is pointing into the stack for thread: 0x0000024898ee2560
R8 =0x00000008923ec7ba is an unknown value
R9 =0x00000090b0efc710 is pointing into the stack for thread: 0x0000024898ee2560
R10=0x0000024883232a70 points into unknown readable memory: 0x00007ff95494e740 | 40 e7 94 54 f9 7f 00 00
R11=0x00000090b00fe308 points into unknown readable memory: 0x00007ff95424337d | 7d 33 24 54 f9 7f 00 00
R12=0x0000024891d0b8b8 points into unknown readable memory: 0x4c280043fe21ffff | ff ff 21 fe 43 00 28 4c
R13=0x00000090b0efc710 is pointing into the stack for thread: 0x0000024898ee2560
R14=0x000002489956f9e0 points into unknown readable memory: 0x00007ff954955a88 | 88 5a 95 54 f9 7f 00 00
R15=0x00000008923ec7ba is an unknown value

Top of Stack: (sp=0x00000090b00fe0b8)
0x00000090b00fe0b8:   00007ff954286a5b 0000000000000000
0x00000090b00fe0c8:   0000000000000000 0000000000000000
0x00000090b00fe0d8:   0000000000000000 0000000000000000
0x00000090b00fe0e8:   0000000000000000 0000000000000000
0x00000090b00fe0f8:   00007ff9546c4ec2 0000000000000000
0x00000090b00fe108:   0000000000000000 0000000000000000
0x00000090b00fe118:   0000000000000000 000002489704deb0
0x00000090b00fe128:   0000024896b82de0 0000024891d0b8b8
0x00000090b00fe138:   00000090b0efc710 00000090b0efc710
0x00000090b00fe148:   00000090b00fe290 0000024899559828
0x00000090b00fe158:   00007ff954294e2c 00000090b00fe220
0x00000090b00fe168:   00000090b00fe460 0000024891a38bf8
0x00000090b00fe178:   0000000000000000 0000024899559828
0x00000090b00fe188:   00007ff95424392b 0000000000000001
0x00000090b00fe198:   00000090b00fe460 0000024899559828
0x00000090b00fe1a8:   0000000000000000 0000000a00000001
0x00000090b00fe1b8:   00000248923ec7c8 0000024896b56f70
0x00000090b00fe1c8:   0000024800000003 00000000000003d8
0x00000090b00fe1d8:   0000024896b82df0 0000024896b831c8
0x00000090b00fe1e8:   00000248923ec7ba 00000000000000b8
0x00000090b00fe1f8:   00000248923ec7c8 0000000000000000
0x00000090b00fe208:   0000000000000000 0000000000000000
0x00000090b00fe218:   0000000000000000 0000024891d0b8b8
0x00000090b00fe228:   0000001300000001 0000000000000043
0x00000090b00fe238:   000000010000000c 0000024891a38bf8
0x00000090b00fe248:   0000000000000000 0000000000000000
0x00000090b00fe258:   0000000000000000 0000000000000000
0x00000090b00fe268:   0000000000000000 0000000000000000
0x00000090b00fe278:   0000000000000000 0000000000000000
0x00000090b00fe288:   0000000000000000 0000000000000000
0x00000090b00fe298:   0000000000000000 0000000000000000
0x00000090b00fe2a8:   0000000000000000 0000000000000000 

Instructions: (pc=0x00007ff953f3c236)
0x00007ff953f3c136:   48 8b 05 33 89 cc 00 48 8b 48 60 48 8b 04 d1 48
0x00007ff953f3c146:   85 c0 75 08 48 8b 05 27 89 cc 00 c3 48 8b 05 17
0x00007ff953f3c156:   89 cc 00 c3 cc cc cc cc cc cc 8b 05 52 5e c1 00
0x00007ff953f3c166:   c3 cc cc cc cc cc cc cc cc cc 0f b6 05 a3 74 c1
0x00007ff953f3c176:   00 48 8b d1 84 c0 74 16 44 8b 41 08 8b 0d 30 5e
0x00007ff953f3c186:   c1 00 49 d3 e0 4c 03 05 1e 5e c1 00 eb 04 4c 8b
0x00007ff953f3c196:   41 08 45 8b 48 08 45 85 c9 7e 0e 41 f6 c1 01 75
0x00007ff953f3c1a6:   53 41 c1 f9 03 49 63 c1 c3 79 49 84 c0 41 b8 0c
0x00007ff953f3c1b6:   00 00 00 8b 05 69 6f c1 00 b9 10 00 00 00 41 0f
0x00007ff953f3c1c6:   45 c8 ff c8 4c 63 c0 41 8b c1 48 c1 f8 10 0f b6
0x00007ff953f3c1d6:   c0 48 63 14 11 41 8b c9 83 e1 3f 48 d3 e2 49 8d
0x00007ff953f3c1e6:   0c 10 49 f7 d0 48 03 c1 49 c1 e8 03 48 c1 e8 03
0x00007ff953f3c1f6:   49 23 c0 c3 49 8b 00 49 8b c8 48 ff a0 00 01 00
0x00007ff953f3c206:   00 cc cc cc cc cc cc cc cc cc 8b 44 24 30 45 03
0x00007ff953f3c216:   c9 44 2b 4c 24 28 83 c0 0b 44 03 ca 45 03 c8 41
0x00007ff953f3c226:   03 c1 c3 cc cc cc cc cc cc cc 4c 8b c2 48 8b d1
0x00007ff953f3c236:   45 8b 48 08 45 85 c9 7e 0e 41 f6 c1 01 75 56 41
0x00007ff953f3c246:   c1 f9 03 49 63 c1 c3 79 4c 80 3d c4 73 c1 00 00
0x00007ff953f3c256:   b8 0c 00 00 00 b9 10 00 00 00 0f 45 c8 8b 05 bf
0x00007ff953f3c266:   6e c1 00 ff c8 4c 63 c0 41 8b c1 48 c1 f8 10 48
0x00007ff953f3c276:   63 14 11 41 8b c9 83 e1 3f 0f b6 c0 48 d3 e2 49
0x00007ff953f3c286:   8d 0c 10 49 f7 d0 48 03 c1 49 c1 e8 03 48 c1 e8
0x00007ff953f3c296:   03 49 23 c0 c3 49 8b 00 49 8b c8 48 ff a0 00 01
0x00007ff953f3c2a6:   00 00 cc cc cc cc cc cc cc cc 48 8b 41 08 0f b7
0x00007ff953f3c2b6:   48 2c 0f b7 40 2a 83 c0 48 03 c1 c3 cc cc cc cc
0x00007ff953f3c2c6:   cc cc cc cc cc cc cc cc cc cc 48 89 5c 24 08 57
0x00007ff953f3c2d6:   48 83 ec 20 0f b6 05 df 70 cc 00 48 8b fa 48 8b
0x00007ff953f3c2e6:   d9 84 c0 74 4f 48 85 15 76 68 cc 00 74 38 48 8b
0x00007ff953f3c2f6:   ca e8 94 a8 8c 00 48 8b d0 48 85 db 74 25 48 85
0x00007ff953f3c306:   c0 74 20 48 8b c7 f0 48 0f b1 13 74 16 48 85 05
0x00007ff953f3c316:   4e 68 cc 00 74 0d 48 8b c8 f0 48 0f b1 13 48 3b
0x00007ff953f3c326:   c1 75 ea 48 8b fa 48 8b c7 48 8b 5c 24 30 48 83 


Stack slot to memory mapping:

stack at sp + 0 slots: 0x00007ff954286a5b jvm.dll
stack at sp + 1 slots: 0x0 is null
stack at sp + 2 slots: 0x0 is null
stack at sp + 3 slots: 0x0 is null
stack at sp + 4 slots: 0x0 is null
stack at sp + 5 slots: 0x0 is null
stack at sp + 6 slots: 0x0 is null
stack at sp + 7 slots: 0x0 is null


---------------  P R O C E S S  ---------------

Threads class SMR info:
_java_thread_list=0x00000248993027c0, length=39, elements={
0x0000024891bed570, 0x0000024891bee180, 0x0000024891c4a8a0, 0x0000024891bef240,
0x0000024891c1bac0, 0x0000024891c3cd40, 0x0000024891c12cc0, 0x0000024891dae0a0,
0x0000024891ebbf00, 0x0000024891ebfc00, 0x0000024891ec0280, 0x00000248968ccf00,
0x0000024896b22de0, 0x0000024896b2bda0, 0x0000024896b5f0a0, 0x0000024896e2c0f0,
0x0000024896efca90, 0x0000024896ccd210, 0x0000024896ccec50, 0x0000024898ee1ed0,
0x0000024896cce5c0, 0x0000024896ccdf30, 0x0000024896ccc4f0, 0x0000024896cccb80,
0x0000024896cd0000, 0x0000024896cd0690, 0x0000024896ccd8a0, 0x0000024896cd2df0,
0x0000024896ccbe60, 0x0000024896ccf970, 0x0000024898ee2bf0, 0x0000024898ee2560,
0x0000024898edf770, 0x0000024898ee1840, 0x0000024898edfe00, 0x0000024898ee0490,
0x0000024898ee11b0, 0x00000248990d2500, 0x00000248990d0430
}

Java Threads: ( => current thread )
  0x0000024891bed570 JavaThread "Reference Handler"          daemon [_thread_blocked, id=11088, stack(0x00000090ae200000,0x00000090ae300000) (1024K)]
  0x0000024891bee180 JavaThread "Finalizer"                  daemon [_thread_blocked, id=18056, stack(0x00000090ae300000,0x00000090ae400000) (1024K)]
  0x0000024891c4a8a0 JavaThread "Signal Dispatcher"          daemon [_thread_blocked, id=9924, stack(0x00000090ae400000,0x00000090ae500000) (1024K)]
  0x0000024891bef240 JavaThread "Attach Listener"            daemon [_thread_blocked, id=19544, stack(0x00000090ae500000,0x00000090ae600000) (1024K)]
  0x0000024891c1bac0 JavaThread "Service Thread"             daemon [_thread_blocked, id=18804, stack(0x00000090ae600000,0x00000090ae700000) (1024K)]
  0x0000024891c3cd40 JavaThread "Monitor Deflation Thread"   daemon [_thread_blocked, id=5804, stack(0x00000090ae700000,0x00000090ae800000) (1024K)]
  0x0000024891c12cc0 JavaThread "C1 CompilerThread0"         daemon [_thread_blocked, id=21720, stack(0x00000090ae800000,0x00000090ae900000) (1024K)]
  0x0000024891dae0a0 JavaThread "Common-Cleaner"             daemon [_thread_blocked, id=9428, stack(0x00000090ae900000,0x00000090aea00000) (1024K)]
  0x0000024891ebbf00 JavaThread "JDWP Transport Listener: dt_socket" daemon [_thread_blocked, id=18136, stack(0x00000090aed00000,0x00000090aee00000) (1024K)]
  0x0000024891ebfc00 JavaThread "JDWP Event Helper Thread"   daemon [_thread_blocked, id=4732, stack(0x00000090aee00000,0x00000090aef00000) (1024K)]
  0x0000024891ec0280 JavaThread "JDWP Command Reader"        daemon [_thread_in_native, id=2308, stack(0x00000090aef00000,0x00000090af000000) (1024K)]
  0x00000248968ccf00 JavaThread "Notification Thread"        daemon [_thread_blocked, id=5752, stack(0x00000090af000000,0x00000090af100000) (1024K)]
  0x0000024896b22de0 JavaThread "RMI TCP Accept-0"           daemon [_thread_in_native, id=13264, stack(0x00000090af100000,0x00000090af200000) (1024K)]
  0x0000024896b2bda0 JavaThread "RMI TCP Accept-50803"       daemon [_thread_in_native, id=9348, stack(0x00000090afa00000,0x00000090afb00000) (1024K)]
  0x0000024896b5f0a0 JavaThread "RMI TCP Accept-0"           daemon [_thread_in_native, id=4572, stack(0x00000090afb00000,0x00000090afc00000) (1024K)]
  0x0000024896e2c0f0 JavaThread "RMI Scheduler(0)"           daemon [_thread_blocked, id=22216, stack(0x00000090afd00000,0x00000090afe00000) (1024K)]
  0x0000024896efca90 JavaThread "JMX server connection timeout 39" daemon [_thread_blocked, id=13752, stack(0x00000090aff00000,0x00000090b0000000) (1024K)]
  0x0000024896ccd210 JavaThread "Live Reload Server"         daemon [_thread_in_native, id=14388, stack(0x00000090b0b00000,0x00000090b0c00000) (1024K)]
  0x0000024896ccec50 JavaThread "DestroyJavaVM"                     [_thread_blocked, id=8540, stack(0x00000090ada00000,0x00000090adb00000) (1024K)]
  0x0000024898ee1ed0 JavaThread "RMI TCP Connection(159)-127.0.0.1" daemon [_thread_in_native, id=20112, stack(0x00000090ad800000,0x00000090ad900000) (1024K)]
  0x0000024896cce5c0 JavaThread "File Watcher"               daemon [_thread_blocked, id=10008, stack(0x00000090aeb00000,0x00000090aec00000) (1024K)]
  0x0000024896ccdf30 JavaThread "File Watcher"               daemon [_thread_blocked, id=9304, stack(0x00000090ad900000,0x00000090ada00000) (1024K)]
  0x0000024896ccc4f0 JavaThread "File Watcher"               daemon [_thread_blocked, id=748, stack(0x00000090aea00000,0x00000090aeb00000) (1024K)]
  0x0000024896cccb80 JavaThread "Log4j2-TF-39-Scheduled-19"  daemon [_thread_blocked, id=19660, stack(0x00000090afe00000,0x00000090aff00000) (1024K)]
  0x0000024896cd0000 JavaThread "Catalina-utility-1"                [_thread_blocked, id=5180, stack(0x00000090b0300000,0x00000090b0400000) (1024K)]
  0x0000024896cd0690 JavaThread "Catalina-utility-2"                [_thread_blocked, id=10388, stack(0x00000090b0400000,0x00000090b0500000) (1024K)]
  0x0000024896ccd8a0 JavaThread "container-2"                       [_thread_blocked, id=7148, stack(0x00000090b0500000,0x00000090b0600000) (1024K)]
  0x0000024896cd2df0 JavaThread "http-nio-9191-Poller"       daemon [_thread_in_native, id=2272, stack(0x00000090b0700000,0x00000090b0800000) (1024K)]
  0x0000024896ccbe60 JavaThread "http-nio-9191-exec-1"       daemon [_thread_blocked, id=11800, stack(0x00000090ad700000,0x00000090ad800000) (1024K)]
  0x0000024896ccf970 JavaThread "http-nio-9191-exec-2"       daemon [_thread_blocked, id=9256, stack(0x00000090b0c00000,0x00000090b0d00000) (1024K)]
  0x0000024898ee2bf0 JavaThread "http-nio-9191-exec-3"       daemon [_thread_blocked, id=18880, stack(0x00000090b0d00000,0x00000090b0e00000) (1024K)]
  0x0000024898ee2560 JavaThread "http-nio-9191-exec-4"       daemon [_thread_blocked, id=3864, stack(0x00000090b0e00000,0x00000090b0f00000) (1024K)]
  0x0000024898edf770 JavaThread "http-nio-9191-exec-5"       daemon [_thread_blocked, id=8536, stack(0x00000090b0f00000,0x00000090b1000000) (1024K)]
  0x0000024898ee1840 JavaThread "http-nio-9191-exec-6"       daemon [_thread_blocked, id=920, stack(0x00000090b1000000,0x00000090b1100000) (1024K)]
  0x0000024898edfe00 JavaThread "http-nio-9191-exec-7"       daemon [_thread_blocked, id=15104, stack(0x00000090b1100000,0x00000090b1200000) (1024K)]
  0x0000024898ee0490 JavaThread "http-nio-9191-exec-8"       daemon [_thread_blocked, id=23060, stack(0x00000090b1200000,0x00000090b1300000) (1024K)]
  0x0000024898ee11b0 JavaThread "http-nio-9191-exec-9"       daemon [_thread_blocked, id=18624, stack(0x00000090b1300000,0x00000090b1400000) (1024K)]
  0x00000248990d2500 JavaThread "http-nio-9191-exec-10"      daemon [_thread_blocked, id=13300, stack(0x00000090b1400000,0x00000090b1500000) (1024K)]
  0x00000248990d0430 JavaThread "Thread-68"                         [_thread_blocked, id=17592, stack(0x00000090afc00000,0x00000090afd00000) (1024K)]
Total: 39

Other Threads:
  0x0000024880f75350 VMThread "VM Thread"                           [id=22440, stack(0x00000090ae100000,0x00000090ae200000) (1024K)]
  0x0000024891b15370 WatcherThread "VM Periodic Task Thread"        [id=18420, stack(0x00000090ae000000,0x00000090ae100000) (1024K)]
  0x0000024880f74130 WorkerThread "GC Thread#0"                     [id=11572, stack(0x00000090adb00000,0x00000090adc00000) (1024K)]
  0x0000024880f756f0 WorkerThread "GC Thread#1"                     [id=20316, stack(0x00000090af200000,0x00000090af300000) (1024K)]
  0x0000024896b55d50 WorkerThread "GC Thread#2"                     [id=21572, stack(0x00000090af300000,0x00000090af400000) (1024K)]
  0x0000024896b576b0 WorkerThread "GC Thread#3"                     [id=9320, stack(0x00000090af400000,0x00000090af500000) (1024K)]
  0x0000024896b58530 WorkerThread "GC Thread#4"                     [id=15852, stack(0x00000090af500000,0x00000090af600000) (1024K)]
  0x0000024896b593b0 WorkerThread "GC Thread#5"                     [id=5744, stack(0x00000090af600000,0x00000090af700000) (1024K)]
  0x0000024896b58190 WorkerThread "GC Thread#6"                     [id=18588, stack(0x00000090af700000,0x00000090af800000) (1024K)]
  0x0000024896b560f0 WorkerThread "GC Thread#7"                     [id=16676, stack(0x00000090af800000,0x00000090af900000) (1024K)]
  0x0000024896b56490 WorkerThread "GC Thread#8"                     [id=7120, stack(0x00000090af900000,0x00000090afa00000) (1024K)]
=>0x0000024896b56f70 WorkerThread "GC Thread#9"                     [id=8592, stack(0x00000090b0000000,0x00000090b0100000) (1024K)]
  0x000002488105de60 ConcurrentGCThread "G1 Main Marker"            [id=22072, stack(0x00000090adc00000,0x00000090add00000) (1024K)]
  0x0000024880f74c10 WorkerThread "G1 Conc#0"                       [id=17776, stack(0x00000090add00000,0x00000090ade00000) (1024K)]
  0x0000024896b559b0 WorkerThread "G1 Conc#1"                       [id=14932, stack(0x00000090b0100000,0x00000090b0200000) (1024K)]
  0x0000024896b56830 WorkerThread "G1 Conc#2"                       [id=21632, stack(0x00000090b0200000,0x00000090b0300000) (1024K)]
  0x00000248919e8000 ConcurrentGCThread "G1 Refine#0"               [id=5876, stack(0x00000090ade00000,0x00000090adf00000) (1024K)]
  0x00000248919e8820 ConcurrentGCThread "G1 Service"                [id=11372, stack(0x00000090adf00000,0x00000090ae000000) (1024K)]
Total: 18

Threads with active compile tasks:
Total: 0

VM state: at safepoint (normal execution)

VM Mutex/Monitor currently owned by a thread:  ([mutex/lock_event])
[0x00007ff954bd7308] Threads_lock - owner thread: 0x0000024880f75350
[0x00007ff954bd7408] Heap_lock - owner thread: 0x0000024896cce5c0

Heap address: 0x0000000704c00000, size: 4020 MB, Compressed Oops mode: Zero based, Oop shift amount: 3

CDS archive(s) not mapped
Compressed class space mapped at: 0x0000000800000000-0x0000000840000000, reserved size: 1073741824
Narrow klass base: 0x0000000800000000, Narrow klass shift: 0, Narrow klass range: 0x40000000

GC Precious Log:
 CardTable entry size: 512
 Card Set container configuration: InlinePtr #cards 4 size 8 Array Of Cards #cards 16 size 48 Howl #buckets 8 coarsen threshold 3686 Howl Bitmap #cards 512 size 80 coarsen threshold 460 Card regions per heap region 1 cards per card region 4096
 CPUs: 12 total, 12 available
 Memory: 16076M
 Large Page Support: Disabled
 NUMA Support: Disabled
 Compressed Oops: Enabled (Zero based)
 Heap Region Size: 2M
 Heap Min Capacity: 8M
 Heap Initial Capacity: 252M
 Heap Max Capacity: 4020M
 Pre-touch: Disabled
 Parallel Workers: 10
 Concurrent Workers: 3
 Concurrent Refinement Workers: 10
 Periodic GC: Disabled

Heap:
 garbage-first heap   total 182272K, used 152106K [0x0000000704c00000, 0x0000000800000000)
  region size 2048K, 54 young (110592K), 4 survivors (8192K)
 Metaspace       used 71405K, committed 72128K, reserved 1114112K
  class space    used 8409K, committed 8704K, reserved 1048576K

Heap Regions: E=young(eden), S=young(survivor), O=old, HS=humongous(starts), HC=humongous(continues), CS=collection set, F=free, TAMS=top-at-mark-start, PB=parsable bottom
|   0|0x0000000704c00000, 0x0000000704e00000, 0x0000000704e00000|100%| O|  |TAMS 0x0000000704e00000| PB 0x0000000704c00000| Untracked 
|   1|0x0000000704e00000, 0x0000000704fffff0, 0x0000000705000000| 99%| O|  |TAMS 0x0000000704fffff0| PB 0x0000000704e00000| Untracked 
|   2|0x0000000705000000, 0x0000000705200000, 0x0000000705200000|100%| O|  |TAMS 0x0000000705200000| PB 0x0000000705000000| Untracked 
|   3|0x0000000705200000, 0x00000007053fffb0, 0x0000000705400000| 99%| O|  |TAMS 0x00000007053fffb0| PB 0x0000000705200000| Untracked 
|   4|0x0000000705400000, 0x0000000705600000, 0x0000000705600000|100%| O|  |TAMS 0x0000000705600000| PB 0x0000000705400000| Untracked 
|   5|0x0000000705600000, 0x00000007057fffb0, 0x0000000705800000| 99%| O|  |TAMS 0x00000007057fffb0| PB 0x0000000705600000| Untracked 
|   6|0x0000000705800000, 0x00000007059fffe8, 0x0000000705a00000| 99%| O|  |TAMS 0x00000007059fffe8| PB 0x0000000705800000| Untracked 
|   7|0x0000000705a00000, 0x0000000705c00000, 0x0000000705c00000|100%| O|  |TAMS 0x0000000705c00000| PB 0x0000000705a00000| Untracked 
|   8|0x0000000705c00000, 0x0000000705dffff0, 0x0000000705e00000| 99%| O|  |TAMS 0x0000000705dffff0| PB 0x0000000705c00000| Untracked 
|   9|0x0000000705e00000, 0x0000000706000000, 0x0000000706000000|100%| O|  |TAMS 0x0000000706000000| PB 0x0000000705e00000| Untracked 
|  10|0x0000000706000000, 0x00000007061fffb8, 0x0000000706200000| 99%| O|  |TAMS 0x00000007061fffb8| PB 0x0000000706000000| Untracked 
|  11|0x0000000706200000, 0x00000007063fff88, 0x0000000706400000| 99%| O|  |TAMS 0x00000007063fff88| PB 0x0000000706200000| Untracked 
|  12|0x0000000706400000, 0x0000000706600000, 0x0000000706600000|100%| O|  |TAMS 0x0000000706600000| PB 0x0000000706400000| Untracked 
|  13|0x0000000706600000, 0x00000007067fffe8, 0x0000000706800000| 99%| O|  |TAMS 0x00000007067fffe8| PB 0x0000000706600000| Untracked 
|  14|0x0000000706800000, 0x0000000706a00000, 0x0000000706a00000|100%| O|  |TAMS 0x0000000706a00000| PB 0x0000000706800000| Untracked 
|  15|0x0000000706a00000, 0x0000000706be6d68, 0x0000000706c00000| 95%| O|  |TAMS 0x0000000706be6d68| PB 0x0000000706a00000| Untracked 
|  16|0x0000000706c00000, 0x0000000706dfefd0, 0x0000000706e00000| 99%| O|  |TAMS 0x0000000706dfefd0| PB 0x0000000706c00000| Untracked 
|  17|0x0000000706e00000, 0x0000000706ea4cd0, 0x0000000707000000| 32%| O|  |TAMS 0x0000000706ea4cd0| PB 0x0000000706e00000| Untracked 
|  18|0x0000000707000000, 0x0000000707000000, 0x0000000707200000|  0%| F|  |TAMS 0x0000000707000000| PB 0x0000000707000000| Untracked 
|  19|0x0000000707200000, 0x0000000707200000, 0x0000000707400000|  0%| F|  |TAMS 0x0000000707200000| PB 0x0000000707200000| Untracked 
|  20|0x0000000707400000, 0x0000000707400000, 0x0000000707600000|  0%| F|  |TAMS 0x0000000707400000| PB 0x0000000707400000| Untracked 
|  21|0x0000000707600000, 0x0000000707800000, 0x0000000707800000|100%| O|  |TAMS 0x0000000707800000| PB 0x0000000707600000| Untracked 
|  22|0x0000000707800000, 0x0000000707a00000, 0x0000000707a00000|100%| O|  |TAMS 0x0000000707a00000| PB 0x0000000707800000| Untracked 
|  23|0x0000000707a00000, 0x0000000707c00000, 0x0000000707c00000|100%| O|  |TAMS 0x0000000707c00000| PB 0x0000000707a00000| Untracked 
|  24|0x0000000707c00000, 0x0000000707c00000, 0x0000000707e00000|  0%| F|  |TAMS 0x0000000707c00000| PB 0x0000000707c00000| Untracked 
|  25|0x0000000707e00000, 0x0000000707e00000, 0x0000000708000000|  0%| F|  |TAMS 0x0000000707e00000| PB 0x0000000707e00000| Untracked 
|  26|0x0000000708000000, 0x0000000708000000, 0x0000000708200000|  0%| F|  |TAMS 0x0000000708000000| PB 0x0000000708000000| Untracked 
|  27|0x0000000708200000, 0x0000000708200000, 0x0000000708400000|  0%| F|  |TAMS 0x0000000708200000| PB 0x0000000708200000| Untracked 
|  28|0x0000000708400000, 0x0000000708400000, 0x0000000708600000|  0%| F|  |TAMS 0x0000000708400000| PB 0x0000000708400000| Untracked 
|  29|0x0000000708600000, 0x0000000708600000, 0x0000000708800000|  0%| F|  |TAMS 0x0000000708600000| PB 0x0000000708600000| Untracked 
|  30|0x0000000708800000, 0x0000000708800000, 0x0000000708a00000|  0%| F|  |TAMS 0x0000000708800000| PB 0x0000000708800000| Untracked 
|  31|0x0000000708a00000, 0x0000000708c00000, 0x0000000708c00000|100%| S|  |TAMS 0x0000000708a00000| PB 0x0000000708a00000| Complete 
|  32|0x0000000708c00000, 0x0000000708e00000, 0x0000000708e00000|100%| S|  |TAMS 0x0000000708c00000| PB 0x0000000708c00000| Complete 
|  33|0x0000000708e00000, 0x0000000709000000, 0x0000000709000000|100%| S|  |TAMS 0x0000000708e00000| PB 0x0000000708e00000| Complete 
|  34|0x0000000709000000, 0x0000000709200000, 0x0000000709200000|100%| S|  |TAMS 0x0000000709000000| PB 0x0000000709000000| Complete 
|  35|0x0000000709200000, 0x0000000709400000, 0x0000000709400000|100%| E|CS|TAMS 0x0000000709200000| PB 0x0000000709200000| Complete 
|  36|0x0000000709400000, 0x0000000709600000, 0x0000000709600000|100%| E|CS|TAMS 0x0000000709400000| PB 0x0000000709400000| Complete 
|  37|0x0000000709600000, 0x0000000709800000, 0x0000000709800000|100%| E|CS|TAMS 0x0000000709600000| PB 0x0000000709600000| Complete 
|  38|0x0000000709800000, 0x0000000709a00000, 0x0000000709a00000|100%| E|CS|TAMS 0x0000000709800000| PB 0x0000000709800000| Complete 
|  39|0x0000000709a00000, 0x0000000709c00000, 0x0000000709c00000|100%| E|CS|TAMS 0x0000000709a00000| PB 0x0000000709a00000| Complete 
|  40|0x0000000709c00000, 0x0000000709e00000, 0x0000000709e00000|100%| E|CS|TAMS 0x0000000709c00000| PB 0x0000000709c00000| Complete 
|  41|0x0000000709e00000, 0x000000070a000000, 0x000000070a000000|100%| E|CS|TAMS 0x0000000709e00000| PB 0x0000000709e00000| Complete 
|  42|0x000000070a000000, 0x000000070a200000, 0x000000070a200000|100%| E|CS|TAMS 0x000000070a000000| PB 0x000000070a000000| Complete 
|  43|0x000000070a200000, 0x000000070a400000, 0x000000070a400000|100%| E|CS|TAMS 0x000000070a200000| PB 0x000000070a200000| Complete 
|  44|0x000000070a400000, 0x000000070a600000, 0x000000070a600000|100%| E|CS|TAMS 0x000000070a400000| PB 0x000000070a400000| Complete 
|  45|0x000000070a600000, 0x000000070a800000, 0x000000070a800000|100%| E|CS|TAMS 0x000000070a600000| PB 0x000000070a600000| Complete 
|  46|0x000000070a800000, 0x000000070aa00000, 0x000000070aa00000|100%| E|CS|TAMS 0x000000070a800000| PB 0x000000070a800000| Complete 
|  47|0x000000070aa00000, 0x000000070ac00000, 0x000000070ac00000|100%| E|CS|TAMS 0x000000070aa00000| PB 0x000000070aa00000| Complete 
|  48|0x000000070ac00000, 0x000000070ae00000, 0x000000070ae00000|100%| E|CS|TAMS 0x000000070ac00000| PB 0x000000070ac00000| Complete 
|  49|0x000000070ae00000, 0x000000070b000000, 0x000000070b000000|100%| E|CS|TAMS 0x000000070ae00000| PB 0x000000070ae00000| Complete 
|  50|0x000000070b000000, 0x000000070b200000, 0x000000070b200000|100%| E|CS|TAMS 0x000000070b000000| PB 0x000000070b000000| Complete 
|  51|0x000000070b200000, 0x000000070b400000, 0x000000070b400000|100%| E|CS|TAMS 0x000000070b200000| PB 0x000000070b200000| Complete 
|  52|0x000000070b400000, 0x000000070b600000, 0x000000070b600000|100%| E|CS|TAMS 0x000000070b400000| PB 0x000000070b400000| Complete 
|  53|0x000000070b600000, 0x000000070b800000, 0x000000070b800000|100%| E|CS|TAMS 0x000000070b600000| PB 0x000000070b600000| Complete 
|  54|0x000000070b800000, 0x000000070ba00000, 0x000000070ba00000|100%| E|CS|TAMS 0x000000070b800000| PB 0x000000070b800000| Complete 
|  55|0x000000070ba00000, 0x000000070bc00000, 0x000000070bc00000|100%| E|CS|TAMS 0x000000070ba00000| PB 0x000000070ba00000| Complete 
|  56|0x000000070bc00000, 0x000000070be00000, 0x000000070be00000|100%| E|CS|TAMS 0x000000070bc00000| PB 0x000000070bc00000| Complete 
|  57|0x000000070be00000, 0x000000070c000000, 0x000000070c000000|100%| E|CS|TAMS 0x000000070be00000| PB 0x000000070be00000| Complete 
|  58|0x000000070c000000, 0x000000070c200000, 0x000000070c200000|100%| E|CS|TAMS 0x000000070c000000| PB 0x000000070c000000| Complete 
|  59|0x000000070c200000, 0x000000070c400000, 0x000000070c400000|100%| E|CS|TAMS 0x000000070c200000| PB 0x000000070c200000| Complete 
|  60|0x000000070c400000, 0x000000070c600000, 0x000000070c600000|100%| E|CS|TAMS 0x000000070c400000| PB 0x000000070c400000| Complete 
|  61|0x000000070c600000, 0x000000070c800000, 0x000000070c800000|100%| E|CS|TAMS 0x000000070c600000| PB 0x000000070c600000| Complete 
|  62|0x000000070c800000, 0x000000070ca00000, 0x000000070ca00000|100%| E|CS|TAMS 0x000000070c800000| PB 0x000000070c800000| Complete 
|  63|0x000000070ca00000, 0x000000070cc00000, 0x000000070cc00000|100%| E|CS|TAMS 0x000000070ca00000| PB 0x000000070ca00000| Complete 
|  64|0x000000070cc00000, 0x000000070ce00000, 0x000000070ce00000|100%| E|CS|TAMS 0x000000070cc00000| PB 0x000000070cc00000| Complete 
|  65|0x000000070ce00000, 0x000000070d000000, 0x000000070d000000|100%| E|CS|TAMS 0x000000070ce00000| PB 0x000000070ce00000| Complete 
|  66|0x000000070d000000, 0x000000070d200000, 0x000000070d200000|100%| E|CS|TAMS 0x000000070d000000| PB 0x000000070d000000| Complete 
|  67|0x000000070d200000, 0x000000070d400000, 0x000000070d400000|100%| E|CS|TAMS 0x000000070d200000| PB 0x000000070d200000| Complete 
|  68|0x000000070d400000, 0x000000070d600000, 0x000000070d600000|100%| E|CS|TAMS 0x000000070d400000| PB 0x000000070d400000| Complete 
|  69|0x000000070d600000, 0x000000070d800000, 0x000000070d800000|100%| E|CS|TAMS 0x000000070d600000| PB 0x000000070d600000| Complete 
|  70|0x000000070d800000, 0x000000070da00000, 0x000000070da00000|100%| E|CS|TAMS 0x000000070d800000| PB 0x000000070d800000| Complete 
|  71|0x000000070da00000, 0x000000070dc00000, 0x000000070dc00000|100%| E|CS|TAMS 0x000000070da00000| PB 0x000000070da00000| Complete 
|  72|0x000000070dc00000, 0x000000070de00000, 0x000000070de00000|100%| E|CS|TAMS 0x000000070dc00000| PB 0x000000070dc00000| Complete 
|  73|0x000000070de00000, 0x000000070e000000, 0x000000070e000000|100%| E|CS|TAMS 0x000000070de00000| PB 0x000000070de00000| Complete 
|  74|0x000000070e000000, 0x000000070e200000, 0x000000070e200000|100%| E|CS|TAMS 0x000000070e000000| PB 0x000000070e000000| Complete 
|  75|0x000000070e200000, 0x000000070e400000, 0x000000070e400000|100%| E|CS|TAMS 0x000000070e200000| PB 0x000000070e200000| Complete 
|  76|0x000000070e400000, 0x000000070e600000, 0x000000070e600000|100%| E|CS|TAMS 0x000000070e400000| PB 0x000000070e400000| Complete 
|  77|0x000000070e600000, 0x000000070e800000, 0x000000070e800000|100%| E|CS|TAMS 0x000000070e600000| PB 0x000000070e600000| Complete 
|  78|0x000000070e800000, 0x000000070ea00000, 0x000000070ea00000|100%| E|CS|TAMS 0x000000070e800000| PB 0x000000070e800000| Complete 
|  79|0x000000070ea00000, 0x000000070ec00000, 0x000000070ec00000|100%| E|CS|TAMS 0x000000070ea00000| PB 0x000000070ea00000| Complete 
|  80|0x000000070ec00000, 0x000000070ee00000, 0x000000070ee00000|100%| E|CS|TAMS 0x000000070ec00000| PB 0x000000070ec00000| Complete 
|  81|0x000000070ee00000, 0x000000070f000000, 0x000000070f000000|100%| E|CS|TAMS 0x000000070ee00000| PB 0x000000070ee00000| Complete 
|  82|0x000000070f000000, 0x000000070f200000, 0x000000070f200000|100%| E|CS|TAMS 0x000000070f000000| PB 0x000000070f000000| Complete 
|  83|0x000000070f200000, 0x000000070f400000, 0x000000070f400000|100%| E|CS|TAMS 0x000000070f200000| PB 0x000000070f200000| Complete 
|  84|0x000000070f400000, 0x000000070f600000, 0x000000070f600000|100%| E|CS|TAMS 0x000000070f400000| PB 0x000000070f400000| Complete 
|  85|0x000000070f600000, 0x000000070f800000, 0x000000070f800000|100%| E|CS|TAMS 0x000000070f600000| PB 0x000000070f600000| Complete 
|  86|0x000000070f800000, 0x000000070fa00000, 0x000000070fa00000|100%| E|CS|TAMS 0x000000070f800000| PB 0x000000070f800000| Complete 
|  87|0x000000070fa00000, 0x000000070fc00000, 0x000000070fc00000|100%| E|CS|TAMS 0x000000070fa00000| PB 0x000000070fa00000| Complete 
|2009|0x00000007ffe00000, 0x0000000800000000, 0x0000000800000000|100%| O|  |TAMS 0x0000000800000000| PB 0x00000007ffe00000| Untracked 

Card table byte_map: [0x000002488a820000,0x000002488b000000] _byte_map_base: 0x0000024886ffa000

Marking Bits: (CMBitMap*) 0x0000024883288f80
 Bits: [0x000002488b000000, 0x000002488eed0000)

Polling page: 0x00000248810f0000

Metaspace:

Usage:
  Non-class:     61.52 MB used.
      Class:      8.21 MB used.
       Both:     69.73 MB used.

Virtual space:
  Non-class space:       64.00 MB reserved,      61.94 MB ( 97%) committed,  1 nodes.
      Class space:        1.00 GB reserved,       8.50 MB ( <1%) committed,  1 nodes.
             Both:        1.06 GB reserved,      70.44 MB (  6%) committed. 

Chunk freelists:
   Non-Class:  1.19 MB
       Class:  7.31 MB
        Both:  8.51 MB

MaxMetaspaceSize: unlimited
CompressedClassSpaceSize: 1.00 GB
Initial GC threshold: 21.00 MB
Current GC threshold: 117.44 MB
CDS: off
 - commit_granule_bytes: 65536.
 - commit_granule_words: 8192.
 - virtual_space_node_default_size: 8388608.
 - enlarge_chunks_in_place: 1.
 - use_allocation_guard: 0.


Internal statistics:

num_allocs_failed_limit: 6.
num_arena_births: 3114.
num_arena_deaths: 2344.
num_vsnodes_births: 2.
num_vsnodes_deaths: 0.
num_space_committed: 1127.
num_space_uncommitted: 0.
num_chunks_returned_to_freelist: 2804.
num_chunks_taken_from_freelist: 6399.
num_chunk_merges: 581.
num_chunk_splits: 3253.
num_chunks_enlarged: 2309.
num_inconsistent_stats: 0.

CodeCache: size=49152Kb used=14472Kb max_used=19592Kb free=34679Kb
 bounds [0x0000024886d10000, 0x0000024888070000, 0x0000024889d10000]
 total_blobs=7191 nmethods=6541 adapters=573
 compilation: enabled
              stopped_count=0, restarted_count=0
 full_count=0

Compilation events (20 events):
Event: 22763.764 Thread 0x0000024891c12cc0 24551       1       jdk.internal.misc.Blocker::begin (14 bytes)
Event: 22763.764 Thread 0x0000024891c12cc0 nmethod 24551 0x0000024887294d10 code [0x0000024887294ec0, 0x0000024887294fb8]
Event: 22764.768 Thread 0x0000024891c12cc0 24552       1       sun.nio.ch.SelectorImpl::end (9 bytes)
Event: 22764.769 Thread 0x0000024891c12cc0 nmethod 24552 0x00000248878a0990 code [0x00000248878a0b40, 0x00000248878a0c90]
Event: 22764.769 Thread 0x0000024891c12cc0 24554   !   1       org.apache.tomcat.util.net.NioEndpoint$Poller::timeout (565 bytes)
Event: 22764.770 Thread 0x0000024891c12cc0 nmethod 24554 0x00000248870fdf10 code [0x00000248870fe300, 0x00000248870ff458]
Event: 22764.770 Thread 0x0000024891c12cc0 24553       1       sun.nio.ch.WEPollSelectorImpl::processEvents (152 bytes)
Event: 22764.771 Thread 0x0000024891c12cc0 nmethod 24553 0x0000024887dcff10 code [0x0000024887dd0120, 0x0000024887dd06e8]
Event: 22764.771 Thread 0x0000024891c12cc0 24555       1       java.nio.channels.spi.AbstractSelector::begin (48 bytes)
Event: 22764.771 Thread 0x0000024891c12cc0 nmethod 24555 0x00000248870e4e10 code [0x00000248870e4fe0, 0x00000248870e5410]
Event: 22765.782 Thread 0x0000024891c12cc0 24557       1       sun.nio.ch.SelectorImpl::select (35 bytes)
Event: 22765.782 Thread 0x0000024891c12cc0 nmethod 24557 0x000002488739f690 code [0x000002488739f840, 0x000002488739fa38]
Event: 22765.782 Thread 0x0000024891c12cc0 24556       1       org.apache.tomcat.util.net.NioEndpoint::access$200 (5 bytes)
Event: 22765.782 Thread 0x0000024891c12cc0 nmethod 24556 0x0000024887074d90 code [0x0000024887074f20, 0x0000024887074fd0]
Event: 22776.510 Thread 0x0000024891c12cc0 24558       1       jdk.internal.misc.Unsafe::convEndian (16 bytes)
Event: 22776.510 Thread 0x0000024891c12cc0 nmethod 24558 0x0000024887167110 code [0x00000248871672a0, 0x0000024887167378]
Event: 22776.510 Thread 0x0000024891c12cc0 24559       1       java.lang.Short::reverseBytes (14 bytes)
Event: 22776.510 Thread 0x0000024891c12cc0 nmethod 24559 0x0000024887223410 code [0x00000248872235a0, 0x0000024887223660]
Event: 22780.794 Thread 0x0000024891c12cc0 24560       1       java.net.NetworkInterface::<init> (15 bytes)
Event: 22780.794 Thread 0x0000024891c12cc0 nmethod 24560 0x0000024887238290 code [0x0000024887238420, 0x0000024887238518]

GC Heap History (20 events):
Event: 22730.300 GC heap after
{Heap after GC invocations=626 (full 13):
 garbage-first heap   total 137216K, used 39137K [0x0000000704c00000, 0x0000000800000000)
  region size 2048K, 0 young (0K), 0 survivors (0K)
 Metaspace       used 69526K, committed 70272K, reserved 1114112K
  class space    used 8240K, committed 8576K, reserved 1048576K
}
Event: 22731.541 GC heap before
{Heap before GC invocations=626 (full 13):
 garbage-first heap   total 137216K, used 121057K [0x0000000704c00000, 0x0000000800000000)
  region size 2048K, 40 young (81920K), 0 survivors (0K)
 Metaspace       used 70468K, committed 71168K, reserved 1114112K
  class space    used 8326K, committed 8640K, reserved 1048576K
}
Event: 22731.548 GC heap after
{Heap after GC invocations=627 (full 13):
 garbage-first heap   total 165888K, used 46667K [0x0000000704c00000, 0x0000000800000000)
  region size 2048K, 4 young (8192K), 4 survivors (8192K)
 Metaspace       used 70468K, committed 71168K, reserved 1114112K
  class space    used 8326K, committed 8640K, reserved 1048576K
}
Event: 22737.673 GC heap before
{Heap before GC invocations=628 (full 13):
 garbage-first heap   total 163840K, used 134731K [0x0000000704c00000, 0x0000000800000000)
  region size 2048K, 48 young (98304K), 4 survivors (8192K)
 Metaspace       used 70468K, committed 71168K, reserved 1114112K
  class space    used 8326K, committed 8640K, reserved 1048576K
}
Event: 22737.679 GC heap after
{Heap after GC invocations=629 (full 13):
 garbage-first heap   total 163840K, used 46024K [0x0000000704c00000, 0x0000000800000000)
  region size 2048K, 2 young (4096K), 2 survivors (4096K)
 Metaspace       used 70468K, committed 71168K, reserved 1114112K
  class space    used 8326K, committed 8640K, reserved 1048576K
}
Event: 22740.946 GC heap before
{Heap before GC invocations=629 (full 13):
 garbage-first heap   total 163840K, used 93128K [0x0000000704c00000, 0x0000000800000000)
  region size 2048K, 26 young (53248K), 2 survivors (4096K)
 Metaspace       used 70472K, committed 71232K, reserved 1114112K
  class space    used 8326K, committed 8640K, reserved 1048576K
}
Event: 22741.019 GC heap after
{Heap after GC invocations=630 (full 14):
 garbage-first heap   total 151552K, used 40812K [0x0000000704c00000, 0x0000000800000000)
  region size 2048K, 0 young (0K), 0 survivors (0K)
 Metaspace       used 70469K, committed 71232K, reserved 1114112K
  class space    used 8326K, committed 8640K, reserved 1048576K
}
Event: 22742.272 GC heap before
{Heap before GC invocations=630 (full 14):
 garbage-first heap   total 151552K, used 130924K [0x0000000704c00000, 0x0000000800000000)
  region size 2048K, 44 young (90112K), 0 survivors (0K)
 Metaspace       used 71407K, committed 72128K, reserved 1114112K
  class space    used 8409K, committed 8704K, reserved 1048576K
}
Event: 22742.279 GC heap after
{Heap after GC invocations=631 (full 14):
 garbage-first heap   total 151552K, used 48839K [0x0000000704c00000, 0x0000000800000000)
  region size 2048K, 4 young (8192K), 4 survivors (8192K)
 Metaspace       used 71407K, committed 72128K, reserved 1114112K
  class space    used 8409K, committed 8704K, reserved 1048576K
}
Event: 22747.433 GC heap before
{Heap before GC invocations=632 (full 14):
 garbage-first heap   total 151552K, used 128711K [0x0000000704c00000, 0x0000000800000000)
  region size 2048K, 43 young (88064K), 4 survivors (8192K)
 Metaspace       used 71407K, committed 72128K, reserved 1114112K
  class space    used 8409K, committed 8704K, reserved 1048576K
}
Event: 22747.437 GC heap after
{Heap after GC invocations=633 (full 14):
 garbage-first heap   total 151552K, used 50828K [0x0000000704c00000, 0x0000000800000000)
  region size 2048K, 3 young (6144K), 3 survivors (6144K)
 Metaspace       used 71407K, committed 72128K, reserved 1114112K
  class space    used 8409K, committed 8704K, reserved 1048576K
}
Event: 22753.668 GC heap before
{Heap before GC invocations=633 (full 14):
 garbage-first heap   total 151552K, used 128652K [0x0000000704c00000, 0x0000000800000000)
  region size 2048K, 41 young (83968K), 3 survivors (6144K)
 Metaspace       used 71407K, committed 72128K, reserved 1114112K
  class space    used 8409K, committed 8704K, reserved 1048576K
}
Event: 22753.672 GC heap after
{Heap after GC invocations=634 (full 14):
 garbage-first heap   total 151552K, used 49771K [0x0000000704c00000, 0x0000000800000000)
  region size 2048K, 2 young (4096K), 2 survivors (4096K)
 Metaspace       used 71407K, committed 72128K, reserved 1114112K
  class space    used 8409K, committed 8704K, reserved 1048576K
}
Event: 22761.135 GC heap before
{Heap before GC invocations=634 (full 14):
 garbage-first heap   total 151552K, used 135787K [0x0000000704c00000, 0x0000000800000000)
  region size 2048K, 44 young (90112K), 2 survivors (4096K)
 Metaspace       used 71407K, committed 72128K, reserved 1114112K
  class space    used 8409K, committed 8704K, reserved 1048576K
}
Event: 22761.139 GC heap after
{Heap after GC invocations=635 (full 14):
 garbage-first heap   total 151552K, used 48420K [0x0000000704c00000, 0x0000000800000000)
  region size 2048K, 2 young (4096K), 2 survivors (4096K)
 Metaspace       used 71407K, committed 72128K, reserved 1114112K
  class space    used 8409K, committed 8704K, reserved 1048576K
}
Event: 22767.068 GC heap before
{Heap before GC invocations=636 (full 14):
 garbage-first heap   total 151552K, used 134436K [0x0000000704c00000, 0x0000000800000000)
  region size 2048K, 44 young (90112K), 2 survivors (4096K)
 Metaspace       used 71405K, committed 72128K, reserved 1114112K
  class space    used 8409K, committed 8704K, reserved 1048576K
}
Event: 22767.070 GC heap after
{Heap after GC invocations=637 (full 14):
 garbage-first heap   total 182272K, used 50118K [0x0000000704c00000, 0x0000000800000000)
  region size 2048K, 3 young (6144K), 3 survivors (6144K)
 Metaspace       used 71405K, committed 72128K, reserved 1114112K
  class space    used 8409K, committed 8704K, reserved 1048576K
}
Event: 22774.545 GC heap before
{Heap before GC invocations=637 (full 14):
 garbage-first heap   total 182272K, used 152518K [0x0000000704c00000, 0x0000000800000000)
  region size 2048K, 53 young (108544K), 3 survivors (6144K)
 Metaspace       used 71405K, committed 72128K, reserved 1114112K
  class space    used 8409K, committed 8704K, reserved 1048576K
}
Event: 22774.549 GC heap after
{Heap after GC invocations=638 (full 14):
 garbage-first heap   total 182272K, used 49706K [0x0000000704c00000, 0x0000000800000000)
  region size 2048K, 3 young (6144K), 3 survivors (6144K)
 Metaspace       used 71405K, committed 72128K, reserved 1114112K
  class space    used 8409K, committed 8704K, reserved 1048576K
}
Event: 22782.525 GC heap before
{Heap before GC invocations=638 (full 14):
 garbage-first heap   total 182272K, used 152106K [0x0000000704c00000, 0x0000000800000000)
  region size 2048K, 53 young (108544K), 3 survivors (6144K)
 Metaspace       used 71405K, committed 72128K, reserved 1114112K
  class space    used 8409K, committed 8704K, reserved 1048576K
}

Dll operation events (12 events):
Event: 0.063 Loaded shared library D:\STS\sts-4.25.0.RELEASE\plugins\org.eclipse.justj.openjdk.hotspot.jre.full.win32.x86_64_21.0.4.v20240802-1551\jre\bin\java.dll
Event: 0.067 Loaded shared library D:\STS\sts-4.25.0.RELEASE\plugins\org.eclipse.justj.openjdk.hotspot.jre.full.win32.x86_64_21.0.4.v20240802-1551\jre\bin\zip.dll
Event: 0.436 Loaded shared library D:\STS\sts-4.25.0.RELEASE\plugins\org.eclipse.justj.openjdk.hotspot.jre.full.win32.x86_64_21.0.4.v20240802-1551\jre\bin\instrument.dll
Event: 0.445 Loaded shared library D:\STS\sts-4.25.0.RELEASE\plugins\org.eclipse.justj.openjdk.hotspot.jre.full.win32.x86_64_21.0.4.v20240802-1551\jre\bin\net.dll
Event: 0.446 Loaded shared library D:\STS\sts-4.25.0.RELEASE\plugins\org.eclipse.justj.openjdk.hotspot.jre.full.win32.x86_64_21.0.4.v20240802-1551\jre\bin\nio.dll
Event: 0.451 Loaded shared library D:\STS\sts-4.25.0.RELEASE\plugins\org.eclipse.justj.openjdk.hotspot.jre.full.win32.x86_64_21.0.4.v20240802-1551\jre\bin\zip.dll
Event: 0.575 Loaded shared library D:\STS\sts-4.25.0.RELEASE\plugins\org.eclipse.justj.openjdk.hotspot.jre.full.win32.x86_64_21.0.4.v20240802-1551\jre\bin\jimage.dll
Event: 0.661 Loaded shared library D:\STS\sts-4.25.0.RELEASE\plugins\org.eclipse.justj.openjdk.hotspot.jre.full.win32.x86_64_21.0.4.v20240802-1551\jre\bin\management.dll
Event: 0.673 Loaded shared library D:\STS\sts-4.25.0.RELEASE\plugins\org.eclipse.justj.openjdk.hotspot.jre.full.win32.x86_64_21.0.4.v20240802-1551\jre\bin\management_ext.dll
Event: 0.916 Loaded shared library D:\STS\sts-4.25.0.RELEASE\plugins\org.eclipse.justj.openjdk.hotspot.jre.full.win32.x86_64_21.0.4.v20240802-1551\jre\bin\extnet.dll
Event: 0.952 Loaded shared library D:\STS\sts-4.25.0.RELEASE\plugins\org.eclipse.justj.openjdk.hotspot.jre.full.win32.x86_64_21.0.4.v20240802-1551\jre\bin\verify.dll
Event: 7.436 Loaded shared library D:\STS\sts-4.25.0.RELEASE\plugins\org.eclipse.justj.openjdk.hotspot.jre.full.win32.x86_64_21.0.4.v20240802-1551\jre\bin\sunmscapi.dll

Deoptimization events (20 events):
Event: 22780.789 Thread 0x0000024896cd13b0 DEOPT PACKING pc=0x00000248878db8fc sp=0x00000090b06fec90
Event: 22780.789 Thread 0x0000024896cd13b0 DEOPT UNPACKING pc=0x0000024886d64e42 sp=0x00000090b06fe1b0 mode 1
Event: 22780.789 Thread 0x0000024896cd13b0 DEOPT PACKING pc=0x00000248875b6859 sp=0x00000090b06fdfc0
Event: 22780.789 Thread 0x0000024896cd13b0 DEOPT UNPACKING pc=0x0000024886d64e42 sp=0x00000090b06fd418 mode 1
Event: 22780.789 Thread 0x0000024896cd13b0 DEOPT PACKING pc=0x000002488749d20c sp=0x00000090b06fe050
Event: 22780.789 Thread 0x0000024896cd13b0 DEOPT UNPACKING pc=0x0000024886d64e42 sp=0x00000090b06fd4f8 mode 1
Event: 22780.789 Thread 0x0000024896cd13b0 DEOPT PACKING pc=0x000002488762d8f4 sp=0x00000090b06fead0
Event: 22780.789 Thread 0x0000024896cd13b0 DEOPT UNPACKING pc=0x0000024886d64e42 sp=0x00000090b06fdf98 mode 1
Event: 22780.789 Thread 0x0000024896cd13b0 DEOPT PACKING pc=0x0000024886f68274 sp=0x00000090b06feb60
Event: 22780.789 Thread 0x0000024896cd13b0 DEOPT UNPACKING pc=0x0000024886d64e42 sp=0x00000090b06fe038 mode 1
Event: 22780.789 Thread 0x0000024896cd13b0 DEOPT PACKING pc=0x00000248875b6859 sp=0x00000090b06fdfc0
Event: 22780.789 Thread 0x0000024896cd13b0 DEOPT UNPACKING pc=0x0000024886d64e42 sp=0x00000090b06fd418 mode 1
Event: 22780.789 Thread 0x0000024896cd13b0 DEOPT PACKING pc=0x000002488749d20c sp=0x00000090b06fe050
Event: 22780.789 Thread 0x0000024896cd13b0 DEOPT UNPACKING pc=0x0000024886d64e42 sp=0x00000090b06fd4f8 mode 1
Event: 22780.789 Thread 0x0000024896cd13b0 DEOPT PACKING pc=0x000002488762d8f4 sp=0x00000090b06fead0
Event: 22780.789 Thread 0x0000024896cd13b0 DEOPT UNPACKING pc=0x0000024886d64e42 sp=0x00000090b06fdf98 mode 1
Event: 22780.789 Thread 0x0000024896cd13b0 DEOPT PACKING pc=0x0000024887582b6c sp=0x00000090b06feb60
Event: 22780.789 Thread 0x0000024896cd13b0 DEOPT UNPACKING pc=0x0000024886d64e42 sp=0x00000090b06fe038 mode 1
Event: 22780.789 Thread 0x0000024896cd13b0 DEOPT PACKING pc=0x00000248878db8fc sp=0x00000090b06fec90
Event: 22780.789 Thread 0x0000024896cd13b0 DEOPT UNPACKING pc=0x0000024886d64e42 sp=0x00000090b06fe1b0 mode 1

Classes loaded (20 events):
Event: 22667.633 Loading class java/lang/ObjectCustomizer
Event: 22667.633 Loading class java/lang/ObjectCustomizer done
Event: 22667.634 Loading class java/lang/ObjectCustomizer
Event: 22667.634 Loading class java/lang/ObjectCustomizer done
Event: 22698.553 Loading class java/lang/ObjectCustomizer
Event: 22698.553 Loading class java/lang/ObjectCustomizer done
Event: 22698.553 Loading class java/lang/ObjectCustomizer
Event: 22698.553 Loading class java/lang/ObjectCustomizer done
Event: 22731.011 Loading class java/lang/ObjectCustomizer
Event: 22731.011 Loading class java/lang/ObjectCustomizer done
Event: 22731.012 Loading class java/lang/ObjectCustomizer
Event: 22731.012 Loading class java/lang/ObjectCustomizer done
Event: 22741.827 Loading class java/lang/ObjectCustomizer
Event: 22741.827 Loading class java/lang/ObjectCustomizer done
Event: 22741.828 Loading class java/lang/ObjectCustomizer
Event: 22741.828 Loading class java/lang/ObjectCustomizer done
Event: 22753.666 Loading class java/lang/ObjectCustomizer
Event: 22753.666 Loading class java/lang/ObjectCustomizer done
Event: 22753.667 Loading class java/lang/ObjectCustomizer
Event: 22753.667 Loading class java/lang/ObjectCustomizer done

Classes unloaded (20 events):
Event: 22678.125 Thread 0x0000024880f75350 Unloading class 0x000000080078ac00 'java/lang/invoke/LambdaForm$MH+0x000000080078ac00'
Event: 22678.125 Thread 0x0000024880f75350 Unloading class 0x0000000800792400 'java/lang/invoke/LambdaForm$MH+0x0000000800792400'
Event: 22678.125 Thread 0x0000024880f75350 Unloading class 0x000000080079c800 'java/lang/invoke/LambdaForm$MH+0x000000080079c800'
Event: 22678.125 Thread 0x0000024880f75350 Unloading class 0x000000080079fc00 'java/lang/invoke/LambdaForm$MH+0x000000080079fc00'
Event: 22678.125 Thread 0x0000024880f75350 Unloading class 0x0000000800740800 'java/lang/invoke/LambdaForm$MH+0x0000000800740800'
Event: 22678.125 Thread 0x0000024880f75350 Unloading class 0x0000000800752800 'java/lang/invoke/LambdaForm$MH+0x0000000800752800'
Event: 22678.125 Thread 0x0000024880f75350 Unloading class 0x000000080072f000 'java/lang/invoke/LambdaForm$MH+0x000000080072f000'
Event: 22678.125 Thread 0x0000024880f75350 Unloading class 0x0000000800758c00 'java/lang/invoke/LambdaForm$MH+0x0000000800758c00'
Event: 22678.125 Thread 0x0000024880f75350 Unloading class 0x0000000800756400 'java/lang/invoke/LambdaForm$MH+0x0000000800756400'
Event: 22678.125 Thread 0x0000024880f75350 Unloading class 0x00000008007c0c00 'java/lang/invoke/LambdaForm$MH+0x00000008007c0c00'
Event: 22678.125 Thread 0x0000024880f75350 Unloading class 0x00000008007b1000 'java/lang/invoke/LambdaForm$MH+0x00000008007b1000'
Event: 22714.996 Thread 0x0000024880f75350 Unloading class 0x00000008007f3800 'org/apache/catalina/loader/JdbcLeakPrevention'
Event: 22730.257 Thread 0x0000024880f75350 Unloading class 0x00000008007f0000 'java/lang/invoke/LambdaForm$MH+0x00000008007f0000'
Event: 22730.257 Thread 0x0000024880f75350 Unloading class 0x0000000800744400 'java/lang/invoke/LambdaForm$MH+0x0000000800744400'
Event: 22730.257 Thread 0x0000024880f75350 Unloading class 0x00000008007b1800 'java/lang/invoke/LambdaForm$MH+0x00000008007b1800'
Event: 22730.257 Thread 0x0000024880f75350 Unloading class 0x0000000800768400 'java/lang/invoke/LambdaForm$BMH+0x0000000800768400'
Event: 22730.257 Thread 0x0000024880f75350 Unloading class 0x0000000800819400 'java/lang/invoke/LambdaForm$MH+0x0000000800819400'
Event: 22730.257 Thread 0x0000024880f75350 Unloading class 0x000000080081c800 'java/lang/invoke/LambdaForm$MH+0x000000080081c800'
Event: 22740.972 Thread 0x0000024880f75350 Unloading class 0x00000008007f3800 'org/apache/catalina/loader/JdbcLeakPrevention'
Event: 22761.154 Thread 0x0000024880f75350 Unloading class 0x0000000800890c00 'org/apache/catalina/loader/JdbcLeakPrevention'

Classes redefined (15 events):
Event: 22341.095 Thread 0x0000024880f75350 redefined class name=com.cotodel.hrms.web.controller.OtpSenderController, count=1
Event: 22341.095 Thread 0x0000024880f75350 redefined class name=com.cotodel.hrms.web.controller.OtpSenderController, count=1
Event: 22341.095 Thread 0x0000024880f75350 redefined class name=com.cotodel.hrms.web.controller.OtpSenderController, count=1
Event: 22341.095 Thread 0x0000024880f75350 redefined class name=com.cotodel.hrms.web.controller.OtpSenderController, count=1
Event: 22341.095 Thread 0x0000024880f75350 redefined class name=com.cotodel.hrms.web.controller.OtpSenderController, count=1
Event: 22341.095 Thread 0x0000024880f75350 redefined class name=com.cotodel.hrms.web.controller.OtpSenderController, count=1
Event: 22341.095 Thread 0x0000024880f75350 redefined class name=com.cotodel.hrms.web.controller.OtpSenderController, count=1
Event: 22390.809 Thread 0x0000024880f75350 redefined class name=com.cotodel.hrms.web.controller.OtpSenderController, count=2
Event: 22390.809 Thread 0x0000024880f75350 redefined class name=com.cotodel.hrms.web.controller.OtpSenderController, count=1
Event: 22390.809 Thread 0x0000024880f75350 redefined class name=com.cotodel.hrms.web.controller.OtpSenderController, count=2
Event: 22390.809 Thread 0x0000024880f75350 redefined class name=com.cotodel.hrms.web.controller.OtpSenderController, count=2
Event: 22390.809 Thread 0x0000024880f75350 redefined class name=com.cotodel.hrms.web.controller.OtpSenderController, count=2
Event: 22390.809 Thread 0x0000024880f75350 redefined class name=com.cotodel.hrms.web.controller.OtpSenderController, count=2
Event: 22390.809 Thread 0x0000024880f75350 redefined class name=com.cotodel.hrms.web.controller.OtpSenderController, count=2
Event: 22390.809 Thread 0x0000024880f75350 redefined class name=com.cotodel.hrms.web.controller.OtpSenderController, count=2

Internal exceptions (20 events):
Event: 22731.686 Thread 0x0000024896ccf970 Exception <a 'java/io/FileNotFoundException'{0x000000070e00d868}> (0x000000070e00d868) 
thrown [s\src\hotspot\share\prims\jni.cpp, line 520]
Event: 22731.686 Thread 0x0000024896ccf970 Exception <a 'java/io/FileNotFoundException'{0x000000070e00e450}> (0x000000070e00e450) 
thrown [s\src\hotspot\share\prims\jni.cpp, line 520]
Event: 22740.942 Thread 0x0000024896cd1a40 Exception <a 'java/lang/InterruptedException'{0x000000070bbef4d8}: sleep interrupted> (0x000000070bbef4d8) 
thrown [s\src\hotspot\share\prims\jvm.cpp, line 3074]
Event: 22741.056 Thread 0x0000024896ccf970 Exception <a 'sun/nio/fs/WindowsException'{0x000000070dd6bd18}> (0x000000070dd6bd18) 
thrown [s\src\hotspot\share\prims\jni.cpp, line 520]
Event: 22741.694 Thread 0x0000024896ccf970 Exception <a 'java/lang/NoClassDefFoundError'{0x000000070b14beb8}: org/flywaydb/core/Flyway> (0x000000070b14beb8) 
thrown [s\src\hotspot\share\oops\constantPool.cpp, line 873]
Event: 22741.696 Thread 0x0000024896ccf970 Exception <a 'java/lang/NoClassDefFoundError'{0x000000070b14c518}: liquibase/integration/spring/SpringLiquibase> (0x000000070b14c518) 
thrown [s\src\hotspot\share\oops\constantPool.cpp, line 873]
Event: 22741.806 Thread 0x0000024896ccf970 Exception <a 'java/io/FileNotFoundException'{0x000000070a199008}> (0x000000070a199008) 
thrown [s\src\hotspot\share\prims\jni.cpp, line 520]
Event: 22741.828 Thread 0x0000024896ccf970 Exception <a 'java/lang/ClassNotFoundException'{0x0000000709f472b8}: java/lang/ObjectCustomizer> (0x0000000709f472b8) 
thrown [s\src\hotspot\share\classfile\systemDictionary.cpp, line 312]
Event: 22741.829 Thread 0x0000024896ccf970 Exception <a 'java/lang/ClassNotFoundException'{0x0000000709f526f0}: org/springframework/security/config/annotation/web/configuration/WebSecurityConfigurerAdapterCustomizer> (0x0000000709f526f0) 
thrown [s\src\hotspot\share\classfile\systemDictionary.cpp, line 312]
Event: 22741.831 Thread 0x0000024896ccf970 Exception <a 'java/lang/ClassNotFoundException'{0x0000000709f64280}: com/cotodel/hrms/web/config/LoginSecurityConfigurationCustomizer> (0x0000000709f64280) 
thrown [s\src\hotspot\share\classfile\systemDictionary.cpp, line 312]
Event: 22741.832 Thread 0x0000024896ccf970 Exception <a 'java/lang/ClassNotFoundException'{0x0000000709f6ffb8}: com/cotodel/hrms/web/config/LoginSecurityConfiguration$$EnhancerBySpringCGLIB$$d7d939b2Customizer> (0x0000000709f6ffb8) 
thrown [s\src\hotspot\share\classfile\systemDictionary.cpp, line 312]
Event: 22741.834 Thread 0x0000024896ccf970 Exception <a 'java/lang/ClassNotFoundException'{0x0000000709f850c8}: org/springframework/context/annotation/ConfigurationClassEnhancer$EnhancedConfigurationCustomizer> (0x0000000709f850c8) 
thrown [s\src\hotspot\share\classfile\systemDictionary.cpp, line 312]
Event: 22741.835 Thread 0x0000024896ccf970 Exception <a 'java/lang/ClassNotFoundException'{0x0000000709f8ba28}: org/springframework/beans/factory/BeanFactoryAwareCustomizer> (0x0000000709f8ba28) 
thrown [s\src\hotspot\share\classfile\systemDictionary.cpp, line 312]
Event: 22741.836 Thread 0x0000024896ccf970 Exception <a 'java/lang/ClassNotFoundException'{0x0000000709f93778}: org/springframework/beans/factory/AwareCustomizer> (0x0000000709f93778) 
thrown [s\src\hotspot\share\classfile\systemDictionary.cpp, line 312]
Event: 22741.837 Thread 0x0000024896ccf970 Exception <a 'java/lang/ClassNotFoundException'{0x0000000709f9a460}: org/springframework/security/config/annotation/web/WebSecurityConfigurerCustomizer> (0x0000000709f9a460) 
thrown [s\src\hotspot\share\classfile\systemDictionary.cpp, line 312]
Event: 22741.838 Thread 0x0000024896ccf970 Exception <a 'java/lang/ClassNotFoundException'{0x0000000709fa13e8}: org/springframework/security/config/annotation/SecurityConfigurerCustomizer> (0x0000000709fa13e8) 
thrown [s\src\hotspot\share\classfile\systemDictionary.cpp, line 312]
Event: 22742.283 Thread 0x0000024896ccf970 Exception <a 'java/io/FileNotFoundException'{0x000000070dc24028}> (0x000000070dc24028) 
thrown [s\src\hotspot\share\prims\jni.cpp, line 520]
Event: 22742.284 Thread 0x0000024896ccf970 Exception <a 'java/io/FileNotFoundException'{0x000000070dc24c10}> (0x000000070dc24c10) 
thrown [s\src\hotspot\share\prims\jni.cpp, line 520]
Event: 22753.667 Thread 0x0000024898ee2560 Exception <a 'java/lang/ClassNotFoundException'{0x00000007093fa818}: java/lang/ObjectCustomizer> (0x00000007093fa818) 
thrown [s\src\hotspot\share\classfile\systemDictionary.cpp, line 312]
Event: 22753.674 Thread 0x0000024898ee2560 Exception <a 'java/lang/ClassNotFoundException'{0x000000070dc04ac0}: com/cotodel/hrms/web/response/UserFormCustomizer> (0x000000070dc04ac0) 
thrown [s\src\hotspot\share\classfile\systemDictionary.cpp, line 312]

ZGC Phase Switch (0 events):
No events

VM Operations (20 events):
Event: 22780.560 Executing VM operation: get/set locals done
Event: 22780.561 Executing VM operation: get/set locals
Event: 22780.562 Executing VM operation: get/set locals done
Event: 22780.563 Executing VM operation: get/set locals
Event: 22780.563 Executing VM operation: get/set locals done
Event: 22780.564 Executing VM operation: get/set locals
Event: 22780.564 Executing VM operation: get/set locals done
Event: 22780.565 Executing VM operation: get/set locals
Event: 22780.565 Executing VM operation: get/set locals done
Event: 22780.566 Executing VM operation: get/set locals
Event: 22780.567 Executing VM operation: get/set locals done
Event: 22780.567 Executing VM operation: get/set locals
Event: 22780.567 Executing VM operation: get/set locals done
Event: 22780.568 Executing VM operation: get/set locals
Event: 22780.569 Executing VM operation: get/set locals done
Event: 22781.322 Executing VM operation: get/set locals
Event: 22781.322 Executing VM operation: get/set locals done
Event: 22781.324 Executing VM operation: get/set locals
Event: 22781.324 Executing VM operation: get/set locals done
Event: 22782.525 Executing VM operation: G1CollectForAllocation (G1 Evacuation Pause)

Memory protections (0 events):
No events

Nmethod flushes (20 events):
Event: 22761.163 Thread 0x0000024880f75350 flushing  nmethod 0x0000024887223410
Event: 22761.163 Thread 0x0000024880f75350 flushing  nmethod 0x0000024887238290
Event: 22761.163 Thread 0x0000024880f75350 flushing  nmethod 0x0000024887294d10
Event: 22761.163 Thread 0x0000024880f75350 flushing  nmethod 0x0000024887497f90
Event: 22761.163 Thread 0x0000024880f75350 flushing  nmethod 0x0000024887944390
Event: 22761.163 Thread 0x0000024880f75350 flushing  nmethod 0x0000024887564410
Event: 22761.163 Thread 0x0000024880f75350 flushing  nmethod 0x0000024887690610
Event: 22761.163 Thread 0x0000024880f75350 flushing  nmethod 0x0000024886f58390
Event: 22761.163 Thread 0x0000024880f75350 flushing  nmethod 0x0000024887074d90
Event: 22761.163 Thread 0x0000024880f75350 flushing  nmethod 0x0000024887167110
Event: 22761.163 Thread 0x0000024880f75350 flushing  nmethod 0x00000248874eaa90
Event: 22761.163 Thread 0x0000024880f75350 flushing  nmethod 0x000002488764b090
Event: 22761.163 Thread 0x0000024880f75350 flushing  nmethod 0x00000248878a0990
Event: 22761.163 Thread 0x0000024880f75350 flushing  nmethod 0x000002488719f710
Event: 22761.163 Thread 0x0000024880f75350 flushing  nmethod 0x000002488739f690
Event: 22761.163 Thread 0x0000024880f75350 flushing  nmethod 0x0000024887952190
Event: 22761.163 Thread 0x0000024880f75350 flushing  nmethod 0x0000024887953a10
Event: 22761.163 Thread 0x0000024880f75350 flushing  nmethod 0x000002488701ce90
Event: 22761.163 Thread 0x0000024880f75350 flushing  nmethod 0x00000248870e4e10
Event: 22761.163 Thread 0x0000024880f75350 flushing  nmethod 0x0000024887346210

Events (20 events):
Event: 22742.350 Thread 0x0000024896ccbe60 Thread exited: 0x0000024896ccbe60
Event: 22747.190 Thread 0x0000024896cd2df0 Thread added: 0x0000024896ccbe60
Event: 22747.192 Thread 0x0000024891c12cc0 Thread added: 0x00000248988d0710
Event: 22747.192 Thread 0x0000024891c12cc0 Thread added: 0x00000248988cde30
Event: 22747.192 Thread 0x0000024891c12cc0 Thread added: 0x00000248988cf970
Event: 22747.247 Thread 0x0000024896cd2df0 Thread added: 0x0000024896ccf970
Event: 22747.250 Thread 0x0000024896cd2df0 Thread added: 0x0000024898ee2bf0
Event: 22747.255 Thread 0x0000024896cd2df0 Thread added: 0x0000024898ee2560
Event: 22747.258 Thread 0x0000024896cd2df0 Thread added: 0x0000024898edf770
Event: 22747.264 Thread 0x0000024896cd2df0 Thread added: 0x0000024898ee1840
Event: 22747.271 Thread 0x0000024896cd2df0 Thread added: 0x0000024898edfe00
Event: 22747.283 Thread 0x0000024896cd2df0 Thread added: 0x0000024898ee0490
Event: 22747.284 Thread 0x0000024896cd2df0 Thread added: 0x0000024898ee11b0
Event: 22747.284 Thread 0x0000024896cd2df0 Thread added: 0x00000248990d2500
Event: 22752.329 Thread 0x00000248988cf970 Thread exited: 0x00000248988cf970
Event: 22756.694 Thread 0x00000248988cde30 Thread exited: 0x00000248988cde30
Event: 22757.700 Thread 0x00000248988d0710 Thread exited: 0x00000248988d0710
Event: 22780.790 Thread 0x0000024896cd13b0 Thread added: 0x00000248990d0430
Event: 22780.790 Thread 0x0000024896cd13b0 Thread exited: 0x0000024896cd13b0
Event: 22780.796 Thread 0x0000024896cd3480 Thread exited: 0x0000024896cd3480


Dynamic libraries:
0x00007ff7e9540000 - 0x00007ff7e954e000 	D:\STS\sts-4.25.0.RELEASE\plugins\org.eclipse.justj.openjdk.hotspot.jre.full.win32.x86_64_21.0.4.v20240802-1551\jre\bin\javaw.exe
0x00007ff9effc0000 - 0x00007ff9f0223000 	C:\Windows\SYSTEM32\ntdll.dll
0x00007ff9ef240000 - 0x00007ff9ef308000 	C:\Windows\System32\KERNEL32.DLL
0x00007ff9ed440000 - 0x00007ff9ed7f2000 	C:\Windows\System32\KERNELBASE.dll
0x00007ff9edc30000 - 0x00007ff9edd7b000 	C:\Windows\System32\ucrtbase.dll
0x00007ff9e74c0000 - 0x00007ff9e74db000 	D:\STS\sts-4.25.0.RELEASE\plugins\org.eclipse.justj.openjdk.hotspot.jre.full.win32.x86_64_21.0.4.v20240802-1551\jre\bin\VCRUNTIME140.dll
0x00007ff9d8300000 - 0x00007ff9d8318000 	D:\STS\sts-4.25.0.RELEASE\plugins\org.eclipse.justj.openjdk.hotspot.jre.full.win32.x86_64_21.0.4.v20240802-1551\jre\bin\jli.dll
0x00007ff9ee740000 - 0x00007ff9ee908000 	C:\Windows\System32\USER32.dll
0x00007ff9edc00000 - 0x00007ff9edc27000 	C:\Windows\System32\win32u.dll
0x00007ff9c3760000 - 0x00007ff9c39f0000 	C:\Windows\WinSxS\amd64_microsoft.windows.common-controls_6595b64144ccf1df_6.0.26100.2454_none_3e0b68a2e331ad60\COMCTL32.dll
0x00007ff9eff40000 - 0x00007ff9eff6a000 	C:\Windows\System32\GDI32.dll
0x00007ff9eda40000 - 0x00007ff9edb6b000 	C:\Windows\System32\gdi32full.dll
0x00007ff9ef520000 - 0x00007ff9ef5c9000 	C:\Windows\System32\msvcrt.dll
0x00007ff9ed390000 - 0x00007ff9ed433000 	C:\Windows\System32\msvcp_win.dll
0x00007ff9ee980000 - 0x00007ff9ee9af000 	C:\Windows\System32\IMM32.DLL
0x00007ff9e5490000 - 0x00007ff9e549c000 	D:\STS\sts-4.25.0.RELEASE\plugins\org.eclipse.justj.openjdk.hotspot.jre.full.win32.x86_64_21.0.4.v20240802-1551\jre\bin\vcruntime140_1.dll
0x00007ff9a7bb0000 - 0x00007ff9a7c3e000 	D:\STS\sts-4.25.0.RELEASE\plugins\org.eclipse.justj.openjdk.hotspot.jre.full.win32.x86_64_21.0.4.v20240802-1551\jre\bin\msvcp140.dll
0x00007ff953f30000 - 0x00007ff954cb8000 	D:\STS\sts-4.25.0.RELEASE\plugins\org.eclipse.justj.openjdk.hotspot.jre.full.win32.x86_64_21.0.4.v20240802-1551\jre\bin\server\jvm.dll
0x00007ff9ef730000 - 0x00007ff9ef7e4000 	C:\Windows\System32\ADVAPI32.dll
0x00007ff9ee280000 - 0x00007ff9ee326000 	C:\Windows\System32\sechost.dll
0x00007ff9efc80000 - 0x00007ff9efd96000 	C:\Windows\System32\RPCRT4.dll
0x00007ff9ef1c0000 - 0x00007ff9ef234000 	C:\Windows\System32\WS2_32.dll
0x00007ff9e1110000 - 0x00007ff9e1146000 	C:\Windows\SYSTEM32\WINMM.dll
0x00007ff9ed220000 - 0x00007ff9ed26e000 	C:\Windows\SYSTEM32\POWRPROF.dll
0x00007ff9e2240000 - 0x00007ff9e224b000 	C:\Windows\SYSTEM32\VERSION.dll
0x00007ff9ed200000 - 0x00007ff9ed214000 	C:\Windows\SYSTEM32\UMPDC.dll
0x00007ff9ec1a0000 - 0x00007ff9ec1ba000 	C:\Windows\SYSTEM32\kernel.appcore.dll
0x00007ff9e22c0000 - 0x00007ff9e22ca000 	D:\STS\sts-4.25.0.RELEASE\plugins\org.eclipse.justj.openjdk.hotspot.jre.full.win32.x86_64_21.0.4.v20240802-1551\jre\bin\jimage.dll
0x00007ff9ead20000 - 0x00007ff9eaf61000 	C:\Windows\SYSTEM32\DBGHELP.DLL
0x00007ff9ee330000 - 0x00007ff9ee6ae000 	C:\Windows\System32\combase.dll
0x00007ff9ee1a0000 - 0x00007ff9ee276000 	C:\Windows\System32\OLEAUT32.dll
0x00007ff9c96b0000 - 0x00007ff9c96e9000 	C:\Windows\SYSTEM32\dbgcore.DLL
0x00007ff9edd80000 - 0x00007ff9ede19000 	C:\Windows\System32\bcryptPrimitives.dll
0x00007ff9e54c0000 - 0x00007ff9e54fc000 	D:\STS\sts-4.25.0.RELEASE\plugins\org.eclipse.justj.openjdk.hotspot.jre.full.win32.x86_64_21.0.4.v20240802-1551\jre\bin\jdwp.dll
0x00007ff9e22b0000 - 0x00007ff9e22bf000 	D:\STS\sts-4.25.0.RELEASE\plugins\org.eclipse.justj.openjdk.hotspot.jre.full.win32.x86_64_21.0.4.v20240802-1551\jre\bin\instrument.dll
0x00007ff9c6e50000 - 0x00007ff9c6e6f000 	D:\STS\sts-4.25.0.RELEASE\plugins\org.eclipse.justj.openjdk.hotspot.jre.full.win32.x86_64_21.0.4.v20240802-1551\jre\bin\java.dll
0x00007ff9b9bb0000 - 0x00007ff9b9bc8000 	D:\STS\sts-4.25.0.RELEASE\plugins\org.eclipse.justj.openjdk.hotspot.jre.full.win32.x86_64_21.0.4.v20240802-1551\jre\bin\zip.dll
0x00007ff9ee9c0000 - 0x00007ff9ef0c1000 	C:\Windows\System32\SHELL32.dll
0x00007ff9eb060000 - 0x00007ff9eb891000 	C:\Windows\SYSTEM32\windows.storage.dll
0x00007ff9ef0e0000 - 0x00007ff9ef1ba000 	C:\Windows\System32\SHCORE.dll
0x00007ff9ef5d0000 - 0x00007ff9ef62d000 	C:\Windows\System32\shlwapi.dll
0x00007ff9ed2a0000 - 0x00007ff9ed2ce000 	C:\Windows\SYSTEM32\profapi.dll
0x00007ff9e53d0000 - 0x00007ff9e53db000 	D:\STS\sts-4.25.0.RELEASE\plugins\org.eclipse.justj.openjdk.hotspot.jre.full.win32.x86_64_21.0.4.v20240802-1551\jre\bin\dt_socket.dll
0x00007ff9ebc70000 - 0x00007ff9ebca2000 	C:\Windows\SYSTEM32\IPHLPAPI.DLL
0x00007ff9ec680000 - 0x00007ff9ec6e8000 	C:\Windows\system32\mswsock.dll
0x00007ff9ebcb0000 - 0x00007ff9ebdd5000 	C:\Windows\SYSTEM32\DNSAPI.dll
0x00007ff9ef630000 - 0x00007ff9ef63a000 	C:\Windows\System32\NSI.dll
0x00007ff9e5e10000 - 0x00007ff9e5e1b000 	C:\Windows\System32\rasadhlp.dll
0x00007ff9e71b0000 - 0x00007ff9e7235000 	C:\Windows\System32\fwpuclnt.dll
0x00007ff9d8390000 - 0x00007ff9d83a0000 	D:\STS\sts-4.25.0.RELEASE\plugins\org.eclipse.justj.openjdk.hotspot.jre.full.win32.x86_64_21.0.4.v20240802-1551\jre\bin\net.dll
0x00007ff9e69d0000 - 0x00007ff9e6af6000 	C:\Windows\SYSTEM32\WINHTTP.dll
0x00007ff9afe40000 - 0x00007ff9afe56000 	D:\STS\sts-4.25.0.RELEASE\plugins\org.eclipse.justj.openjdk.hotspot.jre.full.win32.x86_64_21.0.4.v20240802-1551\jre\bin\nio.dll
0x00007ff9e5320000 - 0x00007ff9e532a000 	D:\STS\sts-4.25.0.RELEASE\plugins\org.eclipse.justj.openjdk.hotspot.jre.full.win32.x86_64_21.0.4.v20240802-1551\jre\bin\management.dll
0x00007ff9e4500000 - 0x00007ff9e450b000 	D:\STS\sts-4.25.0.RELEASE\plugins\org.eclipse.justj.openjdk.hotspot.jre.full.win32.x86_64_21.0.4.v20240802-1551\jre\bin\management_ext.dll
0x00007ff9ef0d0000 - 0x00007ff9ef0d8000 	C:\Windows\System32\PSAPI.DLL
0x00007ff98d270000 - 0x00007ff98d288000 	C:\Windows\system32\napinsp.dll
0x00007ff989170000 - 0x00007ff989182000 	C:\Windows\System32\winrnr.dll
0x00007ff9e52d0000 - 0x00007ff9e52f2000 	C:\Windows\system32\nlansp_c.dll
0x00007ff9b0f00000 - 0x00007ff9b0f16000 	C:\Windows\system32\wshbth.dll
0x00007ff9ec8f0000 - 0x00007ff9ec90c000 	C:\Windows\SYSTEM32\CRYPTSP.dll
0x00007ff9ec100000 - 0x00007ff9ec138000 	C:\Windows\system32\rsaenh.dll
0x00007ff9ec720000 - 0x00007ff9ec74b000 	C:\Windows\SYSTEM32\USERENV.dll
0x00007ff9ecbb0000 - 0x00007ff9ecbd6000 	C:\Windows\SYSTEM32\bcrypt.dll
0x00007ff9ec910000 - 0x00007ff9ec91c000 	C:\Windows\SYSTEM32\CRYPTBASE.dll
0x00007ff9e44f0000 - 0x00007ff9e44f9000 	D:\STS\sts-4.25.0.RELEASE\plugins\org.eclipse.justj.openjdk.hotspot.jre.full.win32.x86_64_21.0.4.v20240802-1551\jre\bin\extnet.dll
0x00007ff9c6e40000 - 0x00007ff9c6e50000 	D:\STS\sts-4.25.0.RELEASE\plugins\org.eclipse.justj.openjdk.hotspot.jre.full.win32.x86_64_21.0.4.v20240802-1551\jre\bin\verify.dll
0x00007ff9e5840000 - 0x00007ff9e584e000 	D:\STS\sts-4.25.0.RELEASE\plugins\org.eclipse.justj.openjdk.hotspot.jre.full.win32.x86_64_21.0.4.v20240802-1551\jre\bin\sunmscapi.dll
0x00007ff9ed800000 - 0x00007ff9ed976000 	C:\Windows\System32\CRYPT32.dll
0x00007ff9ecb70000 - 0x00007ff9ecba0000 	C:\Windows\SYSTEM32\ncrypt.dll
0x00007ff9ecb20000 - 0x00007ff9ecb5f000 	C:\Windows\SYSTEM32\NTASN1.dll
0x00007ff9b86c0000 - 0x00007ff9b86c8000 	C:\Windows\system32\wshunix.dll

dbghelp: loaded successfully - version: 4.0.5 - missing functions: none
symbol engine: initialized successfully - sym options: 0x614 - pdb path: .;D:\STS\sts-4.25.0.RELEASE\plugins\org.eclipse.justj.openjdk.hotspot.jre.full.win32.x86_64_21.0.4.v20240802-1551\jre\bin;C:\Windows\SYSTEM32;C:\Windows\WinSxS\amd64_microsoft.windows.common-controls_6595b64144ccf1df_6.0.26100.2454_none_3e0b68a2e331ad60;D:\STS\sts-4.25.0.RELEASE\plugins\org.eclipse.justj.openjdk.hotspot.jre.full.win32.x86_64_21.0.4.v20240802-1551\jre\bin\server

VM Arguments:
jvm_args: -XX:+ShowCodeDetailsInExceptionMessages -agentlib:jdwp=transport=dt_socket,suspend=y,address=localhost:50804 -Dcom.sun.management.jmxremote -Dcom.sun.management.jmxremote.port=50803 -Dcom.sun.management.jmxremote.authenticate=false -Dcom.sun.management.jmxremote.ssl=false -Djava.rmi.server.hostname=localhost -Dspring.jmx.enabled=true -Dmanagement.endpoints.jmx.exposure.include=* -Dspring.application.admin.enabled=true -XX:TieredStopAtLevel=1 -Dspring.boot.project.name=hrms -javaagent:D:\STS\sts-4.25.0.RELEASE\configuration\org.eclipse.osgi\270\0\.cp\lib\javaagent-shaded.jar -Dfile.encoding=UTF-8 -Dstdout.encoding=UTF-8 -Dstderr.encoding=UTF-8 
java_command: com.cotodel.hrms.web.config.CotoDelApplication --spring.output.ansi.enabled=always
java_class_path (initial): D:\Cotodel\hrms\hrms\target\classes;C:\Users\aashv\.m2\repository\org\springframework\boot\spring-boot-starter-thymeleaf\2.6.1\spring-boot-starter-thymeleaf-2.6.1.jar;C:\Users\aashv\.m2\repository\org\thymeleaf\thymeleaf-spring5\3.0.12.RELEASE\thymeleaf-spring5-3.0.12.RELEASE.jar;C:\Users\aashv\.m2\repository\org\thymeleaf\thymeleaf\3.0.12.RELEASE\thymeleaf-3.0.12.RELEASE.jar;C:\Users\aashv\.m2\repository\org\attoparser\attoparser\2.0.5.RELEASE\attoparser-2.0.5.RELEASE.jar;C:\Users\aashv\.m2\repository\org\unbescape\unbescape\1.1.6.RELEASE\unbescape-1.1.6.RELEASE.jar;C:\Users\aashv\.m2\repository\org\slf4j\slf4j-api\1.7.32\slf4j-api-1.7.32.jar;C:\Users\aashv\.m2\repository\org\thymeleaf\extras\thymeleaf-extras-java8time\3.0.4.RELEASE\thymeleaf-extras-java8time-3.0.4.RELEASE.jar;C:\Users\aashv\.m2\repository\org\springframework\boot\spring-boot-starter-web\2.6.1\spring-boot-starter-web-2.6.1.jar;C:\Users\aashv\.m2\repository\org\springframework\boot\spring-boot-starter-json\2.6.1\spring-boot-starter-json-2.6.1.jar;C:\Users\aashv\.m2\repository\com\fasterxml\jackson\datatype\jackson-datatype-jdk8\2.13.0\jackson-datatype-jdk8-2.13.0.jar;C:\Users\aashv\.m2\repository\com\fasterxml\jackson\module\jackson-module-parameter-names\2.13.0\jackson-module-parameter-names-2.13.0.jar;C:\Users\aashv\.m2\repository\org\springframework\spring-web\5.3.13\spring-web-5.3.13.jar;C:\Users\aashv\.m2\repository\org\springframework\spring-beans\5.3.13\spring-beans-5.3.13.jar;C:\Users\aashv\.m2\repository\org\springframework\spring-webmvc\5.3.13\spring-webmvc-5.3.13.jar;C:\Users\aashv\.m2\repository\org\springframework\spring-aop\5.3.13\spring-aop-5.3.13.jar;C:\Users\aashv\.m2\repository\org\springframework\spring-context\5.3.13\spring-context-5.3.13.jar;C:\Users\aashv\.m2\repository\org\springframework\spring-expression\5.3.13\spring-expression-5.3.13.jar;C:\Users\aashv\.m2\repository\com\okta\spring\okta-spring-boot-starter\2.1.0\okta-spring-boot-starter-2.1.0.jar;C:\Users\aashv\.m2\repository\com\okta\spring\okta-spring-security-oauth2\2.1.0\okta-spring-security-oauth2-2.1.0.jar;C:\Users\aashv\.m2\repository\com\okta\commons\okta-config-check\1.2.5\okta-config-check-1.2.5.jar;C:\Users\aashv\.m2\repository\com\okta\commons\okta-commons-lang\1.2.5\okta-commons-lang-1.2.5.jar;C:\Users\aashv\.m2\repository\org\springframework\security\spring-security-config\5.6.0\spring-security-config-5.6.0.jar;C:\Users\aashv\.m2\repository\org\springframework\security\spring-security-core\5.6.0\spring-security-core-5.6.0.jar;C:\Users\aashv\.m2\repository\org\springframework\security\spring-security-crypto\5.6.0\spring-security-crypto-5.6.0.jar;C:\Users\aashv\.m2\repository\org\springframework\boot\spring-boot-starter-security\2.6.1\spring-boot-starter-security-2.6.1.jar;C:\Users\aashv\.m2\repository\org\springframework\security\spring-security-web\5.6.0\spring-security-web-5.6.0.jar;C:\Users\aashv\.m2\repository\org\springframework\security\spring-security-oauth2-client\5.6.0\spring-security-oauth2-client-5.6.0.jar;C:\Users\aashv\.m2\repository\org\springframework\security\spring-security-oauth2-core\5.6.0\spring-security-oauth2-core-5.6.0.jar;C:\Users\aashv\.m2\repository\com\nimbusds\oauth2-oidc-sdk\9.19\oauth2-oidc-sdk-9.19.jar;C:\Users\aashv\.m2\repository\com\github\stephenc\jcip\jcip-annotations\1.0-1\jcip-annotations-1.0-1.jar;C:\Users\aashv\.m2\repository\com\nimbusds\content-type\2.1\content-type-2.1.jar;C:\Users\aashv\.m2\repository\net\minidev\json-smart\2.4.7\json-smart-2.4.7.jar;C:\Users\aashv\.m2\repository\net\minidev\accessors-smart\2.4.7\accessors-smart-2.4.7.jar;C:\Users\aashv\.m2\repository\org\ow2\asm\asm\9.1\asm-9.1.jar;C:\Users\aashv\.m2\repository\com\nimbusds\lang-tag\1.5\lang-tag-1.5.jar;C:\Users\aashv\.m2\repository\org\springframework\security\spring-security-oauth2-jose\5.6.0\spring-security-oauth2-jose-5.6.0.jar;C:\Users\aashv\.m2\repository\com\nimbusds\nimbus-jose-jwt\9.14\nimbus-jose-jwt-9.14.jar;C:\Users\aashv\.m2\repository\org\springframework\security\spring-security-oauth2-resource-server\5.6.0\spring-security-oauth2-resource-server-5.6.0.jar;C:\Users\aashv\.m2\repository\com\okta\spring\okta-spring-sdk\2.1.0\okta-spring-sdk-2.1.0.jar;C:\Users\aashv\.m2\repository\com\google\code\gson\gson\2.8.7\gson-2.8.7.jar;C:\Users\aashv\.m2\repository\org\json\json\20210307\json-20210307.jar;C:\Users\aashv\.m2\repository\org\springframework\boot\spring-boot-starter-tomcat\2.6.1\spring-boot-starter-tomcat-2.6.1.jar;C:\Users\aashv\.m2\repository\jakarta\annotation\jakarta.annotation-api\1.3.5\jakarta.annotation-api-1.3.5.jar;C:\Users\aashv\.m2\repository\org\apache\tomcat\embed\tomcat-embed-core\9.0.55\tomcat-embed-core-9.0.55.jar;C:\Users\aashv\.m2\repository\org\apache\tomcat\embed\tomcat-embed-el\9.0.55\tomcat-embed-el-9.0.55.jar;C:\Users\aashv\.m2\repository\org\apache\tomcat\embed\tomcat-embed-websocket\9.0.55\tomcat-embed-websocket-9.0.55.jar;C:\Users\aashv\.m2\repository\org\springframework\boot\spring-boot-starter-mail\2.6.1\spring-boot-starter-mail-2.6.1.jar;C:\Users\aashv\.m2\repository\org\springframework\spring-context-support\5.3.13\spring-context-support-5.3.13.jar;C:\Users\aashv\.m2\repository\com\sun\mail\jakarta.mail\1.6.7\jakarta.mail-1.6.7.jar;C:\Users\aashv\.m2\repository\com\sun\activation\jakarta.activation\1.2.2\jakarta.activation-1.2.2.jar;C:\Users\aashv\.m2\repository\javax\xml\bind\jaxb-api\2.3.1\jaxb-api-2.3.1.jar;C:\Users\aashv\.m2\repository\javax\activation\javax.activation-api\1.2.0\javax.activation-api-1.2.0.jar;C:\Users\aashv\.m2\repository\io\jsonwebtoken\jjwt\0.9.1\jjwt-0.9.1.jar;C:\Users\aashv\.m2\repository\org\bouncycastle\bcprov-ext-jdk16\1.45\bcprov-ext-jdk16-1.45.jar;C:\Users\aashv\.m2\repository\com\fasterxml\jackson\core\jackson-databind\2.12.3\jackson-databind-2.12.3.jar;C:\Users\aashv\.m2\repository\com\fasterxml\jackson\core\jackson-annotations\2.13.0\jackson-annotations-2.13.0.jar;C:\Users\aashv\.m2\repository\com\fasterxml\jackson\core\jackson-core\2.13.0\jackson-core-2.13.0.jar;C:\Users\aashv\.m2\repository\com\fasterxml\jackson\datatype\jackson-datatype-jsr310\2.12.3\jackson-datatype-jsr310-2.12.3.jar;C:\Users\aashv\.m2\repository\org\springframework\boot\spring-boot-devtools\2.6.1\spring-boot-devtools-2.6.1.jar;C:\Users\aashv\.m2\repository\org\springframework\boot\spring-boot\2.6.1\spring-boot-2.6.1.jar;C:\Users\aashv\.m2\repository\org\springframework\boot\spring-boot-autoconfigure\2.6.1\spring-boot-autoconfigure-2.6.1.jar;C:\Users\aashv\.m2\repository\org\springframework\boot\spring-boot-starter\2.6.1\spring-boot-starter-2.6.1.jar;C:\Users\aashv\.m2\repository\org\springframework\spring-core\5.3.13\spring-core-5.3.13.jar;C:\Users\aashv\.m2\repository\org\springframework\spring-jcl\5.3.13\spring-jcl-5.3.13.jar;C:\Users\aashv\.m2\repository\org\yaml\snakeyaml\1.29\snakeyaml-1.29.jar;C:\Users\aashv\.m2\repository\org\springframework\boot\spring-boot-starter-log4j2\2.6.1\spring-boot-starter-log4j2-2.6.1.jar;C:\Users\aashv\.m2\repository\org\apache\logging\log4j\log4j-slf4j-impl\2.14.1\log4j-slf4j-impl-2.14.1.jar;C:\Users\aashv\.m2\repository\org\apache\logging\log4j\log4j-api\2.14.1\log4j-api-2.14.1.jar;C:\Users\aashv\.m2\repository\org\apache\logging\log4j\log4j-core\2.14.1\log4j-core-2.14.1.jar;C:\Users\aashv\.m2\repository\org\apache\logging\log4j\log4j-jul\2.14.1\log4j-jul-2.14.1.jar;C:\Users\aashv\.m2\repository\org\slf4j\jul-to-slf4j\1.7.32\jul-to-slf4j-1.7.32.jar;C:\Users\aashv\.m2\repository\org\apache\commons\commons-exec\1.1\commons-exec-1.1.jar;C:\Users\aashv\.m2\repository\org\apache\poi\poi\3.12\poi-3.12.jar;C:\Users\aashv\.m2\repository\commons-codec\commons-codec\1.15\commons-codec-1.15.jar;C:\Users\aashv\.m2\repository\org\apache\poi\poi-ooxml\3.12\poi-ooxml-3.12.jar;C:\Users\aashv\.m2\repository\org\apache\poi\poi-ooxml-schemas\3.12\poi-ooxml-schemas-3.12.jar;C:\Users\aashv\.m2\repository\org\apache\xmlbeans\xmlbeans\2.6.0\xmlbeans-2.6.0.jar;C:\Users\aashv\.m2\repository\stax\stax-api\1.0.1\stax-api-1.0.1.jar;C:\Users\aashv\.m2\repository\org\projectlombok\lombok\1.18.24\lombok-1.18.24.jar
Launcher Type: SUN_STANDARD

[Global flags]
     intx CICompilerCount                          = 4                                         {product} {ergonomic}
     uint ConcGCThreads                            = 3                                         {product} {ergonomic}
     uint G1ConcRefinementThreads                  = 10                                        {product} {ergonomic}
   size_t G1HeapRegionSize                         = 2097152                                   {product} {ergonomic}
    uintx GCDrainStackTargetSize                   = 64                                        {product} {ergonomic}
   size_t InitialHeapSize                          = 264241152                                 {product} {ergonomic}
     bool ManagementServer                         = true                                      {product} {command line}
   size_t MarkStackSize                            = 4194304                                   {product} {ergonomic}
   size_t MaxHeapSize                              = 4215275520                                {product} {ergonomic}
   size_t MaxNewSize                               = 2529165312                                {product} {ergonomic}
   size_t MinHeapDeltaBytes                        = 2097152                                   {product} {ergonomic}
   size_t MinHeapSize                              = 8388608                                   {product} {ergonomic}
    uintx NonNMethodCodeHeapSize                   = 4096                                   {pd product} {ergonomic}
    uintx NonProfiledCodeHeapSize                  = 0                                      {pd product} {ergonomic}
     bool ProfileInterpreter                       = false                                  {pd product} {command line}
    uintx ProfiledCodeHeapSize                     = 0                                      {pd product} {ergonomic}
     bool ShowCodeDetailsInExceptionMessages       = true                                   {manageable} {command line}
   size_t SoftMaxHeapSize                          = 4215275520                             {manageable} {ergonomic}
     intx TieredStopAtLevel                        = 1                                         {product} {command line}
     bool UseCompressedOops                        = true                           {product lp64_product} {ergonomic}
     bool UseG1GC                                  = true                                      {product} {ergonomic}
     bool UseLargePagesIndividualAllocation        = false                                  {pd product} {ergonomic}

Logging:
Log output configuration:
 #0: stdout all=warning uptime,level,tags foldmultilines=false
 #1: stderr all=off uptime,level,tags foldmultilines=false

Environment Variables:
JAVA_HOME=C:\Program Files\Java\jdk-17
PATH=D:\STS\sts-4.25.0.RELEASE\plugins\org.eclipse.justj.openjdk.hotspot.jre.full.win32.x86_64_21.0.4.v20240802-1551\jre\bin;D:/STS/sts-4.25.0.RELEASE//plugins/org.eclipse.justj.openjdk.hotspot.jre.full.win32.x86_64_21.0.4.v20240802-1551/jre/bin/server;D:/STS/sts-4.25.0.RELEASE//plugins/org.eclipse.justj.openjdk.hotspot.jre.full.win32.x86_64_21.0.4.v20240802-1551/jre/bin;C:\Program Files\Common Files\Oracle\Java\javapath;C:\Python312\Scripts\;C:\Python312\;C:\Windows\system32;C:\Windows;C:\Windows\System32\Wbem;C:\Windows\System32\WindowsPowerShell\v1.0\;C:\Windows\System32\OpenSSH\;C:\Program Files\Git\cmd;C:\Users\aashv\AppData\;C:\Program Files\nodejs\;C:\ProgramData\chocolatey\bin;C:\Program Files\PuTTY\;C:\Program Files\Java\jdk-17\bin;D:\apache-maven-3.9.9\bin;C:\Program Files\Java\jdk-17\bin;C:\Program Files\TortoiseGit\bin;C:\Users\aashv\AppData\Local\Microsoft\WindowsApps;C:\Users\aashv\AppData\npm;C:\Users\aashv\AppData\Roaming\npm;C:\Users\aashv\AppData\Local\Programs\Microsoft VS Code\bin;C:\Program Files\Java\jdk-17\bin;D:\apache-maven-3.9.9\bin;;D:\STS\sts-4.25.0.RELEASE;
USERNAME=aashv
OS=Windows_NT
PROCESSOR_IDENTIFIER=Intel64 Family 6 Model 154 Stepping 3, GenuineIntel
TMP=C:\Users\aashv\AppData\Local\Temp
TEMP=C:\Users\aashv\AppData\Local\Temp




Periodic native trim disabled

---------------  S Y S T E M  ---------------

OS:
 Windows 11 , 64 bit Build 26100 (10.0.26100.2454)
OS uptime: 0 days 17:31 hours
Hyper-V role detected

CPU: total 12 (initial active 12) (6 cores per cpu, 2 threads per core) family 6 model 154 stepping 3 microcode 0x433, cx8, cmov, fxsr, ht, mmx, 3dnowpref, sse, sse2, sse3, ssse3, sse4.1, sse4.2, popcnt, lzcnt, tsc, tscinvbit, avx, avx2, aes, erms, clmul, bmi1, bmi2, adx, sha, fma, vzeroupper, clflush, clflushopt, clwb, hv, serialize, rdtscp, rdpid, fsrm, f16c, cet_ibt, cet_ss
Processor Information for processor 0
  Max Mhz: 2000, Current Mhz: 2000, Mhz Limit: 2000
Processor Information for processor 1
  Max Mhz: 2000, Current Mhz: 2000, Mhz Limit: 2000
Processor Information for processor 2
  Max Mhz: 2000, Current Mhz: 2000, Mhz Limit: 2000
Processor Information for processor 3
  Max Mhz: 2000, Current Mhz: 2000, Mhz Limit: 2000
Processor Information for processor 4
  Max Mhz: 2000, Current Mhz: 2000, Mhz Limit: 2000
Processor Information for processor 5
  Max Mhz: 2000, Current Mhz: 2000, Mhz Limit: 2000
Processor Information for processor 6
  Max Mhz: 2000, Current Mhz: 2000, Mhz Limit: 2000
Processor Information for processor 7
  Max Mhz: 2000, Current Mhz: 2000, Mhz Limit: 2000
Processor Information for processor 8
  Max Mhz: 2000, Current Mhz: 1500, Mhz Limit: 1500
Processor Information for processor 9
  Max Mhz: 2000, Current Mhz: 1500, Mhz Limit: 1500
Processor Information for processor 10
  Max Mhz: 2000, Current Mhz: 1500, Mhz Limit: 1500
Processor Information for processor 11
  Max Mhz: 2000, Current Mhz: 1500, Mhz Limit: 1500

Memory: 4k page, system-wide physical 16076M (5013M free)
TotalPageFile size 21452M (AvailPageFile size 7135M)
current process WorkingSet (physical memory assigned to process): 343M, peak: 343M
current process commit charge ("private bytes"): 387M, peak: 387M

vm_info: OpenJDK 64-Bit Server VM (21.0.4+7-LTS) for windows-amd64 JRE (21.0.4+7-LTS), built on 2024-07-16T00:00:00Z by "admin" with MS VC++ 17.7 (VS2022)

END.
