#
# A fatal error has been detected by the Java Runtime Environment:
#
#  EXCEPTION_ACCESS_VIOLATION (0xc0000005) at pc=0x00007ffc7fe6c236, pid=15700, tid=20384
#
# JRE version: OpenJDK Runtime Environment Temurin-21.0.4+7 (21.0.4+7) (build 21.0.4+7-LTS)
# Java VM: OpenJDK 64-Bit Server VM Temurin-21.0.4+7 (21.0.4+7-LTS, mixed mode, emulated-client, tiered, compressed oops, compressed class ptrs, g1 gc, windows-amd64)
# Problematic frame:
# V  [jvm.dll+0xc236]
#
# No core dump will be written. Minidumps are not enabled by default on client versions of Windows
#
# If you would like to submit a bug report, please visit:
#   https://github.com/adoptium/adoptium-support/issues
#

---------------  S U M M A R Y ------------

Command Line: -XX:+ShowCodeDetailsInExceptionMessages -agentlib:jdwp=transport=dt_socket,suspend=y,address=localhost:50604 -Dcom.sun.management.jmxremote -Dcom.sun.management.jmxremote.port=50603 -Dcom.sun.management.jmxremote.authenticate=false -Dcom.sun.management.jmxremote.ssl=false -Djava.rmi.server.hostname=localhost -Dspring.jmx.enabled=true -Dmanagement.endpoints.jmx.exposure.include=* -Dspring.application.admin.enabled=true -XX:TieredStopAtLevel=1 -Dspring.boot.project.name=hrms -javaagent:D:\STS\sts-4.25.0.RELEASE\configuration\org.eclipse.osgi\270\0\.cp\lib\javaagent-shaded.jar -Dfile.encoding=UTF-8 -Dstdout.encoding=UTF-8 -Dstderr.encoding=UTF-8 com.cotodel.hrms.web.config.CotoDelApplication --spring.output.ansi.enabled=always

Host: 12th Gen Intel(R) Core(TM) i5-12450H, 12 cores, 15G,  Windows 11 , 64 bit Build 26100 (10.0.26100.3323)
Time: Wed Mar 19 14:19:32 2025 India Standard Time elapsed time: 8497.904016 seconds (0d 2h 21m 37s)

---------------  T H R E A D  ---------------

Current thread (0x0000028a8cb20ed0):  WorkerThread "GC Thread#4"    [id=20384, stack(0x000000a25cc00000,0x000000a25cd00000) (1024K)]

Stack: [0x000000a25cc00000,0x000000a25cd00000],  sp=0x000000a25ccfe138,  free space=1016k
Native frames: (J=compiled Java code, j=interpreted, Vv=VM code, C=native code)
V  [jvm.dll+0xc236]

JavaThread 0x0000028a8eb21b80 (nid = 13220) was being processed
Java frames: (J=compiled Java code, j=interpreted, Vv=VM code)
j  java.lang.invoke.DirectMethodHandle$Holder.newInvokeSpecial(Ljava/lang/Object;)Ljava/lang/Object;+15 java.base@21.0.4
J 895 c1 jdk.internal.reflect.DirectConstructorHandleAccessor.newInstance([Ljava/lang/Object;)Ljava/lang/Object; java.base@21.0.4 (130 bytes) @ 0x0000028afccf2dec [0x0000028afccf2be0+0x000000000000020c]
J 894 c1 java.lang.reflect.Constructor.newInstanceWithCaller([Ljava/lang/Object;ZLjava/lang/Class;)Ljava/lang/Object; java.base@21.0.4 (51 bytes) @ 0x0000028afccf261c [0x0000028afccf2540+0x00000000000000dc]
J 4060 c1 org.springframework.beans.BeanUtils.instantiateClass(Ljava/lang/reflect/Constructor;[Ljava/lang/Object;)Ljava/lang/Object; (187 bytes) @ 0x0000028afd39f164 [0x0000028afd39ed40+0x0000000000000424]
J 10363 c1 org.springframework.beans.factory.support.SimpleInstantiationStrategy.instantiate(Lorg/springframework/beans/factory/support/RootBeanDefinition;Ljava/lang/String;Lorg/springframework/beans/factory/BeanFactory;)Ljava/lang/Object; (152 bytes) @ 0x0000028afd4254ec [0x0000028afd425020+0x00000000000004cc]
J 10362 c1 org.springframework.beans.factory.support.AbstractAutowireCapableBeanFactory.instantiateBean(Ljava/lang/String;Lorg/springframework/beans/factory/support/RootBeanDefinition;)Lorg/springframework/beans/BeanWrapper; (75 bytes) @ 0x0000028afd2bd154 [0x0000028afd2bd0a0+0x00000000000000b4]
J 10115 c1 org.springframework.beans.factory.support.AbstractAutowireCapableBeanFactory.createBeanInstance(Ljava/lang/String;Lorg/springframework/beans/factory/support/RootBeanDefinition;[Ljava/lang/Object;)Lorg/springframework/beans/BeanWrapper; (254 bytes) @ 0x0000028afd3976d4 [0x0000028afd397040+0x0000000000000694]
J 10114 c1 org.springframework.beans.factory.support.AbstractAutowireCapableBeanFactory.doCreateBean(Ljava/lang/String;Lorg/springframework/beans/factory/support/RootBeanDefinition;[Ljava/lang/Object;)Ljava/lang/Object; (507 bytes) @ 0x0000028afd39432c [0x0000028afd394180+0x00000000000001ac]
J 10112 c1 org.springframework.beans.factory.support.AbstractAutowireCapableBeanFactory.createBean(Ljava/lang/String;Lorg/springframework/beans/factory/support/RootBeanDefinition;[Ljava/lang/Object;)Ljava/lang/Object; (247 bytes) @ 0x0000028afcf4cc14 [0x0000028afcf4c5c0+0x0000000000000654]
J 10158 c1 org.springframework.beans.factory.support.AbstractBeanFactory$$Lambda+0x00000008003e4078.getObject()Ljava/lang/Object; (20 bytes) @ 0x0000028afd5238bc [0x0000028afd523820+0x000000000000009c]
J 10116 c1 org.springframework.beans.factory.support.DefaultSingletonBeanRegistry.getSingleton(Ljava/lang/String;Lorg/springframework/beans/factory/ObjectFactory;)Ljava/lang/Object; (297 bytes) @ 0x0000028afd2a4504 [0x0000028afd2a4080+0x0000000000000484]
J 4263 c1 org.springframework.beans.factory.support.AbstractBeanFactory.doGetBean(Ljava/lang/String;Ljava/lang/Class;[Ljava/lang/Object;Z)Ljava/lang/Object; (832 bytes) @ 0x0000028afd3eaec4 [0x0000028afd3ea840+0x0000000000000684]
J 5117 c1 org.springframework.beans.factory.support.AbstractBeanFactory.getBean(Ljava/lang/String;)Ljava/lang/Object; (9 bytes) @ 0x0000028afd575014 [0x0000028afd574fa0+0x0000000000000074]
j  org.springframework.beans.factory.support.DefaultListableBeanFactory.preInstantiateSingletons()V+248
j  org.springframework.context.support.AbstractApplicationContext.finishBeanFactoryInitialization(Lorg/springframework/beans/factory/config/ConfigurableListableBeanFactory;)V+124
j  org.springframework.context.support.AbstractApplicationContext.refresh()V+86
j  org.springframework.boot.web.servlet.context.ServletWebServerApplicationContext.refresh()V+1
j  org.springframework.boot.SpringApplication.refresh(Lorg/springframework/context/ConfigurableApplicationContext;)V+1
j  org.springframework.boot.SpringApplication.refreshContext(Lorg/springframework/context/ConfigurableApplicationContext;)V+16
j  org.springframework.boot.SpringApplication.run([Ljava/lang/String;)Lorg/springframework/context/ConfigurableApplicationContext;+107
j  org.springframework.boot.SpringApplication.run([Ljava/lang/Class;[Ljava/lang/String;)Lorg/springframework/context/ConfigurableApplicationContext;+9
j  org.springframework.boot.SpringApplication.run(Ljava/lang/Class;[Ljava/lang/String;)Lorg/springframework/context/ConfigurableApplicationContext;+9
j  com.cotodel.hrms.web.config.CotoDelApplication.main([Ljava/lang/String;)V+3
j  java.lang.invoke.LambdaForm$DMH+0x00000008000c4c00.invokeStatic(Ljava/lang/Object;Ljava/lang/Object;)V+10 java.base@21.0.4
j  java.lang.invoke.LambdaForm$MH+0x00000008007b0c00.invoke(Ljava/lang/Object;Ljava/lang/Object;Ljava/lang/Object;)Ljava/lang/Object;+33 java.base@21.0.4
J 3319 c1 jdk.internal.reflect.DirectMethodHandleAccessor.invoke(Ljava/lang/Object;[Ljava/lang/Object;)Ljava/lang/Object; java.base@21.0.4 (92 bytes) @ 0x0000028afd268b7c [0x0000028afd2687c0+0x00000000000003bc]
J 3324 c1 java.lang.reflect.Method.invoke(Ljava/lang/Object;[Ljava/lang/Object;)Ljava/lang/Object; java.base@21.0.4 (108 bytes) @ 0x0000028afd26c0f4 [0x0000028afd26bf00+0x00000000000001f4]
j  org.springframework.boot.devtools.restart.RestartLauncher.run()V+42
v  ~StubRoutines::call_stub 0x0000028afc9e100d

siginfo: EXCEPTION_ACCESS_VIOLATION (0xc0000005), reading address 0x00000008883ecc77


Registers:
RAX=0x0000000000000000, RBX=0x0000000000002519, RCX=0x000000a25b0fddd0, RDX=0x000000a25b0fddd0
RSP=0x000000a25ccfe138, RBP=0x000000a25ccfe310, RSI=0x000000a25ccfe4e0, RDI=0x000000a25b0fddd0
R8 =0x00000008883ecc6f, R9 =0x000000a25b0fddd0, R10=0x0000028afc9e0000, R11=0x000000a25ccfe388
R12=0x0000028a87ad3718, R13=0x000000a25b0fddd0, R14=0x0000028a8ef56520, R15=0x00000008883ecc6f
RIP=0x00007ffc7fe6c236, EFLAGS=0x0000000000010206


Register to memory mapping:

RAX=0x0 is null
RBX=0x0000000000002519 is an unknown value
RCX=0x000000a25b0fddd0 is pointing into the stack for thread: 0x0000028a8eb21b80
RDX=0x000000a25b0fddd0 is pointing into the stack for thread: 0x0000028a8eb21b80
RSP=0x000000a25ccfe138 points into unknown readable memory: 0x00007ffc801b6a5b | 5b 6a 1b 80 fc 7f 00 00
RBP=0x000000a25ccfe310 points into unknown readable memory: 0x000000a200000001 | 01 00 00 00 a2 00 00 00
RSI=0x000000a25ccfe4e0 points into unknown readable memory: 0x000000a25b0fddc8 | c8 dd 0f 5b a2 00 00 00
RDI=0x000000a25b0fddd0 is pointing into the stack for thread: 0x0000028a8eb21b80
R8 =0x00000008883ecc6f is an unknown value
R9 =0x000000a25b0fddd0 is pointing into the stack for thread: 0x0000028a8eb21b80
R10=0x0000028afc9e0000 points into unknown readable memory: 0x0000000000000006 | 06 00 00 00 00 00 00 00
R11=0x000000a25ccfe388 points into unknown readable memory: 0x00007ffc8017337d | 7d 33 17 80 fc 7f 00 00
R12=0x0000028a87ad3718 points into unknown readable memory: 0x4c2800326a0fffff | ff ff 0f 6a 32 00 28 4c
R13=0x000000a25b0fddd0 is pointing into the stack for thread: 0x0000028a8eb21b80
R14=0x0000028a8ef56520 points into unknown readable memory: 0x00007ffc80885a88 | 88 5a 88 80 fc 7f 00 00
R15=0x00000008883ecc6f is an unknown value

Top of Stack: (sp=0x000000a25ccfe138)
0x000000a25ccfe138:   00007ffc801b6a5b 0000000000000000
0x000000a25ccfe148:   0000028a8e631b70 0000000000000344
0x000000a25ccfe158:   00007ffc8051a91f 0000000000000344
0x000000a25ccfe168:   000000000000001c 0000028a87aab9e8
0x000000a25ccfe178:   00007ffc805f4e51 0000000000000401
0x000000a25ccfe188:   0000000000000008 000000000000001c
0x000000a25ccfe198:   0000000000000000 0000028a8c93c080
0x000000a25ccfe1a8:   0000028a87aab600 0000028a87ad3718
0x000000a25ccfe1b8:   000000a25b0fddd0 000000a25ccfe4e0
0x000000a25ccfe1c8:   000000a25ccfe310 0000028a8d2f38b8
0x000000a25ccfe1d8:   00007ffc801c5024 000000a25ccfe2a0
0x000000a25ccfe1e8:   000000a25ccfe4e0 0000028a877e3e38
0x000000a25ccfe1f8:   0000000000000000 0000028a8d2f38b8
0x000000a25ccfe208:   00007ffc8017392b 0000000000000001
0x000000a25ccfe218:   0000028a883ecc80 0000028a8d2f38b8
0x000000a25ccfe228:   000000a25ccfe4e0 0000000ffd7c9b01
0x000000a25ccfe238:   0000028a883ecc80 0000028a8cb20ed0
0x000000a25ccfe248:   0000028a00000003 00000000000003d8
0x000000a25ccfe258:   0000028a87aab610 0000028a87aab9e8
0x000000a25ccfe268:   0000028a883ecc6f 0000028a000000b8
0x000000a25ccfe278:   0000028a883ecc80 00007ffc8087cff0
0x000000a25ccfe288:   000000a25ccfe4e0 000000a25b9ff138
0x000000a25ccfe298:   0000000500000002 0000028a87ad3718
0x000000a25ccfe2a8:   0000001300000001 0000000000000032
0x000000a25ccfe2b8:   000000010000000c 0000028a877e3e38
0x000000a25ccfe2c8:   0000000000000000 0000028a8c9efa3c
0x000000a25ccfe2d8:   000072d500000002 0000000300000001
0x000000a25ccfe2e8:   0000ffff09b0e300 00007ffc806b8330
0x000000a25ccfe2f8:   000000a25b9ff138 0000028a896b3c58
0x000000a25ccfe308:   000000060000001c 000000a200000001
0x000000a25ccfe318:   0000000000000019 0000000000000000
0x000000a25ccfe328:   0000000000000000 0000000000000000 

Instructions: (pc=0x00007ffc7fe6c236)
0x00007ffc7fe6c136:   48 8b 05 33 89 cc 00 48 8b 48 60 48 8b 04 d1 48
0x00007ffc7fe6c146:   85 c0 75 08 48 8b 05 27 89 cc 00 c3 48 8b 05 17
0x00007ffc7fe6c156:   89 cc 00 c3 cc cc cc cc cc cc 8b 05 52 5e c1 00
0x00007ffc7fe6c166:   c3 cc cc cc cc cc cc cc cc cc 0f b6 05 a3 74 c1
0x00007ffc7fe6c176:   00 48 8b d1 84 c0 74 16 44 8b 41 08 8b 0d 30 5e
0x00007ffc7fe6c186:   c1 00 49 d3 e0 4c 03 05 1e 5e c1 00 eb 04 4c 8b
0x00007ffc7fe6c196:   41 08 45 8b 48 08 45 85 c9 7e 0e 41 f6 c1 01 75
0x00007ffc7fe6c1a6:   53 41 c1 f9 03 49 63 c1 c3 79 49 84 c0 41 b8 0c
0x00007ffc7fe6c1b6:   00 00 00 8b 05 69 6f c1 00 b9 10 00 00 00 41 0f
0x00007ffc7fe6c1c6:   45 c8 ff c8 4c 63 c0 41 8b c1 48 c1 f8 10 0f b6
0x00007ffc7fe6c1d6:   c0 48 63 14 11 41 8b c9 83 e1 3f 48 d3 e2 49 8d
0x00007ffc7fe6c1e6:   0c 10 49 f7 d0 48 03 c1 49 c1 e8 03 48 c1 e8 03
0x00007ffc7fe6c1f6:   49 23 c0 c3 49 8b 00 49 8b c8 48 ff a0 00 01 00
0x00007ffc7fe6c206:   00 cc cc cc cc cc cc cc cc cc 8b 44 24 30 45 03
0x00007ffc7fe6c216:   c9 44 2b 4c 24 28 83 c0 0b 44 03 ca 45 03 c8 41
0x00007ffc7fe6c226:   03 c1 c3 cc cc cc cc cc cc cc 4c 8b c2 48 8b d1
0x00007ffc7fe6c236:   45 8b 48 08 45 85 c9 7e 0e 41 f6 c1 01 75 56 41
0x00007ffc7fe6c246:   c1 f9 03 49 63 c1 c3 79 4c 80 3d c4 73 c1 00 00
0x00007ffc7fe6c256:   b8 0c 00 00 00 b9 10 00 00 00 0f 45 c8 8b 05 bf
0x00007ffc7fe6c266:   6e c1 00 ff c8 4c 63 c0 41 8b c1 48 c1 f8 10 48
0x00007ffc7fe6c276:   63 14 11 41 8b c9 83 e1 3f 0f b6 c0 48 d3 e2 49
0x00007ffc7fe6c286:   8d 0c 10 49 f7 d0 48 03 c1 49 c1 e8 03 48 c1 e8
0x00007ffc7fe6c296:   03 49 23 c0 c3 49 8b 00 49 8b c8 48 ff a0 00 01
0x00007ffc7fe6c2a6:   00 00 cc cc cc cc cc cc cc cc 48 8b 41 08 0f b7
0x00007ffc7fe6c2b6:   48 2c 0f b7 40 2a 83 c0 48 03 c1 c3 cc cc cc cc
0x00007ffc7fe6c2c6:   cc cc cc cc cc cc cc cc cc cc 48 89 5c 24 08 57
0x00007ffc7fe6c2d6:   48 83 ec 20 0f b6 05 df 70 cc 00 48 8b fa 48 8b
0x00007ffc7fe6c2e6:   d9 84 c0 74 4f 48 85 15 76 68 cc 00 74 38 48 8b
0x00007ffc7fe6c2f6:   ca e8 94 a8 8c 00 48 8b d0 48 85 db 74 25 48 85
0x00007ffc7fe6c306:   c0 74 20 48 8b c7 f0 48 0f b1 13 74 16 48 85 05
0x00007ffc7fe6c316:   4e 68 cc 00 74 0d 48 8b c8 f0 48 0f b1 13 48 3b
0x00007ffc7fe6c326:   c1 75 ea 48 8b fa 48 8b c7 48 8b 5c 24 30 48 83 


Stack slot to memory mapping:

stack at sp + 0 slots: 0x00007ffc801b6a5b jvm.dll
stack at sp + 1 slots: 0x0 is null
stack at sp + 2 slots: 0x0000028a8e631b70 points into unknown readable memory: 0x0000028a8b8e54a8 | a8 54 8e 8b 8a 02 00 00
stack at sp + 3 slots: 0x0000000000000344 is an unknown value
stack at sp + 4 slots: 0x00007ffc8051a91f jvm.dll
stack at sp + 5 slots: 0x0000000000000344 is an unknown value
stack at sp + 6 slots: 0x000000000000001c is an unknown value
stack at sp + 7 slots: 0x0000028a87aab9e8 points into unknown readable memory: 0x0000000000000000 | 00 00 00 00 00 00 00 00


---------------  P R O C E S S  ---------------

Threads class SMR info:
_java_thread_list=0x0000028a8ebc1de0, length=26, elements={
0x0000028a87991670, 0x0000028a879dae90, 0x0000028a879be360, 0x0000028a879bf9e0,
0x0000028a879c0440, 0x0000028a879ba780, 0x0000028a879bb1e0, 0x0000028a87b3e560,
0x0000028a87c28720, 0x0000028a87c2ff60, 0x0000028a87c32560, 0x0000028a8c85c0f0,
0x0000028a8cba2670, 0x0000028a8cbbcfd0, 0x0000028a8cc16060, 0x0000028a8d10f9f0,
0x0000028a8d4759c0, 0x0000028a8eb207d0, 0x0000028a8eb1fab0, 0x0000028a8eb25690,
0x0000028a8eb1e700, 0x0000028a8eb21b80, 0x0000028a8eb20140, 0x0000028a8eb1ed90,
0x0000028a8eb1f420, 0x0000028a8eb1e070
}

Java Threads: ( => current thread )
  0x0000028a87991670 JavaThread "Reference Handler"          daemon [_thread_blocked, id=8300, stack(0x000000a25ba00000,0x000000a25bb00000) (1024K)]
  0x0000028a879dae90 JavaThread "Finalizer"                  daemon [_thread_blocked, id=20640, stack(0x000000a25bb00000,0x000000a25bc00000) (1024K)]
  0x0000028a879be360 JavaThread "Signal Dispatcher"          daemon [_thread_blocked, id=19148, stack(0x000000a25bc00000,0x000000a25bd00000) (1024K)]
  0x0000028a879bf9e0 JavaThread "Attach Listener"            daemon [_thread_blocked, id=12704, stack(0x000000a25bd00000,0x000000a25be00000) (1024K)]
  0x0000028a879c0440 JavaThread "Service Thread"             daemon [_thread_blocked, id=23548, stack(0x000000a25be00000,0x000000a25bf00000) (1024K)]
  0x0000028a879ba780 JavaThread "Monitor Deflation Thread"   daemon [_thread_blocked, id=6820, stack(0x000000a25bf00000,0x000000a25c000000) (1024K)]
  0x0000028a879bb1e0 JavaThread "C1 CompilerThread0"         daemon [_thread_blocked, id=3176, stack(0x000000a25c000000,0x000000a25c100000) (1024K)]
  0x0000028a87b3e560 JavaThread "Common-Cleaner"             daemon [_thread_blocked, id=23472, stack(0x000000a25c100000,0x000000a25c200000) (1024K)]
  0x0000028a87c28720 JavaThread "JDWP Transport Listener: dt_socket" daemon [_thread_blocked, id=3068, stack(0x000000a25c300000,0x000000a25c400000) (1024K)]
  0x0000028a87c2ff60 JavaThread "JDWP Event Helper Thread"   daemon [_thread_blocked, id=2120, stack(0x000000a25c400000,0x000000a25c500000) (1024K)]
  0x0000028a87c32560 JavaThread "JDWP Command Reader"        daemon [_thread_in_native, id=22572, stack(0x000000a25c500000,0x000000a25c600000) (1024K)]
  0x0000028a8c85c0f0 JavaThread "Notification Thread"        daemon [_thread_blocked, id=12688, stack(0x000000a25c600000,0x000000a25c700000) (1024K)]
  0x0000028a8cba2670 JavaThread "RMI TCP Accept-0"           daemon [_thread_in_native, id=3616, stack(0x000000a25d100000,0x000000a25d200000) (1024K)]
  0x0000028a8cbbcfd0 JavaThread "RMI TCP Accept-50603"       daemon [_thread_in_native, id=15112, stack(0x000000a25d200000,0x000000a25d300000) (1024K)]
  0x0000028a8cc16060 JavaThread "RMI TCP Accept-0"           daemon [_thread_in_native, id=20244, stack(0x000000a25d300000,0x000000a25d400000) (1024K)]
  0x0000028a8d10f9f0 JavaThread "RMI Scheduler(0)"           daemon [_thread_blocked, id=19428, stack(0x000000a25d800000,0x000000a25d900000) (1024K)]
  0x0000028a8d4759c0 JavaThread "Live Reload Server"         daemon [_thread_in_native, id=12356, stack(0x000000a25e200000,0x000000a25e300000) (1024K)]
  0x0000028a8eb207d0 JavaThread "DestroyJavaVM"                     [_thread_blocked, id=2028, stack(0x000000a25b200000,0x000000a25b300000) (1024K)]
  0x0000028a8eb1fab0 JavaThread "RMI TCP Connection(134)-127.0.0.1" daemon [_thread_in_native, id=21460, stack(0x000000a25da00000,0x000000a25db00000) (1024K)]
  0x0000028a8eb25690 JavaThread "JMX server connection timeout 74" daemon [_thread_blocked, id=16832, stack(0x000000a25dd00000,0x000000a25de00000) (1024K)]
  0x0000028a8eb1e700 JavaThread "Thread-83"                         [_thread_blocked, id=820, stack(0x000000a25af00000,0x000000a25b000000) (1024K)]
  0x0000028a8eb21b80 JavaThread "restartedMain"                     [_thread_blocked, id=13220, stack(0x000000a25b000000,0x000000a25b100000) (1024K)]
  0x0000028a8eb20140 JavaThread "Log4j2-TF-47-Scheduled-23"  daemon [_thread_blocked, id=15384, stack(0x000000a25b100000,0x000000a25b200000) (1024K)]
  0x0000028a8eb1ed90 JavaThread "Catalina-utility-1"                [_thread_blocked, id=21088, stack(0x000000a25d900000,0x000000a25da00000) (1024K)]
  0x0000028a8eb1f420 JavaThread "Catalina-utility-2"                [_thread_blocked, id=19076, stack(0x000000a25db00000,0x000000a25dc00000) (1024K)]
  0x0000028a8eb1e070 JavaThread "container-0"                       [_thread_blocked, id=23780, stack(0x000000a25dc00000,0x000000a25dd00000) (1024K)]
Total: 26

Other Threads:
  0x0000028a87962400 VMThread "VM Thread"                           [id=21896, stack(0x000000a25b900000,0x000000a25ba00000) (1024K)]
  0x0000028a878c05b0 WatcherThread "VM Periodic Task Thread"        [id=4360, stack(0x000000a25b800000,0x000000a25b900000) (1024K)]
  0x0000028af8f57630 WorkerThread "GC Thread#0"                     [id=13972, stack(0x000000a25b300000,0x000000a25b400000) (1024K)]
  0x0000028a8ca399a0 WorkerThread "GC Thread#1"                     [id=8480, stack(0x000000a25c900000,0x000000a25ca00000) (1024K)]
  0x0000028a8ca39d40 WorkerThread "GC Thread#2"                     [id=4716, stack(0x000000a25ca00000,0x000000a25cb00000) (1024K)]
  0x0000028a8ca3a0e0 WorkerThread "GC Thread#3"                     [id=11808, stack(0x000000a25cb00000,0x000000a25cc00000) (1024K)]
=>0x0000028a8cb20ed0 WorkerThread "GC Thread#4"                     [id=20384, stack(0x000000a25cc00000,0x000000a25cd00000) (1024K)]
  0x0000028a8cb21270 WorkerThread "GC Thread#5"                     [id=9212, stack(0x000000a25cd00000,0x000000a25ce00000) (1024K)]
  0x0000028a8cb8c280 WorkerThread "GC Thread#6"                     [id=24140, stack(0x000000a25ce00000,0x000000a25cf00000) (1024K)]
  0x0000028a8cb8c620 WorkerThread "GC Thread#7"                     [id=24356, stack(0x000000a25cf00000,0x000000a25d000000) (1024K)]
  0x0000028a8cb949d0 WorkerThread "GC Thread#8"                     [id=9036, stack(0x000000a25d000000,0x000000a25d100000) (1024K)]
  0x0000028a8ce7b240 WorkerThread "GC Thread#9"                     [id=22236, stack(0x000000a25d400000,0x000000a25d500000) (1024K)]
  0x0000028af8f6b6a0 ConcurrentGCThread "G1 Main Marker"            [id=21508, stack(0x000000a25b400000,0x000000a25b500000) (1024K)]
  0x0000028af8f6cf60 WorkerThread "G1 Conc#0"                       [id=20796, stack(0x000000a25b500000,0x000000a25b600000) (1024K)]
  0x0000028a8ce7a020 WorkerThread "G1 Conc#1"                       [id=23268, stack(0x000000a25d500000,0x000000a25d600000) (1024K)]
  0x0000028a8ce7b5e0 WorkerThread "G1 Conc#2"                       [id=22628, stack(0x000000a25d600000,0x000000a25d700000) (1024K)]
  0x0000028a87794cc0 ConcurrentGCThread "G1 Refine#0"               [id=16840, stack(0x000000a25b600000,0x000000a25b700000) (1024K)]
  0x0000028a877955e0 ConcurrentGCThread "G1 Service"                [id=14536, stack(0x000000a25b700000,0x000000a25b800000) (1024K)]
Total: 18

Threads with active compile tasks:
Total: 0

VM state: at safepoint (normal execution)

VM Mutex/Monitor currently owned by a thread:  ([mutex/lock_event])
[0x00007ffc80b07308] Threads_lock - owner thread: 0x0000028a87962400
[0x00007ffc80b07408] Heap_lock - owner thread: 0x0000028a87c28720

Heap address: 0x0000000704c00000, size: 4020 MB, Compressed Oops mode: Zero based, Oop shift amount: 3

CDS archive(s) not mapped
Compressed class space mapped at: 0x0000000800000000-0x0000000840000000, reserved size: 1073741824
Narrow klass base: 0x0000000800000000, Narrow klass shift: 0, Narrow klass range: 0x40000000

GC Precious Log:
 CardTable entry size: 512
 Card Set container configuration: InlinePtr #cards 4 size 8 Array Of Cards #cards 16 size 48 Howl #buckets 8 coarsen threshold 3686 Howl Bitmap #cards 512 size 80 coarsen threshold 460 Card regions per heap region 1 cards per card region 4096
 CPUs: 12 total, 12 available
 Memory: 16076M
 Large Page Support: Disabled
 NUMA Support: Disabled
 Compressed Oops: Enabled (Zero based)
 Heap Region Size: 2M
 Heap Min Capacity: 8M
 Heap Initial Capacity: 252M
 Heap Max Capacity: 4020M
 Pre-touch: Disabled
 Parallel Workers: 10
 Concurrent Workers: 3
 Concurrent Refinement Workers: 10
 Periodic GC: Disabled

Heap:
 garbage-first heap   total 116736K, used 99515K [0x0000000704c00000, 0x0000000800000000)
  region size 2048K, 36 young (73728K), 2 survivors (4096K)
 Metaspace       used 73711K, committed 74496K, reserved 1179648K
  class space    used 8615K, committed 8960K, reserved 1048576K

Heap Regions: E=young(eden), S=young(survivor), O=old, HS=humongous(starts), HC=humongous(continues), CS=collection set, F=free, TAMS=top-at-mark-start, PB=parsable bottom
|   0|0x0000000704c00000, 0x0000000704e00000, 0x0000000704e00000|100%| O|  |TAMS 0x0000000704c00000| PB 0x0000000704c00000| Untracked 
|   1|0x0000000704e00000, 0x0000000704ffffd0, 0x0000000705000000| 99%| O|  |TAMS 0x0000000704e00000| PB 0x0000000704e00000| Untracked 
|   2|0x0000000705000000, 0x0000000705200000, 0x0000000705200000|100%| O|  |TAMS 0x0000000705000000| PB 0x0000000705000000| Untracked 
|   3|0x0000000705200000, 0x0000000705400000, 0x0000000705400000|100%| O|  |TAMS 0x0000000705200000| PB 0x0000000705200000| Untracked 
|   4|0x0000000705400000, 0x0000000705600000, 0x0000000705600000|100%| O|  |TAMS 0x0000000705400000| PB 0x0000000705400000| Untracked 
|   5|0x0000000705600000, 0x00000007057ffff0, 0x0000000705800000| 99%| O|  |TAMS 0x0000000705600000| PB 0x0000000705600000| Untracked 
|   6|0x0000000705800000, 0x00000007059ffff0, 0x0000000705a00000| 99%| O|  |TAMS 0x0000000705800000| PB 0x0000000705800000| Untracked 
|   7|0x0000000705a00000, 0x0000000705bffff0, 0x0000000705c00000| 99%| O|  |TAMS 0x0000000705a00000| PB 0x0000000705a00000| Untracked 
|   8|0x0000000705c00000, 0x0000000705e00000, 0x0000000705e00000|100%| O|  |TAMS 0x0000000705c00000| PB 0x0000000705c00000| Untracked 
|   9|0x0000000705e00000, 0x0000000705fffff0, 0x0000000706000000| 99%| O|  |TAMS 0x0000000705e00000| PB 0x0000000705e00000| Untracked 
|  10|0x0000000706000000, 0x00000007061ffff0, 0x0000000706200000| 99%| O|  |TAMS 0x0000000706000000| PB 0x0000000706000000| Untracked 
|  11|0x0000000706200000, 0x00000007063ffff8, 0x0000000706400000| 99%| O|  |TAMS 0x0000000706200000| PB 0x0000000706200000| Untracked 
|  12|0x0000000706400000, 0x00000007065e3e28, 0x0000000706600000| 94%| O|  |TAMS 0x0000000706400000| PB 0x0000000706400000| Untracked 
|  13|0x0000000706600000, 0x0000000706800000, 0x0000000706800000|100%| O|  |TAMS 0x0000000706600000| PB 0x0000000706600000| Untracked 
|  14|0x0000000706800000, 0x000000070690db40, 0x0000000706a00000| 52%| O|  |TAMS 0x0000000706800000| PB 0x0000000706800000| Untracked 
|  15|0x0000000706a00000, 0x0000000706a32d60, 0x0000000706c00000|  9%| O|  |TAMS 0x0000000706a00000| PB 0x0000000706a00000| Untracked 
|  16|0x0000000706c00000, 0x0000000706c00000, 0x0000000706e00000|  0%| F|  |TAMS 0x0000000706c00000| PB 0x0000000706c00000| Untracked 
|  17|0x0000000706e00000, 0x0000000706e0a968, 0x0000000707000000|  2%| O|  |TAMS 0x0000000706e00000| PB 0x0000000706e00000| Untracked 
|  18|0x0000000707000000, 0x0000000707000000, 0x0000000707200000|  0%| F|  |TAMS 0x0000000707000000| PB 0x0000000707000000| Untracked 
|  19|0x0000000707200000, 0x0000000707200000, 0x0000000707400000|  0%| F|  |TAMS 0x0000000707200000| PB 0x0000000707200000| Untracked 
|  20|0x0000000707400000, 0x0000000707400000, 0x0000000707600000|  0%| F|  |TAMS 0x0000000707400000| PB 0x0000000707400000| Untracked 
|  21|0x0000000707600000, 0x0000000707800000, 0x0000000707800000|100%| S|  |TAMS 0x0000000707600000| PB 0x0000000707600000| Complete 
|  22|0x0000000707800000, 0x0000000707a00000, 0x0000000707a00000|100%| S|  |TAMS 0x0000000707800000| PB 0x0000000707800000| Complete 
|  23|0x0000000707a00000, 0x0000000707c00000, 0x0000000707c00000|100%| E|CS|TAMS 0x0000000707a00000| PB 0x0000000707a00000| Complete 
|  24|0x0000000707c00000, 0x0000000707e00000, 0x0000000707e00000|100%| E|CS|TAMS 0x0000000707c00000| PB 0x0000000707c00000| Complete 
|  25|0x0000000707e00000, 0x0000000708000000, 0x0000000708000000|100%| E|CS|TAMS 0x0000000707e00000| PB 0x0000000707e00000| Complete 
|  26|0x0000000708000000, 0x0000000708200000, 0x0000000708200000|100%| E|CS|TAMS 0x0000000708000000| PB 0x0000000708000000| Complete 
|  27|0x0000000708200000, 0x0000000708400000, 0x0000000708400000|100%| E|CS|TAMS 0x0000000708200000| PB 0x0000000708200000| Complete 
|  28|0x0000000708400000, 0x0000000708600000, 0x0000000708600000|100%| E|CS|TAMS 0x0000000708400000| PB 0x0000000708400000| Complete 
|  29|0x0000000708600000, 0x0000000708800000, 0x0000000708800000|100%| E|CS|TAMS 0x0000000708600000| PB 0x0000000708600000| Complete 
|  30|0x0000000708800000, 0x0000000708a00000, 0x0000000708a00000|100%| E|CS|TAMS 0x0000000708800000| PB 0x0000000708800000| Complete 
|  31|0x0000000708a00000, 0x0000000708c00000, 0x0000000708c00000|100%| E|CS|TAMS 0x0000000708a00000| PB 0x0000000708a00000| Complete 
|  32|0x0000000708c00000, 0x0000000708e00000, 0x0000000708e00000|100%| E|CS|TAMS 0x0000000708c00000| PB 0x0000000708c00000| Complete 
|  33|0x0000000708e00000, 0x0000000709000000, 0x0000000709000000|100%| E|CS|TAMS 0x0000000708e00000| PB 0x0000000708e00000| Complete 
|  34|0x0000000709000000, 0x0000000709200000, 0x0000000709200000|100%| E|CS|TAMS 0x0000000709000000| PB 0x0000000709000000| Complete 
|  35|0x0000000709200000, 0x0000000709400000, 0x0000000709400000|100%| E|CS|TAMS 0x0000000709200000| PB 0x0000000709200000| Complete 
|  36|0x0000000709400000, 0x0000000709600000, 0x0000000709600000|100%| E|CS|TAMS 0x0000000709400000| PB 0x0000000709400000| Complete 
|  37|0x0000000709600000, 0x0000000709800000, 0x0000000709800000|100%| E|CS|TAMS 0x0000000709600000| PB 0x0000000709600000| Complete 
|  38|0x0000000709800000, 0x0000000709a00000, 0x0000000709a00000|100%| E|CS|TAMS 0x0000000709800000| PB 0x0000000709800000| Complete 
|  39|0x0000000709a00000, 0x0000000709c00000, 0x0000000709c00000|100%| E|CS|TAMS 0x0000000709a00000| PB 0x0000000709a00000| Complete 
|  40|0x0000000709c00000, 0x0000000709e00000, 0x0000000709e00000|100%| E|CS|TAMS 0x0000000709c00000| PB 0x0000000709c00000| Complete 
|  41|0x0000000709e00000, 0x000000070a000000, 0x000000070a000000|100%| E|CS|TAMS 0x0000000709e00000| PB 0x0000000709e00000| Complete 
|  42|0x000000070a000000, 0x000000070a200000, 0x000000070a200000|100%| E|CS|TAMS 0x000000070a000000| PB 0x000000070a000000| Complete 
|  43|0x000000070a200000, 0x000000070a400000, 0x000000070a400000|100%| E|CS|TAMS 0x000000070a200000| PB 0x000000070a200000| Complete 
|  44|0x000000070a400000, 0x000000070a600000, 0x000000070a600000|100%| E|CS|TAMS 0x000000070a400000| PB 0x000000070a400000| Complete 
|  45|0x000000070a600000, 0x000000070a800000, 0x000000070a800000|100%| E|CS|TAMS 0x000000070a600000| PB 0x000000070a600000| Complete 
|  46|0x000000070a800000, 0x000000070aa00000, 0x000000070aa00000|100%| E|CS|TAMS 0x000000070a800000| PB 0x000000070a800000| Complete 
|  47|0x000000070aa00000, 0x000000070ac00000, 0x000000070ac00000|100%| E|CS|TAMS 0x000000070aa00000| PB 0x000000070aa00000| Complete 
|  48|0x000000070ac00000, 0x000000070ae00000, 0x000000070ae00000|100%| E|CS|TAMS 0x000000070ac00000| PB 0x000000070ac00000| Complete 
|  49|0x000000070ae00000, 0x000000070b000000, 0x000000070b000000|100%| E|CS|TAMS 0x000000070ae00000| PB 0x000000070ae00000| Complete 
|  50|0x000000070b000000, 0x000000070b200000, 0x000000070b200000|100%| E|CS|TAMS 0x000000070b000000| PB 0x000000070b000000| Complete 
|  51|0x000000070b200000, 0x000000070b400000, 0x000000070b400000|100%| E|CS|TAMS 0x000000070b200000| PB 0x000000070b200000| Complete 
|  52|0x000000070b400000, 0x000000070b600000, 0x000000070b600000|100%| E|CS|TAMS 0x000000070b400000| PB 0x000000070b400000| Complete 
|  53|0x000000070b600000, 0x000000070b800000, 0x000000070b800000|100%| E|CS|TAMS 0x000000070b600000| PB 0x000000070b600000| Complete 
|  54|0x000000070b800000, 0x000000070ba00000, 0x000000070ba00000|100%| E|CS|TAMS 0x000000070b800000| PB 0x000000070b800000| Complete 
|  55|0x000000070ba00000, 0x000000070bc00000, 0x000000070bc00000|100%| E|CS|TAMS 0x000000070ba00000| PB 0x000000070ba00000| Complete 
|  56|0x000000070bc00000, 0x000000070be00000, 0x000000070be00000|100%| E|CS|TAMS 0x000000070bc00000| PB 0x000000070bc00000| Complete 

Card table byte_map: [0x0000028a807e0000,0x0000028a80fc0000] _byte_map_base: 0x0000028a7cfba000

Marking Bits: (CMBitMap*) 0x0000028af8f57c40
 Bits: [0x0000028a80fc0000, 0x0000028a84e90000)

Polling page: 0x0000028af86a0000

Metaspace:

Usage:
  Non-class:     63.57 MB used.
      Class:      8.41 MB used.
       Both:     71.98 MB used.

Virtual space:
  Non-class space:      128.00 MB reserved,      64.00 MB ( 50%) committed,  2 nodes.
      Class space:        1.00 GB reserved,       8.75 MB ( <1%) committed,  1 nodes.
             Both:        1.12 GB reserved,      72.75 MB (  6%) committed. 

Chunk freelists:
   Non-Class:  15.79 MB
       Class:  7.11 MB
        Both:  22.89 MB

MaxMetaspaceSize: unlimited
CompressedClassSpaceSize: 1.00 GB
Initial GC threshold: 21.00 MB
Current GC threshold: 119.81 MB
CDS: off
 - commit_granule_bytes: 65536.
 - commit_granule_words: 8192.
 - virtual_space_node_default_size: 8388608.
 - enlarge_chunks_in_place: 1.
 - use_allocation_guard: 0.


Internal statistics:

num_allocs_failed_limit: 6.
num_arena_births: 2378.
num_arena_deaths: 1642.
num_vsnodes_births: 3.
num_vsnodes_deaths: 0.
num_space_committed: 1234.
num_space_uncommitted: 40.
num_chunks_returned_to_freelist: 2717.
num_chunks_taken_from_freelist: 6058.
num_chunk_merges: 538.
num_chunk_splits: 3059.
num_chunks_enlarged: 2204.
num_inconsistent_stats: 0.

CodeCache: size=49152Kb used=14865Kb max_used=18523Kb free=34286Kb
 bounds [0x0000028afc9e0000, 0x0000028afdd00000, 0x0000028aff9e0000]
 total_blobs=7320 nmethods=6669 adapters=574
 compilation: enabled
              stopped_count=0, restarted_count=0
 full_count=0

Compilation events (20 events):
Event: 8363.607 Thread 0x0000028a879bb1e0 15635       1       java.nio.ByteBuffer::put (69 bytes)
Event: 8363.607 Thread 0x0000028a879bb1e0 nmethod 15635 0x0000028afd873190 code [0x0000028afd8733a0, 0x0000028afd873748]
Event: 8423.616 Thread 0x0000028a879bb1e0 15637       1       sun.rmi.transport.StreamRemoteCall::getInputStream (60 bytes)
Event: 8423.617 Thread 0x0000028a879bb1e0 nmethod 15637 0x0000028afcb44e90 code [0x0000028afcb45100, 0x0000028afcb457f0]
Event: 8483.624 Thread 0x0000028a879bb1e0 15638       1       com.sun.jmx.interceptor.DefaultMBeanServerInterceptor::getDefaultDomain (5 bytes)
Event: 8483.625 Thread 0x0000028a879bb1e0 nmethod 15638 0x0000028afcb44b90 code [0x0000028afcb44d20, 0x0000028afcb44df0]
Event: 8483.625 Thread 0x0000028a879bb1e0 15641   !   1       sun.nio.ch.NioSocketImpl::write (90 bytes)
Event: 8483.625 Thread 0x0000028a879bb1e0 nmethod 15641 0x0000028afcb44010 code [0x0000028afcb44240, 0x0000028afcb44728]
Event: 8483.625 Thread 0x0000028a879bb1e0 15639   !   1       java.net.Socket$SocketOutputStream::write (54 bytes)
Event: 8483.626 Thread 0x0000028a879bb1e0 nmethod 15639 0x0000028afcb43990 code [0x0000028afcb43b60, 0x0000028afcb43e20]
Event: 8483.626 Thread 0x0000028a879bb1e0 15640       1       sun.nio.ch.NioSocketImpl$2::write (11 bytes)
Event: 8483.626 Thread 0x0000028a879bb1e0 nmethod 15640 0x0000028afcb43610 code [0x0000028afcb437a0, 0x0000028afcb438b8]
Event: 8483.626 Thread 0x0000028a879bb1e0 15642   !   1       sun.nio.ch.NioSocketImpl::implWrite (119 bytes)
Event: 8483.626 Thread 0x0000028a879bb1e0 nmethod 15642 0x0000028afd882990 code [0x0000028afd882bc0, 0x0000028afd883200]
Event: 8483.626 Thread 0x0000028a879bb1e0 15643   !   1       sun.nio.ch.NioSocketImpl::beginWrite (30 bytes)
Event: 8483.627 Thread 0x0000028a879bb1e0 nmethod 15643 0x0000028afcb43090 code [0x0000028afcb43240, 0x0000028afcb434c8]
Event: 8483.627 Thread 0x0000028a879bb1e0 15644   !   1       sun.nio.ch.NioSocketImpl::tryWrite (78 bytes)
Event: 8483.627 Thread 0x0000028a879bb1e0 nmethod 15644 0x0000028afd882310 code [0x0000028afd882500, 0x0000028afd882798]
Event: 8483.627 Thread 0x0000028a879bb1e0 15645   !   1       sun.nio.ch.NioSocketImpl::endWrite (58 bytes)
Event: 8483.627 Thread 0x0000028a879bb1e0 nmethod 15645 0x0000028afd881c10 code [0x0000028afd881de0, 0x0000028afd882138]

GC Heap History (20 events):
Event: 7434.828 GC heap after
{Heap after GC invocations=465 (full 18):
 garbage-first heap   total 102400K, used 29158K [0x0000000704c00000, 0x0000000800000000)
  region size 2048K, 0 young (0K), 0 survivors (0K)
 Metaspace       used 69712K, committed 70400K, reserved 1114112K
  class space    used 8266K, committed 8576K, reserved 1048576K
}
Event: 7435.129 GC heap before
{Heap before GC invocations=465 (full 18):
 garbage-first heap   total 102400K, used 90598K [0x0000000704c00000, 0x0000000800000000)
  region size 2048K, 30 young (61440K), 0 survivors (0K)
 Metaspace       used 70089K, committed 70784K, reserved 1114112K
  class space    used 8314K, committed 8640K, reserved 1048576K
}
Event: 7435.132 GC heap after
{Heap after GC invocations=466 (full 18):
 garbage-first heap   total 102400K, used 32897K [0x0000000704c00000, 0x0000000800000000)
  region size 2048K, 2 young (4096K), 2 survivors (4096K)
 Metaspace       used 70089K, committed 70784K, reserved 1114112K
  class space    used 8314K, committed 8640K, reserved 1048576K
}
Event: 7442.963 GC heap before
{Heap before GC invocations=466 (full 18):
 garbage-first heap   total 102400K, used 88193K [0x0000000704c00000, 0x0000000800000000)
  region size 2048K, 29 young (59392K), 2 survivors (4096K)
 Metaspace       used 70768K, committed 71424K, reserved 1114112K
  class space    used 8358K, committed 8640K, reserved 1048576K
}
Event: 7442.966 GC heap after
{Heap after GC invocations=467 (full 18):
 garbage-first heap   total 102400K, used 34367K [0x0000000704c00000, 0x0000000800000000)
  region size 2048K, 3 young (6144K), 3 survivors (6144K)
 Metaspace       used 70768K, committed 71424K, reserved 1114112K
  class space    used 8358K, committed 8640K, reserved 1048576K
}
Event: 7445.166 GC heap before
{Heap before GC invocations=467 (full 18):
 garbage-first heap   total 102400K, used 44607K [0x0000000704c00000, 0x0000000800000000)
  region size 2048K, 9 young (18432K), 3 survivors (6144K)
 Metaspace       used 70771K, committed 71424K, reserved 1114112K
  class space    used 8358K, committed 8640K, reserved 1048576K
}
Event: 7445.198 GC heap after
{Heap after GC invocations=468 (full 19):
 garbage-first heap   total 102400K, used 29691K [0x0000000704c00000, 0x0000000800000000)
  region size 2048K, 0 young (0K), 0 survivors (0K)
 Metaspace       used 70769K, committed 71424K, reserved 1114112K
  class space    used 8358K, committed 8640K, reserved 1048576K
}
Event: 7445.498 GC heap before
{Heap before GC invocations=468 (full 19):
 garbage-first heap   total 102400K, used 89083K [0x0000000704c00000, 0x0000000800000000)
  region size 2048K, 29 young (59392K), 0 survivors (0K)
 Metaspace       used 71145K, committed 71808K, reserved 1114112K
  class space    used 8406K, committed 8704K, reserved 1048576K
}
Event: 7445.501 GC heap after
{Heap after GC invocations=469 (full 19):
 garbage-first heap   total 124928K, used 33619K [0x0000000704c00000, 0x0000000800000000)
  region size 2048K, 2 young (4096K), 2 survivors (4096K)
 Metaspace       used 71145K, committed 71808K, reserved 1114112K
  class space    used 8406K, committed 8704K, reserved 1048576K
}
Event: 7453.229 GC heap before
{Heap before GC invocations=469 (full 19):
 garbage-first heap   total 124928K, used 93011K [0x0000000704c00000, 0x0000000800000000)
  region size 2048K, 32 young (65536K), 2 survivors (4096K)
 Metaspace       used 71830K, committed 72512K, reserved 1114112K
  class space    used 8450K, committed 8768K, reserved 1048576K
}
Event: 7453.262 GC heap after
{Heap after GC invocations=470 (full 20):
 garbage-first heap   total 116736K, used 30259K [0x0000000704c00000, 0x0000000800000000)
  region size 2048K, 0 young (0K), 0 survivors (0K)
 Metaspace       used 71828K, committed 72512K, reserved 1114112K
  class space    used 8449K, committed 8768K, reserved 1048576K
}
Event: 7453.634 GC heap before
{Heap before GC invocations=470 (full 20):
 garbage-first heap   total 116736K, used 99891K [0x0000000704c00000, 0x0000000800000000)
  region size 2048K, 34 young (69632K), 0 survivors (0K)
 Metaspace       used 72653K, committed 73344K, reserved 1114112K
  class space    used 8526K, committed 8832K, reserved 1048576K
}
Event: 7453.637 GC heap after
{Heap after GC invocations=471 (full 20):
 garbage-first heap   total 116736K, used 34573K [0x0000000704c00000, 0x0000000800000000)
  region size 2048K, 3 young (6144K), 3 survivors (6144K)
 Metaspace       used 72653K, committed 73344K, reserved 1114112K
  class space    used 8526K, committed 8832K, reserved 1048576K
}
Event: 7466.054 GC heap before
{Heap before GC invocations=471 (full 20):
 garbage-first heap   total 116736K, used 96013K [0x0000000704c00000, 0x0000000800000000)
  region size 2048K, 33 young (67584K), 3 survivors (6144K)
 Metaspace       used 72891K, committed 73600K, reserved 1114112K
  class space    used 8543K, committed 8832K, reserved 1048576K
}
Event: 7466.058 GC heap after
{Heap after GC invocations=472 (full 20):
 garbage-first heap   total 116736K, used 34523K [0x0000000704c00000, 0x0000000800000000)
  region size 2048K, 3 young (6144K), 3 survivors (6144K)
 Metaspace       used 72891K, committed 73600K, reserved 1114112K
  class space    used 8543K, committed 8832K, reserved 1048576K
}
Event: 7482.303 GC heap before
{Heap before GC invocations=472 (full 20):
 garbage-first heap   total 116736K, used 95963K [0x0000000704c00000, 0x0000000800000000)
  region size 2048K, 33 young (67584K), 3 survivors (6144K)
 Metaspace       used 72893K, committed 73600K, reserved 1114112K
  class space    used 8544K, committed 8832K, reserved 1048576K
}
Event: 7482.307 GC heap after
{Heap after GC invocations=473 (full 20):
 garbage-first heap   total 116736K, used 37094K [0x0000000704c00000, 0x0000000800000000)
  region size 2048K, 4 young (8192K), 4 survivors (8192K)
 Metaspace       used 72893K, committed 73600K, reserved 1114112K
  class space    used 8544K, committed 8832K, reserved 1048576K
}
Event: 7482.344 GC heap before
{Heap before GC invocations=473 (full 20):
 garbage-first heap   total 116736K, used 37094K [0x0000000704c00000, 0x0000000800000000)
  region size 2048K, 5 young (10240K), 4 survivors (8192K)
 Metaspace       used 72896K, committed 73600K, reserved 1114112K
  class space    used 8544K, committed 8832K, reserved 1048576K
}
Event: 7482.375 GC heap after
{Heap after GC invocations=474 (full 21):
 garbage-first heap   total 116736K, used 29883K [0x0000000704c00000, 0x0000000800000000)
  region size 2048K, 0 young (0K), 0 survivors (0K)
 Metaspace       used 72893K, committed 73600K, reserved 1114112K
  class space    used 8544K, committed 8832K, reserved 1048576K
}
Event: 8497.851 GC heap before
{Heap before GC invocations=474 (full 21):
 garbage-first heap   total 116736K, used 99515K [0x0000000704c00000, 0x0000000800000000)
  region size 2048K, 34 young (69632K), 0 survivors (0K)
 Metaspace       used 73711K, committed 74496K, reserved 1179648K
  class space    used 8615K, committed 8960K, reserved 1048576K
}

Dll operation events (12 events):
Event: 0.054 Loaded shared library D:\STS\sts-4.25.0.RELEASE\plugins\org.eclipse.justj.openjdk.hotspot.jre.full.win32.x86_64_21.0.4.v20240802-1551\jre\bin\java.dll
Event: 0.058 Loaded shared library D:\STS\sts-4.25.0.RELEASE\plugins\org.eclipse.justj.openjdk.hotspot.jre.full.win32.x86_64_21.0.4.v20240802-1551\jre\bin\zip.dll
Event: 0.398 Loaded shared library D:\STS\sts-4.25.0.RELEASE\plugins\org.eclipse.justj.openjdk.hotspot.jre.full.win32.x86_64_21.0.4.v20240802-1551\jre\bin\instrument.dll
Event: 0.405 Loaded shared library D:\STS\sts-4.25.0.RELEASE\plugins\org.eclipse.justj.openjdk.hotspot.jre.full.win32.x86_64_21.0.4.v20240802-1551\jre\bin\net.dll
Event: 0.406 Loaded shared library D:\STS\sts-4.25.0.RELEASE\plugins\org.eclipse.justj.openjdk.hotspot.jre.full.win32.x86_64_21.0.4.v20240802-1551\jre\bin\nio.dll
Event: 0.411 Loaded shared library D:\STS\sts-4.25.0.RELEASE\plugins\org.eclipse.justj.openjdk.hotspot.jre.full.win32.x86_64_21.0.4.v20240802-1551\jre\bin\zip.dll
Event: 0.506 Loaded shared library D:\STS\sts-4.25.0.RELEASE\plugins\org.eclipse.justj.openjdk.hotspot.jre.full.win32.x86_64_21.0.4.v20240802-1551\jre\bin\jimage.dll
Event: 0.547 Loaded shared library D:\STS\sts-4.25.0.RELEASE\plugins\org.eclipse.justj.openjdk.hotspot.jre.full.win32.x86_64_21.0.4.v20240802-1551\jre\bin\management.dll
Event: 0.554 Loaded shared library D:\STS\sts-4.25.0.RELEASE\plugins\org.eclipse.justj.openjdk.hotspot.jre.full.win32.x86_64_21.0.4.v20240802-1551\jre\bin\management_ext.dll
Event: 0.727 Loaded shared library D:\STS\sts-4.25.0.RELEASE\plugins\org.eclipse.justj.openjdk.hotspot.jre.full.win32.x86_64_21.0.4.v20240802-1551\jre\bin\extnet.dll
Event: 0.745 Loaded shared library D:\STS\sts-4.25.0.RELEASE\plugins\org.eclipse.justj.openjdk.hotspot.jre.full.win32.x86_64_21.0.4.v20240802-1551\jre\bin\verify.dll
Event: 3.520 Loaded shared library D:\STS\sts-4.25.0.RELEASE\plugins\org.eclipse.justj.openjdk.hotspot.jre.full.win32.x86_64_21.0.4.v20240802-1551\jre\bin\sunmscapi.dll

Deoptimization events (20 events):
Event: 7642.390 Thread 0x0000028a8eb1fab0 DEOPT PACKING pc=0x0000028afcbb9bf4 sp=0x000000a25dafd280
Event: 7642.390 Thread 0x0000028a8eb1fab0 DEOPT UNPACKING pc=0x0000028afca34e42 sp=0x000000a25dafc7e8 mode 1
Event: 7642.390 Thread 0x0000028a8eb1fab0 DEOPT PACKING pc=0x0000028afcbb9bf4 sp=0x000000a25dafd280
Event: 7642.390 Thread 0x0000028a8eb1fab0 DEOPT UNPACKING pc=0x0000028afca34e42 sp=0x000000a25dafc7e8 mode 1
Event: 7642.390 Thread 0x0000028a8eb1fab0 DEOPT PACKING pc=0x0000028afcbb9bf4 sp=0x000000a25dafd280
Event: 7642.390 Thread 0x0000028a8eb1fab0 DEOPT UNPACKING pc=0x0000028afca34e42 sp=0x000000a25dafc7e8 mode 1
Event: 7642.390 Thread 0x0000028a8eb1fab0 DEOPT PACKING pc=0x0000028afcbb9bf4 sp=0x000000a25dafd280
Event: 7642.390 Thread 0x0000028a8eb1fab0 DEOPT UNPACKING pc=0x0000028afca34e42 sp=0x000000a25dafc7e8 mode 1
Event: 8478.814 Thread 0x0000028a87c28720 DEOPT PACKING pc=0x0000028afd2f54ec sp=0x000000a25c3fb360
Event: 8478.814 Thread 0x0000028a87c28720 DEOPT UNPACKING pc=0x0000028afca34e42 sp=0x000000a25c3fa898 mode 1
Event: 8478.814 Thread 0x0000028a87c28720 DEOPT PACKING pc=0x0000028afd2f6504 sp=0x000000a25c3fb450
Event: 8478.814 Thread 0x0000028a87c28720 DEOPT UNPACKING pc=0x0000028afca34e42 sp=0x000000a25c3fa9e8 mode 1
Event: 8478.814 Thread 0x0000028a87c28720 DEOPT PACKING pc=0x0000028afd2f782c sp=0x000000a25c3fb5a0
Event: 8478.814 Thread 0x0000028a87c28720 DEOPT UNPACKING pc=0x0000028afca34e42 sp=0x000000a25c3fab60 mode 1
Event: 8478.821 Thread 0x0000028a87c28720 DEOPT PACKING pc=0x0000028afd2f54ec sp=0x000000a25c3fb360
Event: 8478.821 Thread 0x0000028a87c28720 DEOPT UNPACKING pc=0x0000028afca34e42 sp=0x000000a25c3fa898 mode 1
Event: 8478.821 Thread 0x0000028a87c28720 DEOPT PACKING pc=0x0000028afd2f6504 sp=0x000000a25c3fb450
Event: 8478.821 Thread 0x0000028a87c28720 DEOPT UNPACKING pc=0x0000028afca34e42 sp=0x000000a25c3fa9e8 mode 1
Event: 8478.821 Thread 0x0000028a87c28720 DEOPT PACKING pc=0x0000028afd2f782c sp=0x000000a25c3fb5a0
Event: 8478.821 Thread 0x0000028a87c28720 DEOPT UNPACKING pc=0x0000028afca34e42 sp=0x000000a25c3fab60 mode 1

Classes loaded (20 events):
Event: 7413.181 Loading class java/lang/ObjectCustomizer
Event: 7413.181 Loading class java/lang/ObjectCustomizer done
Event: 7413.181 Loading class java/lang/ObjectCustomizer
Event: 7413.181 Loading class java/lang/ObjectCustomizer done
Event: 7435.122 Loading class java/lang/ObjectCustomizer
Event: 7435.122 Loading class java/lang/ObjectCustomizer done
Event: 7435.123 Loading class java/lang/ObjectCustomizer
Event: 7435.123 Loading class java/lang/ObjectCustomizer done
Event: 7445.511 Loading class java/lang/ObjectCustomizer
Event: 7445.511 Loading class java/lang/ObjectCustomizer done
Event: 7445.511 Loading class java/lang/ObjectCustomizer
Event: 7445.511 Loading class java/lang/ObjectCustomizer done
Event: 7453.576 Loading class java/lang/ObjectCustomizer
Event: 7453.576 Loading class java/lang/ObjectCustomizer done
Event: 7453.576 Loading class java/lang/ObjectCustomizer
Event: 7453.576 Loading class java/lang/ObjectCustomizer done
Event: 7482.689 Loading class java/lang/ObjectCustomizer
Event: 7482.689 Loading class java/lang/ObjectCustomizer done
Event: 7482.689 Loading class java/lang/ObjectCustomizer
Event: 7482.689 Loading class java/lang/ObjectCustomizer done

Classes unloaded (20 events):
Event: 7362.817 Thread 0x0000028a87962400 Unloading class 0x0000000800304400 'java/lang/invoke/LambdaForm$MH+0x0000000800304400'
Event: 7362.817 Thread 0x0000028a87962400 Unloading class 0x00000008005ba000 'java/lang/invoke/LambdaForm$BMH+0x00000008005ba000'
Event: 7362.817 Thread 0x0000028a87962400 Unloading class 0x0000000800231800 'java/lang/invoke/LambdaForm$MH+0x0000000800231800'
Event: 7362.817 Thread 0x0000028a87962400 Unloading class 0x000000080023c800 'java/lang/invoke/LambdaForm$MH+0x000000080023c800'
Event: 7362.817 Thread 0x0000028a87962400 Unloading class 0x000000080023d000 'java/lang/invoke/LambdaForm$MH+0x000000080023d000'
Event: 7362.817 Thread 0x0000028a87962400 Unloading class 0x00000008004d4400 'java/lang/invoke/LambdaForm$BMH+0x00000008004d4400'
Event: 7362.817 Thread 0x0000028a87962400 Unloading class 0x000000080028c400 'java/lang/invoke/LambdaForm$MH+0x000000080028c400'
Event: 7362.817 Thread 0x0000028a87962400 Unloading class 0x000000080022a400 'java/lang/invoke/LambdaForm$MH+0x000000080022a400'
Event: 7362.817 Thread 0x0000028a87962400 Unloading class 0x0000000800140800 'java/lang/invoke/LambdaForm$MH+0x0000000800140800'
Event: 7362.817 Thread 0x0000028a87962400 Unloading class 0x0000000800141800 'java/lang/invoke/LambdaForm$MH+0x0000000800141800'
Event: 7381.475 Thread 0x0000028a87962400 Unloading class 0x000000080082c800 'org/apache/catalina/loader/JdbcLeakPrevention'
Event: 7404.798 Thread 0x0000028a87962400 Unloading class 0x000000080083c800 'org/apache/catalina/loader/JdbcLeakPrevention'
Event: 7412.850 Thread 0x0000028a87962400 Unloading class 0x0000000800855000 'org/apache/catalina/loader/JdbcLeakPrevention'
Event: 7412.850 Thread 0x0000028a87962400 Unloading class 0x0000000800814800 'jdk/internal/reflect/GeneratedSerializationConstructorAccessor77'
Event: 7412.850 Thread 0x0000028a87962400 Unloading class 0x0000000800814400 'jdk/internal/reflect/GeneratedSerializationConstructorAccessor76'
Event: 7412.850 Thread 0x0000028a87962400 Unloading class 0x0000000800814000 'jdk/internal/reflect/GeneratedSerializationConstructorAccessor75'
Event: 7434.804 Thread 0x0000028a87962400 Unloading class 0x000000080086c000 'org/apache/catalina/loader/JdbcLeakPrevention'
Event: 7445.174 Thread 0x0000028a87962400 Unloading class 0x0000000800884000 'org/apache/catalina/loader/JdbcLeakPrevention'
Event: 7453.239 Thread 0x0000028a87962400 Unloading class 0x0000000800898800 'org/apache/catalina/loader/JdbcLeakPrevention'
Event: 7482.354 Thread 0x0000028a87962400 Unloading class 0x00000008008b4800 'org/apache/catalina/loader/JdbcLeakPrevention'

Classes redefined (14 events):
Event: 8478.842 Thread 0x0000028a87962400 redefined class name=com.cotodel.hrms.web.controller.SignupController, count=1
Event: 8478.842 Thread 0x0000028a87962400 redefined class name=com.cotodel.hrms.web.controller.SignupController, count=1
Event: 8478.842 Thread 0x0000028a87962400 redefined class name=com.cotodel.hrms.web.controller.SignupController, count=1
Event: 8478.842 Thread 0x0000028a87962400 redefined class name=com.cotodel.hrms.web.controller.SignupController, count=1
Event: 8478.842 Thread 0x0000028a87962400 redefined class name=com.cotodel.hrms.web.controller.SignupController, count=1
Event: 8478.842 Thread 0x0000028a87962400 redefined class name=com.cotodel.hrms.web.controller.SignupController, count=1
Event: 8478.842 Thread 0x0000028a87962400 redefined class name=com.cotodel.hrms.web.controller.SignupController, count=1
Event: 8478.842 Thread 0x0000028a87962400 redefined class name=com.cotodel.hrms.web.controller.SignupController, count=1
Event: 8478.842 Thread 0x0000028a87962400 redefined class name=com.cotodel.hrms.web.controller.SignupController, count=1
Event: 8478.842 Thread 0x0000028a87962400 redefined class name=com.cotodel.hrms.web.controller.SignupController, count=1
Event: 8478.842 Thread 0x0000028a87962400 redefined class name=com.cotodel.hrms.web.controller.SignupController, count=1
Event: 8478.842 Thread 0x0000028a87962400 redefined class name=com.cotodel.hrms.web.controller.SignupController, count=1
Event: 8478.842 Thread 0x0000028a87962400 redefined class name=com.cotodel.hrms.web.controller.SignupController, count=1
Event: 8478.842 Thread 0x0000028a87962400 redefined class name=com.cotodel.hrms.web.controller.SignupController, count=1

Internal exceptions (20 events):
Event: 7453.582 Thread 0x0000028a8eb1e700 Exception <a 'java/lang/ClassNotFoundException'{0x00000007083a4b10}: org/springframework/beans/factory/AwareCustomizer> (0x00000007083a4b10) 
thrown [s\src\hotspot\share\classfile\systemDictionary.cpp, line 312]
Event: 7453.583 Thread 0x0000028a8eb1e700 Exception <a 'java/lang/ClassNotFoundException'{0x00000007083ab798}: org/springframework/security/config/annotation/web/WebSecurityConfigurerCustomizer> (0x00000007083ab798) 
thrown [s\src\hotspot\share\classfile\systemDictionary.cpp, line 312]
Event: 7453.585 Thread 0x0000028a8eb1e700 Exception <a 'java/lang/ClassNotFoundException'{0x00000007083b2720}: org/springframework/security/config/annotation/SecurityConfigurerCustomizer> (0x00000007083b2720) 
thrown [s\src\hotspot\share\classfile\systemDictionary.cpp, line 312]
Event: 7453.721 Thread 0x0000028a8eb1e700 Exception <a 'java/io/FileNotFoundException'{0x000000070b1a3f60}> (0x000000070b1a3f60) 
thrown [s\src\hotspot\share\prims\jni.cpp, line 520]
Event: 7453.722 Thread 0x0000028a8eb1e700 Exception <a 'java/io/FileNotFoundException'{0x000000070b1a4b48}> (0x000000070b1a4b48) 
thrown [s\src\hotspot\share\prims\jni.cpp, line 520]
Event: 7482.343 Thread 0x0000028a8eb20140 Exception <a 'java/lang/InterruptedException'{0x000000070bd15838}: sleep interrupted> (0x000000070bd15838) 
thrown [s\src\hotspot\share\prims\jvm.cpp, line 3074]
Event: 7482.392 Thread 0x0000028a8eb21b80 Exception <a 'sun/nio/fs/WindowsException'{0x000000070bcb2090}> (0x000000070bcb2090) 
thrown [s\src\hotspot\share\prims\jni.cpp, line 520]
Event: 7482.610 Thread 0x0000028a8eb21b80 Exception <a 'java/lang/NoClassDefFoundError'{0x0000000709229268}: org/flywaydb/core/Flyway> (0x0000000709229268) 
thrown [s\src\hotspot\share\oops\constantPool.cpp, line 873]
Event: 7482.612 Thread 0x0000028a8eb21b80 Exception <a 'java/lang/NoClassDefFoundError'{0x00000007092298c8}: liquibase/integration/spring/SpringLiquibase> (0x00000007092298c8) 
thrown [s\src\hotspot\share\oops\constantPool.cpp, line 873]
Event: 7482.675 Thread 0x0000028a8eb21b80 Exception <a 'java/io/FileNotFoundException'{0x0000000708593110}> (0x0000000708593110) 
thrown [s\src\hotspot\share\prims\jni.cpp, line 520]
Event: 7482.689 Thread 0x0000028a8eb21b80 Exception <a 'java/lang/ClassNotFoundException'{0x0000000708370ef0}: java/lang/ObjectCustomizer> (0x0000000708370ef0) 
thrown [s\src\hotspot\share\classfile\systemDictionary.cpp, line 312]
Event: 7482.690 Thread 0x0000028a8eb21b80 Exception <a 'java/lang/ClassNotFoundException'{0x000000070837c328}: org/springframework/security/config/annotation/web/configuration/WebSecurityConfigurerAdapterCustomizer> (0x000000070837c328) 
thrown [s\src\hotspot\share\classfile\systemDictionary.cpp, line 312]
Event: 7482.691 Thread 0x0000028a8eb21b80 Exception <a 'java/lang/ClassNotFoundException'{0x000000070838deb8}: com/cotodel/hrms/web/config/LoginSecurityConfigurationCustomizer> (0x000000070838deb8) 
thrown [s\src\hotspot\share\classfile\systemDictionary.cpp, line 312]
Event: 7482.693 Thread 0x0000028a8eb21b80 Exception <a 'java/lang/ClassNotFoundException'{0x0000000708399bf0}: com/cotodel/hrms/web/config/LoginSecurityConfiguration$$EnhancerBySpringCGLIB$$91886f32Customizer> (0x0000000708399bf0) 
thrown [s\src\hotspot\share\classfile\systemDictionary.cpp, line 312]
Event: 7482.694 Thread 0x0000028a8eb21b80 Exception <a 'java/lang/ClassNotFoundException'{0x00000007083aea30}: org/springframework/context/annotation/ConfigurationClassEnhancer$EnhancedConfigurationCustomizer> (0x00000007083aea30) 
thrown [s\src\hotspot\share\classfile\systemDictionary.cpp, line 312]
Event: 7482.694 Thread 0x0000028a8eb21b80 Exception <a 'java/lang/ClassNotFoundException'{0x00000007083b5390}: org/springframework/beans/factory/BeanFactoryAwareCustomizer> (0x00000007083b5390) 
thrown [s\src\hotspot\share\classfile\systemDictionary.cpp, line 312]
Event: 7482.695 Thread 0x0000028a8eb21b80 Exception <a 'java/lang/ClassNotFoundException'{0x00000007083bd0e0}: org/springframework/beans/factory/AwareCustomizer> (0x00000007083bd0e0) 
thrown [s\src\hotspot\share\classfile\systemDictionary.cpp, line 312]
Event: 7482.695 Thread 0x0000028a8eb21b80 Exception <a 'java/lang/ClassNotFoundException'{0x00000007083c3d68}: org/springframework/security/config/annotation/web/WebSecurityConfigurerCustomizer> (0x00000007083c3d68) 
thrown [s\src\hotspot\share\classfile\systemDictionary.cpp, line 312]
Event: 7482.696 Thread 0x0000028a8eb21b80 Exception <a 'java/lang/ClassNotFoundException'{0x00000007083cacf0}: org/springframework/security/config/annotation/SecurityConfigurerCustomizer> (0x00000007083cacf0) 
thrown [s\src\hotspot\share\classfile\systemDictionary.cpp, line 312]
Event: 7642.391 Thread 0x0000028a8eb1fab0 Exception <a 'java/lang/NoSuchMethodError'{0x0000000707da5b98}: static [B.<clinit>()V> (0x0000000707da5b98) 
thrown [s\src\hotspot\share\prims\jni.cpp, line 1111]

ZGC Phase Switch (0 events):
No events

VM Operations (20 events):
Event: 7712.371 Executing VM operation: RendezvousGCThreads done
Event: 7824.459 Executing VM operation: Cleanup
Event: 7824.459 Executing VM operation: Cleanup done
Event: 7944.322 Executing VM operation: Cleanup
Event: 7944.322 Executing VM operation: Cleanup done
Event: 8073.050 Executing VM operation: HandshakeAllThreads (HandshakeForDeflation)
Event: 8073.050 Executing VM operation: HandshakeAllThreads (HandshakeForDeflation) done
Event: 8073.050 Executing VM operation: RendezvousGCThreads
Event: 8073.050 Executing VM operation: RendezvousGCThreads done
Event: 8133.093 Executing VM operation: HandshakeAllThreads (HandshakeForDeflation)
Event: 8133.093 Executing VM operation: HandshakeAllThreads (HandshakeForDeflation) done
Event: 8133.093 Executing VM operation: RendezvousGCThreads
Event: 8133.093 Executing VM operation: RendezvousGCThreads done
Event: 8193.218 Executing VM operation: HandshakeAllThreads (HandshakeForDeflation)
Event: 8193.218 Executing VM operation: HandshakeAllThreads (HandshakeForDeflation) done
Event: 8193.218 Executing VM operation: RendezvousGCThreads
Event: 8193.218 Executing VM operation: RendezvousGCThreads done
Event: 8478.824 Executing VM operation: RedefineClasses
Event: 8478.876 Executing VM operation: RedefineClasses done
Event: 8497.851 Executing VM operation: G1CollectForAllocation (G1 Evacuation Pause)

Memory protections (0 events):
No events

Nmethod flushes (20 events):
Event: 7482.361 Thread 0x0000028a87962400 flushing  nmethod 0x0000028afd52bb10
Event: 7482.361 Thread 0x0000028a87962400 flushing  nmethod 0x0000028afd761090
Event: 7482.361 Thread 0x0000028a87962400 flushing  nmethod 0x0000028afcc7b110
Event: 7482.361 Thread 0x0000028a87962400 flushing  nmethod 0x0000028afce98a10
Event: 7482.361 Thread 0x0000028a87962400 flushing  nmethod 0x0000028afd2dd810
Event: 7482.361 Thread 0x0000028a87962400 flushing  nmethod 0x0000028afd2e0890
Event: 7482.361 Thread 0x0000028a87962400 flushing  nmethod 0x0000028afd470110
Event: 7482.361 Thread 0x0000028a87962400 flushing  nmethod 0x0000028afd7b1490
Event: 7482.361 Thread 0x0000028a87962400 flushing  nmethod 0x0000028afd7efc90
Event: 7482.361 Thread 0x0000028a87962400 flushing  nmethod 0x0000028afcd79a10
Event: 7482.361 Thread 0x0000028a87962400 flushing  nmethod 0x0000028afd03c010
Event: 7482.361 Thread 0x0000028a87962400 flushing  nmethod 0x0000028afd0ab410
Event: 7482.361 Thread 0x0000028a87962400 flushing  nmethod 0x0000028afd14dc90
Event: 7482.361 Thread 0x0000028a87962400 flushing  nmethod 0x0000028afd261490
Event: 7482.361 Thread 0x0000028a87962400 flushing  nmethod 0x0000028afd2fa990
Event: 7482.361 Thread 0x0000028a87962400 flushing  nmethod 0x0000028afd341810
Event: 7482.361 Thread 0x0000028a87962400 flushing  nmethod 0x0000028afd41d210
Event: 7482.361 Thread 0x0000028a87962400 flushing  nmethod 0x0000028afd711510
Event: 7482.361 Thread 0x0000028a87962400 flushing  nmethod 0x0000028afd7fbb10
Event: 7482.361 Thread 0x0000028a87962400 flushing  nmethod 0x0000028afd88c990

Events (20 events):
Event: 7482.344 Thread 0x0000028a8eb21b80 Thread exited: 0x0000028a8eb21b80
Event: 7482.375 Thread 0x0000028a8eb1e700 Thread added: 0x0000028a8eb228a0
Event: 7482.376 Thread 0x0000028a8eb228a0 Thread exited: 0x0000028a8eb228a0
Event: 7482.376 Thread 0x0000028a8eb1e700 Thread added: 0x0000028a8eb21b80
Event: 7482.376 Thread 0x0000028a8eb1ed90 Thread exited: 0x0000028a8eb1ed90
Event: 7482.418 Thread 0x0000028a8eb21b80 Thread added: 0x0000028a8eb20140
Event: 7482.419 Thread 0x0000028a8eb1e070 Thread exited: 0x0000028a8eb1e070
Event: 7482.464 Thread 0x0000028a8eb21b80 Thread added: 0x0000028a8eb20e60
Event: 7482.479 Thread 0x0000028a8eb20e60 Thread exited: 0x0000028a8eb20e60
Event: 7482.716 Thread 0x0000028a879bb1e0 Thread added: 0x0000028a8eacb6e0
Event: 7482.716 Thread 0x0000028a879bb1e0 Thread added: 0x0000028a8eac8060
Event: 7482.716 Thread 0x0000028a879bb1e0 Thread added: 0x0000028a8eac8730
Event: 7482.721 Thread 0x0000028a8eb21b80 Thread added: 0x0000028a8eb1ed90
Event: 7482.721 Thread 0x0000028a8eb21b80 Thread added: 0x0000028a8eb1f420
Event: 7482.721 Thread 0x0000028a8eb21b80 Thread added: 0x0000028a8eb1e070
Event: 7487.737 Thread 0x0000028a8eac8730 Thread exited: 0x0000028a8eac8730
Event: 7487.737 Thread 0x0000028a8eac8060 Thread exited: 0x0000028a8eac8060
Event: 7492.749 Thread 0x0000028a8eacb6e0 Thread exited: 0x0000028a8eacb6e0
Event: 8243.578 Thread 0x0000028a879bb1e0 Thread added: 0x0000028a8eac9ba0
Event: 8248.588 Thread 0x0000028a8eac9ba0 Thread exited: 0x0000028a8eac9ba0


Dynamic libraries:
0x00007ff6e8b30000 - 0x00007ff6e8b3e000 	D:\STS\sts-4.25.0.RELEASE\plugins\org.eclipse.justj.openjdk.hotspot.jre.full.win32.x86_64_21.0.4.v20240802-1551\jre\bin\javaw.exe
0x00007ffd276a0000 - 0x00007ffd27903000 	C:\Windows\SYSTEM32\ntdll.dll
0x00007ffd264e0000 - 0x00007ffd265a7000 	C:\Windows\System32\KERNEL32.DLL
0x00007ffd24a20000 - 0x00007ffd24de9000 	C:\Windows\System32\KERNELBASE.dll
0x00007ffd25020000 - 0x00007ffd2516c000 	C:\Windows\System32\ucrtbase.dll
0x00007ffd1cbd0000 - 0x00007ffd1cbeb000 	D:\STS\sts-4.25.0.RELEASE\plugins\org.eclipse.justj.openjdk.hotspot.jre.full.win32.x86_64_21.0.4.v20240802-1551\jre\bin\VCRUNTIME140.dll
0x00007ffcfe3e0000 - 0x00007ffcfe3f8000 	D:\STS\sts-4.25.0.RELEASE\plugins\org.eclipse.justj.openjdk.hotspot.jre.full.win32.x86_64_21.0.4.v20240802-1551\jre\bin\jli.dll
0x00007ffd25d40000 - 0x00007ffd25f0a000 	C:\Windows\System32\USER32.dll
0x00007ffd248a0000 - 0x00007ffd248c7000 	C:\Windows\System32\win32u.dll
0x00007ffd27510000 - 0x00007ffd2753a000 	C:\Windows\System32\GDI32.dll
0x00007ffd25170000 - 0x00007ffd252a1000 	C:\Windows\System32\gdi32full.dll
0x00007ffd24f70000 - 0x00007ffd25013000 	C:\Windows\System32\msvcp_win.dll
0x00007ffcfa410000 - 0x00007ffcfa6a0000 	C:\Windows\WinSxS\amd64_microsoft.windows.common-controls_6595b64144ccf1df_6.0.26100.3323_none_3e088096e3344490\COMCTL32.dll
0x00007ffd25570000 - 0x00007ffd25619000 	C:\Windows\System32\msvcrt.dll
0x00007ffd25f10000 - 0x00007ffd25f3f000 	C:\Windows\System32\IMM32.DLL
0x00007ffd1ea40000 - 0x00007ffd1ea4c000 	D:\STS\sts-4.25.0.RELEASE\plugins\org.eclipse.justj.openjdk.hotspot.jre.full.win32.x86_64_21.0.4.v20240802-1551\jre\bin\vcruntime140_1.dll
0x00007ffcf3c90000 - 0x00007ffcf3d1e000 	D:\STS\sts-4.25.0.RELEASE\plugins\org.eclipse.justj.openjdk.hotspot.jre.full.win32.x86_64_21.0.4.v20240802-1551\jre\bin\msvcp140.dll
0x00007ffc7fe60000 - 0x00007ffc80be8000 	D:\STS\sts-4.25.0.RELEASE\plugins\org.eclipse.justj.openjdk.hotspot.jre.full.win32.x86_64_21.0.4.v20240802-1551\jre\bin\server\jvm.dll
0x00007ffd27450000 - 0x00007ffd27502000 	C:\Windows\System32\ADVAPI32.dll
0x00007ffd26000000 - 0x00007ffd260a6000 	C:\Windows\System32\sechost.dll
0x00007ffd27330000 - 0x00007ffd27446000 	C:\Windows\System32\RPCRT4.dll
0x00007ffd260b0000 - 0x00007ffd26124000 	C:\Windows\System32\WS2_32.dll
0x00007ffd24730000 - 0x00007ffd2477e000 	C:\Windows\SYSTEM32\POWRPROF.dll
0x00007ffd178a0000 - 0x00007ffd178ab000 	C:\Windows\SYSTEM32\VERSION.dll
0x00007ffd18ba0000 - 0x00007ffd18bd6000 	C:\Windows\SYSTEM32\WINMM.dll
0x00007ffd24710000 - 0x00007ffd24724000 	C:\Windows\SYSTEM32\UMPDC.dll
0x00007ffd23690000 - 0x00007ffd236aa000 	C:\Windows\SYSTEM32\kernel.appcore.dll
0x00007ffd1e9a0000 - 0x00007ffd1e9aa000 	D:\STS\sts-4.25.0.RELEASE\plugins\org.eclipse.justj.openjdk.hotspot.jre.full.win32.x86_64_21.0.4.v20240802-1551\jre\bin\jimage.dll
0x00007ffd22220000 - 0x00007ffd22461000 	C:\Windows\SYSTEM32\DBGHELP.DLL
0x00007ffd26fa0000 - 0x00007ffd27322000 	C:\Windows\System32\combase.dll
0x00007ffd26ec0000 - 0x00007ffd26f96000 	C:\Windows\System32\OLEAUT32.dll
0x00007ffd02cc0000 - 0x00007ffd02cf9000 	C:\Windows\SYSTEM32\dbgcore.DLL
0x00007ffd25420000 - 0x00007ffd254b9000 	C:\Windows\System32\bcryptPrimitives.dll
0x00007ffcf53e0000 - 0x00007ffcf541c000 	D:\STS\sts-4.25.0.RELEASE\plugins\org.eclipse.justj.openjdk.hotspot.jre.full.win32.x86_64_21.0.4.v20240802-1551\jre\bin\jdwp.dll
0x00007ffd1e990000 - 0x00007ffd1e99f000 	D:\STS\sts-4.25.0.RELEASE\plugins\org.eclipse.justj.openjdk.hotspot.jre.full.win32.x86_64_21.0.4.v20240802-1551\jre\bin\instrument.dll
0x00007ffcf6710000 - 0x00007ffcf672f000 	D:\STS\sts-4.25.0.RELEASE\plugins\org.eclipse.justj.openjdk.hotspot.jre.full.win32.x86_64_21.0.4.v20240802-1551\jre\bin\java.dll
0x00007ffcf5a10000 - 0x00007ffcf5a28000 	D:\STS\sts-4.25.0.RELEASE\plugins\org.eclipse.justj.openjdk.hotspot.jre.full.win32.x86_64_21.0.4.v20240802-1551\jre\bin\zip.dll
0x00007ffd25620000 - 0x00007ffd25d35000 	C:\Windows\System32\SHELL32.dll
0x00007ffd252b0000 - 0x00007ffd25418000 	C:\Windows\System32\wintypes.dll
0x00007ffd22470000 - 0x00007ffd22cb5000 	C:\Windows\SYSTEM32\windows.storage.dll
0x00007ffd26cf0000 - 0x00007ffd26ddb000 	C:\Windows\System32\SHCORE.dll
0x00007ffd26c00000 - 0x00007ffd26c5d000 	C:\Windows\System32\shlwapi.dll
0x00007ffd247b0000 - 0x00007ffd247df000 	C:\Windows\SYSTEM32\profapi.dll
0x00007ffd1b880000 - 0x00007ffd1b88b000 	D:\STS\sts-4.25.0.RELEASE\plugins\org.eclipse.justj.openjdk.hotspot.jre.full.win32.x86_64_21.0.4.v20240802-1551\jre\bin\dt_socket.dll
0x00007ffd230f0000 - 0x00007ffd23123000 	C:\Windows\SYSTEM32\IPHLPAPI.DLL
0x00007ffd23b90000 - 0x00007ffd23bfa000 	C:\Windows\system32\mswsock.dll
0x00007ffd23190000 - 0x00007ffd232b5000 	C:\Windows\SYSTEM32\DNSAPI.dll
0x00007ffd265b0000 - 0x00007ffd265ba000 	C:\Windows\System32\NSI.dll
0x00007ffd178e0000 - 0x00007ffd178eb000 	C:\Windows\System32\rasadhlp.dll
0x00007ffd1ba20000 - 0x00007ffd1baa5000 	C:\Windows\System32\fwpuclnt.dll
0x00007ffd1cc60000 - 0x00007ffd1cc70000 	D:\STS\sts-4.25.0.RELEASE\plugins\org.eclipse.justj.openjdk.hotspot.jre.full.win32.x86_64_21.0.4.v20240802-1551\jre\bin\net.dll
0x00007ffd18220000 - 0x00007ffd1833e000 	C:\Windows\SYSTEM32\WINHTTP.dll
0x00007ffcf56d0000 - 0x00007ffcf56e6000 	D:\STS\sts-4.25.0.RELEASE\plugins\org.eclipse.justj.openjdk.hotspot.jre.full.win32.x86_64_21.0.4.v20240802-1551\jre\bin\nio.dll
0x00007ffd1cb40000 - 0x00007ffd1cb4a000 	D:\STS\sts-4.25.0.RELEASE\plugins\org.eclipse.justj.openjdk.hotspot.jre.full.win32.x86_64_21.0.4.v20240802-1551\jre\bin\management.dll
0x00007ffd1cb30000 - 0x00007ffd1cb3b000 	D:\STS\sts-4.25.0.RELEASE\plugins\org.eclipse.justj.openjdk.hotspot.jre.full.win32.x86_64_21.0.4.v20240802-1551\jre\bin\management_ext.dll
0x00007ffd26130000 - 0x00007ffd26138000 	C:\Windows\System32\PSAPI.DLL
0x00007ffcd1570000 - 0x00007ffcd1588000 	C:\Windows\system32\napinsp.dll
0x00007ffcd1550000 - 0x00007ffcd1562000 	C:\Windows\System32\winrnr.dll
0x00007ffce40d0000 - 0x00007ffce40f2000 	C:\Windows\system32\nlansp_c.dll
0x00007ffd17790000 - 0x00007ffd177a6000 	C:\Windows\system32\wshbth.dll
0x00007ffd23df0000 - 0x00007ffd23e0c000 	C:\Windows\SYSTEM32\CRYPTSP.dll
0x00007ffd235f0000 - 0x00007ffd2362a000 	C:\Windows\system32\rsaenh.dll
0x00007ffd23c30000 - 0x00007ffd23c5b000 	C:\Windows\SYSTEM32\USERENV.dll
0x00007ffd240c0000 - 0x00007ffd240e6000 	C:\Windows\SYSTEM32\bcrypt.dll
0x00007ffd23e10000 - 0x00007ffd23e1c000 	C:\Windows\SYSTEM32\CRYPTBASE.dll
0x00007ffd1cbc0000 - 0x00007ffd1cbc9000 	D:\STS\sts-4.25.0.RELEASE\plugins\org.eclipse.justj.openjdk.hotspot.jre.full.win32.x86_64_21.0.4.v20240802-1551\jre\bin\extnet.dll
0x00007ffd1cbb0000 - 0x00007ffd1cbc0000 	D:\STS\sts-4.25.0.RELEASE\plugins\org.eclipse.justj.openjdk.hotspot.jre.full.win32.x86_64_21.0.4.v20240802-1551\jre\bin\verify.dll
0x00007ffd1ea50000 - 0x00007ffd1ea5e000 	D:\STS\sts-4.25.0.RELEASE\plugins\org.eclipse.justj.openjdk.hotspot.jre.full.win32.x86_64_21.0.4.v20240802-1551\jre\bin\sunmscapi.dll
0x00007ffd24df0000 - 0x00007ffd24f67000 	C:\Windows\System32\CRYPT32.dll
0x00007ffd24080000 - 0x00007ffd240b0000 	C:\Windows\SYSTEM32\ncrypt.dll
0x00007ffd24030000 - 0x00007ffd2406f000 	C:\Windows\SYSTEM32\NTASN1.dll
0x00007ffcf1fa0000 - 0x00007ffcf1fa8000 	C:\Windows\system32\wshunix.dll

dbghelp: loaded successfully - version: 4.0.5 - missing functions: none
symbol engine: initialized successfully - sym options: 0x614 - pdb path: .;D:\STS\sts-4.25.0.RELEASE\plugins\org.eclipse.justj.openjdk.hotspot.jre.full.win32.x86_64_21.0.4.v20240802-1551\jre\bin;C:\Windows\SYSTEM32;C:\Windows\WinSxS\amd64_microsoft.windows.common-controls_6595b64144ccf1df_6.0.26100.3323_none_3e088096e3344490;D:\STS\sts-4.25.0.RELEASE\plugins\org.eclipse.justj.openjdk.hotspot.jre.full.win32.x86_64_21.0.4.v20240802-1551\jre\bin\server

VM Arguments:
jvm_args: -XX:+ShowCodeDetailsInExceptionMessages -agentlib:jdwp=transport=dt_socket,suspend=y,address=localhost:50604 -Dcom.sun.management.jmxremote -Dcom.sun.management.jmxremote.port=50603 -Dcom.sun.management.jmxremote.authenticate=false -Dcom.sun.management.jmxremote.ssl=false -Djava.rmi.server.hostname=localhost -Dspring.jmx.enabled=true -Dmanagement.endpoints.jmx.exposure.include=* -Dspring.application.admin.enabled=true -XX:TieredStopAtLevel=1 -Dspring.boot.project.name=hrms -javaagent:D:\STS\sts-4.25.0.RELEASE\configuration\org.eclipse.osgi\270\0\.cp\lib\javaagent-shaded.jar -Dfile.encoding=UTF-8 -Dstdout.encoding=UTF-8 -Dstderr.encoding=UTF-8 
java_command: com.cotodel.hrms.web.config.CotoDelApplication --spring.output.ansi.enabled=always
java_class_path (initial): D:\Cotodel\hrms\hrms\target\classes;C:\Users\aashv\.m2\repository\org\springframework\boot\spring-boot-starter-thymeleaf\2.6.1\spring-boot-starter-thymeleaf-2.6.1.jar;C:\Users\aashv\.m2\repository\org\thymeleaf\thymeleaf-spring5\3.0.12.RELEASE\thymeleaf-spring5-3.0.12.RELEASE.jar;C:\Users\aashv\.m2\repository\org\thymeleaf\thymeleaf\3.0.12.RELEASE\thymeleaf-3.0.12.RELEASE.jar;C:\Users\aashv\.m2\repository\org\attoparser\attoparser\2.0.5.RELEASE\attoparser-2.0.5.RELEASE.jar;C:\Users\aashv\.m2\repository\org\unbescape\unbescape\1.1.6.RELEASE\unbescape-1.1.6.RELEASE.jar;C:\Users\aashv\.m2\repository\org\slf4j\slf4j-api\1.7.32\slf4j-api-1.7.32.jar;C:\Users\aashv\.m2\repository\org\thymeleaf\extras\thymeleaf-extras-java8time\3.0.4.RELEASE\thymeleaf-extras-java8time-3.0.4.RELEASE.jar;C:\Users\aashv\.m2\repository\org\springframework\boot\spring-boot-starter-web\2.6.1\spring-boot-starter-web-2.6.1.jar;C:\Users\aashv\.m2\repository\org\springframework\boot\spring-boot-starter-json\2.6.1\spring-boot-starter-json-2.6.1.jar;C:\Users\aashv\.m2\repository\com\fasterxml\jackson\datatype\jackson-datatype-jdk8\2.13.0\jackson-datatype-jdk8-2.13.0.jar;C:\Users\aashv\.m2\repository\com\fasterxml\jackson\module\jackson-module-parameter-names\2.13.0\jackson-module-parameter-names-2.13.0.jar;C:\Users\aashv\.m2\repository\org\springframework\spring-web\5.3.13\spring-web-5.3.13.jar;C:\Users\aashv\.m2\repository\org\springframework\spring-beans\5.3.13\spring-beans-5.3.13.jar;C:\Users\aashv\.m2\repository\org\springframework\spring-webmvc\5.3.13\spring-webmvc-5.3.13.jar;C:\Users\aashv\.m2\repository\org\springframework\spring-aop\5.3.13\spring-aop-5.3.13.jar;C:\Users\aashv\.m2\repository\org\springframework\spring-context\5.3.13\spring-context-5.3.13.jar;C:\Users\aashv\.m2\repository\org\springframework\spring-expression\5.3.13\spring-expression-5.3.13.jar;C:\Users\aashv\.m2\repository\com\okta\spring\okta-spring-boot-starter\2.1.0\okta-spring-boot-starter-2.1.0.jar;C:\Users\aashv\.m2\repository\com\okta\spring\okta-spring-security-oauth2\2.1.0\okta-spring-security-oauth2-2.1.0.jar;C:\Users\aashv\.m2\repository\com\okta\commons\okta-config-check\1.2.5\okta-config-check-1.2.5.jar;C:\Users\aashv\.m2\repository\com\okta\commons\okta-commons-lang\1.2.5\okta-commons-lang-1.2.5.jar;C:\Users\aashv\.m2\repository\org\springframework\security\spring-security-config\5.6.0\spring-security-config-5.6.0.jar;C:\Users\aashv\.m2\repository\org\springframework\security\spring-security-core\5.6.0\spring-security-core-5.6.0.jar;C:\Users\aashv\.m2\repository\org\springframework\security\spring-security-crypto\5.6.0\spring-security-crypto-5.6.0.jar;C:\Users\aashv\.m2\repository\org\springframework\boot\spring-boot-starter-security\2.6.1\spring-boot-starter-security-2.6.1.jar;C:\Users\aashv\.m2\repository\org\springframework\security\spring-security-web\5.6.0\spring-security-web-5.6.0.jar;C:\Users\aashv\.m2\repository\org\springframework\security\spring-security-oauth2-client\5.6.0\spring-security-oauth2-client-5.6.0.jar;C:\Users\aashv\.m2\repository\org\springframework\security\spring-security-oauth2-core\5.6.0\spring-security-oauth2-core-5.6.0.jar;C:\Users\aashv\.m2\repository\com\nimbusds\oauth2-oidc-sdk\9.19\oauth2-oidc-sdk-9.19.jar;C:\Users\aashv\.m2\repository\com\github\stephenc\jcip\jcip-annotations\1.0-1\jcip-annotations-1.0-1.jar;C:\Users\aashv\.m2\repository\com\nimbusds\content-type\2.1\content-type-2.1.jar;C:\Users\aashv\.m2\repository\net\minidev\json-smart\2.4.7\json-smart-2.4.7.jar;C:\Users\aashv\.m2\repository\net\minidev\accessors-smart\2.4.7\accessors-smart-2.4.7.jar;C:\Users\aashv\.m2\repository\org\ow2\asm\asm\9.1\asm-9.1.jar;C:\Users\aashv\.m2\repository\com\nimbusds\lang-tag\1.5\lang-tag-1.5.jar;C:\Users\aashv\.m2\repository\org\springframework\security\spring-security-oauth2-jose\5.6.0\spring-security-oauth2-jose-5.6.0.jar;C:\Users\aashv\.m2\repository\com\nimbusds\nimbus-jose-jwt\9.14\nimbus-jose-jwt-9.14.jar;C:\Users\aashv\.m2\repository\org\springframework\security\spring-security-oauth2-resource-server\5.6.0\spring-security-oauth2-resource-server-5.6.0.jar;C:\Users\aashv\.m2\repository\com\okta\spring\okta-spring-sdk\2.1.0\okta-spring-sdk-2.1.0.jar;C:\Users\aashv\.m2\repository\com\google\code\gson\gson\2.8.7\gson-2.8.7.jar;C:\Users\aashv\.m2\repository\org\json\json\20210307\json-20210307.jar;C:\Users\aashv\.m2\repository\org\springframework\boot\spring-boot-starter-tomcat\2.6.1\spring-boot-starter-tomcat-2.6.1.jar;C:\Users\aashv\.m2\repository\jakarta\annotation\jakarta.annotation-api\1.3.5\jakarta.annotation-api-1.3.5.jar;C:\Users\aashv\.m2\repository\org\apache\tomcat\embed\tomcat-embed-core\9.0.55\tomcat-embed-core-9.0.55.jar;C:\Users\aashv\.m2\repository\org\apache\tomcat\embed\tomcat-embed-el\9.0.55\tomcat-embed-el-9.0.55.jar;C:\Users\aashv\.m2\repository\org\apache\tomcat\embed\tomcat-embed-websocket\9.0.55\tomcat-embed-websocket-9.0.55.jar;C:\Users\aashv\.m2\repository\org\springframework\boot\spring-boot-starter-mail\2.6.1\spring-boot-starter-mail-2.6.1.jar;C:\Users\aashv\.m2\repository\org\springframework\spring-context-support\5.3.13\spring-context-support-5.3.13.jar;C:\Users\aashv\.m2\repository\com\sun\mail\jakarta.mail\1.6.7\jakarta.mail-1.6.7.jar;C:\Users\aashv\.m2\repository\com\sun\activation\jakarta.activation\1.2.2\jakarta.activation-1.2.2.jar;C:\Users\aashv\.m2\repository\org\springframework\boot\spring-boot-starter-webflux\2.6.1\spring-boot-starter-webflux-2.6.1.jar;C:\Users\aashv\.m2\repository\org\springframework\boot\spring-boot-starter-reactor-netty\2.6.1\spring-boot-starter-reactor-netty-2.6.1.jar;C:\Users\aashv\.m2\repository\io\projectreactor\netty\reactor-netty-http\1.0.13\reactor-netty-http-1.0.13.jar;C:\Users\aashv\.m2\repository\io\netty\netty-codec-http\4.1.70.Final\netty-codec-http-4.1.70.Final.jar;C:\Users\aashv\.m2\repository\io\netty\netty-common\4.1.70.Final\netty-common-4.1.70.Final.jar;C:\Users\aashv\.m2\repository\io\netty\netty-buffer\4.1.70.Final\netty-buffer-4.1.70.Final.jar;C:\Users\aashv\.m2\repository\io\netty\netty-transport\4.1.70.Final\netty-transport-4.1.70.Final.jar;C:\Users\aashv\.m2\repository\io\netty\netty-codec\4.1.70.Final\netty-codec-4.1.70.Final.jar;C:\Users\aashv\.m2\repository\io\netty\netty-handler\4.1.70.Final\netty-handler-4.1.70.Final.jar;C:\Users\aashv\.m2\repository\io\netty\netty-codec-http2\4.1.70.Final\netty-codec-http2-4.1.70.Final.jar;C:\Users\aashv\.m2\repository\io\netty\netty-resolver-dns\4.1.70.Final\netty-resolver-dns-4.1.70.Final.jar;C:\Users\aashv\.m2\repository\io\netty\netty-resolver\4.1.70.Final\netty-resolver-4.1.70.Final.jar;C:\Users\aashv\.m2\repository\io\netty\netty-codec-dns\4.1.70.Final\netty-codec-dns-4.1.70.Final.jar;C:\Users\aashv\.m2\repository\io\netty\netty-resolver-dns-native-macos\4.1.70.Final\netty-resolver-dns-native-macos-4.1.70.Final-osx-x86_64.jar;C:\Users\aashv\.m2\repository\io\netty\netty-resolver-dns-classes-macos\4.1.70.Final\netty-resolver-dns-classes-macos-4.1.70.Final.jar;C:\Users\aashv\.m2\repository\io\netty\netty-transport-native-epoll\4.1.70.Final\netty-transport-native-epoll-4.1.70.Final-linux-x86_64.jar;C:\Users\aashv\.m2\repository\io\netty\netty-transport-native-unix-common\4.1.70.Final\netty-transport-native-unix-common-4.1.70.Final.jar;C:\Users\aashv\.m2\repository\io\netty\netty-transport-classes-epoll\4.1.70.Final\netty-transport-classes-epoll-4.1.70.Final.jar;C:\Users\aashv\.m2\repository\io\projectreactor\netty\reactor-netty-core\1.0.13\reactor-netty-core-1.0.13.jar;C:\Users\aashv\.m2\repository\io\netty\netty-handler-proxy\4.1.70.Final\netty-handler-proxy-4.1.70.Final.jar;C:\Users\aashv\.m2\repository\io\netty\netty-codec-socks\4.1.70.Final\netty-codec-socks-4.1.70.Final.jar;C:\Users\aashv\.m2\repository\org\springframework\spring-webflux\5.3.13\spring-webflux-5.3.13.jar;C:\Users\aashv\.m2\repository\io\projectreactor\reactor-core\3.4.12\reactor-core-3.4.12.jar;C:\Users\aashv\.m2\repository\org\reactivestreams\reactive-streams\1.0.3\reactive-streams-1.0.3.jar;C:\Users\aashv\.m2\repository\javax\xml\bind\jaxb-api\2.3.1\jaxb-api-2.3.1.jar;C:\Users\aashv\.m2\repository\javax\activation\javax.activation-api\1.2.0\javax.activation-api-1.2.0.jar;C:\Users\aashv\.m2\repository\io\jsonwebtoken\jjwt\0.9.1\jjwt-0.9.1.jar;C:\Users\aashv\.m2\repository\org\bouncycastle\bcprov-ext-jdk16\1.45\bcprov-ext-jdk16-1.45.jar;C:\Users\aashv\.m2\repository\com\fasterxml\jackson\core\jackson-databind\2.12.3\jackson-databind-2.12.3.jar;C:\Users\aashv\.m2\repository\com\fasterxml\jackson\core\jackson-annotations\2.13.0\jackson-annotations-2.13.0.jar;C:\Users\aashv\.m2\repository\com\fasterxml\jackson\core\jackson-core\2.13.0\jackson-core-2.13.0.jar;C:\Users\aashv\.m2\repository\com\fasterxml\jackson\datatype\jackson-datatype-jsr310\2.12.3\jackson-datatype-jsr310-2.12.3.jar;C:\Users\aashv\.m2\repository\org\springframework\boot\spring-boot-devtools\2.6.1\spring-boot-devtools-2.6.1.jar;C:\Users\aashv\.m2\repository\org\springframework\boot\spring-boot\2.6.1\spring-boot-2.6.1.jar;C:\Users\aashv\.m2\repository\org\springframework\boot\spring-boot-autoconfigure\2.6.1\spring-boot-autoconfigure-2.6.1.jar;C:\Users\aashv\.m2\repository\org\springframework\boot\spring-boot-starter\2.6.1\spring-boot-starter-2.6.1.jar;C:\Users\aashv\.m2\repository\org\springframework\spring-core\5.3.13\spring-core-5.3.13.jar;C:\Users\aashv\.m2\repository\org\springframework\spring-jcl\5.3.13\spring-jcl-5.3.13.jar;C:\Users\aashv\.m2\repository\org\yaml\snakeyaml\1.29\snakeyaml-1.29.jar;C:\Users\aashv\.m2\repository\org\springframework\boot\spring-boot-starter-log4j2\2.6.1\spring-boot-starter-log4j2-2.6.1.jar;C:\Users\aashv\.m2\repository\org\apache\logging\log4j\log4j-slf4j-impl\2.14.1\log4j-slf4j-impl-2.14.1.jar;C:\Users\aashv\.m2\repository\org\apache\logging\log4j\log4j-api\2.14.1\log4j-api-2.14.1.jar;C:\Users\aashv\.m2\repository\org\apache\logging\log4j\log4j-core\2.14.1\log4j-core-2.14.1.jar;C:\Users\aashv\.m2\repository\org\apache\logging\log4j\log4j-jul\2.14.1\log4j-jul-2.14.1.jar;C:\Users\aashv\.m2\repository\org\slf4j\jul-to-slf4j\1.7.32\jul-to-slf4j-1.7.32.jar;C:\Users\aashv\.m2\repository\org\apache\commons\commons-exec\1.1\commons-exec-1.1.jar;C:\Users\aashv\.m2\repository\org\apache\poi\poi\3.12\poi-3.12.jar;C:\Users\aashv\.m2\repository\commons-codec\commons-codec\1.15\commons-codec-1.15.jar;C:\Users\aashv\.m2\repository\org\apache\poi\poi-ooxml\3.12\poi-ooxml-3.12.jar;C:\Users\aashv\.m2\repository\org\apache\poi\poi-ooxml-schemas\3.12\poi-ooxml-schemas-3.12.jar;C:\Users\aashv\.m2\repository\org\apache\xmlbeans\xmlbeans\2.6.0\xmlbeans-2.6.0.jar;C:\Users\aashv\.m2\repository\stax\stax-api\1.0.1\stax-api-1.0.1.jar;C:\Users\aashv\.m2\repository\org\projectlombok\lombok\1.18.24\lombok-1.18.24.jar
Launcher Type: SUN_STANDARD

[Global flags]
     intx CICompilerCount                          = 4                                         {product} {ergonomic}
     uint ConcGCThreads                            = 3                                         {product} {ergonomic}
     uint G1ConcRefinementThreads                  = 10                                        {product} {ergonomic}
   size_t G1HeapRegionSize                         = 2097152                                   {product} {ergonomic}
    uintx GCDrainStackTargetSize                   = 64                                        {product} {ergonomic}
   size_t InitialHeapSize                          = 264241152                                 {product} {ergonomic}
     bool ManagementServer                         = true                                      {product} {command line}
   size_t MarkStackSize                            = 4194304                                   {product} {ergonomic}
   size_t MaxHeapSize                              = 4215275520                                {product} {ergonomic}
   size_t MaxNewSize                               = 2529165312                                {product} {ergonomic}
   size_t MinHeapDeltaBytes                        = 2097152                                   {product} {ergonomic}
   size_t MinHeapSize                              = 8388608                                   {product} {ergonomic}
    uintx NonNMethodCodeHeapSize                   = 4096                                   {pd product} {ergonomic}
    uintx NonProfiledCodeHeapSize                  = 0                                      {pd product} {ergonomic}
     bool ProfileInterpreter                       = false                                  {pd product} {command line}
    uintx ProfiledCodeHeapSize                     = 0                                      {pd product} {ergonomic}
     bool ShowCodeDetailsInExceptionMessages       = true                                   {manageable} {command line}
   size_t SoftMaxHeapSize                          = 4215275520                             {manageable} {ergonomic}
     intx TieredStopAtLevel                        = 1                                         {product} {command line}
     bool UseCompressedOops                        = true                           {product lp64_product} {ergonomic}
     bool UseG1GC                                  = true                                      {product} {ergonomic}
     bool UseLargePagesIndividualAllocation        = false                                  {pd product} {ergonomic}

Logging:
Log output configuration:
 #0: stdout all=warning uptime,level,tags foldmultilines=false
 #1: stderr all=off uptime,level,tags foldmultilines=false

Environment Variables:
JAVA_HOME=C:\Program Files\Java\jdk-17
PATH=D:\STS\sts-4.25.0.RELEASE\plugins\org.eclipse.justj.openjdk.hotspot.jre.full.win32.x86_64_21.0.4.v20240802-1551\jre\bin;D:/STS/sts-4.25.0.RELEASE//plugins/org.eclipse.justj.openjdk.hotspot.jre.full.win32.x86_64_21.0.4.v20240802-1551/jre/bin/server;D:/STS/sts-4.25.0.RELEASE//plugins/org.eclipse.justj.openjdk.hotspot.jre.full.win32.x86_64_21.0.4.v20240802-1551/jre/bin;C:\Program Files\Common Files\Oracle\Java\javapath;C:\Python312\Scripts\;C:\Python312\;C:\Windows\system32;C:\Windows;C:\Windows\System32\Wbem;C:\Windows\System32\WindowsPowerShell\v1.0\;C:\Windows\System32\OpenSSH\;C:\Program Files\Git\cmd;C:\Users\aashv\AppData\;C:\Program Files\nodejs\;C:\ProgramData\chocolatey\bin;C:\Program Files\PuTTY\;C:\Program Files\Java\jdk-17\bin;D:\apache-maven-3.9.9\bin;C:\Program Files\Java\jdk-17\bin;C:\Program Files\TortoiseGit\bin;C:\Users\aashv\AppData\Local\Microsoft\WindowsApps;C:\Users\aashv\AppData\npm;C:\Users\aashv\AppData\Roaming\npm;C:\Users\aashv\AppData\Local\Programs\Microsoft VS Code\bin;C:\Program Files\Java\jdk-17\bin;D:\apache-maven-3.9.9\bin;;D:\STS\sts-4.25.0.RELEASE;
USERNAME=aashv
OS=Windows_NT
PROCESSOR_IDENTIFIER=Intel64 Family 6 Model 154 Stepping 3, GenuineIntel
TMP=C:\Users\aashv\AppData\Local\Temp
TEMP=C:\Users\aashv\AppData\Local\Temp




Periodic native trim disabled

---------------  S Y S T E M  ---------------

OS:
 Windows 11 , 64 bit Build 26100 (10.0.26100.3323)
OS uptime: 1 days 3:58 hours
Hyper-V role detected

CPU: total 12 (initial active 12) (6 cores per cpu, 2 threads per core) family 6 model 154 stepping 3 microcode 0x433, cx8, cmov, fxsr, ht, mmx, 3dnowpref, sse, sse2, sse3, ssse3, sse4.1, sse4.2, popcnt, lzcnt, tsc, tscinvbit, avx, avx2, aes, erms, clmul, bmi1, bmi2, adx, sha, fma, vzeroupper, clflush, clflushopt, clwb, hv, serialize, rdtscp, rdpid, fsrm, f16c, cet_ibt, cet_ss
Processor Information for processor 0
  Max Mhz: 2000, Current Mhz: 1520, Mhz Limit: 2000
Processor Information for processor 1
  Max Mhz: 2000, Current Mhz: 1520, Mhz Limit: 2000
Processor Information for processor 2
  Max Mhz: 2000, Current Mhz: 2000, Mhz Limit: 2000
Processor Information for processor 3
  Max Mhz: 2000, Current Mhz: 1520, Mhz Limit: 2000
Processor Information for processor 4
  Max Mhz: 2000, Current Mhz: 2000, Mhz Limit: 2000
Processor Information for processor 5
  Max Mhz: 2000, Current Mhz: 2000, Mhz Limit: 2000
Processor Information for processor 6
  Max Mhz: 2000, Current Mhz: 2000, Mhz Limit: 2000
Processor Information for processor 7
  Max Mhz: 2000, Current Mhz: 2000, Mhz Limit: 2000
Processor Information for processor 8
  Max Mhz: 2000, Current Mhz: 1500, Mhz Limit: 1500
Processor Information for processor 9
  Max Mhz: 2000, Current Mhz: 1500, Mhz Limit: 1500
Processor Information for processor 10
  Max Mhz: 2000, Current Mhz: 1500, Mhz Limit: 1500
Processor Information for processor 11
  Max Mhz: 2000, Current Mhz: 1500, Mhz Limit: 1500

Memory: 4k page, system-wide physical 16076M (3414M free)
TotalPageFile size 24780M (AvailPageFile size 8872M)
current process WorkingSet (physical memory assigned to process): 275M, peak: 344M
current process commit charge ("private bytes"): 320M, peak: 409M

vm_info: OpenJDK 64-Bit Server VM (21.0.4+7-LTS) for windows-amd64 JRE (21.0.4+7-LTS), built on 2024-07-16T00:00:00Z by "admin" with MS VC++ 17.7 (VS2022)

END.
