#
# A fatal error has been detected by the Java Runtime Environment:
#
#  EXCEPTION_ACCESS_VIOLATION (0xc0000005) at pc=0x00007fff764a8cf9, pid=18864, tid=13600
#
# JRE version: OpenJDK Runtime Environment Temurin-21.0.4+7 (21.0.4+7) (build 21.0.4+7-LTS)
# Java VM: OpenJDK 64-Bit Server VM Temurin-21.0.4+7 (21.0.4+7-LTS, mixed mode, emulated-client, tiered, compressed oops, compressed class ptrs, g1 gc, windows-amd64)
# Problematic frame:
# V  [jvm.dll+0x318cf9]
#
# No core dump will be written. Minidumps are not enabled by default on client versions of Windows
#
# If you would like to submit a bug report, please visit:
#   https://github.com/adoptium/adoptium-support/issues
#

---------------  S U M M A R Y ------------

Command Line: -XX:+ShowCodeDetailsInExceptionMessages -agentlib:jdwp=transport=dt_socket,suspend=y,address=localhost:56429 -Dcom.sun.management.jmxremote -Dcom.sun.management.jmxremote.port=56428 -Dcom.sun.management.jmxremote.authenticate=false -Dcom.sun.management.jmxremote.ssl=false -Djava.rmi.server.hostname=localhost -Dspring.jmx.enabled=true -Dmanagement.endpoints.jmx.exposure.include=* -Dspring.application.admin.enabled=true -XX:TieredStopAtLevel=1 -Dspring.boot.project.name=hrms -javaagent:D:\STS\sts-4.25.0.RELEASE\configuration\org.eclipse.osgi\270\0\.cp\lib\javaagent-shaded.jar -Dfile.encoding=UTF-8 -Dstdout.encoding=UTF-8 -Dstderr.encoding=UTF-8 com.cotodel.hrms.web.config.CotoDelApplication --spring.output.ansi.enabled=always

Host: 12th Gen Intel(R) Core(TM) i5-12450H, 12 cores, 15G,  Windows 11 , 64 bit Build 26100 (10.0.26100.2454)
Time: Sat Dec 14 08:06:26 2024 India Standard Time elapsed time: 48012.855859 seconds (0d 13h 20m 12s)

---------------  T H R E A D  ---------------

Current thread (0x00000274b6727e00):  WorkerThread "GC Thread#3"    [id=13600, stack(0x000000a8ee500000,0x000000a8ee600000) (1024K)]

Stack: [0x000000a8ee500000,0x000000a8ee600000],  sp=0x000000a8ee5fe0f0,  free space=1016k
Native frames: (J=compiled Java code, j=interpreted, Vv=VM code, C=native code)
V  [jvm.dll+0x318cf9]
V  [jvm.dll+0x364e8e]
V  [jvm.dll+0x31392b]
V  [jvm.dll+0x31337d]
V  [jvm.dll+0x3ed9f5]
V  [jvm.dll+0x84f4e6]
V  [jvm.dll+0x859351]
V  [jvm.dll+0x36571a]
V  [jvm.dll+0x3655aa]
V  [jvm.dll+0x36ce64]
V  [jvm.dll+0x36cfdb]
V  [jvm.dll+0x8d3417]
V  [jvm.dll+0x84f17b]
V  [jvm.dll+0x6ca3fd]
C  [ucrtbase.dll+0x14ea0]
C  [KERNEL32.DLL+0x2e8d7]
C  [ntdll.dll+0xdfbcc]

JavaThread 0x00000274b83302a0 (nid = 12260) was being processed
Java frames: (J=compiled Java code, j=interpreted, Vv=VM code)
j  java.lang.invoke.DirectMethodHandle$Holder.newInvokeSpecial(Ljava/lang/Object;)Ljava/lang/Object;+15 java.base@21.0.4
J 890 c1 jdk.internal.reflect.DirectConstructorHandleAccessor.newInstance([Ljava/lang/Object;)Ljava/lang/Object; java.base@21.0.4 (130 bytes) @ 0x00000274a6bea7ec [0x00000274a6bea5e0+0x000000000000020c]
J 889 c1 java.lang.reflect.Constructor.newInstanceWithCaller([Ljava/lang/Object;ZLjava/lang/Class;)Ljava/lang/Object; java.base@21.0.4 (51 bytes) @ 0x00000274a6be5f9c [0x00000274a6be5ec0+0x00000000000000dc]
J 4047 c1 org.springframework.beans.BeanUtils.instantiateClass(Ljava/lang/reflect/Constructor;[Ljava/lang/Object;)Ljava/lang/Object; (187 bytes) @ 0x00000274a71712e4 [0x00000274a7170ec0+0x0000000000000424]
J 7946 c1 org.springframework.beans.factory.support.SimpleInstantiationStrategy.instantiate(Lorg/springframework/beans/factory/support/RootBeanDefinition;Ljava/lang/String;Lorg/springframework/beans/factory/BeanFactory;)Ljava/lang/Object; (152 bytes) @ 0x00000274a7541b6c [0x00000274a75416a0+0x00000000000004cc]
J 7945 c1 org.springframework.beans.factory.support.AbstractAutowireCapableBeanFactory.instantiateBean(Ljava/lang/String;Lorg/springframework/beans/factory/support/RootBeanDefinition;)Lorg/springframework/beans/BeanWrapper; (75 bytes) @ 0x00000274a7543354 [0x00000274a75432a0+0x00000000000000b4]
J 7630 c1 org.springframework.beans.factory.support.AbstractAutowireCapableBeanFactory.createBeanInstance(Ljava/lang/String;Lorg/springframework/beans/factory/support/RootBeanDefinition;[Ljava/lang/Object;)Lorg/springframework/beans/BeanWrapper; (254 bytes) @ 0x00000274a6bdcf54 [0x00000274a6bdc8c0+0x0000000000000694]
J 7629 c1 org.springframework.beans.factory.support.AbstractAutowireCapableBeanFactory.doCreateBean(Ljava/lang/String;Lorg/springframework/beans/factory/support/RootBeanDefinition;[Ljava/lang/Object;)Ljava/lang/Object; (507 bytes) @ 0x00000274a69c0b2c [0x00000274a69c0980+0x00000000000001ac]
J 7627 c1 org.springframework.beans.factory.support.AbstractAutowireCapableBeanFactory.createBean(Ljava/lang/String;Lorg/springframework/beans/factory/support/RootBeanDefinition;[Ljava/lang/Object;)Ljava/lang/Object; (247 bytes) @ 0x00000274a6bdf694 [0x00000274a6bdf040+0x0000000000000654]
J 7850 c1 org.springframework.beans.factory.support.AbstractBeanFactory$$Lambda+0x00000008003ea100.getObject()Ljava/lang/Object; (20 bytes) @ 0x00000274a757053c [0x00000274a75704a0+0x000000000000009c]
J 7849 c1 org.springframework.beans.factory.support.DefaultSingletonBeanRegistry.getSingleton(Ljava/lang/String;Lorg/springframework/beans/factory/ObjectFactory;)Ljava/lang/Object; (297 bytes) @ 0x00000274a7571984 [0x00000274a7571500+0x0000000000000484]
J 4224 c1 org.springframework.beans.factory.support.AbstractBeanFactory.doGetBean(Ljava/lang/String;Ljava/lang/Class;[Ljava/lang/Object;Z)Ljava/lang/Object; (832 bytes) @ 0x00000274a71b17c4 [0x00000274a71b1140+0x0000000000000684]
J 5023 c1 org.springframework.beans.factory.support.AbstractBeanFactory.getBean(Ljava/lang/String;)Ljava/lang/Object; (9 bytes) @ 0x00000274a7323094 [0x00000274a7323020+0x0000000000000074]
j  org.springframework.beans.factory.support.DefaultListableBeanFactory.preInstantiateSingletons()V+248
j  org.springframework.context.support.AbstractApplicationContext.finishBeanFactoryInitialization(Lorg/springframework/beans/factory/config/ConfigurableListableBeanFactory;)V+124
j  org.springframework.context.support.AbstractApplicationContext.refresh()V+86
j  org.springframework.boot.web.servlet.context.ServletWebServerApplicationContext.refresh()V+1
j  org.springframework.boot.SpringApplication.refresh(Lorg/springframework/context/ConfigurableApplicationContext;)V+1
j  org.springframework.boot.SpringApplication.refreshContext(Lorg/springframework/context/ConfigurableApplicationContext;)V+16
j  org.springframework.boot.SpringApplication.run([Ljava/lang/String;)Lorg/springframework/context/ConfigurableApplicationContext;+107
j  org.springframework.boot.SpringApplication.run([Ljava/lang/Class;[Ljava/lang/String;)Lorg/springframework/context/ConfigurableApplicationContext;+9
j  org.springframework.boot.SpringApplication.run(Ljava/lang/Class;[Ljava/lang/String;)Lorg/springframework/context/ConfigurableApplicationContext;+9
j  com.cotodel.hrms.web.config.CotoDelApplication.main([Ljava/lang/String;)V+3
j  java.lang.invoke.LambdaForm$DMH+0x00000008000c4c00.invokeStatic(Ljava/lang/Object;Ljava/lang/Object;)V+10 java.base@21.0.4
j  java.lang.invoke.LambdaForm$MH+0x00000008005c8800.invoke(Ljava/lang/Object;Ljava/lang/Object;Ljava/lang/Object;)Ljava/lang/Object;+33 java.base@21.0.4
J 3288 c1 jdk.internal.reflect.DirectMethodHandleAccessor.invoke(Ljava/lang/Object;[Ljava/lang/Object;)Ljava/lang/Object; java.base@21.0.4 (92 bytes) @ 0x00000274a703527c [0x00000274a7034ec0+0x00000000000003bc]
J 3293 c1 java.lang.reflect.Method.invoke(Ljava/lang/Object;[Ljava/lang/Object;)Ljava/lang/Object; java.base@21.0.4 (108 bytes) @ 0x00000274a70374f4 [0x00000274a7037300+0x00000000000001f4]
j  org.springframework.boot.devtools.restart.RestartLauncher.run()V+42
v  ~StubRoutines::call_stub 0x00000274a67c100d

siginfo: EXCEPTION_ACCESS_VIOLATION (0xc0000005), reading address 0xffffffffffffffff


Registers:
RAX=0x9b5b8d15db9843db, RBX=0x00000274b83955c8, RCX=0x0000000000000015, RDX=0x0000000000000001
RSP=0x000000a8ee5fe0f0, RBP=0x0000000000000001, RSI=0x00000274a2d32d30, RDI=0x000000a8ef2fdb30
R8 =0x000000a8ef2fdb30, R9 =0x0000000000050f53, R10=0x00000274a2cdd9a0, R11=0x000000a8ee5fe2c8
R12=0x00000274b182b6c8, R13=0x00000274b16f9cd0, R14=0x00000274b66cb670, R15=0x0000000000000000
RIP=0x00007fff764a8cf9, EFLAGS=0x0000000000010206


Register to memory mapping:

RAX=0x9b5b8d15db9843db is an unknown value
RBX=0x00000274b83955c8 points into unknown readable memory: 0x00007fff76bb77d8 | d8 77 bb 76 ff 7f 00 00
RCX=0x0000000000000015 is an unknown value
RDX=0x0000000000000001 is an unknown value
RSP=0x000000a8ee5fe0f0 points into unknown readable memory: 0x0000000000000000 | 00 00 00 00 00 00 00 00
RBP=0x0000000000000001 is an unknown value
RSI=0x00000274a2d32d30 points into unknown readable memory: 0x00000274a2d43160 | 60 31 d4 a2 74 02 00 00
RDI=0x000000a8ef2fdb30 is pointing into the stack for thread: 0x00000274b83302a0
R8 =0x000000a8ef2fdb30 is pointing into the stack for thread: 0x00000274b83302a0
R9 =0x0000000000050f53 is an unknown value
R10=0x00000274a2cdd9a0 points into unknown readable memory: 0x00007fff76bae740 | 40 e7 ba 76 ff 7f 00 00
R11=0x000000a8ee5fe2c8 points into unknown readable memory: 0x00007fff764a337d | 7d 33 4a 76 ff 7f 00 00
R12=0x00000274b182b6c8 points into unknown readable memory: 0x4c2800326a0fffff | ff ff 0f 6a 32 00 28 4c
R13=0x00000274b16f9cd0 points into unknown readable memory: 0x0000000000000000 | 00 00 00 00 00 00 00 00
R14=0x00000274b66cb670 points into unknown readable memory: 0x0000000000000002 | 02 00 00 00 00 00 00 00
R15=0x0 is null

Top of Stack: (sp=0x000000a8ee5fe0f0)
0x000000a8ee5fe0f0:   0000000000000000 000000a8ee5fe420
0x000000a8ee5fe100:   0000000000000002 00007fff7684a6f9
0x000000a8ee5fe110:   000000a8ef2fdb30 00007fff764f4e8e
0x000000a8ee5fe120:   000000a8ee5fe1e0 000000a8ee5fe250
0x000000a8ee5fe130:   000000a8ef2fdb30 0000000000000000
0x000000a8ee5fe140:   00000274b83955c8 00007fff764a392b
0x000000a8ee5fe150:   0000000000000001 000000a8ee5fe420
0x000000a8ee5fe160:   00000274b83955c8 000000a8ee5fe420
0x000000a8ee5fe170:   0000000fa695bf01 00000274b23ecc80
0x000000a8ee5fe180:   00000274b6727e00 0000027400000003
0x000000a8ee5fe190:   00000000000003d8 00000274b16f9ce0
0x000000a8ee5fe1a0:   00000274b16fa0b8 00000274b23ecc6f
0x000000a8ee5fe1b0:   00000274000000b8 00000274b23ecc80
0x000000a8ee5fe1c0:   00007fff76bacff0 000000a8ee5fe420
0x000000a8ee5fe1d0:   00000274b83955c8 0000000400000003
0x000000a8ee5fe1e0:   00000274b182b6c8 0000001300000001
0x000000a8ee5fe1f0:   0000000000000032 000000010000000c
0x000000a8ee5fe200:   00000274b14efe28 0000000000000000
0x000000a8ee5fe210:   00000274b6894ee4 0000503e00000002
0x000000a8ee5fe220:   0000000300000001 0000ffff0948e200
0x000000a8ee5fe230:   00007fff769e8330 00007fff764a8d26
0x000000a8ee5fe240:   00000274b204da60 00000006b16f0013
0x000000a8ee5fe250:   000000a800000000 0000000000000015
0x000000a8ee5fe260:   00000274b83955c8 00007fff764f4e97
0x000000a8ee5fe270:   00000274b83955c8 00000274b83955c8
0x000000a8ee5fe280:   0000503eff0d5779 00007fff764b3fd7
0x000000a8ee5fe290:   00000274b83955c8 00000000000003d8
0x000000a8ee5fe2a0:   00000274b16fa0b8 000000a8ee5fe420
0x000000a8ee5fe2b0:   00000274b8395670 00007fff769e8330
0x000000a8ee5fe2c0:   00000274b83955c8 00007fff764a337d
0x000000a8ee5fe2d0:   0000000000000000 00000274b8395670
0x000000a8ee5fe2e0:   0000000000000000 00007fff7657f926 

Instructions: (pc=0x00007fff764a8cf9)
0x00007fff764a8bf9:   8b 83 a8 00 00 00 48 39 83 a0 00 00 00 73 10 48
0x00007fff764a8c09:   8b 83 c0 00 00 00 48 39 83 b8 00 00 00 72 7f 48
0x00007fff764a8c19:   8b cb e8 70 c1 01 00 b0 01 48 8b 5c 24 30 48 83
0x00007fff764a8c29:   c4 20 5f c3 48 8b 53 30 44 8b 82 80 00 00 00 8b
0x00007fff764a8c39:   82 00 01 00 00 41 8b c8 2b c8 81 e1 ff ff 01 00
0x00007fff764a8c49:   81 f9 fe ff 01 00 72 2c 48 8b cb e8 37 b5 01 00
0x00007fff764a8c59:   48 8b 53 30 44 8b 82 80 00 00 00 8b 82 00 01 00
0x00007fff764a8c69:   00 41 8b c8 2b c8 81 e1 ff ff 01 00 81 f9 fe ff
0x00007fff764a8c79:   01 00 73 1a 48 8b 82 80 01 00 00 4a 89 3c c0 41
0x00007fff764a8c89:   8d 40 01 25 ff ff 01 00 89 82 80 00 00 00 48 8b
0x00007fff764a8c99:   5c 24 30 b0 01 48 83 c4 20 5f c3 cc cc cc cc cc
0x00007fff764a8ca9:   cc cc cc cc cc cc cc 48 89 6c 24 10 48 89 74 24
0x00007fff764a8cb9:   18 57 48 83 ec 20 4c 8b 51 08 48 8b f1 4d 8b c8
0x00007fff764a8cc9:   8b ea 49 8b f8 41 8b 8a 18 02 00 00 49 8b 82 10
0x00007fff764a8cd9:   02 00 00 48 d3 e0 8b 0d eb 65 97 00 4c 2b c8 49
0x00007fff764a8ce9:   8b 82 f8 01 00 00 49 d3 e9 45 8b c9 4a 8b 04 c8
0x00007fff764a8cf9:   48 8b 40 60 4c 3b c0 72 12 32 c0 48 8b 6c 24 38
0x00007fff764a8d09:   48 8b 74 24 40 48 83 c4 20 5f c3 48 8b 46 10 48
0x00007fff764a8d19:   8d 4e 10 48 8b d7 48 89 5c 24 30 ff 10 8b 4e 28
0x00007fff764a8d29:   48 8b d7 48 2b 56 18 48 8b 46 30 48 c1 ea 03 48
0x00007fff764a8d39:   d3 ea 48 8b ca 48 c1 e9 06 4c 8d 04 c8 0f b6 ca
0x00007fff764a8d49:   49 8b 00 80 e1 3f ba 01 00 00 00 48 d3 e2 48 8b
0x00007fff764a8d59:   c8 48 0b ca 48 3b c8 74 12 f0 49 0f b1 08 74 25
0x00007fff764a8d69:   48 8b c8 48 0b ca 48 3b c8 75 ee 32 db 48 8b 6c
0x00007fff764a8d79:   24 38 0f b6 c3 48 8b 5c 24 30 48 8b 74 24 40 48
0x00007fff764a8d89:   83 c4 20 5f c3 80 3d 85 a8 90 00 00 b3 01 74 15
0x00007fff764a8d99:   8b 57 08 8b 0d 16 92 90 00 48 d3 e2 48 03 15 04
0x00007fff764a8da9:   92 90 00 eb 04 48 8b 57 08 48 8b cf e8 76 34 cf
0x00007fff764a8db9:   ff 48 8b 8e b8 02 00 00 4c 8b d8 4c 8b 0c e9 49
0x00007fff764a8dc9:   8b 51 18 8b 8a 18 02 00 00 4c 8b 82 10 02 00 00
0x00007fff764a8dd9:   41 8b 51 60 49 d3 e0 8b 0d ea 64 97 00 49 2b f8
0x00007fff764a8de9:   48 d3 ef 44 8b d7 49 23 d2 48 c1 e2 04 49 03 51 


Stack slot to memory mapping:

stack at sp + 0 slots: 0x0 is null
stack at sp + 1 slots: 0x000000a8ee5fe420 points into unknown readable memory: 0x000000a8ef2fdb28 | 28 db 2f ef a8 00 00 00
stack at sp + 2 slots: 0x0000000000000002 is an unknown value
stack at sp + 3 slots: 0x00007fff7684a6f9 jvm.dll
stack at sp + 4 slots: 0x000000a8ef2fdb30 is pointing into the stack for thread: 0x00000274b83302a0
stack at sp + 5 slots: 0x00007fff764f4e8e jvm.dll
stack at sp + 6 slots: 0x000000a8ee5fe1e0 points into unknown readable memory: 0x00000274b182b6c8 | c8 b6 82 b1 74 02 00 00
stack at sp + 7 slots: 0x000000a8ee5fe250 points into unknown readable memory: 0x000000a800000000 | 00 00 00 00 a8 00 00 00


---------------  P R O C E S S  ---------------

Threads class SMR info:
_java_thread_list=0x00000274b83882d0, length=31, elements={
0x00000274b16e3030, 0x00000274b16e8b70, 0x00000274b16e6bd0, 0x00000274b16ec300,
0x00000274b16c8de0, 0x00000274b16ca560, 0x00000274b16f4f20, 0x00000274b17ed140,
0x00000274b19479c0, 0x00000274b194e480, 0x00000274b1952f30, 0x00000274b64a8d50,
0x00000274b6722330, 0x00000274b6769a90, 0x00000274b678f420, 0x00000274b6f8f1a0,
0x00000274b6fd1210, 0x00000274b6f3e8f0, 0x00000274b724eeb0, 0x00000274b7250260,
0x00000274b832eef0, 0x00000274b832db40, 0x00000274b8330930, 0x00000274b832e1d0,
0x00000274b832e860, 0x00000274b832d4b0, 0x00000274b83302a0, 0x00000274b832fc10,
0x00000274b832f580, 0x00000274b832ce20, 0x00000274b8333720
}

Java Threads: ( => current thread )
  0x00000274b16e3030 JavaThread "Reference Handler"          daemon [_thread_blocked, id=14804, stack(0x000000a8ed300000,0x000000a8ed400000) (1024K)]
  0x00000274b16e8b70 JavaThread "Finalizer"                  daemon [_thread_blocked, id=8680, stack(0x000000a8ed400000,0x000000a8ed500000) (1024K)]
  0x00000274b16e6bd0 JavaThread "Signal Dispatcher"          daemon [_thread_blocked, id=19324, stack(0x000000a8ed500000,0x000000a8ed600000) (1024K)]
  0x00000274b16ec300 JavaThread "Attach Listener"            daemon [_thread_blocked, id=4220, stack(0x000000a8ed600000,0x000000a8ed700000) (1024K)]
  0x00000274b16c8de0 JavaThread "Service Thread"             daemon [_thread_blocked, id=10936, stack(0x000000a8ed700000,0x000000a8ed800000) (1024K)]
  0x00000274b16ca560 JavaThread "Monitor Deflation Thread"   daemon [_thread_blocked, id=20740, stack(0x000000a8ed800000,0x000000a8ed900000) (1024K)]
  0x00000274b16f4f20 JavaThread "C1 CompilerThread0"         daemon [_thread_blocked, id=19176, stack(0x000000a8ed900000,0x000000a8eda00000) (1024K)]
  0x00000274b17ed140 JavaThread "Common-Cleaner"             daemon [_thread_blocked, id=10444, stack(0x000000a8eda00000,0x000000a8edb00000) (1024K)]
  0x00000274b19479c0 JavaThread "JDWP Transport Listener: dt_socket" daemon [_thread_blocked, id=17212, stack(0x000000a8ede00000,0x000000a8edf00000) (1024K)]
  0x00000274b194e480 JavaThread "JDWP Event Helper Thread"   daemon [_thread_blocked, id=22456, stack(0x000000a8edf00000,0x000000a8ee000000) (1024K)]
  0x00000274b1952f30 JavaThread "JDWP Command Reader"        daemon [_thread_in_native, id=17752, stack(0x000000a8ee000000,0x000000a8ee100000) (1024K)]
  0x00000274b64a8d50 JavaThread "Notification Thread"        daemon [_thread_blocked, id=23744, stack(0x000000a8ee100000,0x000000a8ee200000) (1024K)]
  0x00000274b6722330 JavaThread "RMI TCP Accept-0"           daemon [_thread_in_native, id=21116, stack(0x000000a8ee200000,0x000000a8ee300000) (1024K)]
  0x00000274b6769a90 JavaThread "RMI TCP Accept-56428"       daemon [_thread_in_native, id=22424, stack(0x000000a8eeb00000,0x000000a8eec00000) (1024K)]
  0x00000274b678f420 JavaThread "RMI TCP Accept-0"           daemon [_thread_in_native, id=14824, stack(0x000000a8eec00000,0x000000a8eed00000) (1024K)]
  0x00000274b6f8f1a0 JavaThread "RMI Scheduler(0)"           daemon [_thread_blocked, id=23708, stack(0x000000a8ef100000,0x000000a8ef200000) (1024K)]
  0x00000274b6fd1210 JavaThread "RMI TCP Connection(idle)"   daemon [_thread_blocked, id=12640, stack(0x000000a8ef300000,0x000000a8ef400000) (1024K)]
  0x00000274b6f3e8f0 JavaThread "JMX server connection timeout 44" daemon [_thread_blocked, id=11304, stack(0x000000a8ef400000,0x000000a8ef500000) (1024K)]
  0x00000274b724eeb0 JavaThread "Live Reload Server"         daemon [_thread_in_native, id=17888, stack(0x000000a8efb00000,0x000000a8efc00000) (1024K)]
  0x00000274b7250260 JavaThread "DestroyJavaVM"                     [_thread_blocked, id=14324, stack(0x000000a8ecb00000,0x000000a8ecc00000) (1024K)]
  0x00000274b832eef0 JavaThread "Thread-23"                         [_thread_blocked, id=9972, stack(0x000000a8ec800000,0x000000a8ec900000) (1024K)]
  0x00000274b832db40 JavaThread "File Watcher"               daemon [_thread_blocked, id=25384, stack(0x000000a8eca00000,0x000000a8ecb00000) (1024K)]
  0x00000274b8330930 JavaThread "File Watcher"               daemon [_thread_blocked, id=16760, stack(0x000000a8edb00000,0x000000a8edc00000) (1024K)]
  0x00000274b832e1d0 JavaThread "File Watcher"               daemon [_thread_blocked, id=8932, stack(0x000000a8edc00000,0x000000a8edd00000) (1024K)]
  0x00000274b832e860 JavaThread "File Watcher"               daemon [_thread_blocked, id=20692, stack(0x000000a8edd00000,0x000000a8ede00000) (1024K)]
  0x00000274b832d4b0 JavaThread "File Watcher"               daemon [_thread_blocked, id=25536, stack(0x000000a8ef000000,0x000000a8ef100000) (1024K)]
  0x00000274b83302a0 JavaThread "restartedMain"                     [_thread_blocked, id=12260, stack(0x000000a8ef200000,0x000000a8ef300000) (1024K)]
  0x00000274b832fc10 JavaThread "Log4j2-TF-27-Scheduled-13"  daemon [_thread_blocked, id=11172, stack(0x000000a8ef600000,0x000000a8ef700000) (1024K)]
  0x00000274b832f580 JavaThread "Catalina-utility-1"                [_thread_blocked, id=26600, stack(0x000000a8ef500000,0x000000a8ef600000) (1024K)]
  0x00000274b832ce20 JavaThread "Catalina-utility-2"                [_thread_blocked, id=25388, stack(0x000000a8ef700000,0x000000a8ef800000) (1024K)]
  0x00000274b8333720 JavaThread "container-5"                       [_thread_blocked, id=25112, stack(0x000000a8ef800000,0x000000a8ef900000) (1024K)]
Total: 31

Other Threads:
  0x00000274b1669740 VMThread "VM Thread"                           [id=12796, stack(0x000000a8ed200000,0x000000a8ed300000) (1024K)]
  0x00000274b15cc5a0 WatcherThread "VM Periodic Task Thread"        [id=2904, stack(0x000000a8ed100000,0x000000a8ed200000) (1024K)]
  0x00000274a2d32730 WorkerThread "GC Thread#0"                     [id=6712, stack(0x000000a8ecc00000,0x000000a8ecd00000) (1024K)]
  0x00000274b67276c0 WorkerThread "GC Thread#1"                     [id=14892, stack(0x000000a8ee300000,0x000000a8ee400000) (1024K)]
  0x00000274b6727a60 WorkerThread "GC Thread#2"                     [id=7852, stack(0x000000a8ee400000,0x000000a8ee500000) (1024K)]
=>0x00000274b6727e00 WorkerThread "GC Thread#3"                     [id=13600, stack(0x000000a8ee500000,0x000000a8ee600000) (1024K)]
  0x00000274b67281a0 WorkerThread "GC Thread#4"                     [id=21676, stack(0x000000a8ee600000,0x000000a8ee700000) (1024K)]
  0x00000274b6728540 WorkerThread "GC Thread#5"                     [id=17280, stack(0x000000a8ee700000,0x000000a8ee800000) (1024K)]
  0x00000274b6778ea0 WorkerThread "GC Thread#6"                     [id=2528, stack(0x000000a8ee800000,0x000000a8ee900000) (1024K)]
  0x00000274b67818b0 WorkerThread "GC Thread#7"                     [id=18092, stack(0x000000a8ee900000,0x000000a8eea00000) (1024K)]
  0x00000274b6781c50 WorkerThread "GC Thread#8"                     [id=15768, stack(0x000000a8eea00000,0x000000a8eeb00000) (1024K)]
  0x00000274b69e43e0 WorkerThread "GC Thread#9"                     [id=2872, stack(0x000000a8eed00000,0x000000a8eee00000) (1024K)]
  0x00000274a2d43160 ConcurrentGCThread "G1 Main Marker"            [id=17980, stack(0x000000a8ecd00000,0x000000a8ece00000) (1024K)]
  0x00000274a2d43b70 WorkerThread "G1 Conc#0"                       [id=9420, stack(0x000000a8ece00000,0x000000a8ecf00000) (1024K)]
  0x00000274b69e2a80 WorkerThread "G1 Conc#1"                       [id=16776, stack(0x000000a8eee00000,0x000000a8eef00000) (1024K)]
  0x00000274b69e31c0 WorkerThread "G1 Conc#2"                       [id=22636, stack(0x000000a8eef00000,0x000000a8ef000000) (1024K)]
  0x00000274b149c690 ConcurrentGCThread "G1 Refine#0"               [id=2420, stack(0x000000a8ecf00000,0x000000a8ed000000) (1024K)]
  0x00000274b149d010 ConcurrentGCThread "G1 Service"                [id=17564, stack(0x000000a8ed000000,0x000000a8ed100000) (1024K)]
Total: 18

Threads with active compile tasks:
Total: 0

VM state: at safepoint (normal execution)

VM Mutex/Monitor currently owned by a thread:  ([mutex/lock_event])
[0x00007fff76e37308] Threads_lock - owner thread: 0x00000274b1669740
[0x00007fff76e37408] Heap_lock - owner thread: 0x00000274b832e860

Heap address: 0x0000000704c00000, size: 4020 MB, Compressed Oops mode: Zero based, Oop shift amount: 3

CDS archive(s) not mapped
Compressed class space mapped at: 0x0000000800000000-0x0000000840000000, reserved size: 1073741824
Narrow klass base: 0x0000000800000000, Narrow klass shift: 0, Narrow klass range: 0x40000000

GC Precious Log:
 CardTable entry size: 512
 Card Set container configuration: InlinePtr #cards 4 size 8 Array Of Cards #cards 16 size 48 Howl #buckets 8 coarsen threshold 3686 Howl Bitmap #cards 512 size 80 coarsen threshold 460 Card regions per heap region 1 cards per card region 4096
 CPUs: 12 total, 12 available
 Memory: 16076M
 Large Page Support: Disabled
 NUMA Support: Disabled
 Compressed Oops: Enabled (Zero based)
 Heap Region Size: 2M
 Heap Min Capacity: 8M
 Heap Initial Capacity: 252M
 Heap Max Capacity: 4020M
 Pre-touch: Disabled
 Parallel Workers: 10
 Concurrent Workers: 3
 Concurrent Refinement Workers: 10
 Periodic GC: Disabled

Heap:
 garbage-first heap   total 141312K, used 124924K [0x0000000704c00000, 0x0000000800000000)
  region size 2048K, 37 young (75776K), 4 survivors (8192K)
 Metaspace       used 60266K, committed 62016K, reserved 1114112K
  class space    used 7256K, committed 7872K, reserved 1048576K

Heap Regions: E=young(eden), S=young(survivor), O=old, HS=humongous(starts), HC=humongous(continues), CS=collection set, F=free, TAMS=top-at-mark-start, PB=parsable bottom
|   0|0x0000000704c00000, 0x0000000704e00000, 0x0000000704e00000|100%| O|  |TAMS 0x0000000704e00000| PB 0x0000000704c00000| Untracked 
|   1|0x0000000704e00000, 0x0000000704fffff0, 0x0000000705000000| 99%| O|  |TAMS 0x0000000704fffff0| PB 0x0000000704e00000| Untracked 
|   2|0x0000000705000000, 0x0000000705200000, 0x0000000705200000|100%| O|  |TAMS 0x0000000705200000| PB 0x0000000705000000| Untracked 
|   3|0x0000000705200000, 0x00000007053fffe8, 0x0000000705400000| 99%| O|  |TAMS 0x00000007053fffe8| PB 0x0000000705200000| Untracked 
|   4|0x0000000705400000, 0x00000007055f9b48, 0x0000000705600000| 98%| O|  |TAMS 0x00000007055f9b48| PB 0x0000000705400000| Untracked 
|   5|0x0000000705600000, 0x00000007057ffff8, 0x0000000705800000| 99%| O|  |TAMS 0x00000007057ffff8| PB 0x0000000705600000| Untracked 
|   6|0x0000000705800000, 0x0000000705a00000, 0x0000000705a00000|100%| O|  |TAMS 0x0000000705a00000| PB 0x0000000705800000| Untracked 
|   7|0x0000000705a00000, 0x0000000705bfffe0, 0x0000000705c00000| 99%| O|  |TAMS 0x0000000705bfffe0| PB 0x0000000705a00000| Untracked 
|   8|0x0000000705c00000, 0x0000000705e00000, 0x0000000705e00000|100%| O|  |TAMS 0x0000000705e00000| PB 0x0000000705c00000| Untracked 
|   9|0x0000000705e00000, 0x0000000705ffffe8, 0x0000000706000000| 99%| O|  |TAMS 0x0000000705ffffe8| PB 0x0000000705e00000| Untracked 
|  10|0x0000000706000000, 0x0000000706200000, 0x0000000706200000|100%| O|  |TAMS 0x0000000706200000| PB 0x0000000706000000| Untracked 
|  11|0x0000000706200000, 0x0000000706400000, 0x0000000706400000|100%| O|  |TAMS 0x0000000706400000| PB 0x0000000706200000| Untracked 
|  12|0x0000000706400000, 0x0000000706600000, 0x0000000706600000|100%| O|  |TAMS 0x0000000706600000| PB 0x0000000706400000| Untracked 
|  13|0x0000000706600000, 0x0000000706800000, 0x0000000706800000|100%| O|  |TAMS 0x0000000706800000| PB 0x0000000706600000| Untracked 
|  14|0x0000000706800000, 0x0000000706a00000, 0x0000000706a00000|100%| O|  |TAMS 0x0000000706a00000| PB 0x0000000706800000| Untracked 
|  15|0x0000000706a00000, 0x0000000706c00000, 0x0000000706c00000|100%| O|  |TAMS 0x0000000706c00000| PB 0x0000000706a00000| Untracked 
|  16|0x0000000706c00000, 0x0000000706e00000, 0x0000000706e00000|100%| O|  |TAMS 0x0000000706e00000| PB 0x0000000706c00000| Untracked 
|  17|0x0000000706e00000, 0x0000000707000000, 0x0000000707000000|100%| O|  |TAMS 0x0000000707000000| PB 0x0000000706e00000| Untracked 
|  18|0x0000000707000000, 0x0000000707200000, 0x0000000707200000|100%| O|  |TAMS 0x0000000707200000| PB 0x0000000707000000| Untracked 
|  19|0x0000000707200000, 0x0000000707400000, 0x0000000707400000|100%| O|  |TAMS 0x0000000707400000| PB 0x0000000707200000| Untracked 
|  20|0x0000000707400000, 0x0000000707600000, 0x0000000707600000|100%| O|  |TAMS 0x0000000707600000| PB 0x0000000707400000| Untracked 
|  21|0x0000000707600000, 0x0000000707800000, 0x0000000707800000|100%| O|  |TAMS 0x0000000707800000| PB 0x0000000707600000| Untracked 
|  22|0x0000000707800000, 0x0000000707a00000, 0x0000000707a00000|100%| O|  |TAMS 0x0000000707a00000| PB 0x0000000707800000| Untracked 
|  23|0x0000000707a00000, 0x0000000707c00000, 0x0000000707c00000|100%| O|  |TAMS 0x0000000707c00000| PB 0x0000000707a00000| Untracked 
|  24|0x0000000707c00000, 0x0000000707c80688, 0x0000000707e00000| 25%| O|  |TAMS 0x0000000707c80688| PB 0x0000000707c00000| Untracked 
|  25|0x0000000707e00000, 0x0000000707e00000, 0x0000000708000000|  0%| F|  |TAMS 0x0000000707e00000| PB 0x0000000707e00000| Untracked 
|  26|0x0000000708000000, 0x0000000708200000, 0x0000000708200000|100%| O|  |TAMS 0x0000000708200000| PB 0x0000000708000000| Untracked 
|  27|0x0000000708200000, 0x0000000708400000, 0x0000000708400000|100%| O|  |TAMS 0x0000000708400000| PB 0x0000000708200000| Untracked 
|  28|0x0000000708400000, 0x0000000708400000, 0x0000000708600000|  0%| F|  |TAMS 0x0000000708400000| PB 0x0000000708400000| Untracked 
|  29|0x0000000708600000, 0x0000000708600000, 0x0000000708800000|  0%| F|  |TAMS 0x0000000708600000| PB 0x0000000708600000| Untracked 
|  30|0x0000000708800000, 0x0000000708957fc0, 0x0000000708a00000| 67%| S|  |TAMS 0x0000000708800000| PB 0x0000000708800000| Complete 
|  31|0x0000000708a00000, 0x0000000708c00000, 0x0000000708c00000|100%| S|  |TAMS 0x0000000708a00000| PB 0x0000000708a00000| Complete 
|  32|0x0000000708c00000, 0x0000000708e00000, 0x0000000708e00000|100%| S|  |TAMS 0x0000000708c00000| PB 0x0000000708c00000| Complete 
|  33|0x0000000708e00000, 0x0000000708f84f00, 0x0000000709000000| 75%| E|CS|TAMS 0x0000000708e00000| PB 0x0000000708e00000| Complete 
|  34|0x0000000709000000, 0x0000000709200000, 0x0000000709200000|100%| E|CS|TAMS 0x0000000709000000| PB 0x0000000709000000| Complete 
|  35|0x0000000709200000, 0x0000000709400000, 0x0000000709400000|100%| S|  |TAMS 0x0000000709200000| PB 0x0000000709200000| Complete 
|  36|0x0000000709400000, 0x0000000709600000, 0x0000000709600000|100%| E|CS|TAMS 0x0000000709400000| PB 0x0000000709400000| Complete 
|  37|0x0000000709600000, 0x0000000709800000, 0x0000000709800000|100%| E|CS|TAMS 0x0000000709600000| PB 0x0000000709600000| Complete 
|  38|0x0000000709800000, 0x0000000709a00000, 0x0000000709a00000|100%| E|CS|TAMS 0x0000000709800000| PB 0x0000000709800000| Complete 
|  39|0x0000000709a00000, 0x0000000709c00000, 0x0000000709c00000|100%| E|CS|TAMS 0x0000000709a00000| PB 0x0000000709a00000| Complete 
|  40|0x0000000709c00000, 0x0000000709e00000, 0x0000000709e00000|100%| E|CS|TAMS 0x0000000709c00000| PB 0x0000000709c00000| Complete 
|  41|0x0000000709e00000, 0x000000070a000000, 0x000000070a000000|100%| E|CS|TAMS 0x0000000709e00000| PB 0x0000000709e00000| Complete 
|  42|0x000000070a000000, 0x000000070a200000, 0x000000070a200000|100%| E|CS|TAMS 0x000000070a000000| PB 0x000000070a000000| Complete 
|  43|0x000000070a200000, 0x000000070a400000, 0x000000070a400000|100%| E|CS|TAMS 0x000000070a200000| PB 0x000000070a200000| Complete 
|  44|0x000000070a400000, 0x000000070a600000, 0x000000070a600000|100%| E|CS|TAMS 0x000000070a400000| PB 0x000000070a400000| Complete 
|  45|0x000000070a600000, 0x000000070a800000, 0x000000070a800000|100%| E|CS|TAMS 0x000000070a600000| PB 0x000000070a600000| Complete 
|  46|0x000000070a800000, 0x000000070aa00000, 0x000000070aa00000|100%| E|CS|TAMS 0x000000070a800000| PB 0x000000070a800000| Complete 
|  47|0x000000070aa00000, 0x000000070ac00000, 0x000000070ac00000|100%| E|CS|TAMS 0x000000070aa00000| PB 0x000000070aa00000| Complete 
|  48|0x000000070ac00000, 0x000000070ae00000, 0x000000070ae00000|100%| E|CS|TAMS 0x000000070ac00000| PB 0x000000070ac00000| Complete 
|  49|0x000000070ae00000, 0x000000070b000000, 0x000000070b000000|100%| E|CS|TAMS 0x000000070ae00000| PB 0x000000070ae00000| Complete 
|  50|0x000000070b000000, 0x000000070b200000, 0x000000070b200000|100%| E|CS|TAMS 0x000000070b000000| PB 0x000000070b000000| Complete 
|  51|0x000000070b200000, 0x000000070b400000, 0x000000070b400000|100%| E|CS|TAMS 0x000000070b200000| PB 0x000000070b200000| Complete 
|  52|0x000000070b400000, 0x000000070b600000, 0x000000070b600000|100%| E|CS|TAMS 0x000000070b400000| PB 0x000000070b400000| Complete 
|  53|0x000000070b600000, 0x000000070b800000, 0x000000070b800000|100%| E|CS|TAMS 0x000000070b600000| PB 0x000000070b600000| Complete 
|  54|0x000000070b800000, 0x000000070ba00000, 0x000000070ba00000|100%| E|CS|TAMS 0x000000070b800000| PB 0x000000070b800000| Complete 
|  55|0x000000070ba00000, 0x000000070bc00000, 0x000000070bc00000|100%| E|CS|TAMS 0x000000070ba00000| PB 0x000000070ba00000| Complete 
|  56|0x000000070bc00000, 0x000000070be00000, 0x000000070be00000|100%| E|CS|TAMS 0x000000070bc00000| PB 0x000000070bc00000| Complete 
|  57|0x000000070be00000, 0x000000070c000000, 0x000000070c000000|100%| E|CS|TAMS 0x000000070be00000| PB 0x000000070be00000| Complete 
|  58|0x000000070c000000, 0x000000070c200000, 0x000000070c200000|100%| E|CS|TAMS 0x000000070c000000| PB 0x000000070c000000| Complete 
|  59|0x000000070c200000, 0x000000070c400000, 0x000000070c400000|100%| E|CS|TAMS 0x000000070c200000| PB 0x000000070c200000| Complete 
|  60|0x000000070c400000, 0x000000070c600000, 0x000000070c600000|100%| E|CS|TAMS 0x000000070c400000| PB 0x000000070c400000| Complete 
|  61|0x000000070c600000, 0x000000070c800000, 0x000000070c800000|100%| E|CS|TAMS 0x000000070c600000| PB 0x000000070c600000| Complete 
|  62|0x000000070c800000, 0x000000070ca00000, 0x000000070ca00000|100%| E|CS|TAMS 0x000000070c800000| PB 0x000000070c800000| Complete 
|  63|0x000000070ca00000, 0x000000070cc00000, 0x000000070cc00000|100%| E|CS|TAMS 0x000000070ca00000| PB 0x000000070ca00000| Complete 
|  64|0x000000070cc00000, 0x000000070ce00000, 0x000000070ce00000|100%| E|CS|TAMS 0x000000070cc00000| PB 0x000000070cc00000| Complete 
|  65|0x000000070ce00000, 0x000000070d000000, 0x000000070d000000|100%| E|CS|TAMS 0x000000070ce00000| PB 0x000000070ce00000| Complete 
|  66|0x000000070d000000, 0x000000070d200000, 0x000000070d200000|100%| E|CS|TAMS 0x000000070d000000| PB 0x000000070d000000| Complete 
|  67|0x000000070d200000, 0x000000070d400000, 0x000000070d400000|100%| E|CS|TAMS 0x000000070d200000| PB 0x000000070d200000| Complete 
|  68|0x000000070d400000, 0x000000070d600000, 0x000000070d600000|100%| E|CS|TAMS 0x000000070d400000| PB 0x000000070d400000| Complete 

Card table byte_map: [0x00000274aa2d0000,0x00000274aaab0000] _byte_map_base: 0x00000274a6aaa000

Marking Bits: (CMBitMap*) 0x00000274a2d32d40
 Bits: [0x00000274aaab0000, 0x00000274ae980000)

Polling page: 0x00000274a0bd0000

Metaspace:

Usage:
  Non-class:     51.77 MB used.
      Class:      7.09 MB used.
       Both:     58.85 MB used.

Virtual space:
  Non-class space:       64.00 MB reserved,      52.88 MB ( 83%) committed,  1 nodes.
      Class space:        1.00 GB reserved,       7.69 MB ( <1%) committed,  1 nodes.
             Both:        1.06 GB reserved,      60.56 MB (  6%) committed. 

Chunk freelists:
   Non-Class:  11.25 MB
       Class:  8.49 MB
        Both:  19.74 MB

MaxMetaspaceSize: unlimited
CompressedClassSpaceSize: 1.00 GB
Initial GC threshold: 21.00 MB
Current GC threshold: 104.00 MB
CDS: off
 - commit_granule_bytes: 65536.
 - commit_granule_words: 8192.
 - virtual_space_node_default_size: 8388608.
 - enlarge_chunks_in_place: 1.
 - use_allocation_guard: 0.


Internal statistics:

num_allocs_failed_limit: 6.
num_arena_births: 1166.
num_arena_deaths: 572.
num_vsnodes_births: 2.
num_vsnodes_deaths: 0.
num_space_committed: 999.
num_space_uncommitted: 16.
num_chunks_returned_to_freelist: 1032.
num_chunks_taken_from_freelist: 3339.
num_chunk_merges: 188.
num_chunk_splits: 2037.
num_chunks_enlarged: 1531.
num_inconsistent_stats: 0.

CodeCache: size=49152Kb used=2458Kb max_used=15587Kb free=46694Kb
 bounds [0x00000274a67c0000, 0x00000274a7820000, 0x00000274a97c0000]
 total_blobs=1285 nmethods=645 adapters=563
 compilation: enabled
              stopped_count=0, restarted_count=0
 full_count=0

Compilation events (20 events):
Event: 47992.683 Thread 0x00000274b16f4f20 9682       1       org.eclipse.jdt.launching.internal.org.objectweb.asm.ByteVector::putShort (52 bytes)
Event: 47992.683 Thread 0x00000274b16f4f20 nmethod 9682 0x00000274a6ac0210 code [0x00000274a6ac03c0, 0x00000274a6ac0550]
Event: 47992.683 Thread 0x00000274b16f4f20 9681       1       org.eclipse.jdt.launching.internal.org.objectweb.asm.SymbolTable::get (13 bytes)
Event: 47992.684 Thread 0x00000274b16f4f20 nmethod 9681 0x00000274a6b1e590 code [0x00000274a6b1e720, 0x00000274a6b1e838]
Event: 48002.949 Thread 0x00000274b16f4f20 9685       1       org.eclipse.jdt.launching.internal.org.objectweb.asm.ClassReader::readUtf (44 bytes)
Event: 48002.950 Thread 0x00000274b16f4f20 nmethod 9685 0x00000274a6ac1410 code [0x00000274a6ac15e0, 0x00000274a6ac18e8]
Event: 48002.950 Thread 0x00000274b16f4f20 9686       1       org.eclipse.jdt.launching.internal.org.objectweb.asm.SymbolTable::hash (10 bytes)
Event: 48002.950 Thread 0x00000274b16f4f20 nmethod 9686 0x00000274a6b87510 code [0x00000274a6b876a0, 0x00000274a6b87780]
Event: 48002.950 Thread 0x00000274b16f4f20 9684       1       org.eclipse.jdt.launching.internal.org.objectweb.asm.SymbolTable$Entry::<init> (17 bytes)
Event: 48002.950 Thread 0x00000274b16f4f20 nmethod 9684 0x00000274a6b8d990 code [0x00000274a6b8db20, 0x00000274a6b8dc58]
Event: 48002.950 Thread 0x00000274b16f4f20 9683       1       org.eclipse.jdt.launching.internal.org.objectweb.asm.SymbolTable::addConstantUtf8 (20 bytes)
Event: 48002.950 Thread 0x00000274b16f4f20 nmethod 9683 0x00000274a68dd510 code [0x00000274a68dd6e0, 0x00000274a68dd908]
Event: 48011.941 Thread 0x00000274b16f4f20 9688       1       org.eclipse.jdt.launching.internal.org.objectweb.asm.Symbol::<init> (38 bytes)
Event: 48011.941 Thread 0x00000274b16f4f20 nmethod 9688 0x00000274a695d290 code [0x00000274a695d420, 0x00000274a695d620]
Event: 48011.941 Thread 0x00000274b16f4f20 9687       1       org.eclipse.jdt.launching.internal.org.objectweb.asm.ClassReader::getItem (7 bytes)
Event: 48011.941 Thread 0x00000274b16f4f20 nmethod 9687 0x00000274a6e00290 code [0x00000274a6e00420, 0x00000274a6e00518]
Event: 48011.941 Thread 0x00000274b16f4f20 9689       1       java.lang.String::length (11 bytes)
Event: 48011.941 Thread 0x00000274b16f4f20 nmethod 9689 0x00000274a6b22690 code [0x00000274a6b22820, 0x00000274a6b22900]
Event: 48011.941 Thread 0x00000274b16f4f20 9690       1       org.eclipse.jdt.launching.internal.org.objectweb.asm.ByteVector::putByteArray (49 bytes)
Event: 48011.941 Thread 0x00000274b16f4f20 nmethod 9690 0x00000274a6b41190 code [0x00000274a6b41340, 0x00000274a6b41548]

GC Heap History (20 events):
Event: 47967.950 GC heap after
{Heap after GC invocations=270 (full 6):
 garbage-first heap   total 141312K, used 46863K [0x0000000704c00000, 0x0000000800000000)
  region size 2048K, 3 young (6144K), 3 survivors (6144K)
 Metaspace       used 60260K, committed 62016K, reserved 1114112K
  class space    used 7255K, committed 7872K, reserved 1048576K
}
Event: 47972.842 GC heap before
{Heap before GC invocations=270 (full 6):
 garbage-first heap   total 141312K, used 124687K [0x0000000704c00000, 0x0000000800000000)
  region size 2048K, 41 young (83968K), 3 survivors (6144K)
 Metaspace       used 60260K, committed 62016K, reserved 1114112K
  class space    used 7255K, committed 7872K, reserved 1048576K
}
Event: 47972.844 GC heap after
{Heap after GC invocations=271 (full 6):
 garbage-first heap   total 141312K, used 46743K [0x0000000704c00000, 0x0000000800000000)
  region size 2048K, 3 young (6144K), 3 survivors (6144K)
 Metaspace       used 60260K, committed 62016K, reserved 1114112K
  class space    used 7255K, committed 7872K, reserved 1048576K
}
Event: 47977.629 GC heap before
{Heap before GC invocations=271 (full 6):
 garbage-first heap   total 141312K, used 124567K [0x0000000704c00000, 0x0000000800000000)
  region size 2048K, 41 young (83968K), 3 survivors (6144K)
 Metaspace       used 60260K, committed 62016K, reserved 1114112K
  class space    used 7255K, committed 7872K, reserved 1048576K
}
Event: 47977.631 GC heap after
{Heap after GC invocations=272 (full 6):
 garbage-first heap   total 141312K, used 46818K [0x0000000704c00000, 0x0000000800000000)
  region size 2048K, 3 young (6144K), 3 survivors (6144K)
 Metaspace       used 60260K, committed 62016K, reserved 1114112K
  class space    used 7255K, committed 7872K, reserved 1048576K
}
Event: 47982.449 GC heap before
{Heap before GC invocations=272 (full 6):
 garbage-first heap   total 141312K, used 124642K [0x0000000704c00000, 0x0000000800000000)
  region size 2048K, 41 young (83968K), 3 survivors (6144K)
 Metaspace       used 60260K, committed 62016K, reserved 1114112K
  class space    used 7255K, committed 7872K, reserved 1048576K
}
Event: 47982.452 GC heap after
{Heap after GC invocations=273 (full 6):
 garbage-first heap   total 141312K, used 46973K [0x0000000704c00000, 0x0000000800000000)
  region size 2048K, 3 young (6144K), 3 survivors (6144K)
 Metaspace       used 60260K, committed 62016K, reserved 1114112K
  class space    used 7255K, committed 7872K, reserved 1048576K
}
Event: 47987.243 GC heap before
{Heap before GC invocations=273 (full 6):
 garbage-first heap   total 141312K, used 124797K [0x0000000704c00000, 0x0000000800000000)
  region size 2048K, 41 young (83968K), 3 survivors (6144K)
 Metaspace       used 60260K, committed 62016K, reserved 1114112K
  class space    used 7255K, committed 7872K, reserved 1048576K
}
Event: 47987.245 GC heap after
{Heap after GC invocations=274 (full 6):
 garbage-first heap   total 141312K, used 45409K [0x0000000704c00000, 0x0000000800000000)
  region size 2048K, 2 young (4096K), 2 survivors (4096K)
 Metaspace       used 60260K, committed 62016K, reserved 1114112K
  class space    used 7255K, committed 7872K, reserved 1048576K
}
Event: 47992.082 GC heap before
{Heap before GC invocations=274 (full 6):
 garbage-first heap   total 141312K, used 125281K [0x0000000704c00000, 0x0000000800000000)
  region size 2048K, 41 young (83968K), 2 survivors (4096K)
 Metaspace       used 60260K, committed 62016K, reserved 1114112K
  class space    used 7255K, committed 7872K, reserved 1048576K
}
Event: 47992.084 GC heap after
{Heap after GC invocations=275 (full 6):
 garbage-first heap   total 141312K, used 46596K [0x0000000704c00000, 0x0000000800000000)
  region size 2048K, 2 young (4096K), 2 survivors (4096K)
 Metaspace       used 60260K, committed 62016K, reserved 1114112K
  class space    used 7255K, committed 7872K, reserved 1048576K
}
Event: 47996.701 GC heap before
{Heap before GC invocations=275 (full 6):
 garbage-first heap   total 141312K, used 126468K [0x0000000704c00000, 0x0000000800000000)
  region size 2048K, 41 young (83968K), 2 survivors (4096K)
 Metaspace       used 60262K, committed 62016K, reserved 1114112K
  class space    used 7255K, committed 7872K, reserved 1048576K
}
Event: 47996.706 GC heap after
{Heap after GC invocations=276 (full 6):
 garbage-first heap   total 141312K, used 53079K [0x0000000704c00000, 0x0000000800000000)
  region size 2048K, 6 young (12288K), 6 survivors (12288K)
 Metaspace       used 60262K, committed 62016K, reserved 1114112K
  class space    used 7255K, committed 7872K, reserved 1048576K
}
Event: 48000.900 GC heap before
{Heap before GC invocations=276 (full 6):
 garbage-first heap   total 141312K, used 118615K [0x0000000704c00000, 0x0000000800000000)
  region size 2048K, 38 young (77824K), 6 survivors (12288K)
 Metaspace       used 60262K, committed 62016K, reserved 1114112K
  class space    used 7255K, committed 7872K, reserved 1048576K
}
Event: 48000.903 GC heap after
{Heap after GC invocations=277 (full 6):
 garbage-first heap   total 141312K, used 49276K [0x0000000704c00000, 0x0000000800000000)
  region size 2048K, 1 young (2048K), 1 survivors (2048K)
 Metaspace       used 60262K, committed 62016K, reserved 1114112K
  class space    used 7255K, committed 7872K, reserved 1048576K
}
Event: 48004.948 GC heap before
{Heap before GC invocations=277 (full 6):
 garbage-first heap   total 141312K, used 125052K [0x0000000704c00000, 0x0000000800000000)
  region size 2048K, 38 young (77824K), 1 survivors (2048K)
 Metaspace       used 60264K, committed 62016K, reserved 1114112K
  class space    used 7256K, committed 7872K, reserved 1048576K
}
Event: 48004.952 GC heap after
{Heap after GC invocations=278 (full 6):
 garbage-first heap   total 141312K, used 53903K [0x0000000704c00000, 0x0000000800000000)
  region size 2048K, 3 young (6144K), 3 survivors (6144K)
 Metaspace       used 60264K, committed 62016K, reserved 1114112K
  class space    used 7256K, committed 7872K, reserved 1048576K
}
Event: 48009.153 GC heap before
{Heap before GC invocations=278 (full 6):
 garbage-first heap   total 141312K, used 123535K [0x0000000704c00000, 0x0000000800000000)
  region size 2048K, 37 young (75776K), 3 survivors (6144K)
 Metaspace       used 60264K, committed 62016K, reserved 1114112K
  class space    used 7256K, committed 7872K, reserved 1048576K
}
Event: 48009.155 GC heap after
{Heap after GC invocations=279 (full 6):
 garbage-first heap   total 141312K, used 57340K [0x0000000704c00000, 0x0000000800000000)
  region size 2048K, 2 young (4096K), 2 survivors (4096K)
 Metaspace       used 60264K, committed 62016K, reserved 1114112K
  class space    used 7256K, committed 7872K, reserved 1048576K
}
Event: 48012.816 GC heap before
{Heap before GC invocations=279 (full 6):
 garbage-first heap   total 141312K, used 124924K [0x0000000704c00000, 0x0000000800000000)
  region size 2048K, 35 young (71680K), 2 survivors (4096K)
 Metaspace       used 60266K, committed 62016K, reserved 1114112K
  class space    used 7256K, committed 7872K, reserved 1048576K
}

Dll operation events (12 events):
Event: 0.009 Loaded shared library D:\STS\sts-4.25.0.RELEASE\plugins\org.eclipse.justj.openjdk.hotspot.jre.full.win32.x86_64_21.0.4.v20240802-1551\jre\bin\java.dll
Event: 0.014 Loaded shared library D:\STS\sts-4.25.0.RELEASE\plugins\org.eclipse.justj.openjdk.hotspot.jre.full.win32.x86_64_21.0.4.v20240802-1551\jre\bin\zip.dll
Event: 0.297 Loaded shared library D:\STS\sts-4.25.0.RELEASE\plugins\org.eclipse.justj.openjdk.hotspot.jre.full.win32.x86_64_21.0.4.v20240802-1551\jre\bin\instrument.dll
Event: 0.305 Loaded shared library D:\STS\sts-4.25.0.RELEASE\plugins\org.eclipse.justj.openjdk.hotspot.jre.full.win32.x86_64_21.0.4.v20240802-1551\jre\bin\net.dll
Event: 0.306 Loaded shared library D:\STS\sts-4.25.0.RELEASE\plugins\org.eclipse.justj.openjdk.hotspot.jre.full.win32.x86_64_21.0.4.v20240802-1551\jre\bin\nio.dll
Event: 0.312 Loaded shared library D:\STS\sts-4.25.0.RELEASE\plugins\org.eclipse.justj.openjdk.hotspot.jre.full.win32.x86_64_21.0.4.v20240802-1551\jre\bin\zip.dll
Event: 0.408 Loaded shared library D:\STS\sts-4.25.0.RELEASE\plugins\org.eclipse.justj.openjdk.hotspot.jre.full.win32.x86_64_21.0.4.v20240802-1551\jre\bin\jimage.dll
Event: 0.447 Loaded shared library D:\STS\sts-4.25.0.RELEASE\plugins\org.eclipse.justj.openjdk.hotspot.jre.full.win32.x86_64_21.0.4.v20240802-1551\jre\bin\management.dll
Event: 0.455 Loaded shared library D:\STS\sts-4.25.0.RELEASE\plugins\org.eclipse.justj.openjdk.hotspot.jre.full.win32.x86_64_21.0.4.v20240802-1551\jre\bin\management_ext.dll
Event: 0.618 Loaded shared library D:\STS\sts-4.25.0.RELEASE\plugins\org.eclipse.justj.openjdk.hotspot.jre.full.win32.x86_64_21.0.4.v20240802-1551\jre\bin\extnet.dll
Event: 0.643 Loaded shared library D:\STS\sts-4.25.0.RELEASE\plugins\org.eclipse.justj.openjdk.hotspot.jre.full.win32.x86_64_21.0.4.v20240802-1551\jre\bin\verify.dll
Event: 3.227 Loaded shared library D:\STS\sts-4.25.0.RELEASE\plugins\org.eclipse.justj.openjdk.hotspot.jre.full.win32.x86_64_21.0.4.v20240802-1551\jre\bin\sunmscapi.dll

Deoptimization events (20 events):
Event: 47747.357 Thread 0x00000274b6fd1210 DEOPT PACKING pc=0x00000274a69cb274 sp=0x000000a8ef3fd720
Event: 47747.357 Thread 0x00000274b6fd1210 DEOPT UNPACKING pc=0x00000274a6814e42 sp=0x000000a8ef3fcc88 mode 1
Event: 47747.357 Thread 0x00000274b6fd1210 DEOPT PACKING pc=0x00000274a69cb274 sp=0x000000a8ef3fd720
Event: 47747.357 Thread 0x00000274b6fd1210 DEOPT UNPACKING pc=0x00000274a6814e42 sp=0x000000a8ef3fcc88 mode 1
Event: 47747.357 Thread 0x00000274b6fd1210 DEOPT PACKING pc=0x00000274a69cb274 sp=0x000000a8ef3fd2d0
Event: 47747.357 Thread 0x00000274b6fd1210 DEOPT UNPACKING pc=0x00000274a6814e42 sp=0x000000a8ef3fc838 mode 1
Event: 47747.357 Thread 0x00000274b6fd1210 DEOPT PACKING pc=0x00000274a69cb274 sp=0x000000a8ef3fd2d0
Event: 47747.357 Thread 0x00000274b6fd1210 DEOPT UNPACKING pc=0x00000274a6814e42 sp=0x000000a8ef3fc838 mode 1
Event: 47747.357 Thread 0x00000274b6fd1210 DEOPT PACKING pc=0x00000274a69cb274 sp=0x000000a8ef3fd2d0
Event: 47747.357 Thread 0x00000274b6fd1210 DEOPT UNPACKING pc=0x00000274a6814e42 sp=0x000000a8ef3fc838 mode 1
Event: 47747.357 Thread 0x00000274b6fd1210 DEOPT PACKING pc=0x00000274a69cb274 sp=0x000000a8ef3fd2d0
Event: 47747.357 Thread 0x00000274b6fd1210 DEOPT UNPACKING pc=0x00000274a6814e42 sp=0x000000a8ef3fc838 mode 1
Event: 47747.357 Thread 0x00000274b6fd1210 DEOPT PACKING pc=0x00000274a69cb274 sp=0x000000a8ef3fd2d0
Event: 47747.357 Thread 0x00000274b6fd1210 DEOPT UNPACKING pc=0x00000274a6814e42 sp=0x000000a8ef3fc838 mode 1
Event: 47747.357 Thread 0x00000274b6fd1210 DEOPT PACKING pc=0x00000274a69cb274 sp=0x000000a8ef3fd2d0
Event: 47747.357 Thread 0x00000274b6fd1210 DEOPT UNPACKING pc=0x00000274a6814e42 sp=0x000000a8ef3fc838 mode 1
Event: 47747.358 Thread 0x00000274b6fd1210 DEOPT PACKING pc=0x00000274a69cb274 sp=0x000000a8ef3fd2d0
Event: 47747.358 Thread 0x00000274b6fd1210 DEOPT UNPACKING pc=0x00000274a6814e42 sp=0x000000a8ef3fc838 mode 1
Event: 47992.673 Thread 0x00000274b83302a0 DEOPT PACKING pc=0x00000274a6c00b94 sp=0x000000a8ef2fdb30
Event: 47992.673 Thread 0x00000274b83302a0 DEOPT UNPACKING pc=0x00000274a6814e42 sp=0x000000a8ef2fcfe8 mode 0

Classes loaded (20 events):
Event: 47607.963 Loading class java/lang/ObjectCustomizer
Event: 47607.963 Loading class java/lang/ObjectCustomizer done
Event: 47607.963 Loading class java/lang/ObjectCustomizer
Event: 47607.963 Loading class java/lang/ObjectCustomizer done
Event: 47640.605 Loading class java/lang/ObjectCustomizer
Event: 47640.605 Loading class java/lang/ObjectCustomizer done
Event: 47640.606 Loading class java/lang/ObjectCustomizer
Event: 47640.606 Loading class java/lang/ObjectCustomizer done
Event: 47674.476 Loading class java/lang/ObjectCustomizer
Event: 47674.476 Loading class java/lang/ObjectCustomizer done
Event: 47674.476 Loading class java/lang/ObjectCustomizer
Event: 47674.476 Loading class java/lang/ObjectCustomizer done
Event: 47685.996 Loading class java/lang/ObjectCustomizer
Event: 47685.996 Loading class java/lang/ObjectCustomizer done
Event: 47685.997 Loading class java/lang/ObjectCustomizer
Event: 47685.997 Loading class java/lang/ObjectCustomizer done
Event: 47727.714 Loading class java/lang/ObjectCustomizer
Event: 47727.714 Loading class java/lang/ObjectCustomizer done
Event: 47727.714 Loading class java/lang/ObjectCustomizer
Event: 47727.714 Loading class java/lang/ObjectCustomizer done

Classes unloaded (20 events):
Event: 47827.485 Thread 0x00000274b1669740 Unloading class 0x0000000800510cf8 'com/cotodel/hrms/web/controller/ExceptionController'
Event: 47827.485 Thread 0x00000274b1669740 Unloading class 0x0000000800510ab0 'com/cotodel/hrms/web/controller/ErupiSingleVoucherCreationController'
Event: 47827.485 Thread 0x00000274b1669740 Unloading class 0x0000000800510888 'com/cotodel/hrms/web/controller/ErupiBulkVoucherCreationController'
Event: 47827.485 Thread 0x00000274b1669740 Unloading class 0x0000000800510648 'com/cotodel/hrms/web/controller/EmployeeDetailController'
Event: 47827.485 Thread 0x00000274b1669740 Unloading class 0x0000000800510430 'com/cotodel/hrms/web/controller/EmployeeBandSettingController'
Event: 47827.485 Thread 0x00000274b1669740 Unloading class 0x0000000800510218 'com/cotodel/hrms/web/controller/EmailVerificationController'
Event: 47827.485 Thread 0x00000274b1669740 Unloading class 0x0000000800510000 'com/cotodel/hrms/web/controller/CompanyDetailController'
Event: 47827.485 Thread 0x00000274b1669740 Unloading class 0x000000080069cc38 'com/cotodel/hrms/web/controller/BulkUserController'
Event: 47827.485 Thread 0x00000274b1669740 Unloading class 0x000000080069ca28 'com/cotodel/hrms/web/controller/BulkInviteController'
Event: 47827.485 Thread 0x00000274b1669740 Unloading class 0x000000080069c800 'com/cotodel/hrms/web/controller/BankMasterController'
Event: 47827.485 Thread 0x00000274b1669740 Unloading class 0x000000080069d4c0 'com/cotodel/hrms/web/controller/CotoDelBaseController'
Event: 47827.485 Thread 0x00000274b1669740 Unloading class 0x000000080069d208 'com/cotodel/hrms/web/config/LoginSecurityConfiguration'
Event: 47827.485 Thread 0x00000274b1669740 Unloading class 0x000000080069d000 'com/cotodel/hrms/web/config/CotoDelApplication'
Event: 47827.485 Thread 0x00000274b1669740 Unloading class 0x000000080056c800 'jdk/internal/reflect/GeneratedSerializationConstructorAccessor28'
Event: 47827.485 Thread 0x00000274b1669740 Unloading class 0x0000000800598000 'jdk/internal/reflect/GeneratedSerializationConstructorAccessor27'
Event: 47827.485 Thread 0x00000274b1669740 Unloading class 0x00000008005bc400 'jdk/internal/reflect/GeneratedSerializationConstructorAccessor26'
Event: 47827.485 Thread 0x00000274b1669740 Unloading class 0x00000008005bc800 'jdk/internal/reflect/GeneratedSerializationConstructorAccessor25'
Event: 47850.265 Thread 0x00000274b1669740 Unloading class 0x00000008007d8c00 'jdk/internal/reflect/GeneratedSerializationConstructorAccessor34'
Event: 47850.265 Thread 0x00000274b1669740 Unloading class 0x00000008007d8800 'jdk/internal/reflect/GeneratedSerializationConstructorAccessor33'
Event: 47850.265 Thread 0x00000274b1669740 Unloading class 0x00000008007d8400 'jdk/internal/reflect/GeneratedSerializationConstructorAccessor32'

Classes redefined (0 events):
No events

Internal exceptions (20 events):
Event: 47686.003 Thread 0x00000274b832f580 Exception <a 'java/lang/ClassNotFoundException'{0x000000070a903590}: org/springframework/security/config/annotation/web/WebSecurityConfigurerCustomizer> (0x000000070a903590) 
thrown [s\src\hotspot\share\classfile\systemDictionary.cpp, line 312]
Event: 47686.003 Thread 0x00000274b832f580 Exception <a 'java/lang/ClassNotFoundException'{0x000000070a90aaa8}: org/springframework/security/config/annotation/SecurityConfigurerCustomizer> (0x000000070a90aaa8) 
thrown [s\src\hotspot\share\classfile\systemDictionary.cpp, line 312]
Event: 47686.083 Thread 0x00000274b832d4b0 Exception <a 'java/lang/InterruptedException'{0x00000007098cfc08}: sleep interrupted> (0x00000007098cfc08) 
thrown [s\src\hotspot\share\prims\jvm.cpp, line 3074]
Event: 47686.087 Thread 0x00000274b832f580 Exception <a 'java/lang/NoClassDefFoundError'{0x00000007099015e0}: javax/validation/ValidationException> (0x00000007099015e0) 
thrown [s\src\hotspot\share\classfile\systemDictionary.cpp, line 301]
Event: 47686.087 Thread 0x00000274b832f580 Exception <a 'java/lang/NoClassDefFoundError'{0x0000000709905390}: liquibase/exception/ChangeLogParseException> (0x0000000709905390) 
thrown [s\src\hotspot\share\classfile\systemDictionary.cpp, line 301]
Event: 47686.087 Thread 0x00000274b832f580 Exception <a 'java/lang/NoClassDefFoundError'{0x000000070990a028}: org/springframework/jdbc/CannotGetJdbcConnectionException> (0x000000070990a028) 
thrown [s\src\hotspot\share\classfile\systemDictionary.cpp, line 301]
Event: 47727.491 Thread 0x00000274b83302a0 Exception <a 'sun/nio/fs/WindowsException'{0x00000007097240b0}> (0x00000007097240b0) 
thrown [s\src\hotspot\share\prims\jni.cpp, line 520]
Event: 47727.651 Thread 0x00000274b83302a0 Exception <a 'java/lang/NoClassDefFoundError'{0x000000070bff2eb0}: org/flywaydb/core/Flyway> (0x000000070bff2eb0) 
thrown [s\src\hotspot\share\oops\constantPool.cpp, line 873]
Event: 47727.653 Thread 0x00000274b83302a0 Exception <a 'java/lang/NoClassDefFoundError'{0x000000070bff3510}: liquibase/integration/spring/SpringLiquibase> (0x000000070bff3510) 
thrown [s\src\hotspot\share\oops\constantPool.cpp, line 873]
Event: 47727.702 Thread 0x00000274b83302a0 Exception <a 'java/io/FileNotFoundException'{0x000000070b16e8e8}> (0x000000070b16e8e8) 
thrown [s\src\hotspot\share\prims\jni.cpp, line 520]
Event: 47727.714 Thread 0x00000274b83302a0 Exception <a 'java/lang/ClassNotFoundException'{0x000000070aee0448}: java/lang/ObjectCustomizer> (0x000000070aee0448) 
thrown [s\src\hotspot\share\classfile\systemDictionary.cpp, line 312]
Event: 47727.715 Thread 0x00000274b83302a0 Exception <a 'java/lang/ClassNotFoundException'{0x000000070aeebed0}: org/springframework/security/config/annotation/web/configuration/WebSecurityConfigurerAdapterCustomizer> (0x000000070aeebed0) 
thrown [s\src\hotspot\share\classfile\systemDictionary.cpp, line 312]
Event: 47727.715 Thread 0x00000274b83302a0 Exception <a 'java/lang/ClassNotFoundException'{0x000000070aefdf38}: com/cotodel/hrms/web/config/LoginSecurityConfigurationCustomizer> (0x000000070aefdf38) 
thrown [s\src\hotspot\share\classfile\systemDictionary.cpp, line 312]
Event: 47727.716 Thread 0x00000274b83302a0 Exception <a 'java/lang/ClassNotFoundException'{0x000000070af0a320}: com/cotodel/hrms/web/config/LoginSecurityConfiguration$$EnhancerBySpringCGLIB$$9abe4a90Customizer> (0x000000070af0a320) 
thrown [s\src\hotspot\share\classfile\systemDictionary.cpp, line 312]
Event: 47727.717 Thread 0x00000274b83302a0 Exception <a 'java/lang/ClassNotFoundException'{0x000000070af1f788}: org/springframework/context/annotation/ConfigurationClassEnhancer$EnhancedConfigurationCustomizer> (0x000000070af1f788) 
thrown [s\src\hotspot\share\classfile\systemDictionary.cpp, line 312]
Event: 47727.717 Thread 0x00000274b83302a0 Exception <a 'java/lang/ClassNotFoundException'{0x000000070af26628}: org/springframework/beans/factory/BeanFactoryAwareCustomizer> (0x000000070af26628) 
thrown [s\src\hotspot\share\classfile\systemDictionary.cpp, line 312]
Event: 47727.718 Thread 0x00000274b83302a0 Exception <a 'java/lang/ClassNotFoundException'{0x000000070af2e820}: org/springframework/beans/factory/AwareCustomizer> (0x000000070af2e820) 
thrown [s\src\hotspot\share\classfile\systemDictionary.cpp, line 312]
Event: 47727.718 Thread 0x00000274b83302a0 Exception <a 'java/lang/ClassNotFoundException'{0x000000070af35a58}: org/springframework/security/config/annotation/web/WebSecurityConfigurerCustomizer> (0x000000070af35a58) 
thrown [s\src\hotspot\share\classfile\systemDictionary.cpp, line 312]
Event: 47727.718 Thread 0x00000274b83302a0 Exception <a 'java/lang/ClassNotFoundException'{0x000000070af3cf70}: org/springframework/security/config/annotation/SecurityConfigurerCustomizer> (0x000000070af3cf70) 
thrown [s\src\hotspot\share\classfile\systemDictionary.cpp, line 312]
Event: 47747.358 Thread 0x00000274b6fd1210 Exception <a 'java/lang/NoSuchMethodError'{0x000000070baa9a00}: static [B.<clinit>()V> (0x000000070baa9a00) 
thrown [s\src\hotspot\share\prims\jni.cpp, line 1111]

ZGC Phase Switch (0 events):
No events

VM Operations (20 events):
Event: 47977.631 Executing VM operation: G1CollectForAllocation (G1 Evacuation Pause) done
Event: 47982.449 Executing VM operation: G1CollectForAllocation (G1 Evacuation Pause)
Event: 47982.452 Executing VM operation: G1CollectForAllocation (G1 Evacuation Pause) done
Event: 47987.243 Executing VM operation: G1CollectForAllocation (G1 Evacuation Pause)
Event: 47987.245 Executing VM operation: G1CollectForAllocation (G1 Evacuation Pause) done
Event: 47992.082 Executing VM operation: G1CollectForAllocation (G1 Evacuation Pause)
Event: 47992.084 Executing VM operation: G1CollectForAllocation (G1 Evacuation Pause) done
Event: 47992.673 Executing VM operation: ChangeSingleStep
Event: 47992.673 Executing VM operation: ChangeSingleStep done
Event: 47992.673 Executing VM operation: ChangeSingleStep
Event: 47992.673 Executing VM operation: ChangeSingleStep done
Event: 47996.701 Executing VM operation: G1CollectForAllocation (G1 Evacuation Pause)
Event: 47996.706 Executing VM operation: G1CollectForAllocation (G1 Evacuation Pause) done
Event: 48000.900 Executing VM operation: G1CollectForAllocation (G1 Evacuation Pause)
Event: 48000.903 Executing VM operation: G1CollectForAllocation (G1 Evacuation Pause) done
Event: 48004.948 Executing VM operation: G1CollectForAllocation (G1 Evacuation Pause)
Event: 48004.952 Executing VM operation: G1CollectForAllocation (G1 Evacuation Pause) done
Event: 48009.153 Executing VM operation: G1CollectForAllocation (G1 Evacuation Pause)
Event: 48009.155 Executing VM operation: G1CollectForAllocation (G1 Evacuation Pause) done
Event: 48012.816 Executing VM operation: G1CollectForAllocation (G1 Evacuation Pause)

Memory protections (0 events):
No events

Nmethod flushes (20 events):
Event: 47806.372 Thread 0x00000274b1669740 flushing  nmethod 0x00000274a7068210
Event: 47806.372 Thread 0x00000274b1669740 flushing  nmethod 0x00000274a724a590
Event: 47806.372 Thread 0x00000274b1669740 flushing  nmethod 0x00000274a726e010
Event: 47806.372 Thread 0x00000274b1669740 flushing  nmethod 0x00000274a7273390
Event: 47806.372 Thread 0x00000274b1669740 flushing  nmethod 0x00000274a7283a90
Event: 47806.372 Thread 0x00000274b1669740 flushing  nmethod 0x00000274a72aa890
Event: 47806.372 Thread 0x00000274b1669740 flushing  nmethod 0x00000274a72b4b90
Event: 47806.372 Thread 0x00000274b1669740 flushing  nmethod 0x00000274a72b4e90
Event: 47806.372 Thread 0x00000274b1669740 flushing  nmethod 0x00000274a72c4810
Event: 47806.372 Thread 0x00000274b1669740 flushing  nmethod 0x00000274a7537190
Event: 47806.372 Thread 0x00000274b1669740 flushing  nmethod 0x00000274a7537590
Event: 47806.372 Thread 0x00000274b1669740 flushing  nmethod 0x00000274a7537890
Event: 47806.372 Thread 0x00000274b1669740 flushing  nmethod 0x00000274a7537c10
Event: 47806.372 Thread 0x00000274b1669740 flushing  nmethod 0x00000274a7537f10
Event: 47806.372 Thread 0x00000274b1669740 flushing  nmethod 0x00000274a7596f10
Event: 47806.372 Thread 0x00000274b1669740 flushing  nmethod 0x00000274a7598290
Event: 47806.372 Thread 0x00000274b1669740 flushing  nmethod 0x00000274a7598710
Event: 47806.372 Thread 0x00000274b1669740 flushing  nmethod 0x00000274a759a610
Event: 47806.372 Thread 0x00000274b1669740 flushing  nmethod 0x00000274a759e390
Event: 47806.372 Thread 0x00000274b1669740 flushing  nmethod 0x00000274a7649e90

Events (20 events):
Event: 47685.771 Thread 0x00000274b832f580 Thread added: 0x00000274b832ce20
Event: 47685.772 Thread 0x00000274b832fc10 Thread exited: 0x00000274b832fc10
Event: 47685.804 Thread 0x00000274b832f580 Thread added: 0x00000274b832fc10
Event: 47685.816 Thread 0x00000274b832fc10 Thread exited: 0x00000274b832fc10
Event: 47686.020 Thread 0x00000274b832f580 Thread added: 0x00000274b832fc10
Event: 47686.020 Thread 0x00000274b832f580 Thread added: 0x00000274b83302a0
Event: 47686.020 Thread 0x00000274b832f580 Thread added: 0x00000274b832d4b0
Event: 47686.084 Thread 0x00000274b832d4b0 Thread exited: 0x00000274b832d4b0
Event: 47686.084 Thread 0x00000274b832fc10 Thread exited: 0x00000274b832fc10
Event: 47686.084 Thread 0x00000274b83302a0 Thread exited: 0x00000274b83302a0
Event: 47686.089 Thread 0x00000274b832f580 Thread exited: 0x00000274b832f580
Event: 47686.089 Thread 0x00000274b832eef0 Thread added: 0x00000274b832d4b0
Event: 47727.483 Thread 0x00000274b832eef0 Thread added: 0x00000274b83302a0
Event: 47727.513 Thread 0x00000274b83302a0 Thread added: 0x00000274b832fc10
Event: 47727.513 Thread 0x00000274b832ce20 Thread exited: 0x00000274b832ce20
Event: 47727.545 Thread 0x00000274b83302a0 Thread added: 0x00000274b832f580
Event: 47727.564 Thread 0x00000274b832f580 Thread exited: 0x00000274b832f580
Event: 47727.735 Thread 0x00000274b83302a0 Thread added: 0x00000274b832f580
Event: 47727.735 Thread 0x00000274b83302a0 Thread added: 0x00000274b832ce20
Event: 47727.735 Thread 0x00000274b83302a0 Thread added: 0x00000274b8333720


Dynamic libraries:
0x00007ff68ad60000 - 0x00007ff68ad6e000 	D:\STS\sts-4.25.0.RELEASE\plugins\org.eclipse.justj.openjdk.hotspot.jre.full.win32.x86_64_21.0.4.v20240802-1551\jre\bin\javaw.exe
0x00007ff801e20000 - 0x00007ff802083000 	C:\Windows\SYSTEM32\ntdll.dll
0x00007ff801590000 - 0x00007ff801658000 	C:\Windows\System32\KERNEL32.DLL
0x00007fffff670000 - 0x00007fffffa22000 	C:\Windows\System32\KERNELBASE.dll
0x00007fffff520000 - 0x00007fffff66b000 	C:\Windows\System32\ucrtbase.dll
0x00007fffc23f0000 - 0x00007fffc2408000 	D:\STS\sts-4.25.0.RELEASE\plugins\org.eclipse.justj.openjdk.hotspot.jre.full.win32.x86_64_21.0.4.v20240802-1551\jre\bin\jli.dll
0x00007ff801660000 - 0x00007ff801828000 	C:\Windows\System32\USER32.dll
0x00007fffb1ba0000 - 0x00007fffb1bbb000 	D:\STS\sts-4.25.0.RELEASE\plugins\org.eclipse.justj.openjdk.hotspot.jre.full.win32.x86_64_21.0.4.v20240802-1551\jre\bin\VCRUNTIME140.dll
0x00007fffffb70000 - 0x00007fffffb97000 	C:\Windows\System32\win32u.dll
0x00007ff800c00000 - 0x00007ff800c2a000 	C:\Windows\System32\GDI32.dll
0x00007fffff1d0000 - 0x00007fffff2fb000 	C:\Windows\System32\gdi32full.dll
0x00007fffe8b50000 - 0x00007fffe8de0000 	C:\Windows\WinSxS\amd64_microsoft.windows.common-controls_6595b64144ccf1df_6.0.26100.2454_none_3e0b68a2e331ad60\COMCTL32.dll
0x00007fffffa30000 - 0x00007fffffad3000 	C:\Windows\System32\msvcp_win.dll
0x00007ff8003c0000 - 0x00007ff800469000 	C:\Windows\System32\msvcrt.dll
0x00007ff801a50000 - 0x00007ff801a7f000 	C:\Windows\System32\IMM32.DLL
0x00007ffff0ee0000 - 0x00007ffff0eec000 	D:\STS\sts-4.25.0.RELEASE\plugins\org.eclipse.justj.openjdk.hotspot.jre.full.win32.x86_64_21.0.4.v20240802-1551\jre\bin\vcruntime140_1.dll
0x00007fff81490000 - 0x00007fff8151e000 	D:\STS\sts-4.25.0.RELEASE\plugins\org.eclipse.justj.openjdk.hotspot.jre.full.win32.x86_64_21.0.4.v20240802-1551\jre\bin\msvcp140.dll
0x00007fff76190000 - 0x00007fff76f18000 	D:\STS\sts-4.25.0.RELEASE\plugins\org.eclipse.justj.openjdk.hotspot.jre.full.win32.x86_64_21.0.4.v20240802-1551\jre\bin\server\jvm.dll
0x00007ff801aa0000 - 0x00007ff801b54000 	C:\Windows\System32\ADVAPI32.dll
0x00007ff801860000 - 0x00007ff801906000 	C:\Windows\System32\sechost.dll
0x00007ff800c80000 - 0x00007ff800d96000 	C:\Windows\System32\RPCRT4.dll
0x00007ff801230000 - 0x00007ff8012a4000 	C:\Windows\System32\WS2_32.dll
0x00007fffff060000 - 0x00007fffff0ae000 	C:\Windows\SYSTEM32\POWRPROF.dll
0x00007ffff4470000 - 0x00007ffff447b000 	C:\Windows\SYSTEM32\VERSION.dll
0x00007fffeedd0000 - 0x00007fffeee06000 	C:\Windows\SYSTEM32\WINMM.dll
0x00007fffff040000 - 0x00007fffff054000 	C:\Windows\SYSTEM32\UMPDC.dll
0x00007ffffdff0000 - 0x00007ffffe00a000 	C:\Windows\SYSTEM32\kernel.appcore.dll
0x00007ffff51e0000 - 0x00007ffff51ea000 	D:\STS\sts-4.25.0.RELEASE\plugins\org.eclipse.justj.openjdk.hotspot.jre.full.win32.x86_64_21.0.4.v20240802-1551\jre\bin\jimage.dll
0x00007ffffcb90000 - 0x00007ffffcdd1000 	C:\Windows\SYSTEM32\DBGHELP.DLL
0x00007fffffc60000 - 0x00007ffffffde000 	C:\Windows\System32\combase.dll
0x00007ff8014b0000 - 0x00007ff801586000 	C:\Windows\System32\OLEAUT32.dll
0x00007fffec2d0000 - 0x00007fffec309000 	C:\Windows\SYSTEM32\dbgcore.DLL
0x00007fffff480000 - 0x00007fffff519000 	C:\Windows\System32\bcryptPrimitives.dll
0x00007fffaaa30000 - 0x00007fffaaa6c000 	D:\STS\sts-4.25.0.RELEASE\plugins\org.eclipse.justj.openjdk.hotspot.jre.full.win32.x86_64_21.0.4.v20240802-1551\jre\bin\jdwp.dll
0x00007ffff4d00000 - 0x00007ffff4d0f000 	D:\STS\sts-4.25.0.RELEASE\plugins\org.eclipse.justj.openjdk.hotspot.jre.full.win32.x86_64_21.0.4.v20240802-1551\jre\bin\instrument.dll
0x00007fffe0050000 - 0x00007fffe006f000 	D:\STS\sts-4.25.0.RELEASE\plugins\org.eclipse.justj.openjdk.hotspot.jre.full.win32.x86_64_21.0.4.v20240802-1551\jre\bin\java.dll
0x00007fffb8b90000 - 0x00007fffb8ba8000 	D:\STS\sts-4.25.0.RELEASE\plugins\org.eclipse.justj.openjdk.hotspot.jre.full.win32.x86_64_21.0.4.v20240802-1551\jre\bin\zip.dll
0x00007ff800470000 - 0x00007ff800b70000 	C:\Windows\System32\SHELL32.dll
0x00007ffffceb0000 - 0x00007ffffd6e1000 	C:\Windows\SYSTEM32\windows.storage.dll
0x00007ff801c70000 - 0x00007ff801d4a000 	C:\Windows\System32\SHCORE.dll
0x00007ff801d80000 - 0x00007ff801ddd000 	C:\Windows\System32\shlwapi.dll
0x00007fffff0e0000 - 0x00007fffff10e000 	C:\Windows\SYSTEM32\profapi.dll
0x00007ffff7e80000 - 0x00007ffff7e8b000 	D:\STS\sts-4.25.0.RELEASE\plugins\org.eclipse.justj.openjdk.hotspot.jre.full.win32.x86_64_21.0.4.v20240802-1551\jre\bin\dt_socket.dll
0x00007ffffda00000 - 0x00007ffffda32000 	C:\Windows\SYSTEM32\IPHLPAPI.DLL
0x00007ffffe4d0000 - 0x00007ffffe538000 	C:\Windows\system32\mswsock.dll
0x00007ffffda40000 - 0x00007ffffdb65000 	C:\Windows\SYSTEM32\DNSAPI.dll
0x00007ff801a90000 - 0x00007ff801a9a000 	C:\Windows\System32\NSI.dll
0x00007ffff7840000 - 0x00007ffff784b000 	C:\Windows\System32\rasadhlp.dll
0x00007ffff8cd0000 - 0x00007ffff8d55000 	C:\Windows\System32\fwpuclnt.dll
0x00007ffff4c40000 - 0x00007ffff4c50000 	D:\STS\sts-4.25.0.RELEASE\plugins\org.eclipse.justj.openjdk.hotspot.jre.full.win32.x86_64_21.0.4.v20240802-1551\jre\bin\net.dll
0x00007ffff7f50000 - 0x00007ffff8076000 	C:\Windows\SYSTEM32\WINHTTP.dll
0x00007fffb8b70000 - 0x00007fffb8b86000 	D:\STS\sts-4.25.0.RELEASE\plugins\org.eclipse.justj.openjdk.hotspot.jre.full.win32.x86_64_21.0.4.v20240802-1551\jre\bin\nio.dll
0x00007ffff4db0000 - 0x00007ffff4dba000 	D:\STS\sts-4.25.0.RELEASE\plugins\org.eclipse.justj.openjdk.hotspot.jre.full.win32.x86_64_21.0.4.v20240802-1551\jre\bin\management.dll
0x00007ffff1ec0000 - 0x00007ffff1ecb000 	D:\STS\sts-4.25.0.RELEASE\plugins\org.eclipse.justj.openjdk.hotspot.jre.full.win32.x86_64_21.0.4.v20240802-1551\jre\bin\management_ext.dll
0x00007ff801b70000 - 0x00007ff801b78000 	C:\Windows\System32\PSAPI.DLL
0x00007fffd2780000 - 0x00007fffd2798000 	C:\Windows\system32\napinsp.dll
0x00007fffd2760000 - 0x00007fffd2772000 	C:\Windows\System32\winrnr.dll
0x00007fffd1f30000 - 0x00007fffd1f52000 	C:\Windows\system32\nlansp_c.dll
0x00007fffd1f10000 - 0x00007fffd1f26000 	C:\Windows\system32\wshbth.dll
0x00007ffffe730000 - 0x00007ffffe74c000 	C:\Windows\SYSTEM32\CRYPTSP.dll
0x00007ffffdf50000 - 0x00007ffffdf88000 	C:\Windows\system32\rsaenh.dll
0x00007ffffe570000 - 0x00007ffffe59b000 	C:\Windows\SYSTEM32\USERENV.dll
0x00007ffffea00000 - 0x00007ffffea26000 	C:\Windows\SYSTEM32\bcrypt.dll
0x00007ffffe750000 - 0x00007ffffe75c000 	C:\Windows\SYSTEM32\CRYPTBASE.dll
0x00007fffe0040000 - 0x00007fffe0049000 	D:\STS\sts-4.25.0.RELEASE\plugins\org.eclipse.justj.openjdk.hotspot.jre.full.win32.x86_64_21.0.4.v20240802-1551\jre\bin\extnet.dll
0x00007ffff4bb0000 - 0x00007ffff4bc0000 	D:\STS\sts-4.25.0.RELEASE\plugins\org.eclipse.justj.openjdk.hotspot.jre.full.win32.x86_64_21.0.4.v20240802-1551\jre\bin\verify.dll
0x00007ffff3c00000 - 0x00007ffff3c0e000 	D:\STS\sts-4.25.0.RELEASE\plugins\org.eclipse.justj.openjdk.hotspot.jre.full.win32.x86_64_21.0.4.v20240802-1551\jre\bin\sunmscapi.dll
0x00007fffff300000 - 0x00007fffff476000 	C:\Windows\System32\CRYPT32.dll
0x00007ffffe9c0000 - 0x00007ffffe9f0000 	C:\Windows\SYSTEM32\ncrypt.dll
0x00007ffffe970000 - 0x00007ffffe9af000 	C:\Windows\SYSTEM32\NTASN1.dll
0x00007fffde8b0000 - 0x00007fffde8b8000 	C:\Windows\system32\wshunix.dll

dbghelp: loaded successfully - version: 4.0.5 - missing functions: none
symbol engine: initialized successfully - sym options: 0x614 - pdb path: .;D:\STS\sts-4.25.0.RELEASE\plugins\org.eclipse.justj.openjdk.hotspot.jre.full.win32.x86_64_21.0.4.v20240802-1551\jre\bin;C:\Windows\SYSTEM32;C:\Windows\WinSxS\amd64_microsoft.windows.common-controls_6595b64144ccf1df_6.0.26100.2454_none_3e0b68a2e331ad60;D:\STS\sts-4.25.0.RELEASE\plugins\org.eclipse.justj.openjdk.hotspot.jre.full.win32.x86_64_21.0.4.v20240802-1551\jre\bin\server

VM Arguments:
jvm_args: -XX:+ShowCodeDetailsInExceptionMessages -agentlib:jdwp=transport=dt_socket,suspend=y,address=localhost:56429 -Dcom.sun.management.jmxremote -Dcom.sun.management.jmxremote.port=56428 -Dcom.sun.management.jmxremote.authenticate=false -Dcom.sun.management.jmxremote.ssl=false -Djava.rmi.server.hostname=localhost -Dspring.jmx.enabled=true -Dmanagement.endpoints.jmx.exposure.include=* -Dspring.application.admin.enabled=true -XX:TieredStopAtLevel=1 -Dspring.boot.project.name=hrms -javaagent:D:\STS\sts-4.25.0.RELEASE\configuration\org.eclipse.osgi\270\0\.cp\lib\javaagent-shaded.jar -Dfile.encoding=UTF-8 -Dstdout.encoding=UTF-8 -Dstderr.encoding=UTF-8 
java_command: com.cotodel.hrms.web.config.CotoDelApplication --spring.output.ansi.enabled=always
java_class_path (initial): D:\Cotodel\hrms\target\classes;C:\Users\aashv\.m2\repository\org\springframework\boot\spring-boot-starter-thymeleaf\2.6.1\spring-boot-starter-thymeleaf-2.6.1.jar;C:\Users\aashv\.m2\repository\org\thymeleaf\thymeleaf-spring5\3.0.12.RELEASE\thymeleaf-spring5-3.0.12.RELEASE.jar;C:\Users\aashv\.m2\repository\org\thymeleaf\thymeleaf\3.0.12.RELEASE\thymeleaf-3.0.12.RELEASE.jar;C:\Users\aashv\.m2\repository\org\attoparser\attoparser\2.0.5.RELEASE\attoparser-2.0.5.RELEASE.jar;C:\Users\aashv\.m2\repository\org\unbescape\unbescape\1.1.6.RELEASE\unbescape-1.1.6.RELEASE.jar;C:\Users\aashv\.m2\repository\org\slf4j\slf4j-api\1.7.32\slf4j-api-1.7.32.jar;C:\Users\aashv\.m2\repository\org\thymeleaf\extras\thymeleaf-extras-java8time\3.0.4.RELEASE\thymeleaf-extras-java8time-3.0.4.RELEASE.jar;C:\Users\aashv\.m2\repository\org\springframework\boot\spring-boot-starter-web\2.6.1\spring-boot-starter-web-2.6.1.jar;C:\Users\aashv\.m2\repository\org\springframework\boot\spring-boot-starter-json\2.6.1\spring-boot-starter-json-2.6.1.jar;C:\Users\aashv\.m2\repository\com\fasterxml\jackson\datatype\jackson-datatype-jdk8\2.13.0\jackson-datatype-jdk8-2.13.0.jar;C:\Users\aashv\.m2\repository\com\fasterxml\jackson\datatype\jackson-datatype-jsr310\2.13.0\jackson-datatype-jsr310-2.13.0.jar;C:\Users\aashv\.m2\repository\com\fasterxml\jackson\module\jackson-module-parameter-names\2.13.0\jackson-module-parameter-names-2.13.0.jar;C:\Users\aashv\.m2\repository\org\springframework\spring-web\5.3.13\spring-web-5.3.13.jar;C:\Users\aashv\.m2\repository\org\springframework\spring-beans\5.3.13\spring-beans-5.3.13.jar;C:\Users\aashv\.m2\repository\org\springframework\spring-webmvc\5.3.13\spring-webmvc-5.3.13.jar;C:\Users\aashv\.m2\repository\org\springframework\spring-aop\5.3.13\spring-aop-5.3.13.jar;C:\Users\aashv\.m2\repository\org\springframework\spring-context\5.3.13\spring-context-5.3.13.jar;C:\Users\aashv\.m2\repository\org\springframework\spring-expression\5.3.13\spring-expression-5.3.13.jar;C:\Users\aashv\.m2\repository\com\okta\spring\okta-spring-boot-starter\2.1.0\okta-spring-boot-starter-2.1.0.jar;C:\Users\aashv\.m2\repository\com\okta\spring\okta-spring-security-oauth2\2.1.0\okta-spring-security-oauth2-2.1.0.jar;C:\Users\aashv\.m2\repository\com\okta\commons\okta-config-check\1.2.5\okta-config-check-1.2.5.jar;C:\Users\aashv\.m2\repository\com\okta\commons\okta-commons-lang\1.2.5\okta-commons-lang-1.2.5.jar;C:\Users\aashv\.m2\repository\org\springframework\security\spring-security-config\5.6.0\spring-security-config-5.6.0.jar;C:\Users\aashv\.m2\repository\org\springframework\security\spring-security-core\5.6.0\spring-security-core-5.6.0.jar;C:\Users\aashv\.m2\repository\org\springframework\security\spring-security-crypto\5.6.0\spring-security-crypto-5.6.0.jar;C:\Users\aashv\.m2\repository\org\springframework\boot\spring-boot-starter-security\2.6.1\spring-boot-starter-security-2.6.1.jar;C:\Users\aashv\.m2\repository\org\springframework\security\spring-security-web\5.6.0\spring-security-web-5.6.0.jar;C:\Users\aashv\.m2\repository\org\springframework\security\spring-security-oauth2-client\5.6.0\spring-security-oauth2-client-5.6.0.jar;C:\Users\aashv\.m2\repository\org\springframework\security\spring-security-oauth2-core\5.6.0\spring-security-oauth2-core-5.6.0.jar;C:\Users\aashv\.m2\repository\com\nimbusds\oauth2-oidc-sdk\9.19\oauth2-oidc-sdk-9.19.jar;C:\Users\aashv\.m2\repository\com\github\stephenc\jcip\jcip-annotations\1.0-1\jcip-annotations-1.0-1.jar;C:\Users\aashv\.m2\repository\com\nimbusds\content-type\2.1\content-type-2.1.jar;C:\Users\aashv\.m2\repository\net\minidev\json-smart\2.4.7\json-smart-2.4.7.jar;C:\Users\aashv\.m2\repository\net\minidev\accessors-smart\2.4.7\accessors-smart-2.4.7.jar;C:\Users\aashv\.m2\repository\org\ow2\asm\asm\9.1\asm-9.1.jar;C:\Users\aashv\.m2\repository\com\nimbusds\lang-tag\1.5\lang-tag-1.5.jar;C:\Users\aashv\.m2\repository\org\springframework\security\spring-security-oauth2-jose\5.6.0\spring-security-oauth2-jose-5.6.0.jar;C:\Users\aashv\.m2\repository\com\nimbusds\nimbus-jose-jwt\9.14\nimbus-jose-jwt-9.14.jar;C:\Users\aashv\.m2\repository\org\springframework\security\spring-security-oauth2-resource-server\5.6.0\spring-security-oauth2-resource-server-5.6.0.jar;C:\Users\aashv\.m2\repository\com\okta\spring\okta-spring-sdk\2.1.0\okta-spring-sdk-2.1.0.jar;C:\Users\aashv\.m2\repository\com\google\code\gson\gson\2.8.7\gson-2.8.7.jar;C:\Users\aashv\.m2\repository\org\json\json\20210307\json-20210307.jar;C:\Users\aashv\.m2\repository\org\springframework\boot\spring-boot-starter-tomcat\2.6.1\spring-boot-starter-tomcat-2.6.1.jar;C:\Users\aashv\.m2\repository\jakarta\annotation\jakarta.annotation-api\1.3.5\jakarta.annotation-api-1.3.5.jar;C:\Users\aashv\.m2\repository\org\apache\tomcat\embed\tomcat-embed-core\9.0.55\tomcat-embed-core-9.0.55.jar;C:\Users\aashv\.m2\repository\org\apache\tomcat\embed\tomcat-embed-el\9.0.55\tomcat-embed-el-9.0.55.jar;C:\Users\aashv\.m2\repository\org\apache\tomcat\embed\tomcat-embed-websocket\9.0.55\tomcat-embed-websocket-9.0.55.jar;C:\Users\aashv\.m2\repository\org\springframework\boot\spring-boot-starter-mail\2.6.1\spring-boot-starter-mail-2.6.1.jar;C:\Users\aashv\.m2\repository\org\springframework\spring-context-support\5.3.13\spring-context-support-5.3.13.jar;C:\Users\aashv\.m2\repository\com\sun\mail\jakarta.mail\1.6.7\jakarta.mail-1.6.7.jar;C:\Users\aashv\.m2\repository\com\sun\activation\jakarta.activation\1.2.2\jakarta.activation-1.2.2.jar;C:\Users\aashv\.m2\repository\javax\xml\bind\jaxb-api\2.3.1\jaxb-api-2.3.1.jar;C:\Users\aashv\.m2\repository\javax\activation\javax.activation-api\1.2.0\javax.activation-api-1.2.0.jar;C:\Users\aashv\.m2\repository\io\jsonwebtoken\jjwt\0.9.1\jjwt-0.9.1.jar;C:\Users\aashv\.m2\repository\com\fasterxml\jackson\core\jackson-databind\2.13.0\jackson-databind-2.13.0.jar;C:\Users\aashv\.m2\repository\com\fasterxml\jackson\core\jackson-annotations\2.13.0\jackson-annotations-2.13.0.jar;C:\Users\aashv\.m2\repository\com\fasterxml\jackson\core\jackson-core\2.13.0\jackson-core-2.13.0.jar;C:\Users\aashv\.m2\repository\org\springframework\boot\spring-boot-devtools\2.6.1\spring-boot-devtools-2.6.1.jar;C:\Users\aashv\.m2\repository\org\springframework\boot\spring-boot\2.6.1\spring-boot-2.6.1.jar;C:\Users\aashv\.m2\repository\org\springframework\boot\spring-boot-autoconfigure\2.6.1\spring-boot-autoconfigure-2.6.1.jar;C:\Users\aashv\.m2\repository\org\springframework\boot\spring-boot-starter\2.6.1\spring-boot-starter-2.6.1.jar;C:\Users\aashv\.m2\repository\org\springframework\spring-core\5.3.13\spring-core-5.3.13.jar;C:\Users\aashv\.m2\repository\org\springframework\spring-jcl\5.3.13\spring-jcl-5.3.13.jar;C:\Users\aashv\.m2\repository\org\yaml\snakeyaml\1.29\snakeyaml-1.29.jar;C:\Users\aashv\.m2\repository\org\springframework\boot\spring-boot-starter-log4j2\2.6.1\spring-boot-starter-log4j2-2.6.1.jar;C:\Users\aashv\.m2\repository\org\apache\logging\log4j\log4j-slf4j-impl\2.14.1\log4j-slf4j-impl-2.14.1.jar;C:\Users\aashv\.m2\repository\org\apache\logging\log4j\log4j-api\2.14.1\log4j-api-2.14.1.jar;C:\Users\aashv\.m2\repository\org\apache\logging\log4j\log4j-core\2.14.1\log4j-core-2.14.1.jar;C:\Users\aashv\.m2\repository\org\apache\logging\log4j\log4j-jul\2.14.1\log4j-jul-2.14.1.jar;C:\Users\aashv\.m2\repository\org\slf4j\jul-to-slf4j\1.7.32\jul-to-slf4j-1.7.32.jar;C:\Users\aashv\.m2\repository\org\apache\commons\commons-exec\1.1\commons-exec-1.1.jar;C:\Users\aashv\.m2\repository\org\apache\poi\poi\3.12\poi-3.12.jar;C:\Users\aashv\.m2\repository\commons-codec\commons-codec\1.15\commons-codec-1.15.jar;C:\Users\aashv\.m2\repository\org\apache\poi\poi-ooxml\3.12\poi-ooxml-3.12.jar;C:\Users\aashv\.m2\repository\org\apache\poi\poi-ooxml-schemas\3.12\poi-ooxml-schemas-3.12.jar;C:\Users\aashv\.m2\repository\org\apache\xmlbeans\xmlbeans\2.6.0\xmlbeans-2.6.0.jar;C:\Users\aashv\.m2\repository\stax\stax-api\1.0.1\stax-api-1.0.1.jar;C:\Users\aashv\.m2\repository\org\projectlombok\lombok\1.18.24\lombok-1.18.24.jar
Launcher Type: SUN_STANDARD

[Global flags]
     intx CICompilerCount                          = 4                                         {product} {ergonomic}
     uint ConcGCThreads                            = 3                                         {product} {ergonomic}
     uint G1ConcRefinementThreads                  = 10                                        {product} {ergonomic}
   size_t G1HeapRegionSize                         = 2097152                                   {product} {ergonomic}
    uintx GCDrainStackTargetSize                   = 64                                        {product} {ergonomic}
   size_t InitialHeapSize                          = 264241152                                 {product} {ergonomic}
     bool ManagementServer                         = true                                      {product} {command line}
   size_t MarkStackSize                            = 4194304                                   {product} {ergonomic}
   size_t MaxHeapSize                              = 4215275520                                {product} {ergonomic}
   size_t MaxNewSize                               = 2529165312                                {product} {ergonomic}
   size_t MinHeapDeltaBytes                        = 2097152                                   {product} {ergonomic}
   size_t MinHeapSize                              = 8388608                                   {product} {ergonomic}
    uintx NonNMethodCodeHeapSize                   = 4096                                   {pd product} {ergonomic}
    uintx NonProfiledCodeHeapSize                  = 0                                      {pd product} {ergonomic}
     bool ProfileInterpreter                       = false                                  {pd product} {command line}
    uintx ProfiledCodeHeapSize                     = 0                                      {pd product} {ergonomic}
     bool ShowCodeDetailsInExceptionMessages       = true                                   {manageable} {command line}
   size_t SoftMaxHeapSize                          = 4215275520                             {manageable} {ergonomic}
     intx TieredStopAtLevel                        = 1                                         {product} {command line}
     bool UseCompressedOops                        = true                           {product lp64_product} {ergonomic}
     bool UseG1GC                                  = true                                      {product} {ergonomic}
     bool UseLargePagesIndividualAllocation        = false                                  {pd product} {ergonomic}

Logging:
Log output configuration:
 #0: stdout all=warning uptime,level,tags foldmultilines=false
 #1: stderr all=off uptime,level,tags foldmultilines=false

Environment Variables:
JAVA_HOME=C:\Program Files\Java\jdk-17
PATH=D:\STS\sts-4.25.0.RELEASE\plugins\org.eclipse.justj.openjdk.hotspot.jre.full.win32.x86_64_21.0.4.v20240802-1551\jre\bin;D:/STS/sts-4.25.0.RELEASE//plugins/org.eclipse.justj.openjdk.hotspot.jre.full.win32.x86_64_21.0.4.v20240802-1551/jre/bin/server;D:/STS/sts-4.25.0.RELEASE//plugins/org.eclipse.justj.openjdk.hotspot.jre.full.win32.x86_64_21.0.4.v20240802-1551/jre/bin;C:\Program Files\Common Files\Oracle\Java\javapath;C:\Python312\Scripts\;C:\Python312\;C:\Windows\system32;C:\Windows;C:\Windows\System32\Wbem;C:\Windows\System32\WindowsPowerShell\v1.0\;C:\Windows\System32\OpenSSH\;C:\Program Files\Git\cmd;C:\Users\aashv\AppData\;C:\Program Files\nodejs\;C:\ProgramData\chocolatey\bin;C:\Program Files\PuTTY\;C:\Program Files\Java\jdk-17\bin;D:\apache-maven-3.9.9\bin;C:\Program Files\Java\jdk-17\bin;C:\Program Files\TortoiseGit\bin;C:\Users\aashv\AppData\Local\Microsoft\WindowsApps;C:\Users\aashv\AppData\npm;C:\Users\aashv\AppData\Roaming\npm;C:\Users\aashv\AppData\Local\Programs\Microsoft VS Code\bin;C:\Program Files\Java\jdk-17\bin;D:\apache-maven-3.9.9\bin;;D:\STS\sts-4.25.0.RELEASE;
USERNAME=aashv
OS=Windows_NT
PROCESSOR_IDENTIFIER=Intel64 Family 6 Model 154 Stepping 3, GenuineIntel
TMP=C:\Users\aashv\AppData\Local\Temp
TEMP=C:\Users\aashv\AppData\Local\Temp




Periodic native trim disabled

---------------  S Y S T E M  ---------------

OS:
 Windows 11 , 64 bit Build 26100 (10.0.26100.2454)
OS uptime: 2 days 23:53 hours
Hyper-V role detected

CPU: total 12 (initial active 12) (6 cores per cpu, 2 threads per core) family 6 model 154 stepping 3 microcode 0x433, cx8, cmov, fxsr, ht, mmx, 3dnowpref, sse, sse2, sse3, ssse3, sse4.1, sse4.2, popcnt, lzcnt, tsc, tscinvbit, avx, avx2, aes, erms, clmul, bmi1, bmi2, adx, sha, fma, vzeroupper, clflush, clflushopt, clwb, hv, serialize, rdtscp, rdpid, fsrm, f16c, cet_ibt, cet_ss
Processor Information for processor 0
  Max Mhz: 2000, Current Mhz: 2000, Mhz Limit: 2000
Processor Information for processor 1
  Max Mhz: 2000, Current Mhz: 1520, Mhz Limit: 2000
Processor Information for processor 2
  Max Mhz: 2000, Current Mhz: 2000, Mhz Limit: 2000
Processor Information for processor 3
  Max Mhz: 2000, Current Mhz: 2000, Mhz Limit: 2000
Processor Information for processor 4
  Max Mhz: 2000, Current Mhz: 2000, Mhz Limit: 2000
Processor Information for processor 5
  Max Mhz: 2000, Current Mhz: 2000, Mhz Limit: 2000
Processor Information for processor 6
  Max Mhz: 2000, Current Mhz: 2000, Mhz Limit: 2000
Processor Information for processor 7
  Max Mhz: 2000, Current Mhz: 1520, Mhz Limit: 2000
Processor Information for processor 8
  Max Mhz: 2000, Current Mhz: 1500, Mhz Limit: 1500
Processor Information for processor 9
  Max Mhz: 2000, Current Mhz: 1500, Mhz Limit: 1500
Processor Information for processor 10
  Max Mhz: 2000, Current Mhz: 1500, Mhz Limit: 1500
Processor Information for processor 11
  Max Mhz: 2000, Current Mhz: 1500, Mhz Limit: 1500

Memory: 4k page, system-wide physical 16076M (6147M free)
TotalPageFile size 20940M (AvailPageFile size 8392M)
current process WorkingSet (physical memory assigned to process): 282M, peak: 283M
current process commit charge ("private bytes"): 323M, peak: 365M

vm_info: OpenJDK 64-Bit Server VM (21.0.4+7-LTS) for windows-amd64 JRE (21.0.4+7-LTS), built on 2024-07-16T00:00:00Z by "admin" with MS VC++ 17.7 (VS2022)

END.
