#
# A fatal error has been detected by the Java Runtime Environment:
#
#  Internal Error (generateOopMap.cpp:2164), pid=14544, tid=18468
#  fatal error: Illegal class file encountered. Try running with -Xverify:all in method saveEmployeeBandTab2
#
# JRE version: OpenJDK Runtime Environment (16.0.2+7) (build 16.0.2+7-67)
# Java VM: OpenJDK 64-Bit Server VM (16.0.2+7-67, mixed mode, tiered, compressed oops, compressed class ptrs, g1 gc, windows-amd64)
# No core dump will be written. Minidumps are not enabled by default on client versions of Windows
#
# If you would like to submit a bug report, please visit:
#   https://bugreport.java.com/bugreport/crash.jsp
#

---------------  S U M M A R Y ------------

Command Line: -XX:+ShowCodeDetailsInExceptionMessages -agentlib:jdwp=transport=dt_socket,suspend=y,address=localhost:54833 -Dcom.sun.management.jmxremote -Dcom.sun.management.jmxremote.port=54831 -Dcom.sun.management.jmxremote.authenticate=false -Dcom.sun.management.jmxremote.ssl=false -Djava.rmi.server.hostname=localhost -Dspring.jmx.enabled=true -Dspring.application.admin.enabled=true -XX:TieredStopAtLevel=1 -Dspring.boot.project.name=hrms -javaagent:C:\Users\Atul Kumar yadav\Desktop\NHA\sts-4.11.1.RELEASE\configuration\org.eclipse.osgi\258\0\.cp\lib\javaagent-shaded.jar -Dfile.encoding=UTF-8 com.cotodel.hrms.web.config.CotoDelApplication --spring.output.ansi.enabled=always

Host: Intel(R) Core(TM) i5-1035G1 CPU @ 1.00GHz, 8 cores, 7G,  Windows 10 , 64 bit Build 22621 (10.0.22621.3527)
Time: Fri May 24 12:19:43 2024 India Standard Time elapsed time: 6625.395510 seconds (0d 1h 50m 25s)

---------------  T H R E A D  ---------------

Current thread (0x00000225a2405250):  VMThread "VM Thread" [stack: 0x00000038fbe00000,0x00000038fbf00000] [id=18468]

Stack: [0x00000038fbe00000,0x00000038fbf00000]
Native frames: (J=compiled Java code, j=interpreted, Vv=VM code, C=native code)
V  [jvm.dll+0x6681ca]
V  [jvm.dll+0x7c9e69]
V  [jvm.dll+0x7cb61e]
V  [jvm.dll+0x7cbc27]
V  [jvm.dll+0x2429b3]
V  [jvm.dll+0x330cf9]
V  [jvm.dll+0x32d1a4]
V  [jvm.dll+0x32f0db]
V  [jvm.dll+0x32f72e]
V  [jvm.dll+0x32cdaf]
V  [jvm.dll+0x32c037]
V  [jvm.dll+0x656cce]
V  [jvm.dll+0x6569d3]
V  [jvm.dll+0x61c1e8]
V  [jvm.dll+0x7c18f5]
V  [jvm.dll+0x520446]
V  [jvm.dll+0x7d00ab]
V  [jvm.dll+0x7d0da4]
V  [jvm.dll+0x7d12a9]
V  [jvm.dll+0x7d1564]
V  [jvm.dll+0x7d1630]
V  [jvm.dll+0x7795aa]
V  [jvm.dll+0x667066]
C  [ucrtbase.dll+0x29333]
C  [KERNEL32.DLL+0x1257d]
C  [ntdll.dll+0x5aa48]

VM_Operation (0x00000038fc8ff060): get/set locals, mode: safepoint, requested by thread 0x00000225a2650310


---------------  P R O C E S S  ---------------

Threads class SMR info:
_java_thread_list=0x00000225a6eca750, length=29, elements={
0x00000225a1b72f20, 0x00000225a1b73a20, 0x00000225a244b280, 0x00000225a244cba0,
0x00000225a244d4b0, 0x00000225a2450b10, 0x00000225a24544b0, 0x00000225a245ee20,
0x00000225a254fd20, 0x00000225a2650310, 0x00000225a2651200, 0x00000225a26538b0,
0x00000225a2f4a630, 0x00000225a3120770, 0x00000225a3129ea0, 0x00000225a31322c0,
0x00000225a4071d10, 0x00000225a40b24f0, 0x00000225a411bfe0, 0x00000225a6cd5ff0,
0x00000225a6cd1040, 0x00000225a6cd6a90, 0x00000225a6cd1590, 0x00000225a6cd5aa0,
0x00000225a6cd6540, 0x00000225a6ccf060, 0x00000225a6ccf5b0, 0x00000225a6cd1ae0,
0x00000225a6ccfb00
}

Java Threads: ( => current thread )
  0x00000225a1b72f20 JavaThread "Reference Handler" daemon [_thread_blocked, id=14756, stack(0x00000038fbf00000,0x00000038fc000000)]
  0x00000225a1b73a20 JavaThread "Finalizer" daemon [_thread_blocked, id=22308, stack(0x00000038fc000000,0x00000038fc100000)]
  0x00000225a244b280 JavaThread "Signal Dispatcher" daemon [_thread_blocked, id=15444, stack(0x00000038fc100000,0x00000038fc200000)]
  0x00000225a244cba0 JavaThread "Attach Listener" daemon [_thread_blocked, id=20344, stack(0x00000038fc200000,0x00000038fc300000)]
  0x00000225a244d4b0 JavaThread "Service Thread" daemon [_thread_blocked, id=21028, stack(0x00000038fc300000,0x00000038fc400000)]
  0x00000225a2450b10 JavaThread "Monitor Deflation Thread" daemon [_thread_blocked, id=14132, stack(0x00000038fc400000,0x00000038fc500000)]
  0x00000225a24544b0 JavaThread "C1 CompilerThread0" daemon [_thread_blocked, id=21468, stack(0x00000038fc500000,0x00000038fc600000)]
  0x00000225a245ee20 JavaThread "Sweeper thread" daemon [_thread_blocked, id=20536, stack(0x00000038fc600000,0x00000038fc700000)]
  0x00000225a254fd20 JavaThread "Common-Cleaner" daemon [_thread_blocked, id=12352, stack(0x00000038fc700000,0x00000038fc800000)]
  0x00000225a2650310 JavaThread "JDWP Transport Listener: dt_socket" daemon [_thread_blocked, id=20664, stack(0x00000038fc800000,0x00000038fc900000)]
  0x00000225a2651200 JavaThread "JDWP Event Helper Thread" daemon [_thread_blocked, id=21388, stack(0x00000038fc900000,0x00000038fca00000)]
  0x00000225a26538b0 JavaThread "JDWP Command Reader" daemon [_thread_in_native, id=18880, stack(0x00000038fca00000,0x00000038fcb00000)]
  0x00000225a2f4a630 JavaThread "Notification Thread" daemon [_thread_blocked, id=16760, stack(0x00000038fcb00000,0x00000038fcc00000)]
  0x00000225a3120770 JavaThread "RMI TCP Accept-0" daemon [_thread_in_native, id=20092, stack(0x00000038fcc00000,0x00000038fcd00000)]
  0x00000225a3129ea0 JavaThread "RMI TCP Accept-54831" daemon [_thread_in_native, id=20088, stack(0x00000038fcd00000,0x00000038fce00000)]
  0x00000225a31322c0 JavaThread "RMI TCP Accept-0" daemon [_thread_in_native, id=21808, stack(0x00000038fce00000,0x00000038fcf00000)]
  0x00000225a4071d10 JavaThread "RMI Scheduler(0)" daemon [_thread_blocked, id=15664, stack(0x00000038fda00000,0x00000038fdb00000)]
  0x00000225a40b24f0 JavaThread "RMI TCP Connection(idle)" daemon [_thread_blocked, id=22052, stack(0x00000038fdb00000,0x00000038fdc00000)]
  0x00000225a411bfe0 JavaThread "Live Reload Server" daemon [_thread_in_native, id=19636, stack(0x00000038fe600000,0x00000038fe700000)]
  0x00000225a6cd5ff0 JavaThread "DestroyJavaVM" [_thread_blocked, id=9088, stack(0x00000038fb800000,0x00000038fb900000)]
  0x00000225a6cd1040 JavaThread "JMX server connection timeout 59" daemon [_thread_blocked, id=21448, stack(0x00000038ff000000,0x00000038ff100000)]
  0x00000225a6cd6a90 JavaThread "http-nio-9191-exec-1" daemon [_thread_blocked, id=10680, stack(0x00000038fdf00000,0x00000038fe000000)]
  0x00000225a6cd1590 JavaThread "Log4j2-TF-31-Scheduled-15" daemon [_thread_blocked, id=15472, stack(0x00000038fe200000,0x00000038fe300000)]
  0x00000225a6cd5aa0 JavaThread "Catalina-utility-1" [_thread_blocked, id=23436, stack(0x00000038fe300000,0x00000038fe400000)]
  0x00000225a6cd6540 JavaThread "Catalina-utility-2" [_thread_blocked, id=18732, stack(0x00000038fe400000,0x00000038fe500000)]
  0x00000225a6ccf060 JavaThread "container-0" [_thread_blocked, id=10156, stack(0x00000038fe500000,0x00000038fe600000)]
  0x00000225a6ccf5b0 JavaThread "File Watcher" daemon [_thread_blocked, id=21728, stack(0x00000038fe700000,0x00000038fe800000)]
  0x00000225a6cd1ae0 JavaThread "http-nio-9191-Poller" daemon [_thread_in_native, id=24012, stack(0x00000038fe800000,0x00000038fe900000)]
  0x00000225a6ccfb00 JavaThread "http-nio-9191-Acceptor" daemon [_thread_in_native, id=25064, stack(0x00000038fe900000,0x00000038fea00000)]

Other Threads:
=>0x00000225a2405250 VMThread "VM Thread" [stack: 0x00000038fbe00000,0x00000038fbf00000] [id=18468]
  0x00000225a2685ae0 WatcherThread [stack: 0x00000038fcf00000,0x00000038fd000000] [id=20856]
  0x0000022585fc2300 GCTaskThread "GC Thread#0" [stack: 0x00000038fb900000,0x00000038fba00000] [id=14496]
  0x00000225a3263a80 GCTaskThread "GC Thread#1" [stack: 0x00000038fd000000,0x00000038fd100000] [id=21632]
  0x00000225a3198cc0 GCTaskThread "GC Thread#2" [stack: 0x00000038fd100000,0x00000038fd200000] [id=5848]
  0x00000225a3198fd0 GCTaskThread "GC Thread#3" [stack: 0x00000038fd200000,0x00000038fd300000] [id=14700]
  0x00000225a317f030 GCTaskThread "GC Thread#4" [stack: 0x00000038fd300000,0x00000038fd400000] [id=8752]
  0x00000225a317f340 GCTaskThread "GC Thread#5" [stack: 0x00000038fd400000,0x00000038fd500000] [id=13904]
  0x00000225a317f650 GCTaskThread "GC Thread#6" [stack: 0x00000038fd500000,0x00000038fd600000] [id=14044]
  0x00000225a317f960 GCTaskThread "GC Thread#7" [stack: 0x00000038fd600000,0x00000038fd700000] [id=8376]
  0x0000022585fd30c0 ConcurrentGCThread "G1 Main Marker" [stack: 0x00000038fba00000,0x00000038fbb00000] [id=20596]
  0x0000022585fd5a60 ConcurrentGCThread "G1 Conc#0" [stack: 0x00000038fbb00000,0x00000038fbc00000] [id=2800]
  0x00000225a40ece80 ConcurrentGCThread "G1 Conc#1" [stack: 0x00000038fde00000,0x00000038fdf00000] [id=15804]
  0x00000225a19b70f0 ConcurrentGCThread "G1 Refine#0" [stack: 0x00000038fbc00000,0x00000038fbd00000] [id=13224]
  0x00000225a31992e0 ConcurrentGCThread "G1 Refine#1" [stack: 0x00000038fd700000,0x00000038fd800000] [id=7772]
  0x00000225a3180070 ConcurrentGCThread "G1 Refine#2" [stack: 0x00000038fd800000,0x00000038fd900000] [id=2132]
  0x00000225a4e3e580 ConcurrentGCThread "G1 Refine#3" [stack: 0x00000038fb500000,0x00000038fb600000] [id=22180]
  0x00000225a4e3cb80 ConcurrentGCThread "G1 Refine#4" [stack: 0x00000038fb600000,0x00000038fb700000] [id=13320]
  0x00000225a4e3d200 ConcurrentGCThread "G1 Refine#5" [stack: 0x00000038fb700000,0x00000038fb800000] [id=20484]
  0x00000225a19b7a10 ConcurrentGCThread "G1 Service" [stack: 0x00000038fbd00000,0x00000038fbe00000] [id=1776]

Threads with active compile tasks:

VM state: at safepoint (normal execution)

VM Mutex/Monitor currently owned by a thread:  ([mutex/lock_event])
[0x0000022585f80460] Threads_lock - owner thread: 0x00000225a2405250

Heap address: 0x0000000084e00000, size: 1970 MB, Compressed Oops mode: 32-bit

CDS disabled.
Compressed class space mapped at: 0x0000000100000000-0x0000000140000000, reserved size: 1073741824
Narrow klass base: 0x0000000000000000, Narrow klass shift: 3, Narrow klass range: 0x140000000

GC Precious Log:
 CPUs: 8 total, 8 available
 Memory: 7879M
 Large Page Support: Disabled
 NUMA Support: Disabled
 Compressed Oops: Enabled (32-bit)
 Heap Region Size: 1M
 Heap Min Capacity: 8M
 Heap Initial Capacity: 124M
 Heap Max Capacity: 1970M
 Pre-touch: Disabled
 Parallel Workers: 8
 Concurrent Workers: 2
 Concurrent Refinement Workers: 8
 Periodic GC: Disabled

Heap:
 garbage-first heap   total 86016K, used 62147K [0x0000000084e00000, 0x0000000100000000)
  region size 1024K, 34 young (34816K), 3 survivors (3072K)
 Metaspace       used 60260K, committed 60992K, reserved 1105920K
  class space    used 7377K, committed 7680K, reserved 1048576K

Heap Regions: E=young(eden), S=young(survivor), O=old, HS=humongous(starts), HC=humongous(continues), CS=collection set, F=free, OA=open archive, CA=closed archive, TAMS=top-at-mark-start (previous, next)
|   0|0x0000000084e00000, 0x0000000084f00000, 0x0000000084f00000|100%|HS|  |TAMS 0x0000000084f00000, 0x0000000084e00000| Untracked 
|   1|0x0000000084f00000, 0x0000000084ffff90, 0x0000000085000000| 99%| O|  |TAMS 0x0000000084f00000, 0x0000000084f00000| Untracked 
|   2|0x0000000085000000, 0x0000000085100000, 0x0000000085100000|100%| O|  |TAMS 0x0000000085000000, 0x0000000085000000| Untracked 
|   3|0x0000000085100000, 0x00000000851ffff0, 0x0000000085200000| 99%| O|  |TAMS 0x0000000085100000, 0x0000000085100000| Untracked 
|   4|0x0000000085200000, 0x0000000085300000, 0x0000000085300000|100%| O|  |TAMS 0x0000000085200000, 0x0000000085200000| Untracked 
|   5|0x0000000085300000, 0x00000000853ffff0, 0x0000000085400000| 99%| O|  |TAMS 0x0000000085300000, 0x0000000085300000| Untracked 
|   6|0x0000000085400000, 0x00000000854fffd8, 0x0000000085500000| 99%| O|  |TAMS 0x0000000085400000, 0x0000000085400000| Untracked 
|   7|0x0000000085500000, 0x00000000855ffff8, 0x0000000085600000| 99%| O|  |TAMS 0x0000000085500000, 0x0000000085500000| Untracked 
|   8|0x0000000085600000, 0x00000000856fffc8, 0x0000000085700000| 99%| O|  |TAMS 0x0000000085600000, 0x0000000085600000| Untracked 
|   9|0x0000000085700000, 0x00000000857fffd8, 0x0000000085800000| 99%| O|  |TAMS 0x0000000085700000, 0x0000000085700000| Untracked 
|  10|0x0000000085800000, 0x00000000858ffff0, 0x0000000085900000| 99%| O|  |TAMS 0x0000000085800000, 0x0000000085800000| Untracked 
|  11|0x0000000085900000, 0x0000000085a00000, 0x0000000085a00000|100%| O|  |TAMS 0x0000000085900000, 0x0000000085900000| Untracked 
|  12|0x0000000085a00000, 0x0000000085affff8, 0x0000000085b00000| 99%| O|  |TAMS 0x0000000085a00000, 0x0000000085a00000| Untracked 
|  13|0x0000000085b00000, 0x0000000085bfffe8, 0x0000000085c00000| 99%| O|  |TAMS 0x0000000085b00000, 0x0000000085b00000| Untracked 
|  14|0x0000000085c00000, 0x0000000085cfffe8, 0x0000000085d00000| 99%| O|  |TAMS 0x0000000085c00000, 0x0000000085c00000| Untracked 
|  15|0x0000000085d00000, 0x0000000085dfffc0, 0x0000000085e00000| 99%| O|  |TAMS 0x0000000085d00000, 0x0000000085d00000| Untracked 
|  16|0x0000000085e00000, 0x0000000085efff58, 0x0000000085f00000| 99%| O|  |TAMS 0x0000000085e00000, 0x0000000085e00000| Untracked 
|  17|0x0000000085f00000, 0x0000000085fffff8, 0x0000000086000000| 99%| O|  |TAMS 0x0000000085f00000, 0x0000000085f00000| Untracked 
|  18|0x0000000086000000, 0x00000000860fff60, 0x0000000086100000| 99%| O|  |TAMS 0x0000000086000000, 0x0000000086000000| Untracked 
|  19|0x0000000086100000, 0x0000000086200000, 0x0000000086200000|100%| O|  |TAMS 0x0000000086100000, 0x0000000086100000| Untracked 
|  20|0x0000000086200000, 0x00000000862ffff8, 0x0000000086300000| 99%| O|  |TAMS 0x0000000086200000, 0x0000000086200000| Untracked 
|  21|0x0000000086300000, 0x00000000863ffff8, 0x0000000086400000| 99%| O|  |TAMS 0x0000000086300000, 0x0000000086300000| Untracked 
|  22|0x0000000086400000, 0x00000000864ffff0, 0x0000000086500000| 99%| O|  |TAMS 0x0000000086400000, 0x0000000086400000| Untracked 
|  23|0x0000000086500000, 0x0000000086574bd8, 0x0000000086600000| 45%| O|  |TAMS 0x0000000086500000, 0x0000000086500000| Untracked 
|  24|0x0000000086600000, 0x0000000086700000, 0x0000000086700000|100%| O|  |TAMS 0x0000000086600000, 0x0000000086600000| Untracked 
|  25|0x0000000086700000, 0x0000000086800000, 0x0000000086800000|100%| O|  |TAMS 0x0000000086700000, 0x0000000086700000| Untracked 
|  26|0x0000000086800000, 0x00000000868cd888, 0x0000000086900000| 80%| O|  |TAMS 0x0000000086800000, 0x0000000086800000| Untracked 
|  27|0x0000000086900000, 0x0000000086976800, 0x0000000086a00000| 46%| O|  |TAMS 0x0000000086900000, 0x0000000086900000| Untracked 
|  28|0x0000000086a00000, 0x0000000086a2a960, 0x0000000086b00000| 16%| O|  |TAMS 0x0000000086a00000, 0x0000000086a00000| Untracked 
|  29|0x0000000086b00000, 0x0000000086b00000, 0x0000000086c00000|  0%| F|  |TAMS 0x0000000086b00000, 0x0000000086b00000| Untracked 
|  30|0x0000000086c00000, 0x0000000086c00000, 0x0000000086d00000|  0%| F|  |TAMS 0x0000000086c00000, 0x0000000086c00000| Untracked 
|  31|0x0000000086d00000, 0x0000000086d00000, 0x0000000086e00000|  0%| F|  |TAMS 0x0000000086d00000, 0x0000000086d00000| Untracked 
|  32|0x0000000086e00000, 0x0000000086e00000, 0x0000000086f00000|  0%| F|  |TAMS 0x0000000086e00000, 0x0000000086e00000| Untracked 
|  33|0x0000000086f00000, 0x0000000086f00000, 0x0000000087000000|  0%| F|  |TAMS 0x0000000086f00000, 0x0000000086f00000| Untracked 
|  34|0x0000000087000000, 0x0000000087000000, 0x0000000087100000|  0%| F|  |TAMS 0x0000000087000000, 0x0000000087000000| Untracked 
|  35|0x0000000087100000, 0x0000000087100000, 0x0000000087200000|  0%| F|  |TAMS 0x0000000087100000, 0x0000000087100000| Untracked 
|  36|0x0000000087200000, 0x0000000087200000, 0x0000000087300000|  0%| F|  |TAMS 0x0000000087200000, 0x0000000087200000| Untracked 
|  37|0x0000000087300000, 0x0000000087300000, 0x0000000087400000|  0%| F|  |TAMS 0x0000000087300000, 0x0000000087300000| Untracked 
|  38|0x0000000087400000, 0x00000000874effc0, 0x0000000087500000| 93%| O|  |TAMS 0x0000000087400000, 0x0000000087400000| Untracked 
|  39|0x0000000087500000, 0x0000000087585fa0, 0x0000000087600000| 52%| S|CS|TAMS 0x0000000087500000, 0x0000000087500000| Complete 
|  40|0x0000000087600000, 0x0000000087657b58, 0x0000000087700000| 34%| O|  |TAMS 0x0000000087600000, 0x0000000087600000| Untracked 
|  41|0x0000000087700000, 0x0000000087800000, 0x0000000087800000|100%| S|CS|TAMS 0x0000000087700000, 0x0000000087700000| Complete 
|  42|0x0000000087800000, 0x0000000087900000, 0x0000000087900000|100%| S|CS|TAMS 0x0000000087800000, 0x0000000087800000| Complete 
|  43|0x0000000087900000, 0x0000000087900000, 0x0000000087a00000|  0%| F|  |TAMS 0x0000000087900000, 0x0000000087900000| Untracked 
|  44|0x0000000087a00000, 0x0000000087a00000, 0x0000000087b00000|  0%| F|  |TAMS 0x0000000087a00000, 0x0000000087a00000| Untracked 
|  45|0x0000000087b00000, 0x0000000087b00000, 0x0000000087c00000|  0%| F|  |TAMS 0x0000000087b00000, 0x0000000087b00000| Untracked 
|  46|0x0000000087c00000, 0x0000000087c00000, 0x0000000087d00000|  0%| F|  |TAMS 0x0000000087c00000, 0x0000000087c00000| Untracked 
|  47|0x0000000087d00000, 0x0000000087d00000, 0x0000000087e00000|  0%| F|  |TAMS 0x0000000087d00000, 0x0000000087d00000| Untracked 
|  48|0x0000000087e00000, 0x0000000087e00000, 0x0000000087f00000|  0%| F|  |TAMS 0x0000000087e00000, 0x0000000087e00000| Untracked 
|  49|0x0000000087f00000, 0x0000000087f00000, 0x0000000088000000|  0%| F|  |TAMS 0x0000000087f00000, 0x0000000087f00000| Untracked 
|  50|0x0000000088000000, 0x0000000088000000, 0x0000000088100000|  0%| F|  |TAMS 0x0000000088000000, 0x0000000088000000| Untracked 
|  51|0x0000000088100000, 0x0000000088100000, 0x0000000088200000|  0%| F|  |TAMS 0x0000000088100000, 0x0000000088100000| Untracked 
|  52|0x0000000088200000, 0x0000000088200000, 0x0000000088300000|  0%| F|  |TAMS 0x0000000088200000, 0x0000000088200000| Untracked 
|  53|0x0000000088300000, 0x00000000883a4ed0, 0x0000000088400000| 64%| E|  |TAMS 0x0000000088300000, 0x0000000088300000| Complete 
|  54|0x0000000088400000, 0x0000000088500000, 0x0000000088500000|100%| E|CS|TAMS 0x0000000088400000, 0x0000000088400000| Complete 
|  55|0x0000000088500000, 0x0000000088600000, 0x0000000088600000|100%| E|CS|TAMS 0x0000000088500000, 0x0000000088500000| Complete 
|  56|0x0000000088600000, 0x0000000088700000, 0x0000000088700000|100%| E|CS|TAMS 0x0000000088600000, 0x0000000088600000| Complete 
|  57|0x0000000088700000, 0x0000000088800000, 0x0000000088800000|100%| E|CS|TAMS 0x0000000088700000, 0x0000000088700000| Complete 
|  58|0x0000000088800000, 0x0000000088900000, 0x0000000088900000|100%| E|CS|TAMS 0x0000000088800000, 0x0000000088800000| Complete 
|  59|0x0000000088900000, 0x0000000088a00000, 0x0000000088a00000|100%| E|CS|TAMS 0x0000000088900000, 0x0000000088900000| Complete 
|  60|0x0000000088a00000, 0x0000000088b00000, 0x0000000088b00000|100%| E|CS|TAMS 0x0000000088a00000, 0x0000000088a00000| Complete 
|  61|0x0000000088b00000, 0x0000000088c00000, 0x0000000088c00000|100%| E|CS|TAMS 0x0000000088b00000, 0x0000000088b00000| Complete 
|  62|0x0000000088c00000, 0x0000000088d00000, 0x0000000088d00000|100%| E|CS|TAMS 0x0000000088c00000, 0x0000000088c00000| Complete 
|  63|0x0000000088d00000, 0x0000000088e00000, 0x0000000088e00000|100%| E|CS|TAMS 0x0000000088d00000, 0x0000000088d00000| Complete 
|  64|0x0000000088e00000, 0x0000000088f00000, 0x0000000088f00000|100%| E|CS|TAMS 0x0000000088e00000, 0x0000000088e00000| Complete 
|  65|0x0000000088f00000, 0x0000000089000000, 0x0000000089000000|100%| E|CS|TAMS 0x0000000088f00000, 0x0000000088f00000| Complete 
|  66|0x0000000089000000, 0x0000000089100000, 0x0000000089100000|100%| E|CS|TAMS 0x0000000089000000, 0x0000000089000000| Complete 
|  67|0x0000000089100000, 0x0000000089200000, 0x0000000089200000|100%| E|CS|TAMS 0x0000000089100000, 0x0000000089100000| Complete 
|  68|0x0000000089200000, 0x0000000089300000, 0x0000000089300000|100%| E|CS|TAMS 0x0000000089200000, 0x0000000089200000| Complete 
|  69|0x0000000089300000, 0x0000000089400000, 0x0000000089400000|100%| E|CS|TAMS 0x0000000089300000, 0x0000000089300000| Complete 
|  70|0x0000000089400000, 0x0000000089500000, 0x0000000089500000|100%| E|CS|TAMS 0x0000000089400000, 0x0000000089400000| Complete 
|  71|0x0000000089500000, 0x0000000089600000, 0x0000000089600000|100%| E|CS|TAMS 0x0000000089500000, 0x0000000089500000| Complete 
|  72|0x0000000089600000, 0x0000000089700000, 0x0000000089700000|100%| E|CS|TAMS 0x0000000089600000, 0x0000000089600000| Complete 
|  73|0x0000000089700000, 0x0000000089800000, 0x0000000089800000|100%| E|CS|TAMS 0x0000000089700000, 0x0000000089700000| Complete 
|  74|0x0000000089800000, 0x0000000089900000, 0x0000000089900000|100%| E|CS|TAMS 0x0000000089800000, 0x0000000089800000| Complete 
|  75|0x0000000089900000, 0x0000000089a00000, 0x0000000089a00000|100%| E|CS|TAMS 0x0000000089900000, 0x0000000089900000| Complete 
|  76|0x0000000089a00000, 0x0000000089b00000, 0x0000000089b00000|100%| E|CS|TAMS 0x0000000089a00000, 0x0000000089a00000| Complete 
|  77|0x0000000089b00000, 0x0000000089c00000, 0x0000000089c00000|100%| E|CS|TAMS 0x0000000089b00000, 0x0000000089b00000| Complete 
|  78|0x0000000089c00000, 0x0000000089d00000, 0x0000000089d00000|100%| E|CS|TAMS 0x0000000089c00000, 0x0000000089c00000| Complete 
|  79|0x0000000089d00000, 0x0000000089e00000, 0x0000000089e00000|100%| E|CS|TAMS 0x0000000089d00000, 0x0000000089d00000| Complete 
|  80|0x0000000089e00000, 0x0000000089f00000, 0x0000000089f00000|100%| E|CS|TAMS 0x0000000089e00000, 0x0000000089e00000| Complete 
|  81|0x0000000089f00000, 0x000000008a000000, 0x000000008a000000|100%| E|CS|TAMS 0x0000000089f00000, 0x0000000089f00000| Complete 
|  82|0x000000008a000000, 0x000000008a100000, 0x000000008a100000|100%| E|CS|TAMS 0x000000008a000000, 0x000000008a000000| Complete 
|  83|0x000000008a100000, 0x000000008a200000, 0x000000008a200000|100%| E|CS|TAMS 0x000000008a100000, 0x000000008a100000| Complete 

Card table byte_map: [0x000002259ab10000,0x000002259aef0000] _byte_map_base: 0x000002259a6e9000

Marking Bits (Prev, Next): (CMBitMap*) 0x0000022585fc28d0, (CMBitMap*) 0x0000022585fc2890
 Prev Bits: [0x000002259d1a0000, 0x000002259f068000)
 Next Bits: [0x000002259b2d0000, 0x000002259d198000)

Polling page: 0x0000022585e30000

Metaspace:

Usage:
  Non-class:     51.64 MB used.
      Class:      7.20 MB used.
       Both:     58.85 MB used.

Virtual space:
  Non-class space:       56.00 MB reserved,      52.06 MB ( 93%) committed,  7 nodes.
      Class space:        1.00 GB reserved,       7.50 MB ( <1%) committed,  1 nodes.
              Both:        1.05 GB reserved,      59.56 MB (  6%) committed. 

Chunk freelists:
   Non-Class:  3.75 MB
       Class:  512.00 KB
        Both:  4.25 MB

MaxMetaspaceSize: 17179869184.00 GB
CompressedClassSpaceSize: 1.00 GB
 - commit_granule_bytes: 65536.
 - commit_granule_words: 8192.
 - virtual_space_node_default_size: 1048576.
 - enlarge_chunks_in_place: 1.
 - new_chunks_are_fully_committed: 0.
 - uncommit_free_chunks: 1.
 - use_allocation_guard: 0.
 - handle_deallocations: 1.


Internal statistics:

num_allocs_failed_limit: 6.
num_arena_births: 1074.
num_arena_deaths: 204.
num_vsnodes_births: 8.
num_vsnodes_deaths: 0.
num_space_committed: 953.
num_space_uncommitted: 0.
num_chunks_returned_to_freelist: 259.
num_chunks_taken_from_freelist: 3151.
num_chunk_merges: 72.
num_chunk_splits: 1917.
num_chunks_enlarged: 1259.
num_purges: 26.

CodeHeap 'non-profiled nmethods': size=238336Kb used=19135Kb max_used=19135Kb free=219200Kb
 bounds [0x000002258b3e0000, 0x000002258c690000, 0x0000022599ca0000]
CodeHeap 'non-nmethods': size=7424Kb used=1362Kb max_used=1362Kb free=6061Kb
 bounds [0x000002258aca0000, 0x000002258af10000, 0x000002258b3e0000]
 total_blobs=11026 nmethods=10431 adapters=521
 compilation: enabled
              stopped_count=0, restarted_count=0
 full_count=0

Compilation events (20 events):
Event: 6513.926 Thread 0x00000225a24544b0 10421       1       org.springframework.security.config.annotation.AbstractConfiguredSecurityBuilder::getConfigurer (54 bytes)
Event: 6513.926 Thread 0x00000225a24544b0 nmethod 10421 0x000002258c68bd10 code [0x000002258c68bf40, 0x000002258c68c468]
Event: 6513.941 Thread 0x00000225a24544b0 10422       1       java.util.concurrent.atomic.AtomicReference::<init> (5 bytes)
Event: 6513.941 Thread 0x00000225a24544b0 nmethod 10422 0x000002258c68c810 code [0x000002258c68c9a0, 0x000002258c68ca58]
Event: 6513.954 Thread 0x00000225a24544b0 10423   !   1       org.springframework.beans.factory.support.RootBeanDefinition::isExternallyManagedInitMethod (40 bytes)
Event: 6513.954 Thread 0x00000225a24544b0 nmethod 10423 0x000002258c68cb10 code [0x000002258c68ccc0, 0x000002258c68cee8]
Event: 6513.963 Thread 0x00000225a24544b0 10424   !   1       jdk.internal.reflect.GeneratedMethodAccessor116::invoke (63 bytes)
Event: 6513.963 Thread 0x00000225a24544b0 nmethod 10424 0x000002258c68d010 code [0x000002258c68d240, 0x000002258c68d6d8]
Event: 6513.990 Thread 0x00000225a24544b0 10425       1       java.lang.Throwable::getMessage (5 bytes)
Event: 6513.990 Thread 0x00000225a24544b0 nmethod 10425 0x000002258c68da10 code [0x000002258c68dba0, 0x000002258c68dc78]
Event: 6514.012 Thread 0x00000225a24544b0 10426       1       java.util.TreeMap$KeySet::size (10 bytes)
Event: 6514.013 Thread 0x00000225a24544b0 nmethod 10426 0x000002258c68dd10 code [0x000002258c68dec0, 0x000002258c68dfa8]
Event: 6514.060 Thread 0x00000225a24544b0 10427       1       java.util.TreeMap::computeIfAbsent (214 bytes)
Event: 6514.061 Thread 0x00000225a24544b0 nmethod 10427 0x000002258c68e010 code [0x000002258c68e2a0, 0x000002258c68ea78]
Event: 6514.064 Thread 0x00000225a24544b0 10428       1       org.apache.catalina.core.StandardContext::getPath (5 bytes)
Event: 6514.064 Thread 0x00000225a24544b0 nmethod 10428 0x000002258c68ef90 code [0x000002258c68f120, 0x000002258c68f1f8]
Event: 6514.072 Thread 0x00000225a24544b0 10429       1       java.util.ArrayList::removeAll (12 bytes)
Event: 6514.072 Thread 0x00000225a24544b0 nmethod 10429 0x000002258c68f290 code [0x000002258c68f420, 0x000002258c68f528]
Event: 6535.245 Thread 0x00000225a24544b0 10430       1       java.io.InputStream::markSupported (2 bytes)
Event: 6535.246 Thread 0x00000225a24544b0 nmethod 10430 0x000002258c68f590 code [0x000002258c68f720, 0x000002258c68f7f8]

GC Heap History (20 events):
Event: 6513.543 GC heap before
{Heap before GC invocations=657 (full 13):
 garbage-first heap   total 86016K, used 67281K [0x0000000084e00000, 0x0000000100000000)
  region size 1024K, 40 young (40960K), 0 survivors (0K)
 Metaspace       used 59942K, committed 60672K, reserved 1105920K
  class space    used 7357K, committed 7680K, reserved 1048576K
}
Event: 6513.546 GC heap after
{Heap after GC invocations=658 (full 13):
 garbage-first heap   total 86016K, used 29170K [0x0000000084e00000, 0x0000000100000000)
  region size 1024K, 3 young (3072K), 3 survivors (3072K)
 Metaspace       used 59942K, committed 60672K, reserved 1105920K
  class space    used 7357K, committed 7680K, reserved 1048576K
}
Event: 6514.001 GC heap before
{Heap before GC invocations=658 (full 13):
 garbage-first heap   total 86016K, used 66034K [0x0000000084e00000, 0x0000000100000000)
  region size 1024K, 40 young (40960K), 3 survivors (3072K)
 Metaspace       used 60196K, committed 60928K, reserved 1105920K
  class space    used 7376K, committed 7680K, reserved 1048576K
}
Event: 6514.004 GC heap after
{Heap after GC invocations=659 (full 13):
 garbage-first heap   total 86016K, used 30567K [0x0000000084e00000, 0x0000000100000000)
  region size 1024K, 2 young (2048K), 2 survivors (2048K)
 Metaspace       used 60196K, committed 60928K, reserved 1105920K
  class space    used 7376K, committed 7680K, reserved 1048576K
}
Event: 6523.811 GC heap before
{Heap before GC invocations=659 (full 13):
 garbage-first heap   total 86016K, used 67431K [0x0000000084e00000, 0x0000000100000000)
  region size 1024K, 38 young (38912K), 2 survivors (2048K)
 Metaspace       used 60196K, committed 60928K, reserved 1105920K
  class space    used 7376K, committed 7680K, reserved 1048576K
}
Event: 6523.813 GC heap after
{Heap after GC invocations=660 (full 13):
 garbage-first heap   total 86016K, used 31197K [0x0000000084e00000, 0x0000000100000000)
  region size 1024K, 3 young (3072K), 3 survivors (3072K)
 Metaspace       used 60196K, committed 60928K, reserved 1105920K
  class space    used 7376K, committed 7680K, reserved 1048576K
}
Event: 6536.494 GC heap before
{Heap before GC invocations=660 (full 13):
 garbage-first heap   total 86016K, used 68061K [0x0000000084e00000, 0x0000000100000000)
  region size 1024K, 39 young (39936K), 3 survivors (3072K)
 Metaspace       used 60196K, committed 60928K, reserved 1105920K
  class space    used 7376K, committed 7680K, reserved 1048576K
}
Event: 6536.497 GC heap after
{Heap after GC invocations=661 (full 13):
 garbage-first heap   total 86016K, used 30551K [0x0000000084e00000, 0x0000000100000000)
  region size 1024K, 2 young (2048K), 2 survivors (2048K)
 Metaspace       used 60196K, committed 60928K, reserved 1105920K
  class space    used 7376K, committed 7680K, reserved 1048576K
}
Event: 6549.872 GC heap before
{Heap before GC invocations=661 (full 13):
 garbage-first heap   total 86016K, used 68439K [0x0000000084e00000, 0x0000000100000000)
  region size 1024K, 39 young (39936K), 2 survivors (2048K)
 Metaspace       used 60196K, committed 60928K, reserved 1105920K
  class space    used 7376K, committed 7680K, reserved 1048576K
}
Event: 6549.876 GC heap after
{Heap after GC invocations=662 (full 13):
 garbage-first heap   total 86016K, used 31391K [0x0000000084e00000, 0x0000000100000000)
  region size 1024K, 3 young (3072K), 3 survivors (3072K)
 Metaspace       used 60196K, committed 60928K, reserved 1105920K
  class space    used 7376K, committed 7680K, reserved 1048576K
}
Event: 6562.664 GC heap before
{Heap before GC invocations=662 (full 13):
 garbage-first heap   total 86016K, used 69279K [0x0000000084e00000, 0x0000000100000000)
  region size 1024K, 40 young (40960K), 3 survivors (3072K)
 Metaspace       used 60196K, committed 60928K, reserved 1105920K
  class space    used 7376K, committed 7680K, reserved 1048576K
}
Event: 6562.668 GC heap after
{Heap after GC invocations=663 (full 13):
 garbage-first heap   total 86016K, used 31435K [0x0000000084e00000, 0x0000000100000000)
  region size 1024K, 3 young (3072K), 3 survivors (3072K)
 Metaspace       used 60196K, committed 60928K, reserved 1105920K
  class space    used 7376K, committed 7680K, reserved 1048576K
}
Event: 6575.063 GC heap before
{Heap before GC invocations=663 (full 13):
 garbage-first heap   total 86016K, used 69323K [0x0000000084e00000, 0x0000000100000000)
  region size 1024K, 40 young (40960K), 3 survivors (3072K)
 Metaspace       used 60196K, committed 60928K, reserved 1105920K
  class space    used 7376K, committed 7680K, reserved 1048576K
}
Event: 6575.066 GC heap after
{Heap after GC invocations=664 (full 13):
 garbage-first heap   total 86016K, used 31355K [0x0000000084e00000, 0x0000000100000000)
  region size 1024K, 3 young (3072K), 3 survivors (3072K)
 Metaspace       used 60196K, committed 60928K, reserved 1105920K
  class space    used 7376K, committed 7680K, reserved 1048576K
}
Event: 6588.132 GC heap before
{Heap before GC invocations=664 (full 13):
 garbage-first heap   total 86016K, used 69243K [0x0000000084e00000, 0x0000000100000000)
  region size 1024K, 40 young (40960K), 3 survivors (3072K)
 Metaspace       used 60196K, committed 60928K, reserved 1105920K
  class space    used 7376K, committed 7680K, reserved 1048576K
}
Event: 6588.135 GC heap after
{Heap after GC invocations=665 (full 13):
 garbage-first heap   total 86016K, used 31233K [0x0000000084e00000, 0x0000000100000000)
  region size 1024K, 3 young (3072K), 3 survivors (3072K)
 Metaspace       used 60196K, committed 60928K, reserved 1105920K
  class space    used 7376K, committed 7680K, reserved 1048576K
}
Event: 6601.204 GC heap before
{Heap before GC invocations=665 (full 13):
 garbage-first heap   total 86016K, used 69121K [0x0000000084e00000, 0x0000000100000000)
  region size 1024K, 40 young (40960K), 3 survivors (3072K)
 Metaspace       used 60196K, committed 60928K, reserved 1105920K
  class space    used 7376K, committed 7680K, reserved 1048576K
}
Event: 6601.206 GC heap after
{Heap after GC invocations=666 (full 13):
 garbage-first heap   total 86016K, used 30891K [0x0000000084e00000, 0x0000000100000000)
  region size 1024K, 2 young (2048K), 2 survivors (2048K)
 Metaspace       used 60196K, committed 60928K, reserved 1105920K
  class space    used 7376K, committed 7680K, reserved 1048576K
}
Event: 6614.817 GC heap before
{Heap before GC invocations=666 (full 13):
 garbage-first heap   total 86016K, used 70827K [0x0000000084e00000, 0x0000000100000000)
  region size 1024K, 41 young (41984K), 2 survivors (2048K)
 Metaspace       used 60196K, committed 60928K, reserved 1105920K
  class space    used 7376K, committed 7680K, reserved 1048576K
}
Event: 6614.821 GC heap after
{Heap after GC invocations=667 (full 13):
 garbage-first heap   total 86016K, used 31427K [0x0000000084e00000, 0x0000000100000000)
  region size 1024K, 3 young (3072K), 3 survivors (3072K)
 Metaspace       used 60196K, committed 60928K, reserved 1105920K
  class space    used 7376K, committed 7680K, reserved 1048576K
}

Deoptimization events (20 events):
Event: 6514.050 Thread 0x00000225a6cd4ab0 DEOPT PACKING pc=0x000002258b866f54 sp=0x00000038fe1fd370
Event: 6514.050 Thread 0x00000225a6cd4ab0 DEOPT UNPACKING pc=0x000002258acee77e sp=0x00000038fe1fc8e8 mode 1
Event: 6514.051 Thread 0x00000225a6cd4ab0 DEOPT PACKING pc=0x000002258b866f54 sp=0x00000038fe1fd760
Event: 6514.051 Thread 0x00000225a6cd4ab0 DEOPT UNPACKING pc=0x000002258acee77e sp=0x00000038fe1fccc0 mode 1
Event: 6514.051 Thread 0x00000225a6cd4ab0 DEOPT PACKING pc=0x000002258bab58dc sp=0x00000038fe1fd880
Event: 6514.051 Thread 0x00000225a6cd4ab0 DEOPT UNPACKING pc=0x000002258acee77e sp=0x00000038fe1fcd40 mode 1
Event: 6514.051 Thread 0x00000225a6cd4ab0 DEOPT PACKING pc=0x000002258b866f54 sp=0x00000038fe1fd760
Event: 6514.051 Thread 0x00000225a6cd4ab0 DEOPT UNPACKING pc=0x000002258acee77e sp=0x00000038fe1fccc0 mode 1
Event: 6514.051 Thread 0x00000225a6cd4ab0 DEOPT PACKING pc=0x000002258bab58dc sp=0x00000038fe1fd880
Event: 6514.051 Thread 0x00000225a6cd4ab0 DEOPT UNPACKING pc=0x000002258acee77e sp=0x00000038fe1fcd40 mode 1
Event: 6514.052 Thread 0x00000225a6cd4ab0 DEOPT PACKING pc=0x000002258b866f54 sp=0x00000038fe1fd760
Event: 6514.052 Thread 0x00000225a6cd4ab0 DEOPT UNPACKING pc=0x000002258acee77e sp=0x00000038fe1fccc0 mode 1
Event: 6514.052 Thread 0x00000225a6cd4ab0 DEOPT PACKING pc=0x000002258bab58dc sp=0x00000038fe1fd880
Event: 6514.052 Thread 0x00000225a6cd4ab0 DEOPT UNPACKING pc=0x000002258acee77e sp=0x00000038fe1fcd40 mode 1
Event: 6514.069 Thread 0x00000225a6cd4ab0 DEOPT PACKING pc=0x000002258bc4a004 sp=0x00000038fe1fdb10
Event: 6514.069 Thread 0x00000225a6cd4ab0 DEOPT UNPACKING pc=0x000002258acee77e sp=0x00000038fe1fd078 mode 1
Event: 6514.070 Thread 0x00000225a6cd4ab0 DEOPT PACKING pc=0x000002258bc4a004 sp=0x00000038fe1fdaa0
Event: 6514.070 Thread 0x00000225a6cd4ab0 DEOPT UNPACKING pc=0x000002258acee77e sp=0x00000038fe1fd008 mode 1
Event: 6514.070 Thread 0x00000225a6cd4ab0 DEOPT PACKING pc=0x000002258bc4a004 sp=0x00000038fe1fda30
Event: 6514.070 Thread 0x00000225a6cd4ab0 DEOPT UNPACKING pc=0x000002258acee77e sp=0x00000038fe1fcf98 mode 1

Classes unloaded (20 events):
Event: 6015.252 Thread 0x00000225a2405250 Unloading class 0x0000000100102000 'jdk/internal/reflect/GeneratedSerializationConstructorAccessor30'
Event: 6015.252 Thread 0x00000225a2405250 Unloading class 0x0000000100102c00 'jdk/internal/reflect/GeneratedSerializationConstructorAccessor29'
Event: 6015.252 Thread 0x00000225a2405250 Unloading class 0x0000000100103400 'jdk/internal/reflect/GeneratedSerializationConstructorAccessor28'
Event: 6015.252 Thread 0x00000225a2405250 Unloading class 0x0000000100103c00 'jdk/internal/reflect/GeneratedSerializationConstructorAccessor27'
Event: 6015.252 Thread 0x00000225a2405250 Unloading class 0x0000000100105000 'jdk/internal/reflect/GeneratedSerializationConstructorAccessor26'
Event: 6015.252 Thread 0x00000225a2405250 Unloading class 0x00000001001a8400 'jdk/internal/reflect/GeneratedSerializationConstructorAccessor25'
Event: 6015.252 Thread 0x00000225a2405250 Unloading class 0x00000001001b4000 'jdk/internal/reflect/GeneratedSerializationConstructorAccessor24'
Event: 6015.252 Thread 0x00000225a2405250 Unloading class 0x00000001001bc400 'jdk/internal/reflect/GeneratedSerializationConstructorAccessor23'
Event: 6015.252 Thread 0x00000225a2405250 Unloading class 0x0000000100200000 'jdk/internal/reflect/GeneratedSerializationConstructorAccessor22'
Event: 6015.252 Thread 0x00000225a2405250 Unloading class 0x0000000100428400 'java/lang/invoke/LambdaForm$MH+0x0000000100428400'
Event: 6015.252 Thread 0x00000225a2405250 Unloading class 0x0000000100435c00 'java/lang/invoke/LambdaForm$MH+0x0000000100435c00'
Event: 6015.252 Thread 0x00000225a2405250 Unloading class 0x0000000100436400 'java/lang/invoke/LambdaForm$MH+0x0000000100436400'
Event: 6085.988 Thread 0x00000225a2405250 Unloading class 0x00000001006e9800 'org/apache/catalina/loader/JdbcLeakPrevention'
Event: 6182.750 Thread 0x00000225a2405250 Unloading class 0x00000001000c5c00 'org/apache/catalina/loader/JdbcLeakPrevention'
Event: 6230.515 Thread 0x00000225a2405250 Unloading class 0x000000010070ac00 'org/apache/catalina/loader/JdbcLeakPrevention'
Event: 6332.461 Thread 0x00000225a2405250 Unloading class 0x0000000100718c00 'org/apache/catalina/loader/JdbcLeakPrevention'
Event: 6332.461 Thread 0x00000225a2405250 Unloading class 0x00000001000c5c00 'org/apache/catalina/loader/JdbcLeakPrevention'
Event: 6460.919 Thread 0x00000225a2405250 Unloading class 0x000000010073c000 'org/apache/catalina/loader/JdbcLeakPrevention'
Event: 6501.209 Thread 0x00000225a2405250 Unloading class 0x0000000100758000 'org/apache/catalina/loader/JdbcLeakPrevention'
Event: 6513.111 Thread 0x00000225a2405250 Unloading class 0x0000000100768000 'org/apache/catalina/loader/JdbcLeakPrevention'

Classes redefined (20 events):
Event: 6512.187 Thread 0x00000225a2405250 redefined class name=com.cotodel.hrms.web.controller.EmployeeBandSettingController, count=3
Event: 6512.187 Thread 0x00000225a2405250 redefined class name=com.cotodel.hrms.web.controller.EmployeeBandSettingController, count=4
Event: 6512.187 Thread 0x00000225a2405250 redefined class name=com.cotodel.hrms.web.controller.EmployeeBandSettingController, count=1
Event: 6512.187 Thread 0x00000225a2405250 redefined class name=com.cotodel.hrms.web.controller.EmployeeBandSettingController, count=2
Event: 6512.187 Thread 0x00000225a2405250 redefined class name=com.cotodel.hrms.web.controller.EmployeeBandSettingController, count=8
Event: 6512.187 Thread 0x00000225a2405250 redefined class name=com.cotodel.hrms.web.controller.EmployeeBandSettingController, count=9
Event: 6624.980 Thread 0x00000225a2405250 redefined class name=com.cotodel.hrms.web.controller.EmployeeBandSettingController, count=12
Event: 6624.980 Thread 0x00000225a2405250 redefined class name=com.cotodel.hrms.web.controller.EmployeeBandSettingController, count=11
Event: 6624.981 Thread 0x00000225a2405250 redefined class name=com.cotodel.hrms.web.controller.EmployeeBandSettingController, count=12
Event: 6624.981 Thread 0x00000225a2405250 redefined class name=com.cotodel.hrms.web.controller.EmployeeBandSettingController, count=12
Event: 6624.981 Thread 0x00000225a2405250 redefined class name=com.cotodel.hrms.web.controller.EmployeeBandSettingController, count=6
Event: 6624.981 Thread 0x00000225a2405250 redefined class name=com.cotodel.hrms.web.controller.EmployeeBandSettingController, count=7
Event: 6624.981 Thread 0x00000225a2405250 redefined class name=com.cotodel.hrms.web.controller.EmployeeBandSettingController, count=8
Event: 6624.981 Thread 0x00000225a2405250 redefined class name=com.cotodel.hrms.web.controller.EmployeeBandSettingController, count=1
Event: 6624.981 Thread 0x00000225a2405250 redefined class name=com.cotodel.hrms.web.controller.EmployeeBandSettingController, count=4
Event: 6624.981 Thread 0x00000225a2405250 redefined class name=com.cotodel.hrms.web.controller.EmployeeBandSettingController, count=5
Event: 6624.981 Thread 0x00000225a2405250 redefined class name=com.cotodel.hrms.web.controller.EmployeeBandSettingController, count=2
Event: 6624.981 Thread 0x00000225a2405250 redefined class name=com.cotodel.hrms.web.controller.EmployeeBandSettingController, count=3
Event: 6624.981 Thread 0x00000225a2405250 redefined class name=com.cotodel.hrms.web.controller.EmployeeBandSettingController, count=9
Event: 6624.981 Thread 0x00000225a2405250 redefined class name=com.cotodel.hrms.web.controller.EmployeeBandSettingController, count=10

Internal exceptions (20 events):
Event: 6501.992 Thread 0x00000225a6cd3ac0 Exception <a 'java/io/FileNotFoundException'{0x0000000087a26f58}> (0x0000000087a26f58) 
thrown [t:\workspace\open\src\hotspot\share\prims\jni.cpp, line 579]
Event: 6513.096 Thread 0x00000225a6ccf060 Exception <a 'java/lang/InterruptedException'{0x0000000089f00840}: sleep interrupted> (0x0000000089f00840) 
thrown [t:\workspace\open\src\hotspot\share\prims\jvm.cpp, line 3305]
Event: 6513.165 Thread 0x00000225a6cd4ab0 Exception <a 'java/io/FileNotFoundException'{0x000000008a1c5f40}> (0x000000008a1c5f40) 
thrown [t:\workspace\open\src\hotspot\share\prims\jni.cpp, line 579]
Event: 6513.524 Thread 0x00000225a6cd4ab0 Exception <a 'java/lang/NoClassDefFoundError'{0x0000000087cd1748}: org/flywaydb/core/Flyway> (0x0000000087cd1748) 
thrown [t:\workspace\open\src\hotspot\share\oops\constantPool.cpp, line 809]
Event: 6513.525 Thread 0x00000225a6cd4ab0 Exception <a 'java/lang/NoClassDefFoundError'{0x0000000087cd1a70}: liquibase/integration/spring/SpringLiquibase> (0x0000000087cd1a70) 
thrown [t:\workspace\open\src\hotspot\share\oops\constantPool.cpp, line 809]
Event: 6513.623 Thread 0x00000225a6cd4ab0 Exception <a 'sun/nio/fs/WindowsException'{0x0000000088fb03c0}> (0x0000000088fb03c0) 
thrown [t:\workspace\open\src\hotspot\share\prims\jni.cpp, line 579]
Event: 6513.624 Thread 0x00000225a6cd4ab0 Exception <a 'sun/nio/fs/WindowsException'{0x0000000088fb0ae8}> (0x0000000088fb0ae8) 
thrown [t:\workspace\open\src\hotspot\share\prims\jni.cpp, line 579]
Event: 6513.625 Thread 0x00000225a6cd4ab0 Exception <a 'sun/nio/fs/WindowsException'{0x0000000088fb11e0}> (0x0000000088fb11e0) 
thrown [t:\workspace\open\src\hotspot\share\prims\jni.cpp, line 579]
Event: 6513.643 Thread 0x00000225a6cd4ab0 Exception <a 'java/io/FileNotFoundException'{0x0000000088ff7a48}> (0x0000000088ff7a48) 
thrown [t:\workspace\open\src\hotspot\share\prims\jni.cpp, line 579]
Event: 6513.665 Thread 0x00000225a6cd4ab0 Exception <a 'java/lang/ClassNotFoundException'{0x0000000088b7c0e8}: java/lang/ObjectCustomizer> (0x0000000088b7c0e8) 
thrown [t:\workspace\open\src\hotspot\share\classfile\systemDictionary.cpp, line 256]
Event: 6513.667 Thread 0x00000225a6cd4ab0 Exception <a 'java/lang/ClassNotFoundException'{0x0000000088b88a78}: org/springframework/security/config/annotation/web/configuration/WebSecurityConfigurerAdapterCustomizer> (0x0000000088b88a78) 
thrown [t:\workspace\open\src\hotspot\share\classfile\systemDictionary.cpp, line 256]
Event: 6513.669 Thread 0x00000225a6cd4ab0 Exception <a 'java/lang/ClassNotFoundException'{0x0000000088b9b250}: com/cotodel/hrms/web/config/LoginSecurityConfigurationCustomizer> (0x0000000088b9b250) 
thrown [t:\workspace\open\src\hotspot\share\classfile\systemDictionary.cpp, line 256]
Event: 6513.670 Thread 0x00000225a6cd4ab0 Exception <a 'java/lang/ClassNotFoundException'{0x0000000088ba84d8}: com/cotodel/hrms/web/config/LoginSecurityConfiguration$$EnhancerBySpringCGLIB$$c3deec2dCustomizer> (0x0000000088ba84d8) 
thrown [t:\workspace\open\src\hotspot\share\classfile\systemDictionary.cpp, line 256]
Event: 6513.672 Thread 0x00000225a6cd4ab0 Exception <a 'java/lang/ClassNotFoundException'{0x0000000088bbe798}: org/springframework/context/annotation/ConfigurationClassEnhancer$EnhancedConfigurationCustomizer> (0x0000000088bbe798) 
thrown [t:\workspace\open\src\hotspot\share\classfile\systemDictionary.cpp, line 256]
Event: 6513.673 Thread 0x00000225a6cd4ab0 Exception <a 'java/lang/ClassNotFoundException'{0x0000000088bc60f0}: org/springframework/beans/factory/BeanFactoryAwareCustomizer> (0x0000000088bc60f0) 
thrown [t:\workspace\open\src\hotspot\share\classfile\systemDictionary.cpp, line 256]
Event: 6513.675 Thread 0x00000225a6cd4ab0 Exception <a 'java/lang/ClassNotFoundException'{0x0000000088bceec8}: org/springframework/beans/factory/AwareCustomizer> (0x0000000088bceec8) 
thrown [t:\workspace\open\src\hotspot\share\classfile\systemDictionary.cpp, line 256]
Event: 6513.677 Thread 0x00000225a6cd4ab0 Exception <a 'java/lang/ClassNotFoundException'{0x0000000088bd6d58}: org/springframework/security/config/annotation/web/WebSecurityConfigurerCustomizer> (0x0000000088bd6d58) 
thrown [t:\workspace\open\src\hotspot\share\classfile\systemDictionary.cpp, line 256]
Event: 6513.679 Thread 0x00000225a6cd4ab0 Exception <a 'java/lang/ClassNotFoundException'{0x0000000088bded70}: org/springframework/security/config/annotation/SecurityConfigurerCustomizer> (0x0000000088bded70) 
thrown [t:\workspace\open\src\hotspot\share\classfile\systemDictionary.cpp, line 256]
Event: 6514.026 Thread 0x00000225a6cd4ab0 Exception <a 'java/io/FileNotFoundException'{0x000000008a0f26a0}> (0x000000008a0f26a0) 
thrown [t:\workspace\open\src\hotspot\share\prims\jni.cpp, line 579]
Event: 6514.026 Thread 0x00000225a6cd4ab0 Exception <a 'java/io/FileNotFoundException'{0x000000008a0f3310}> (0x000000008a0f3310) 
thrown [t:\workspace\open\src\hotspot\share\prims\jni.cpp, line 579]

Events (20 events):
Event: 6625.198 Executing  VM operation: ChangeBreakpoints done
Event: 6625.200 Executing  VM operation: ChangeBreakpoints
Event: 6625.202 Executing  VM operation: ChangeBreakpoints done
Event: 6625.204 Executing  VM operation: ChangeBreakpoints
Event: 6625.206 Executing  VM operation: ChangeBreakpoints done
Event: 6625.207 Executing  VM operation: ChangeBreakpoints
Event: 6625.210 Executing  VM operation: ChangeBreakpoints done
Event: 6625.212 Executing  VM operation: ChangeBreakpoints
Event: 6625.215 Executing  VM operation: ChangeBreakpoints done
Event: 6625.217 Executing  VM operation: ChangeBreakpoints
Event: 6625.219 Executing  VM operation: ChangeBreakpoints done
Event: 6625.221 Executing  VM operation: ChangeBreakpoints
Event: 6625.223 Executing  VM operation: ChangeBreakpoints done
Event: 6625.225 Executing  VM operation: ChangeBreakpoints
Event: 6625.228 Executing  VM operation: ChangeBreakpoints done
Event: 6625.230 Executing  VM operation: ChangeBreakpoints
Event: 6625.232 Executing  VM operation: ChangeBreakpoints done
Event: 6625.233 Executing  VM operation: ChangeBreakpoints
Event: 6625.236 Executing  VM operation: ChangeBreakpoints done
Event: 6625.390 Executing  VM operation: get/set locals


Dynamic libraries:
0x00007ff662950000 - 0x00007ff66295e000 	C:\Users\Atul Kumar yadav\Desktop\NHA\sts-4.11.1.RELEASE\plugins\org.eclipse.justj.openjdk.hotspot.jre.full.win32.x86_64_16.0.2.v20210721-1149\jre\bin\javaw.exe
0x00007ffe23770000 - 0x00007ffe23987000 	C:\WINDOWS\SYSTEM32\ntdll.dll
0x00007ffe22680000 - 0x00007ffe22744000 	C:\WINDOWS\System32\KERNEL32.DLL
0x00007ffe20c80000 - 0x00007ffe21027000 	C:\WINDOWS\System32\KERNELBASE.dll
0x00007ffe212e0000 - 0x00007ffe213f1000 	C:\WINDOWS\System32\ucrtbase.dll
0x00007ffe1a660000 - 0x00007ffe1a678000 	C:\Users\Atul Kumar yadav\Desktop\NHA\sts-4.11.1.RELEASE\plugins\org.eclipse.justj.openjdk.hotspot.jre.full.win32.x86_64_16.0.2.v20210721-1149\jre\bin\jli.dll
0x00007ffe1bce0000 - 0x00007ffe1bcf9000 	C:\Users\Atul Kumar yadav\Desktop\NHA\sts-4.11.1.RELEASE\plugins\org.eclipse.justj.openjdk.hotspot.jre.full.win32.x86_64_16.0.2.v20210721-1149\jre\bin\VCRUNTIME140.dll
0x00007ffe21ce0000 - 0x00007ffe21e8e000 	C:\WINDOWS\System32\USER32.dll
0x00007ffe21190000 - 0x00007ffe211b6000 	C:\WINDOWS\System32\win32u.dll
0x00007ffdfa400000 - 0x00007ffdfa693000 	C:\WINDOWS\WinSxS\amd64_microsoft.windows.common-controls_6595b64144ccf1df_6.0.22621.3527_none_270e469b73872a76\COMCTL32.dll
0x00007ffe21970000 - 0x00007ffe21999000 	C:\WINDOWS\System32\GDI32.dll
0x00007ffe211c0000 - 0x00007ffe212d9000 	C:\WINDOWS\System32\gdi32full.dll
0x00007ffe233d0000 - 0x00007ffe23477000 	C:\WINDOWS\System32\msvcrt.dll
0x00007ffe21400000 - 0x00007ffe2149a000 	C:\WINDOWS\System32\msvcp_win.dll
0x00007ffe22900000 - 0x00007ffe22931000 	C:\WINDOWS\System32\IMM32.DLL
0x00007ffe1bcd0000 - 0x00007ffe1bcdc000 	C:\Users\Atul Kumar yadav\Desktop\NHA\sts-4.11.1.RELEASE\plugins\org.eclipse.justj.openjdk.hotspot.jre.full.win32.x86_64_16.0.2.v20210721-1149\jre\bin\vcruntime140_1.dll
0x00007ffdbf0b0000 - 0x00007ffdbf141000 	C:\Users\Atul Kumar yadav\Desktop\NHA\sts-4.11.1.RELEASE\plugins\org.eclipse.justj.openjdk.hotspot.jre.full.win32.x86_64_16.0.2.v20210721-1149\jre\bin\msvcp140.dll
0x00007ffdbdf40000 - 0x00007ffdbeaeb000 	C:\Users\Atul Kumar yadav\Desktop\NHA\sts-4.11.1.RELEASE\plugins\org.eclipse.justj.openjdk.hotspot.jre.full.win32.x86_64_16.0.2.v20210721-1149\jre\bin\server\jvm.dll
0x00007ffe22750000 - 0x00007ffe22802000 	C:\WINDOWS\System32\ADVAPI32.dll
0x00007ffe22320000 - 0x00007ffe223c8000 	C:\WINDOWS\System32\sechost.dll
0x00007ffe210f0000 - 0x00007ffe21118000 	C:\WINDOWS\System32\bcrypt.dll
0x00007ffe214a0000 - 0x00007ffe215b5000 	C:\WINDOWS\System32\RPCRT4.dll
0x00007ffe21e90000 - 0x00007ffe21e98000 	C:\WINDOWS\System32\PSAPI.DLL
0x00007ffe00050000 - 0x00007ffe00059000 	C:\WINDOWS\SYSTEM32\WSOCK32.dll
0x00007ffe17230000 - 0x00007ffe1723a000 	C:\WINDOWS\SYSTEM32\VERSION.dll
0x00007ffe17380000 - 0x00007ffe173b4000 	C:\WINDOWS\SYSTEM32\WINMM.dll
0x00007ffe23600000 - 0x00007ffe23671000 	C:\WINDOWS\System32\WS2_32.dll
0x00007ffe1fa70000 - 0x00007ffe1fa88000 	C:\WINDOWS\SYSTEM32\kernel.appcore.dll
0x00007ffe1ba40000 - 0x00007ffe1ba4a000 	C:\Users\Atul Kumar yadav\Desktop\NHA\sts-4.11.1.RELEASE\plugins\org.eclipse.justj.openjdk.hotspot.jre.full.win32.x86_64_16.0.2.v20210721-1149\jre\bin\jimage.dll
0x00007ffe1e400000 - 0x00007ffe1e632000 	C:\WINDOWS\SYSTEM32\DBGHELP.DLL
0x00007ffe215c0000 - 0x00007ffe21948000 	C:\WINDOWS\System32\combase.dll
0x00007ffe219b0000 - 0x00007ffe21a87000 	C:\WINDOWS\System32\OLEAUT32.dll
0x00007ffe02ea0000 - 0x00007ffe02ed2000 	C:\WINDOWS\SYSTEM32\dbgcore.DLL
0x00007ffe20c00000 - 0x00007ffe20c79000 	C:\WINDOWS\System32\bcryptPrimitives.dll
0x00007ffe04010000 - 0x00007ffe0404b000 	C:\Users\Atul Kumar yadav\Desktop\NHA\sts-4.11.1.RELEASE\plugins\org.eclipse.justj.openjdk.hotspot.jre.full.win32.x86_64_16.0.2.v20210721-1149\jre\bin\jdwp.dll
0x00007ffe1b9a0000 - 0x00007ffe1b9ae000 	C:\Users\Atul Kumar yadav\Desktop\NHA\sts-4.11.1.RELEASE\plugins\org.eclipse.justj.openjdk.hotspot.jre.full.win32.x86_64_16.0.2.v20210721-1149\jre\bin\instrument.dll
0x00007ffe173e0000 - 0x00007ffe17405000 	C:\Users\Atul Kumar yadav\Desktop\NHA\sts-4.11.1.RELEASE\plugins\org.eclipse.justj.openjdk.hotspot.jre.full.win32.x86_64_16.0.2.v20210721-1149\jre\bin\java.dll
0x00007ffe19320000 - 0x00007ffe19338000 	C:\Users\Atul Kumar yadav\Desktop\NHA\sts-4.11.1.RELEASE\plugins\org.eclipse.justj.openjdk.hotspot.jre.full.win32.x86_64_16.0.2.v20210721-1149\jre\bin\zip.dll
0x00007ffe22b70000 - 0x00007ffe233cc000 	C:\WINDOWS\System32\SHELL32.dll
0x00007ffe1e980000 - 0x00007ffe1f276000 	C:\WINDOWS\SYSTEM32\windows.storage.dll
0x00007ffe1e840000 - 0x00007ffe1e97e000 	C:\WINDOWS\SYSTEM32\wintypes.dll
0x00007ffe22580000 - 0x00007ffe22675000 	C:\WINDOWS\System32\SHCORE.dll
0x00007ffe228a0000 - 0x00007ffe228fe000 	C:\WINDOWS\System32\shlwapi.dll
0x00007ffe209c0000 - 0x00007ffe209e1000 	C:\WINDOWS\SYSTEM32\profapi.dll
0x00007ffe17540000 - 0x00007ffe1754c000 	C:\Users\Atul Kumar yadav\Desktop\NHA\sts-4.11.1.RELEASE\plugins\org.eclipse.justj.openjdk.hotspot.jre.full.win32.x86_64_16.0.2.v20210721-1149\jre\bin\dt_socket.dll
0x00007ffe1f4e0000 - 0x00007ffe1f50d000 	C:\WINDOWS\SYSTEM32\IPHLPAPI.DLL
0x00007ffe1fed0000 - 0x00007ffe1ff39000 	C:\WINDOWS\system32\mswsock.dll
0x00007ffe1f550000 - 0x00007ffe1f648000 	C:\WINDOWS\SYSTEM32\DNSAPI.dll
0x00007ffe22b60000 - 0x00007ffe22b69000 	C:\WINDOWS\System32\NSI.dll
0x00007ffe05620000 - 0x00007ffe0562a000 	C:\Windows\System32\rasadhlp.dll
0x00007ffe14c80000 - 0x00007ffe14d03000 	C:\WINDOWS\System32\fwpuclnt.dll
0x00007ffe19300000 - 0x00007ffe19319000 	C:\Users\Atul Kumar yadav\Desktop\NHA\sts-4.11.1.RELEASE\plugins\org.eclipse.justj.openjdk.hotspot.jre.full.win32.x86_64_16.0.2.v20210721-1149\jre\bin\net.dll
0x00007ffe18900000 - 0x00007ffe18a36000 	C:\WINDOWS\SYSTEM32\WINHTTP.dll
0x00007ffe192e0000 - 0x00007ffe192f3000 	C:\Users\Atul Kumar yadav\Desktop\NHA\sts-4.11.1.RELEASE\plugins\org.eclipse.justj.openjdk.hotspot.jre.full.win32.x86_64_16.0.2.v20210721-1149\jre\bin\nio.dll
0x00007ffe041e0000 - 0x00007ffe041e9000 	C:\Users\Atul Kumar yadav\Desktop\NHA\sts-4.11.1.RELEASE\plugins\org.eclipse.justj.openjdk.hotspot.jre.full.win32.x86_64_16.0.2.v20210721-1149\jre\bin\management.dll
0x00007ffe03f30000 - 0x00007ffe03f3b000 	C:\Users\Atul Kumar yadav\Desktop\NHA\sts-4.11.1.RELEASE\plugins\org.eclipse.justj.openjdk.hotspot.jre.full.win32.x86_64_16.0.2.v20210721-1149\jre\bin\management_ext.dll
0x00007ffdfebf0000 - 0x00007ffdfec07000 	C:\WINDOWS\system32\napinsp.dll
0x00007ffdfe700000 - 0x00007ffdfe71b000 	C:\WINDOWS\system32\pnrpnsp.dll
0x00007ffdfe6e0000 - 0x00007ffdfe6f1000 	C:\WINDOWS\System32\winrnr.dll
0x00007ffe171b0000 - 0x00007ffe171c5000 	C:\WINDOWS\system32\wshbth.dll
0x00007ffdfdb60000 - 0x00007ffdfdb87000 	C:\WINDOWS\system32\nlansp_c.dll
0x00007ffe20220000 - 0x00007ffe2023b000 	C:\WINDOWS\SYSTEM32\CRYPTSP.dll
0x00007ffe1f9d0000 - 0x00007ffe1fa05000 	C:\WINDOWS\system32\rsaenh.dll
0x00007ffe1ff70000 - 0x00007ffe1ff98000 	C:\WINDOWS\SYSTEM32\USERENV.dll
0x00007ffe20200000 - 0x00007ffe2020c000 	C:\WINDOWS\SYSTEM32\CRYPTBASE.dll
0x00007ffe18f80000 - 0x00007ffe18f99000 	C:\WINDOWS\SYSTEM32\dhcpcsvc6.DLL
0x00007ffe17cf0000 - 0x00007ffe17d0f000 	C:\WINDOWS\SYSTEM32\dhcpcsvc.DLL
0x00007ffe192d0000 - 0x00007ffe192e0000 	C:\Users\Atul Kumar yadav\Desktop\NHA\sts-4.11.1.RELEASE\plugins\org.eclipse.justj.openjdk.hotspot.jre.full.win32.x86_64_16.0.2.v20210721-1149\jre\bin\verify.dll
0x00007ffe04880000 - 0x00007ffe0488e000 	C:\Users\Atul Kumar yadav\Desktop\NHA\sts-4.11.1.RELEASE\plugins\org.eclipse.justj.openjdk.hotspot.jre.full.win32.x86_64_16.0.2.v20210721-1149\jre\bin\sunmscapi.dll
0x00007ffe20a90000 - 0x00007ffe20bf8000 	C:\WINDOWS\System32\CRYPT32.dll
0x00007ffe20340000 - 0x00007ffe2036e000 	C:\WINDOWS\SYSTEM32\ncrypt.dll
0x00007ffe20300000 - 0x00007ffe20337000 	C:\WINDOWS\SYSTEM32\NTASN1.dll
0x00007ffe174c0000 - 0x00007ffe174c8000 	C:\WINDOWS\system32\wshunix.dll

dbghelp: loaded successfully - version: 4.0.5 - missing functions: none
symbol engine: initialized successfully - sym options: 0x614 - pdb path: .;C:\Users\Atul Kumar yadav\Desktop\NHA\sts-4.11.1.RELEASE\plugins\org.eclipse.justj.openjdk.hotspot.jre.full.win32.x86_64_16.0.2.v20210721-1149\jre\bin;C:\WINDOWS\SYSTEM32;C:\WINDOWS\WinSxS\amd64_microsoft.windows.common-controls_6595b64144ccf1df_6.0.22621.3527_none_270e469b73872a76;C:\Users\Atul Kumar yadav\Desktop\NHA\sts-4.11.1.RELEASE\plugins\org.eclipse.justj.openjdk.hotspot.jre.full.win32.x86_64_16.0.2.v20210721-1149\jre\bin\server

VM Arguments:
jvm_args: -XX:+ShowCodeDetailsInExceptionMessages -agentlib:jdwp=transport=dt_socket,suspend=y,address=localhost:54833 -Dcom.sun.management.jmxremote -Dcom.sun.management.jmxremote.port=54831 -Dcom.sun.management.jmxremote.authenticate=false -Dcom.sun.management.jmxremote.ssl=false -Djava.rmi.server.hostname=localhost -Dspring.jmx.enabled=true -Dspring.application.admin.enabled=true -XX:TieredStopAtLevel=1 -Dspring.boot.project.name=hrms -javaagent:C:\Users\Atul Kumar yadav\Desktop\NHA\sts-4.11.1.RELEASE\configuration\org.eclipse.osgi\258\0\.cp\lib\javaagent-shaded.jar -Dfile.encoding=UTF-8 
java_command: com.cotodel.hrms.web.config.CotoDelApplication --spring.output.ansi.enabled=always
java_class_path (initial): D:\COTODEL_EHRMS\hrms\target\classes;C:\Users\Atul Kumar yadav\.m2\repository\org\springframework\boot\spring-boot-starter-thymeleaf\2.6.1\spring-boot-starter-thymeleaf-2.6.1.jar;C:\Users\Atul Kumar yadav\.m2\repository\org\thymeleaf\thymeleaf-spring5\3.0.12.RELEASE\thymeleaf-spring5-3.0.12.RELEASE.jar;C:\Users\Atul Kumar yadav\.m2\repository\org\thymeleaf\thymeleaf\3.0.12.RELEASE\thymeleaf-3.0.12.RELEASE.jar;C:\Users\Atul Kumar yadav\.m2\repository\org\attoparser\attoparser\2.0.5.RELEASE\attoparser-2.0.5.RELEASE.jar;C:\Users\Atul Kumar yadav\.m2\repository\org\unbescape\unbescape\1.1.6.RELEASE\unbescape-1.1.6.RELEASE.jar;C:\Users\Atul Kumar yadav\.m2\repository\org\slf4j\slf4j-api\1.7.32\slf4j-api-1.7.32.jar;C:\Users\Atul Kumar yadav\.m2\repository\org\thymeleaf\extras\thymeleaf-extras-java8time\3.0.4.RELEASE\thymeleaf-extras-java8time-3.0.4.RELEASE.jar;C:\Users\Atul Kumar yadav\.m2\repository\org\springframework\boot\spring-boot-starter-web\2.6.1\spring-boot-starter-web-2.6.1.jar;C:\Users\Atul Kumar yadav\.m2\repository\org\springframework\boot\spring-boot-starter-json\2.6.1\spring-boot-starter-json-2.6.1.jar;C:\Users\Atul Kumar yadav\.m2\repository\com\fasterxml\jackson\datatype\jackson-datatype-jdk8\2.13.0\jackson-datatype-jdk8-2.13.0.jar;C:\Users\Atul Kumar yadav\.m2\repository\com\fasterxml\jackson\datatype\jackson-datatype-jsr310\2.13.0\jackson-datatype-jsr310-2.13.0.jar;C:\Users\Atul Kumar yadav\.m2\repository\com\fasterxml\jackson\module\jackson-module-parameter-names\2.13.0\jackson-module-parameter-names-2.13.0.jar;C:\Users\Atul Kumar yadav\.m2\repository\org\springframework\spring-web\5.3.13\spring-web-5.3.13.jar;C:\Users\Atul Kumar yadav\.m2\repository\org\springframework\spring-beans\5.3.13\spring-beans-5.3.13.jar;C:\Users\Atul Kumar yadav\.m2\repository\org\springframework\spring-webmvc\5.3.13\spring-webmvc-5.3.13.jar;C:\Users\Atul Kumar yadav\.m2\repository\org\springframework\spring-aop\5.3.13\spring-aop-5.3.13.jar;C:\Use
Launcher Type: SUN_STANDARD

[Global flags]
     intx CICompilerCount                          = 4                                         {product} {ergonomic}
     uint ConcGCThreads                            = 2                                         {product} {ergonomic}
     uint G1ConcRefinementThreads                  = 8                                         {product} {ergonomic}
   size_t G1HeapRegionSize                         = 1048576                                   {product} {ergonomic}
    uintx GCDrainStackTargetSize                   = 64                                        {product} {ergonomic}
   size_t InitialHeapSize                          = 130023424                                 {product} {ergonomic}
     bool ManagementServer                         = true                                      {product} {command line}
   size_t MarkStackSize                            = 4194304                                   {product} {ergonomic}
   size_t MaxHeapSize                              = 2065694720                                {product} {ergonomic}
   size_t MaxNewSize                               = 1239416832                                {product} {ergonomic}
   size_t MinHeapDeltaBytes                        = 1048576                                   {product} {ergonomic}
   size_t MinHeapSize                              = 8388608                                   {product} {ergonomic}
    uintx NonNMethodCodeHeapSize                   = 7549744                                {pd product} {ergonomic}
    uintx NonProfiledCodeHeapSize                  = 244108496                              {pd product} {ergonomic}
    uintx ProfiledCodeHeapSize                     = 0                                      {pd product} {ergonomic}
    uintx ReservedCodeCacheSize                    = 251658240                              {pd product} {ergonomic}
     bool SegmentedCodeCache                       = true                                      {product} {ergonomic}
     bool ShowCodeDetailsInExceptionMessages       = true                                   {manageable} {command line}
   size_t SoftMaxHeapSize                          = 2065694720                             {manageable} {ergonomic}
     intx TieredStopAtLevel                        = 1                                         {product} {command line}
     bool UseCompressedClassPointers               = true                           {product lp64_product} {ergonomic}
     bool UseCompressedOops                        = true                           {product lp64_product} {ergonomic}
     bool UseG1GC                                  = true                                      {product} {ergonomic}
     bool UseLargePagesIndividualAllocation        = false                                  {pd product} {ergonomic}

Logging:
Log output configuration:
 #0: stdout all=warning uptime,level,tags
 #1: stderr all=off uptime,level,tags

Environment Variables:
JAVA_HOME=C:\Program Files\Java\jdk-17
PATH=C:\Users\Atul Kumar yadav\Desktop\NHA\sts-4.11.1.RELEASE\plugins\org.eclipse.justj.openjdk.hotspot.jre.full.win32.x86_64_16.0.2.v20210721-1149\jre\bin;C:/Users/Atul Kumar yadav/Desktop/NHA/sts-4.11.1.RELEASE//plugins/org.eclipse.justj.openjdk.hotspot.jre.full.win32.x86_64_16.0.2.v20210721-1149/jre/bin/server;C:/Users/Atul Kumar yadav/Desktop/NHA/sts-4.11.1.RELEASE//plugins/org.eclipse.justj.openjdk.hotspot.jre.full.win32.x86_64_16.0.2.v20210721-1149/jre/bin;C:\Program Files\Common Files\Oracle\Java\javapath;C:\Program Files (x86)\Common Files\Oracle\Java\javapath;C:\WINDOWS\system32;C:\WINDOWS;C:\WINDOWS\System32\Wbem;C:\WINDOWS\System32\WindowsPowerShell\v1.0\;C:\WINDOWS\System32\OpenSSH\;C:\Program Files (x86)\Microsoft SQL Server\150\DTS\Binn\;D:\apache-maven-3.8.2\bin;C:\Program Files\Java\jdk1.8.0_301\bin;C:\Program Files (x86)\Windows Kits\8.1\Windows Performance Toolkit\;C:\Program Files\Microsoft SQL Server\110\Tools\Binn\;C:\Program Files (x86)\Microsoft SDKs\TypeScript\1.0\;C:\Program Files\Microsoft SQL Server\120\Tools\Binn\;C:\Windows\Microsoft.NET\Framework\v4.0.30319;D:\Hadoop\hadoop-2.10.1\bin;C:\Program Files\Java\jdk-17\bin;C:\ProgramData\chocolatey\bin;C:\Program Files\nodejs\;C:\Program Files\wkhtmltopdf\bin;C:\Program Files\Git\cmd;C:\Program Files\Docker\Docker\resources\bin;C:\Program Files (x86)\Bitvise SSH Client;C:\Program Files\HP\HP One Agent;C:\Program Files\TortoiseGit\bin;C:\Users\Atul Kumar yadav\AppData\Local\Microsoft\WindowsApps;D:\Hadoop\hadoop-2.10.1\bin;C:\Program Files\Java\jdk-17\bin;C:\Users\Atul Kumar yadav\AppData\Local\Programs\Microsoft VS Code\bin;C:\Users\Atul Kumar yadav\AppData\Roaming\npm;C:\Program Files\MongoDB\Server\6.0\bin;C:\Users\Atul Kumar yadav\AppData\Local\GitHubDesktop\bin;C:\Users\Atul Kumar yadav\Desktop\NHA\sts-4.11.1.RELEASE;
USERNAME=Atul Kumar yadav
OS=Windows_NT
PROCESSOR_IDENTIFIER=Intel64 Family 6 Model 126 Stepping 5, GenuineIntel



---------------  S Y S T E M  ---------------

OS:
 Windows 10 , 64 bit Build 22621 (10.0.22621.3527)
OS uptime: 0 days 20:31 hours
Hyper-V role detected

CPU: total 8 (initial active 8) (4 cores per cpu, 2 threads per core) family 6 model 126 stepping 5 microcode 0xbc, cx8, cmov, fxsr, ht, mmx, 3dnowpref, sse, sse2, sse3, ssse3, sse4.1, sse4.2, popcnt, lzcnt, tsc, tscinvbit, avx, avx2, aes, erms, clmul, bmi1, bmi2, adx, avx512f, avx512dq, avx512cd, avx512bw, avx512vl, sha, fma, vzeroupper, avx512_vpopcntdq, avx512_vpclmulqdq, avx512_vaes, avx512_vnni, clflush, clflushopt, avx512_vmbi2, avx512_vmbi, hv

Memory: 4k page, system-wide physical 7879M (601M free)
TotalPageFile size 20679M (AvailPageFile size 6995M)
current process WorkingSet (physical memory assigned to process): 228M, peak: 243M
current process commit charge ("private bytes"): 268M, peak: 326M

vm_info: OpenJDK 64-Bit Server VM (16.0.2+7-67) for windows-amd64 JRE (16.0.2+7-67), built on Jun  8 2021 23:21:43 by "mach5one" with MS VC++ 16.7 (VS2019)

END.
