#
# A fatal error has been detected by the Java Runtime Environment:
#
#  EXCEPTION_ACCESS_VIOLATION (0xc0000005) at pc=0x00007fff42b18fee, pid=31228, tid=33260
#
# JRE version: OpenJDK Runtime Environment (16.0.2+7) (build 16.0.2+7-67)
# Java VM: OpenJDK 64-Bit Server VM (16.0.2+7-67, mixed mode, tiered, compressed oops, compressed class ptrs, g1 gc, windows-amd64)
# Problematic frame:
# V  [jvm.dll+0x658fee]
#
# No core dump will be written. Minidumps are not enabled by default on client versions of Windows
#
# If you would like to submit a bug report, please visit:
#   https://bugreport.java.com/bugreport/crash.jsp
#

---------------  S U M M A R Y ------------

Command Line: -XX:+ShowCodeDetailsInExceptionMessages -agentlib:jdwp=transport=dt_socket,suspend=y,address=localhost:49520 -Dcom.sun.management.jmxremote -Dcom.sun.management.jmxremote.port=49512 -Dcom.sun.management.jmxremote.authenticate=false -Dcom.sun.management.jmxremote.ssl=false -Djava.rmi.server.hostname=localhost -Dspring.jmx.enabled=true -Dspring.application.admin.enabled=true -XX:TieredStopAtLevel=1 -Dspring.boot.project.name=cotoDel -javaagent:C:\Users\Atul Kumar yadav\Desktop\NHA\sts-4.11.1.RELEASE\configuration\org.eclipse.osgi\258\0\.cp\lib\javaagent-shaded.jar -Dfile.encoding=UTF-8 com.cotodel.CotoDelApplication --spring.output.ansi.enabled=always

Host: Intel(R) Core(TM) i5-1035G1 CPU @ 1.00GHz, 8 cores, 7G,  Windows 10 , 64 bit Build 22621 (10.0.22621.2506)
Time: Fri Jan 19 09:57:02 2024 India Standard Time elapsed time: 61052.089670 seconds (0d 16h 57m 32s)

---------------  T H R E A D  ---------------

Current thread (0x0000015d85623cd0):  JavaThread "JDWP Transport Listener: dt_socket" daemon [_thread_in_vm, id=33260, stack(0x00000041ffe00000,0x00000041fff00000)]

Stack: [0x00000041ffe00000,0x00000041fff00000],  sp=0x00000041ffeff070,  free space=1020k
Native frames: (J=compiled Java code, j=interpreted, Vv=VM code, C=native code)
V  [jvm.dll+0x658fee]
V  [jvm.dll+0x658f96]
V  [jvm.dll+0x404094]
V  [jvm.dll+0x3e3c6b]
C  [jdwp.dll+0xc7c4]


siginfo: EXCEPTION_ACCESS_VIOLATION (0xc0000005), writing address 0x0000000000000238


Register to memory mapping:

RIP=0x00007fff42b18fee jvm.dll
RAX=0x0000000000000001 is an unknown value
RBX=0x0 is NULL
RCX=0x0 is NULL
RDX=0x0000000400000000 is an unknown value
RSP=0x00000041ffeff070 is pointing into the stack for thread: 0x0000015d85623cd0
RBP=0x0000000400000000 is an unknown value
RSI=0x0 is NULL
RDI=0x0000015d8491b450 points into unknown readable memory: 0x0000015d849230a0 | a0 30 92 84 5d 01 00 00
R8 =0x0000015d8491b450 points into unknown readable memory: 0x0000015d849230a0 | a0 30 92 84 5d 01 00 00
R9 =0x0000000000000001 is an unknown value
R10=0x0000000000000003 is an unknown value
R11=0x00000041ffeff178 is pointing into the stack for thread: 0x0000015d85623cd0
R12=0x0 is NULL
R13=0x0 is NULL
R14=0x0000000000000004 is an unknown value
R15=0x000000000000000b is an unknown value


Registers:
RAX=0x0000000000000001, RBX=0x0000000000000000, RCX=0x0000000000000000, RDX=0x0000000400000000
RSP=0x00000041ffeff070, RBP=0x0000000400000000, RSI=0x0000000000000000, RDI=0x0000015d8491b450
R8 =0x0000015d8491b450, R9 =0x0000000000000001, R10=0x0000000000000003, R11=0x00000041ffeff178
R12=0x0000000000000000, R13=0x0000000000000000, R14=0x0000000000000004, R15=0x000000000000000b
RIP=0x00007fff42b18fee, EFLAGS=0x0000000000010202

Top of Stack: (sp=0x00000041ffeff070)
0x00000041ffeff070:   0000015d86c62aef 00007fff000000dc
0x00000041ffeff080:   0000000000000000 00007fff42775b22
0x00000041ffeff090:   0000015d86c60140 00007fffdfbaab11
0x00000041ffeff0a0:   0000015d86c63140 0000015de8990000
0x00000041ffeff0b0:   0000015d848b7ec0 0000000000000000
0x00000041ffeff0c0:   0000000000000000 00007fff42682ce6
0x00000041ffeff0d0:   000000000000000b 0000000000000004
0x00000041ffeff0e0:   0000000000000000 0000000000000000
0x00000041ffeff0f0:   0000015d86c62af0 00007fffdfbaab11
0x00000041ffeff100:   0000015d86c62ae0 0000015de8990000
0x00000041ffeff110:   0000015d85623fe0 0000000000000000
0x00000041ffeff120:   0000000000000000 0000015d848b7ec0
0x00000041ffeff130:   00004bc319f50062 00007fff42b18c5f
0x00000041ffeff140:   0000000000000004 0000015d8491b450
0x00000041ffeff150:   0000000000000000 0000015d85623fe0
0x00000041ffeff160:   0000002bb0dfbe22 00007fff42b18f96 

Instructions: (pc=0x00007fff42b18fee)
0x00007fff42b18eee:   18 48 85 c0 75 06 48 89 5f 10 eb 0e 48 89 98 28
0x00007fff42b18efe:   02 00 00 48 89 83 20 02 00 00 48 8b 74 24 30 48
0x00007fff42b18f0e:   89 5f 18 48 83 3d c7 3a 49 00 00 74 12 48 8b 17
0x00007fff42b18f1e:   48 8d 0d 6b 96 2d 00 4c 8b c3 e8 93 f1 ff ff 48
0x00007fff42b18f2e:   8b 5c 24 38 b0 01 48 83 c4 20 5f c3 cc cc cc cc
0x00007fff42b18f3e:   cc cc 48 89 5c 24 08 48 89 74 24 10 57 48 83 ec
0x00007fff42b18f4e:   20 48 8b da 48 8b f9 e8 c6 fc ff ff 48 83 3d 0e
0x00007fff42b18f5e:   3a 49 00 00 48 8b f0 74 12 48 8b 17 48 8d 0d 47
0x00007fff42b18f6e:   96 2d 00 4c 8b c3 e8 87 f1 ff ff 48 2b de ba 01
0x00007fff42b18f7e:   00 00 00 48 c1 fb 03 4c 8b c7 0f b6 cb 48 d3 e2
0x00007fff42b18f8e:   48 8b ce e8 2a 00 00 00 48 c7 c0 ff ff ff ff f0
0x00007fff42b18f9e:   48 0f c1 47 40 48 8b 5c 24 30 48 8b 74 24 38 48
0x00007fff42b18fae:   83 c4 20 5f c3 cc cc cc cc cc cc cc cc cc cc cc
0x00007fff42b18fbe:   cc cc 40 53 55 56 57 41 56 48 81 ec d0 00 00 00
0x00007fff42b18fce:   48 8b 05 33 7d 44 00 48 33 c4 48 89 84 24 c0 00
0x00007fff42b18fde:   00 00 49 8b f8 48 8b ea 48 8b d9 b8 01 00 00 00
0x00007fff42b18fee:   f0 48 0f c1 81 38 02 00 00 48 8b b1 00 02 00 00
0x00007fff42b18ffe:   48 8b ca 48 33 ce 48 8b c6 f0 48 0f b1 8b 00 02
0x00007fff42b1900e:   00 00 74 17 48 8b cd 48 8b f0 48 33 c8 f0 48 0f
0x00007fff42b1901e:   b1 8b 00 02 00 00 48 3b c6 75 e9 4c 8b f6 49 f7
0x00007fff42b1902e:   d6 48 3b ee 74 09 4d 85 f6 0f 85 13 01 00 00 48
0x00007fff42b1903e:   83 3d 9b 39 49 00 00 0f 84 81 00 00 00 ba 50 00
0x00007fff42b1904e:   00 00 48 8d 4c 24 20 e8 26 fb 00 00 48 8d 05 af
0x00007fff42b1905e:   9f 24 00 48 8d 4c 24 58 48 89 44 24 20 e8 f0 68
0x00007fff42b1906e:   f0 ff c7 84 24 b0 00 00 00 01 00 00 00 48 8d 05
0x00007fff42b1907e:   2e 39 49 00 48 89 84 24 b8 00 00 00 4d 85 f6 75
0x00007fff42b1908e:   17 4c 8b 07 48 8d 15 97 94 2d 00 4c 8b cb 48 8d
0x00007fff42b1909e:   4c 24 20 e8 5a 12 01 00 48 3b ee 75 17 4c 8b 07
0x00007fff42b190ae:   48 8d 15 9b 94 2d 00 4c 8b cb 48 8d 4c 24 20 e8
0x00007fff42b190be:   3e 12 01 00 48 8d 4c 24 20 e8 b4 68 f0 ff 33 c0
0x00007fff42b190ce:   f0 48 0f b1 9b 30 02 00 00 75 77 48 8b 47 20 48
0x00007fff42b190de:   85 c0 48 8b c8 48 0f 44 cb 48 89 8b 30 02 00 00 


Stack slot to memory mapping:
stack at sp + 0 slots: 0x0000015d86c62aef points into unknown readable memory: 80
stack at sp + 1 slots: 0x00007fff000000dc is an unknown value
stack at sp + 2 slots: 0x0 is NULL
stack at sp + 3 slots: 0x00007fff42775b22 jvm.dll
stack at sp + 4 slots: 0x0000015d86c60140 points into unknown readable memory: 0x0000015d898dadc0 | c0 ad 8d 89 5d 01 00 00
stack at sp + 5 slots: 0x00007fffdfbaab11 ntdll.dll
stack at sp + 6 slots: 0x0000015d86c63140 points into unknown readable memory: 0x3a3204152d04367e | 7e 36 04 2d 15 04 32 3a
stack at sp + 7 slots: 0x0000015de8990000 points into unknown readable memory: 0x0000000000000000 | 00 00 00 00 00 00 00 00


---------------  P R O C E S S  ---------------

Threads class SMR info:
_java_thread_list=0x0000015d8a2f8360, length=58, elements={
0x0000015d85412370, 0x0000015d854132d0, 0x0000015d849494e0, 0x0000015d85426080,
0x0000015d854275b0, 0x0000015d8542bd70, 0x0000015d8542ffe0, 0x0000015d8543a950,
0x0000015d8542ed40, 0x0000015d85623cd0, 0x0000015d85625dc0, 0x0000015d8542cd60,
0x0000015d8542c2c0, 0x0000015d8542c810, 0x0000015d8542e7f0, 0x0000015d86067220,
0x0000015d86064250, 0x0000015d86068760, 0x0000015d86066230, 0x0000015d860637b0,
0x0000015d86068210, 0x0000015d86062270, 0x0000015d86064cf0, 0x0000015d86063d00,
0x0000015d860627c0, 0x0000015d86066cd0, 0x0000015d86063260, 0x0000015d86067770,
0x0000015d860647a0, 0x0000015d86062d10, 0x0000015d86065790, 0x0000015d8542d2b0,
0x0000015d86065240, 0x0000015d86067cc0, 0x0000015d875fc320, 0x0000015d875f58e0,
0x0000015d875fb330, 0x0000015d875fcdc0, 0x0000015d875fd310, 0x0000015d8a7c50a0,
0x0000015d8a7c4b50, 0x0000015d8a7c55f0, 0x0000015d8a7c5b40, 0x0000015d8a206ba0,
0x0000015d8a6e4e50, 0x0000015d8a31a040, 0x0000015d8b82b600, 0x0000015d8a207b90,
0x0000015d8a2bafd0, 0x0000015d8a2bb520, 0x0000015d8a2b9540, 0x0000015d8a2b9fe0,
0x0000015d8a2080e0, 0x0000015d8b82a0c0, 0x0000015d8b82a610, 0x0000015d8b82ab60,
0x0000015d8a2c4850, 0x0000015d8ba5ec60
}

Java Threads: ( => current thread )
  0x0000015d85412370 JavaThread "Reference Handler" daemon [_thread_blocked, id=19232, stack(0x00000041ff500000,0x00000041ff600000)]
  0x0000015d854132d0 JavaThread "Finalizer" daemon [_thread_blocked, id=11008, stack(0x00000041ff600000,0x00000041ff700000)]
  0x0000015d849494e0 JavaThread "Signal Dispatcher" daemon [_thread_blocked, id=28716, stack(0x00000041ff700000,0x00000041ff800000)]
  0x0000015d85426080 JavaThread "Attach Listener" daemon [_thread_blocked, id=27168, stack(0x00000041ff800000,0x00000041ff900000)]
  0x0000015d854275b0 JavaThread "Service Thread" daemon [_thread_blocked, id=29756, stack(0x00000041ff900000,0x00000041ffa00000)]
  0x0000015d8542bd70 JavaThread "Monitor Deflation Thread" daemon [_thread_blocked, id=26188, stack(0x00000041ffa00000,0x00000041ffb00000)]
  0x0000015d8542ffe0 JavaThread "C1 CompilerThread0" daemon [_thread_blocked, id=25472, stack(0x00000041ffb00000,0x00000041ffc00000)]
  0x0000015d8543a950 JavaThread "Sweeper thread" daemon [_thread_blocked, id=31064, stack(0x00000041ffc00000,0x00000041ffd00000)]
  0x0000015d8542ed40 JavaThread "Common-Cleaner" daemon [_thread_blocked, id=14288, stack(0x00000041ffd00000,0x00000041ffe00000)]
=>0x0000015d85623cd0 JavaThread "JDWP Transport Listener: dt_socket" daemon [_thread_in_vm, id=33260, stack(0x00000041ffe00000,0x00000041fff00000)]
  0x0000015d85625dc0 JavaThread "JDWP Event Helper Thread" daemon [_thread_blocked, id=23936, stack(0x00000041fff00000,0x0000004200000000)]
  0x0000015d8542cd60 JavaThread "Notification Thread" daemon [_thread_blocked, id=26576, stack(0x0000004180100000,0x0000004180200000)]
  0x0000015d8542c2c0 JavaThread "RMI TCP Accept-0" daemon [_thread_in_native, id=20020, stack(0x0000004180200000,0x0000004180300000)]
  0x0000015d8542c810 JavaThread "RMI TCP Accept-49512" daemon [_thread_in_native, id=22452, stack(0x0000004180300000,0x0000004180400000)]
  0x0000015d8542e7f0 JavaThread "RMI Scheduler(0)" daemon [_thread_blocked, id=23676, stack(0x0000004180500000,0x0000004180600000)]
  0x0000015d86067220 JavaThread "RMI TCP Accept-0" daemon [_thread_in_native, id=25632, stack(0x0000004180800000,0x0000004180900000)]
  0x0000015d86064250 JavaThread "Live Reload Server" daemon [_thread_in_native, id=31604, stack(0x0000004181c00000,0x0000004181d00000)]
  0x0000015d86068760 JavaThread "DestroyJavaVM" [_thread_blocked, id=33172, stack(0x00000041fee00000,0x00000041fef00000)]
  0x0000015d86066230 JavaThread "File Watcher" daemon [_thread_blocked, id=29052, stack(0x0000004180400000,0x0000004180500000)]
  0x0000015d860637b0 JavaThread "File Watcher" daemon [_thread_blocked, id=2028, stack(0x0000004181300000,0x0000004181400000)]
  0x0000015d86068210 JavaThread "File Watcher" daemon [_thread_blocked, id=32740, stack(0x0000004181700000,0x0000004181800000)]
  0x0000015d86062270 JavaThread "File Watcher" daemon [_thread_blocked, id=33288, stack(0x0000004181800000,0x0000004181900000)]
  0x0000015d86064cf0 JavaThread "File Watcher" daemon [_thread_blocked, id=16524, stack(0x0000004181900000,0x0000004181a00000)]
  0x0000015d86063d00 JavaThread "File Watcher" daemon [_thread_blocked, id=29496, stack(0x0000004180600000,0x0000004180700000)]
  0x0000015d860627c0 JavaThread "File Watcher" daemon [_thread_blocked, id=2680, stack(0x0000004181500000,0x0000004181600000)]
  0x0000015d86066cd0 JavaThread "File Watcher" daemon [_thread_blocked, id=9816, stack(0x0000004181a00000,0x0000004181b00000)]
  0x0000015d86063260 JavaThread "File Watcher" daemon [_thread_blocked, id=9976, stack(0x0000004181d00000,0x0000004181e00000)]
  0x0000015d86067770 JavaThread "File Watcher" daemon [_thread_blocked, id=13252, stack(0x0000004181e00000,0x0000004181f00000)]
  0x0000015d860647a0 JavaThread "File Watcher" daemon [_thread_blocked, id=29644, stack(0x0000004181b00000,0x0000004181c00000)]
  0x0000015d86062d10 JavaThread "File Watcher" daemon [_thread_blocked, id=33340, stack(0x0000004181f00000,0x0000004182000000)]
  0x0000015d86065790 JavaThread "File Watcher" daemon [_thread_blocked, id=23720, stack(0x0000004182000000,0x0000004182100000)]
  0x0000015d8542d2b0 JavaThread "File Watcher" daemon [_thread_blocked, id=2592, stack(0x0000004182300000,0x0000004182400000)]
  0x0000015d86065240 JavaThread "File Watcher" daemon [_thread_blocked, id=28936, stack(0x0000004182400000,0x0000004182500000)]
  0x0000015d86067cc0 JavaThread "File Watcher" daemon [_thread_blocked, id=33604, stack(0x0000004182200000,0x0000004182300000)]
  0x0000015d875fc320 JavaThread "File Watcher" daemon [_thread_blocked, id=24692, stack(0x0000004182900000,0x0000004182a00000)]
  0x0000015d875f58e0 JavaThread "File Watcher" daemon [_thread_blocked, id=30476, stack(0x0000004182a00000,0x0000004182b00000)]
  0x0000015d875fb330 JavaThread "File Watcher" daemon [_thread_blocked, id=20104, stack(0x0000004182500000,0x0000004182600000)]
  0x0000015d875fcdc0 JavaThread "File Watcher" daemon [_thread_blocked, id=21896, stack(0x0000004182700000,0x0000004182800000)]
  0x0000015d875fd310 JavaThread "File Watcher" daemon [_thread_blocked, id=15096, stack(0x0000004182800000,0x0000004182900000)]
  0x0000015d8a7c50a0 JavaThread "Log4j2-TF-83-Scheduled-41" daemon [_thread_blocked, id=32300, stack(0x0000004182e00000,0x0000004182f00000)]
  0x0000015d8a7c4b50 JavaThread "Catalina-utility-1" [_thread_blocked, id=22292, stack(0x0000004181600000,0x0000004181700000)]
  0x0000015d8a7c55f0 JavaThread "Catalina-utility-2" [_thread_blocked, id=30220, stack(0x0000004182600000,0x0000004182700000)]
  0x0000015d8a7c5b40 JavaThread "container-21" [_thread_blocked, id=23200, stack(0x0000004182b00000,0x0000004182c00000)]
  0x0000015d8a206ba0 JavaThread "File Watcher" daemon [_thread_blocked, id=29936, stack(0x0000004183000000,0x0000004183100000)]
  0x0000015d8a6e4e50 JavaThread "http-nio-9090-Poller" daemon [_thread_in_native, id=32996, stack(0x0000004183100000,0x0000004183200000)]
  0x0000015d8a31a040 JavaThread "http-nio-9090-Acceptor" daemon [_thread_in_native, id=1292, stack(0x0000004183200000,0x0000004183300000)]
  0x0000015d8b82b600 JavaThread "http-nio-9090-exec-1" daemon [_thread_blocked, id=33404, stack(0x0000004182f00000,0x0000004183000000)]
  0x0000015d8a207b90 JavaThread "http-nio-9090-exec-2" daemon [_thread_blocked, id=1856, stack(0x0000004182c00000,0x0000004182d00000)]
  0x0000015d8a2bafd0 JavaThread "http-nio-9090-exec-3" daemon [_thread_blocked, id=32536, stack(0x0000004183400000,0x0000004183500000)]
  0x0000015d8a2bb520 JavaThread "http-nio-9090-exec-4" daemon [_thread_blocked, id=33008, stack(0x0000004183700000,0x0000004183800000)]
  0x0000015d8a2b9540 JavaThread "http-nio-9090-exec-5" daemon [_thread_blocked, id=20380, stack(0x0000004183800000,0x0000004183900000)]
  0x0000015d8a2b9fe0 JavaThread "http-nio-9090-exec-6" daemon [_thread_blocked, id=22952, stack(0x0000004183900000,0x0000004183a00000)]
  0x0000015d8a2080e0 JavaThread "http-nio-9090-exec-7" daemon [_thread_blocked, id=24684, stack(0x0000004183a00000,0x0000004183b00000)]
  0x0000015d8b82a0c0 JavaThread "http-nio-9090-exec-8" daemon [_thread_blocked, id=14764, stack(0x0000004183b00000,0x0000004183c00000)]
  0x0000015d8b82a610 JavaThread "http-nio-9090-exec-9" daemon [_thread_blocked, id=18880, stack(0x0000004183c00000,0x0000004183d00000)]
  0x0000015d8b82ab60 JavaThread "http-nio-9090-exec-10" daemon [_thread_blocked, id=28952, stack(0x0000004183d00000,0x0000004183e00000)]
  0x0000015d8a2c4850 JavaThread "RMI TCP Connection(idle)" daemon [_thread_blocked, id=35560, stack(0x0000004180700000,0x0000004180800000)]
  0x0000015d8ba5ec60 JavaThread "JMX server connection timeout 564" daemon [_thread_blocked, id=35568, stack(0x0000004183600000,0x0000004183700000)]

Other Threads:
  0x0000015d84910020 VMThread "VM Thread" [stack: 0x00000041ff400000,0x00000041ff500000] [id=32552] _threads_hazard_ptr=0x0000015d8a2f8360
  0x0000015d860d4b00 WatcherThread [stack: 0x0000004180900000,0x0000004180a00000] [id=27564]
  0x0000015deaca4530 GCTaskThread "GC Thread#0" [stack: 0x00000041fef00000,0x00000041ff000000] [id=33064]
  0x0000015d860a64e0 GCTaskThread "GC Thread#1" [stack: 0x0000004180a00000,0x0000004180b00000] [id=16028]
  0x0000015d860a7000 GCTaskThread "GC Thread#2" [stack: 0x0000004180b00000,0x0000004180c00000] [id=9004]
  0x0000015d860a7720 GCTaskThread "GC Thread#3" [stack: 0x0000004180c00000,0x0000004180d00000] [id=21440]
  0x0000015d860a7e40 GCTaskThread "GC Thread#4" [stack: 0x0000004180d00000,0x0000004180e00000] [id=4428]
  0x0000015d860a8150 GCTaskThread "GC Thread#5" [stack: 0x0000004180e00000,0x0000004180f00000] [id=33144]
  0x0000015d860a8460 GCTaskThread "GC Thread#6" [stack: 0x0000004180f00000,0x0000004181000000] [id=31756]
  0x0000015d860aa780 GCTaskThread "GC Thread#7" [stack: 0x0000004181000000,0x0000004181100000] [id=9064]
  0x0000015deacb52f0 ConcurrentGCThread "G1 Main Marker" [stack: 0x00000041ff000000,0x00000041ff100000] [id=33744]
  0x0000015deacb6c90 ConcurrentGCThread "G1 Conc#0" [stack: 0x00000041ff100000,0x00000041ff200000] [id=30416]
  0x0000015d870b5c20 ConcurrentGCThread "G1 Conc#1" [stack: 0x0000004181400000,0x0000004181500000] [id=21292]
  0x0000015dead1e3f0 ConcurrentGCThread "G1 Refine#0" [stack: 0x00000041ff200000,0x00000041ff300000] [id=29888]
  0x0000015d856d9cb0 ConcurrentGCThread "G1 Refine#1" [stack: 0x0000004181100000,0x0000004181200000] [id=33396]
  0x0000015d856d9ff0 ConcurrentGCThread "G1 Refine#2" [stack: 0x0000004181200000,0x0000004181300000] [id=31008]
  0x0000015d847620a0 ConcurrentGCThread "G1 Service" [stack: 0x00000041ff300000,0x00000041ff400000] [id=32436]

Threads with active compile tasks:

VM state: synchronizing (normal execution)

VM Mutex/Monitor currently owned by a thread:  ([mutex/lock_event])
[0x0000015deac56730] Threads_lock - owner thread: 0x0000015d84910020
[0x0000015deac56220] Heap_lock - owner thread: 0x0000015d86066cd0

Heap address: 0x0000000084e00000, size: 1970 MB, Compressed Oops mode: 32-bit

CDS disabled.
Compressed class space mapped at: 0x0000000100000000-0x0000000140000000, reserved size: 1073741824
Narrow klass base: 0x0000000000000000, Narrow klass shift: 3, Narrow klass range: 0x140000000

GC Precious Log:
 CPUs: 8 total, 8 available
 Memory: 7879M
 Large Page Support: Disabled
 NUMA Support: Disabled
 Compressed Oops: Enabled (32-bit)
 Heap Region Size: 1M
 Heap Min Capacity: 8M
 Heap Initial Capacity: 124M
 Heap Max Capacity: 1970M
 Pre-touch: Disabled
 Parallel Workers: 8
 Concurrent Workers: 2
 Concurrent Refinement Workers: 8
 Periodic GC: Disabled

Heap:
 garbage-first heap   total 270336K, used 203444K [0x0000000084e00000, 0x0000000100000000)
  region size 1024K, 68 young (69632K), 10 survivors (10240K)
 Metaspace       used 57077K, committed 58816K, reserved 1105920K
  class space    used 7132K, committed 7808K, reserved 1048576K

Heap Regions: E=young(eden), S=young(survivor), O=old, HS=humongous(starts), HC=humongous(continues), CS=collection set, F=free, OA=open archive, CA=closed archive, TAMS=top-at-mark-start (previous, next)
|   0|0x0000000084e00000, 0x0000000084f00000, 0x0000000084f00000|100%|HS|  |TAMS 0x0000000084f00000, 0x0000000084e00000| Complete 
|   1|0x0000000084f00000, 0x0000000085000000, 0x0000000085000000|100%| O|  |TAMS 0x0000000085000000, 0x0000000084f00000| Untracked 
|   2|0x0000000085000000, 0x00000000850ffff8, 0x0000000085100000| 99%| O|  |TAMS 0x00000000850ffff8, 0x0000000085000000| Untracked 
|   3|0x0000000085100000, 0x0000000085200000, 0x0000000085200000|100%| O|  |TAMS 0x0000000085200000, 0x0000000085100000| Untracked 
|   4|0x0000000085200000, 0x00000000852ffff8, 0x0000000085300000| 99%| O|  |TAMS 0x00000000852ffff8, 0x0000000085200000| Untracked 
|   5|0x0000000085300000, 0x0000000085400000, 0x0000000085400000|100%| O|  |TAMS 0x0000000085400000, 0x0000000085300000| Untracked 
|   6|0x0000000085400000, 0x00000000854ffff8, 0x0000000085500000| 99%| O|  |TAMS 0x00000000854ffff8, 0x0000000085400000| Untracked 
|   7|0x0000000085500000, 0x0000000085600000, 0x0000000085600000|100%| O|  |TAMS 0x0000000085600000, 0x0000000085500000| Untracked 
|   8|0x0000000085600000, 0x00000000856ffff0, 0x0000000085700000| 99%| O|  |TAMS 0x00000000856ffff0, 0x0000000085600000| Untracked 
|   9|0x0000000085700000, 0x00000000857ffff0, 0x0000000085800000| 99%| O|  |TAMS 0x00000000857ffff0, 0x0000000085700000| Untracked 
|  10|0x0000000085800000, 0x0000000085900000, 0x0000000085900000|100%| O|  |TAMS 0x0000000085900000, 0x0000000085800000| Untracked 
|  11|0x0000000085900000, 0x0000000085a00000, 0x0000000085a00000|100%| O|  |TAMS 0x0000000085a00000, 0x0000000085900000| Untracked 
|  12|0x0000000085a00000, 0x0000000085affff8, 0x0000000085b00000| 99%| O|  |TAMS 0x0000000085affff8, 0x0000000085a00000| Untracked 
|  13|0x0000000085b00000, 0x0000000085bffff8, 0x0000000085c00000| 99%| O|  |TAMS 0x0000000085bffff8, 0x0000000085b00000| Untracked 
|  14|0x0000000085c00000, 0x0000000085cfffd0, 0x0000000085d00000| 99%| O|  |TAMS 0x0000000085cfffd0, 0x0000000085c00000| Untracked 
|  15|0x0000000085d00000, 0x0000000085dffff0, 0x0000000085e00000| 99%| O|  |TAMS 0x0000000085dffff0, 0x0000000085d00000| Untracked 
|  16|0x0000000085e00000, 0x0000000085f00000, 0x0000000085f00000|100%| O|  |TAMS 0x0000000085f00000, 0x0000000085e00000| Untracked 
|  17|0x0000000085f00000, 0x0000000086000000, 0x0000000086000000|100%| O|  |TAMS 0x0000000086000000, 0x0000000085f00000| Untracked 
|  18|0x0000000086000000, 0x00000000860ffff8, 0x0000000086100000| 99%| O|  |TAMS 0x00000000860ffff8, 0x0000000086000000| Untracked 
|  19|0x0000000086100000, 0x00000000861ffff8, 0x0000000086200000| 99%| O|  |TAMS 0x00000000861ffff8, 0x0000000086100000| Untracked 
|  20|0x0000000086200000, 0x0000000086300000, 0x0000000086300000|100%| O|  |TAMS 0x0000000086300000, 0x0000000086200000| Untracked 
|  21|0x0000000086300000, 0x00000000863ffff8, 0x0000000086400000| 99%| O|  |TAMS 0x00000000863ffff8, 0x0000000086300000| Untracked 
|  22|0x0000000086400000, 0x00000000864fffc0, 0x0000000086500000| 99%| O|  |TAMS 0x00000000864fffc0, 0x0000000086400000| Untracked 
|  23|0x0000000086500000, 0x0000000086600000, 0x0000000086600000|100%| O|  |TAMS 0x0000000086600000, 0x0000000086500000| Untracked 
|  24|0x0000000086600000, 0x00000000866fffc0, 0x0000000086700000| 99%| O|  |TAMS 0x00000000866fffc0, 0x0000000086600000| Untracked 
|  25|0x0000000086700000, 0x00000000867fffe0, 0x0000000086800000| 99%| O|  |TAMS 0x00000000867fffe0, 0x0000000086700000| Untracked 
|  26|0x0000000086800000, 0x00000000868fffe8, 0x0000000086900000| 99%| O|  |TAMS 0x00000000868fffe8, 0x0000000086800000| Untracked 
|  27|0x0000000086900000, 0x0000000086a00000, 0x0000000086a00000|100%| O|  |TAMS 0x0000000086a00000, 0x0000000086900000| Untracked 
|  28|0x0000000086a00000, 0x0000000086b00000, 0x0000000086b00000|100%| O|  |TAMS 0x0000000086b00000, 0x0000000086a00000| Untracked 
|  29|0x0000000086b00000, 0x0000000086bfffa0, 0x0000000086c00000| 99%| O|  |TAMS 0x0000000086bfffa0, 0x0000000086b00000| Untracked 
|  30|0x0000000086c00000, 0x0000000086cffff0, 0x0000000086d00000| 99%| O|  |TAMS 0x0000000086cffff0, 0x0000000086c00000| Untracked 
|  31|0x0000000086d00000, 0x0000000086e00000, 0x0000000086e00000|100%| O|  |TAMS 0x0000000086e00000, 0x0000000086d00000| Untracked 
|  32|0x0000000086e00000, 0x0000000086effff8, 0x0000000086f00000| 99%| O|  |TAMS 0x0000000086effff8, 0x0000000086e00000| Untracked 
|  33|0x0000000086f00000, 0x0000000086fffff8, 0x0000000087000000| 99%| O|  |TAMS 0x0000000086fffff8, 0x0000000086f00000| Untracked 
|  34|0x0000000087000000, 0x00000000870fffb0, 0x0000000087100000| 99%| O|  |TAMS 0x00000000870fffb0, 0x0000000087000000| Untracked 
|  35|0x0000000087100000, 0x00000000871ffff8, 0x0000000087200000| 99%| O|  |TAMS 0x00000000871ffff8, 0x0000000087100000| Untracked 
|  36|0x0000000087200000, 0x00000000872fffb8, 0x0000000087300000| 99%| O|  |TAMS 0x00000000872fffb8, 0x0000000087200000| Untracked 
|  37|0x0000000087300000, 0x0000000087400000, 0x0000000087400000|100%| O|  |TAMS 0x0000000087300000, 0x0000000087300000| Untracked 
|  38|0x0000000087400000, 0x00000000874fffe8, 0x0000000087500000| 99%| O|  |TAMS 0x00000000874fffe8, 0x0000000087400000| Untracked 
|  39|0x0000000087500000, 0x0000000087600000, 0x0000000087600000|100%| O|  |TAMS 0x0000000087500000, 0x0000000087500000| Untracked 
|  40|0x0000000087600000, 0x0000000087700000, 0x0000000087700000|100%| O|  |TAMS 0x0000000087600000, 0x0000000087600000| Untracked 
|  41|0x0000000087700000, 0x0000000087800000, 0x0000000087800000|100%| O|  |TAMS 0x0000000087700000, 0x0000000087700000| Untracked 
|  42|0x0000000087800000, 0x0000000087900000, 0x0000000087900000|100%| O|  |TAMS 0x0000000087800000, 0x0000000087800000| Untracked 
|  43|0x0000000087900000, 0x0000000087a00000, 0x0000000087a00000|100%| O|  |TAMS 0x0000000087900000, 0x0000000087900000| Untracked 
|  44|0x0000000087a00000, 0x0000000087b00000, 0x0000000087b00000|100%| O|  |TAMS 0x0000000087a00000, 0x0000000087a00000| Untracked 
|  45|0x0000000087b00000, 0x0000000087c00000, 0x0000000087c00000|100%| O|  |TAMS 0x0000000087b00000, 0x0000000087b00000| Untracked 
|  46|0x0000000087c00000, 0x0000000087d00000, 0x0000000087d00000|100%| O|  |TAMS 0x0000000087c00000, 0x0000000087c00000| Untracked 
|  47|0x0000000087d00000, 0x0000000087e00000, 0x0000000087e00000|100%| O|  |TAMS 0x0000000087d00000, 0x0000000087d00000| Untracked 
|  48|0x0000000087e00000, 0x0000000087f00000, 0x0000000087f00000|100%| O|  |TAMS 0x0000000087e00000, 0x0000000087e00000| Untracked 
|  49|0x0000000087f00000, 0x0000000088000000, 0x0000000088000000|100%| O|  |TAMS 0x0000000087f00000, 0x0000000087f00000| Untracked 
|  50|0x0000000088000000, 0x0000000088100000, 0x0000000088100000|100%| O|  |TAMS 0x0000000088000000, 0x0000000088000000| Untracked 
|  51|0x0000000088100000, 0x0000000088200000, 0x0000000088200000|100%| O|  |TAMS 0x0000000088100000, 0x0000000088100000| Untracked 
|  52|0x0000000088200000, 0x0000000088300000, 0x0000000088300000|100%| O|  |TAMS 0x0000000088200000, 0x0000000088200000| Untracked 
|  53|0x0000000088300000, 0x0000000088400000, 0x0000000088400000|100%| O|  |TAMS 0x0000000088300000, 0x0000000088300000| Untracked 
|  54|0x0000000088400000, 0x0000000088500000, 0x0000000088500000|100%| O|  |TAMS 0x0000000088400000, 0x0000000088400000| Untracked 
|  55|0x0000000088500000, 0x0000000088600000, 0x0000000088600000|100%| O|  |TAMS 0x0000000088500000, 0x0000000088500000| Untracked 
|  56|0x0000000088600000, 0x0000000088700000, 0x0000000088700000|100%| O|  |TAMS 0x0000000088600000, 0x0000000088600000| Untracked 
|  57|0x0000000088700000, 0x0000000088800000, 0x0000000088800000|100%| O|  |TAMS 0x0000000088700000, 0x0000000088700000| Untracked 
|  58|0x0000000088800000, 0x0000000088900000, 0x0000000088900000|100%| O|  |TAMS 0x0000000088800000, 0x0000000088800000| Untracked 
|  59|0x0000000088900000, 0x0000000088a00000, 0x0000000088a00000|100%| O|  |TAMS 0x0000000088900000, 0x0000000088900000| Untracked 
|  60|0x0000000088a00000, 0x0000000088b00000, 0x0000000088b00000|100%| O|  |TAMS 0x0000000088a00000, 0x0000000088a00000| Untracked 
|  61|0x0000000088b00000, 0x0000000088c00000, 0x0000000088c00000|100%| O|  |TAMS 0x0000000088b00000, 0x0000000088b00000| Untracked 
|  62|0x0000000088c00000, 0x0000000088d00000, 0x0000000088d00000|100%| O|  |TAMS 0x0000000088c00000, 0x0000000088c00000| Untracked 
|  63|0x0000000088d00000, 0x0000000088e00000, 0x0000000088e00000|100%| O|  |TAMS 0x0000000088d00000, 0x0000000088d00000| Untracked 
|  64|0x0000000088e00000, 0x0000000088f00000, 0x0000000088f00000|100%| O|  |TAMS 0x0000000088e00000, 0x0000000088e00000| Untracked 
|  65|0x0000000088f00000, 0x0000000089000000, 0x0000000089000000|100%| O|  |TAMS 0x0000000088f00000, 0x0000000088f00000| Untracked 
|  66|0x0000000089000000, 0x0000000089100000, 0x0000000089100000|100%| O|  |TAMS 0x0000000089000000, 0x0000000089000000| Untracked 
|  67|0x0000000089100000, 0x0000000089200000, 0x0000000089200000|100%| O|  |TAMS 0x0000000089100000, 0x0000000089100000| Untracked 
|  68|0x0000000089200000, 0x0000000089300000, 0x0000000089300000|100%| O|  |TAMS 0x0000000089200000, 0x0000000089200000| Untracked 
|  69|0x0000000089300000, 0x0000000089400000, 0x0000000089400000|100%| O|  |TAMS 0x0000000089300000, 0x0000000089300000| Untracked 
|  70|0x0000000089400000, 0x0000000089500000, 0x0000000089500000|100%| O|  |TAMS 0x0000000089400000, 0x0000000089400000| Untracked 
|  71|0x0000000089500000, 0x0000000089600000, 0x0000000089600000|100%| O|  |TAMS 0x0000000089500000, 0x0000000089500000| Untracked 
|  72|0x0000000089600000, 0x0000000089700000, 0x0000000089700000|100%| O|  |TAMS 0x0000000089600000, 0x0000000089600000| Untracked 
|  73|0x0000000089700000, 0x0000000089800000, 0x0000000089800000|100%| O|  |TAMS 0x0000000089700000, 0x0000000089700000| Untracked 
|  74|0x0000000089800000, 0x0000000089900000, 0x0000000089900000|100%| O|  |TAMS 0x0000000089800000, 0x0000000089800000| Untracked 
|  75|0x0000000089900000, 0x0000000089a00000, 0x0000000089a00000|100%| O|  |TAMS 0x0000000089900000, 0x0000000089900000| Untracked 
|  76|0x0000000089a00000, 0x0000000089b00000, 0x0000000089b00000|100%| O|  |TAMS 0x0000000089a00000, 0x0000000089a00000| Untracked 
|  77|0x0000000089b00000, 0x0000000089c00000, 0x0000000089c00000|100%| O|  |TAMS 0x0000000089b00000, 0x0000000089b00000| Untracked 
|  78|0x0000000089c00000, 0x0000000089d00000, 0x0000000089d00000|100%| O|  |TAMS 0x0000000089c00000, 0x0000000089c00000| Untracked 
|  79|0x0000000089d00000, 0x0000000089e00000, 0x0000000089e00000|100%| O|  |TAMS 0x0000000089d00000, 0x0000000089d00000| Untracked 
|  80|0x0000000089e00000, 0x0000000089f00000, 0x0000000089f00000|100%| O|  |TAMS 0x0000000089e00000, 0x0000000089e00000| Untracked 
|  81|0x0000000089f00000, 0x000000008a000000, 0x000000008a000000|100%| O|  |TAMS 0x0000000089f00000, 0x0000000089f00000| Untracked 
|  82|0x000000008a000000, 0x000000008a100000, 0x000000008a100000|100%| O|  |TAMS 0x000000008a000000, 0x000000008a000000| Untracked 
|  83|0x000000008a100000, 0x000000008a200000, 0x000000008a200000|100%| O|  |TAMS 0x000000008a100000, 0x000000008a100000| Untracked 
|  84|0x000000008a200000, 0x000000008a300000, 0x000000008a300000|100%| O|  |TAMS 0x000000008a200000, 0x000000008a200000| Untracked 
|  85|0x000000008a300000, 0x000000008a400000, 0x000000008a400000|100%| O|  |TAMS 0x000000008a300000, 0x000000008a300000| Untracked 
|  86|0x000000008a400000, 0x000000008a500000, 0x000000008a500000|100%| O|  |TAMS 0x000000008a400000, 0x000000008a400000| Untracked 
|  87|0x000000008a500000, 0x000000008a600000, 0x000000008a600000|100%| O|  |TAMS 0x000000008a500000, 0x000000008a500000| Untracked 
|  88|0x000000008a600000, 0x000000008a700000, 0x000000008a700000|100%| O|  |TAMS 0x000000008a600000, 0x000000008a600000| Untracked 
|  89|0x000000008a700000, 0x000000008a800000, 0x000000008a800000|100%| O|  |TAMS 0x000000008a700000, 0x000000008a700000| Untracked 
|  90|0x000000008a800000, 0x000000008a900000, 0x000000008a900000|100%| O|  |TAMS 0x000000008a800000, 0x000000008a800000| Untracked 
|  91|0x000000008a900000, 0x000000008aa00000, 0x000000008aa00000|100%| O|  |TAMS 0x000000008a900000, 0x000000008a900000| Untracked 
|  92|0x000000008aa00000, 0x000000008ab00000, 0x000000008ab00000|100%| O|  |TAMS 0x000000008ab00000, 0x000000008aa00000| Untracked 
|  93|0x000000008ab00000, 0x000000008ac00000, 0x000000008ac00000|100%| O|  |TAMS 0x000000008ab00000, 0x000000008ab00000| Untracked 
|  94|0x000000008ac00000, 0x000000008ad00000, 0x000000008ad00000|100%| O|  |TAMS 0x000000008ac00000, 0x000000008ac00000| Untracked 
|  95|0x000000008ad00000, 0x000000008ae00000, 0x000000008ae00000|100%| O|  |TAMS 0x000000008ae00000, 0x000000008ad00000| Untracked 
|  96|0x000000008ae00000, 0x000000008af00000, 0x000000008af00000|100%| O|  |TAMS 0x000000008af00000, 0x000000008ae00000| Untracked 
|  97|0x000000008af00000, 0x000000008b000000, 0x000000008b000000|100%| O|  |TAMS 0x000000008af00000, 0x000000008af00000| Untracked 
|  98|0x000000008b000000, 0x000000008b100000, 0x000000008b100000|100%| O|  |TAMS 0x000000008b100000, 0x000000008b000000| Untracked 
|  99|0x000000008b100000, 0x000000008b200000, 0x000000008b200000|100%| O|  |TAMS 0x000000008b100000, 0x000000008b100000| Untracked 
| 100|0x000000008b200000, 0x000000008b300000, 0x000000008b300000|100%| O|  |TAMS 0x000000008b300000, 0x000000008b200000| Untracked 
| 101|0x000000008b300000, 0x000000008b400000, 0x000000008b400000|100%| O|  |TAMS 0x000000008b300000, 0x000000008b300000| Untracked 
| 102|0x000000008b400000, 0x000000008b500000, 0x000000008b500000|100%| O|  |TAMS 0x000000008b400000, 0x000000008b400000| Untracked 
| 103|0x000000008b500000, 0x000000008b600000, 0x000000008b600000|100%| O|  |TAMS 0x000000008b500000, 0x000000008b500000| Untracked 
| 104|0x000000008b600000, 0x000000008b700000, 0x000000008b700000|100%| O|  |TAMS 0x000000008b600000, 0x000000008b600000| Untracked 
| 105|0x000000008b700000, 0x000000008b800000, 0x000000008b800000|100%| O|  |TAMS 0x000000008b700000, 0x000000008b700000| Untracked 
| 106|0x000000008b800000, 0x000000008b900000, 0x000000008b900000|100%| O|  |TAMS 0x000000008b800000, 0x000000008b800000| Untracked 
| 107|0x000000008b900000, 0x000000008ba00000, 0x000000008ba00000|100%| O|  |TAMS 0x000000008b900000, 0x000000008b900000| Untracked 
| 108|0x000000008ba00000, 0x000000008bb00000, 0x000000008bb00000|100%| O|  |TAMS 0x000000008ba00000, 0x000000008ba00000| Untracked 
| 109|0x000000008bb00000, 0x000000008bc00000, 0x000000008bc00000|100%| O|  |TAMS 0x000000008bb00000, 0x000000008bb00000| Untracked 
| 110|0x000000008bc00000, 0x000000008bd00000, 0x000000008bd00000|100%| O|  |TAMS 0x000000008bc00000, 0x000000008bc00000| Untracked 
| 111|0x000000008bd00000, 0x000000008be00000, 0x000000008be00000|100%| O|  |TAMS 0x000000008be00000, 0x000000008bd00000| Untracked 
| 112|0x000000008be00000, 0x000000008bf00000, 0x000000008bf00000|100%| O|  |TAMS 0x000000008bf00000, 0x000000008be00000| Untracked 
| 113|0x000000008bf00000, 0x000000008c000000, 0x000000008c000000|100%| O|  |TAMS 0x000000008c000000, 0x000000008bf00000| Untracked 
| 114|0x000000008c000000, 0x000000008c100000, 0x000000008c100000|100%| O|  |TAMS 0x000000008c100000, 0x000000008c000000| Untracked 
| 115|0x000000008c100000, 0x000000008c200000, 0x000000008c200000|100%| O|  |TAMS 0x000000008c200000, 0x000000008c100000| Untracked 
| 116|0x000000008c200000, 0x000000008c2ad600, 0x000000008c300000| 67%| O|  |TAMS 0x000000008c200000, 0x000000008c200000| Untracked 
| 117|0x000000008c300000, 0x000000008c300000, 0x000000008c400000|  0%| F|  |TAMS 0x000000008c300000, 0x000000008c300000| Untracked 
| 118|0x000000008c400000, 0x000000008c400000, 0x000000008c500000|  0%| F|  |TAMS 0x000000008c400000, 0x000000008c400000| Untracked 
| 119|0x000000008c500000, 0x000000008c500000, 0x000000008c600000|  0%| F|  |TAMS 0x000000008c500000, 0x000000008c500000| Untracked 
| 120|0x000000008c600000, 0x000000008c700000, 0x000000008c700000|100%| O|  |TAMS 0x000000008c700000, 0x000000008c600000| Untracked 
| 121|0x000000008c700000, 0x000000008c700000, 0x000000008c800000|  0%| F|  |TAMS 0x000000008c700000, 0x000000008c700000| Untracked 
| 122|0x000000008c800000, 0x000000008c800000, 0x000000008c900000|  0%| F|  |TAMS 0x000000008c800000, 0x000000008c800000| Untracked 
| 123|0x000000008c900000, 0x000000008c900000, 0x000000008ca00000|  0%| F|  |TAMS 0x000000008c900000, 0x000000008c900000| Untracked 
| 124|0x000000008ca00000, 0x000000008ca00000, 0x000000008cb00000|  0%| F|  |TAMS 0x000000008ca00000, 0x000000008ca00000| Untracked 
| 125|0x000000008cb00000, 0x000000008cb00000, 0x000000008cc00000|  0%| F|  |TAMS 0x000000008cb00000, 0x000000008cb00000| Untracked 
| 126|0x000000008cc00000, 0x000000008cc00000, 0x000000008cd00000|  0%| F|  |TAMS 0x000000008cc00000, 0x000000008cc00000| Untracked 
| 127|0x000000008cd00000, 0x000000008cd00000, 0x000000008ce00000|  0%| F|  |TAMS 0x000000008cd00000, 0x000000008cd00000| Untracked 
| 128|0x000000008ce00000, 0x000000008ce00000, 0x000000008cf00000|  0%| F|  |TAMS 0x000000008ce00000, 0x000000008ce00000| Untracked 
| 129|0x000000008cf00000, 0x000000008cf00000, 0x000000008d000000|  0%| F|  |TAMS 0x000000008cf00000, 0x000000008cf00000| Untracked 
| 130|0x000000008d000000, 0x000000008d000000, 0x000000008d100000|  0%| F|  |TAMS 0x000000008d000000, 0x000000008d000000| Untracked 
| 131|0x000000008d100000, 0x000000008d100000, 0x000000008d200000|  0%| F|  |TAMS 0x000000008d100000, 0x000000008d100000| Untracked 
| 132|0x000000008d200000, 0x000000008d200000, 0x000000008d300000|  0%| F|  |TAMS 0x000000008d200000, 0x000000008d200000| Untracked 
| 133|0x000000008d300000, 0x000000008d300000, 0x000000008d400000|  0%| F|  |TAMS 0x000000008d300000, 0x000000008d300000| Untracked 
| 134|0x000000008d400000, 0x000000008d400000, 0x000000008d500000|  0%| F|  |TAMS 0x000000008d400000, 0x000000008d400000| Untracked 
| 135|0x000000008d500000, 0x000000008d500000, 0x000000008d600000|  0%| F|  |TAMS 0x000000008d500000, 0x000000008d500000| Untracked 
| 136|0x000000008d600000, 0x000000008d600000, 0x000000008d700000|  0%| F|  |TAMS 0x000000008d600000, 0x000000008d600000| Untracked 
| 137|0x000000008d700000, 0x000000008d700000, 0x000000008d800000|  0%| F|  |TAMS 0x000000008d700000, 0x000000008d700000| Untracked 
| 138|0x000000008d800000, 0x000000008d800000, 0x000000008d900000|  0%| F|  |TAMS 0x000000008d800000, 0x000000008d800000| Untracked 
| 139|0x000000008d900000, 0x000000008d900000, 0x000000008da00000|  0%| F|  |TAMS 0x000000008d900000, 0x000000008d900000| Untracked 
| 140|0x000000008da00000, 0x000000008da00000, 0x000000008db00000|  0%| F|  |TAMS 0x000000008da00000, 0x000000008da00000| Untracked 
| 141|0x000000008db00000, 0x000000008db00000, 0x000000008dc00000|  0%| F|  |TAMS 0x000000008db00000, 0x000000008db00000| Untracked 
| 142|0x000000008dc00000, 0x000000008dc00000, 0x000000008dd00000|  0%| F|  |TAMS 0x000000008dc00000, 0x000000008dc00000| Untracked 
| 143|0x000000008dd00000, 0x000000008dd00000, 0x000000008de00000|  0%| F|  |TAMS 0x000000008dd00000, 0x000000008dd00000| Untracked 
| 144|0x000000008de00000, 0x000000008de00000, 0x000000008df00000|  0%| F|  |TAMS 0x000000008de00000, 0x000000008de00000| Untracked 
| 145|0x000000008df00000, 0x000000008df00000, 0x000000008e000000|  0%| F|  |TAMS 0x000000008df00000, 0x000000008df00000| Untracked 
| 146|0x000000008e000000, 0x000000008e000000, 0x000000008e100000|  0%| F|  |TAMS 0x000000008e000000, 0x000000008e000000| Untracked 
| 147|0x000000008e100000, 0x000000008e100000, 0x000000008e200000|  0%| F|  |TAMS 0x000000008e100000, 0x000000008e100000| Untracked 
| 148|0x000000008e200000, 0x000000008e200000, 0x000000008e300000|  0%| F|  |TAMS 0x000000008e200000, 0x000000008e200000| Untracked 
| 149|0x000000008e300000, 0x000000008e300000, 0x000000008e400000|  0%| F|  |TAMS 0x000000008e300000, 0x000000008e300000| Untracked 
| 150|0x000000008e400000, 0x000000008e400000, 0x000000008e500000|  0%| F|  |TAMS 0x000000008e400000, 0x000000008e400000| Untracked 
| 151|0x000000008e500000, 0x000000008e500000, 0x000000008e600000|  0%| F|  |TAMS 0x000000008e500000, 0x000000008e500000| Untracked 
| 152|0x000000008e600000, 0x000000008e600000, 0x000000008e700000|  0%| F|  |TAMS 0x000000008e600000, 0x000000008e600000| Untracked 
| 153|0x000000008e700000, 0x000000008e700000, 0x000000008e800000|  0%| F|  |TAMS 0x000000008e700000, 0x000000008e700000| Untracked 
| 154|0x000000008e800000, 0x000000008e800000, 0x000000008e900000|  0%| F|  |TAMS 0x000000008e800000, 0x000000008e800000| Untracked 
| 155|0x000000008e900000, 0x000000008e900000, 0x000000008ea00000|  0%| F|  |TAMS 0x000000008e900000, 0x000000008e900000| Untracked 
| 156|0x000000008ea00000, 0x000000008ea00000, 0x000000008eb00000|  0%| F|  |TAMS 0x000000008ea00000, 0x000000008ea00000| Untracked 
| 157|0x000000008eb00000, 0x000000008eb00000, 0x000000008ec00000|  0%| F|  |TAMS 0x000000008eb00000, 0x000000008eb00000| Untracked 
| 158|0x000000008ec00000, 0x000000008ec00000, 0x000000008ed00000|  0%| F|  |TAMS 0x000000008ec00000, 0x000000008ec00000| Untracked 
| 159|0x000000008ed00000, 0x000000008ed00000, 0x000000008ee00000|  0%| F|  |TAMS 0x000000008ed00000, 0x000000008ed00000| Untracked 
| 160|0x000000008ee00000, 0x000000008ee00000, 0x000000008ef00000|  0%| F|  |TAMS 0x000000008ee00000, 0x000000008ee00000| Untracked 
| 161|0x000000008ef00000, 0x000000008ef00000, 0x000000008f000000|  0%| F|  |TAMS 0x000000008ef00000, 0x000000008ef00000| Untracked 
| 162|0x000000008f000000, 0x000000008f000000, 0x000000008f100000|  0%| F|  |TAMS 0x000000008f000000, 0x000000008f000000| Untracked 
| 163|0x000000008f100000, 0x000000008f100000, 0x000000008f200000|  0%| F|  |TAMS 0x000000008f100000, 0x000000008f100000| Untracked 
| 164|0x000000008f200000, 0x000000008f200000, 0x000000008f300000|  0%| F|  |TAMS 0x000000008f200000, 0x000000008f200000| Untracked 
| 165|0x000000008f300000, 0x000000008f300000, 0x000000008f400000|  0%| F|  |TAMS 0x000000008f300000, 0x000000008f300000| Untracked 
| 166|0x000000008f400000, 0x000000008f400000, 0x000000008f500000|  0%| F|  |TAMS 0x000000008f400000, 0x000000008f400000| Untracked 
| 167|0x000000008f500000, 0x000000008f500000, 0x000000008f600000|  0%| F|  |TAMS 0x000000008f500000, 0x000000008f500000| Untracked 
| 168|0x000000008f600000, 0x000000008f600000, 0x000000008f700000|  0%| F|  |TAMS 0x000000008f600000, 0x000000008f600000| Untracked 
| 169|0x000000008f700000, 0x000000008f700000, 0x000000008f800000|  0%| F|  |TAMS 0x000000008f700000, 0x000000008f700000| Untracked 
| 170|0x000000008f800000, 0x000000008f800000, 0x000000008f900000|  0%| F|  |TAMS 0x000000008f800000, 0x000000008f800000| Untracked 
| 171|0x000000008f900000, 0x000000008f900000, 0x000000008fa00000|  0%| F|  |TAMS 0x000000008f900000, 0x000000008f900000| Untracked 
| 172|0x000000008fa00000, 0x000000008fa00000, 0x000000008fb00000|  0%| F|  |TAMS 0x000000008fa00000, 0x000000008fa00000| Untracked 
| 173|0x000000008fb00000, 0x000000008fb00000, 0x000000008fc00000|  0%| F|  |TAMS 0x000000008fb00000, 0x000000008fb00000| Untracked 
| 174|0x000000008fc00000, 0x000000008fc00000, 0x000000008fd00000|  0%| F|  |TAMS 0x000000008fc00000, 0x000000008fc00000| Untracked 
| 175|0x000000008fd00000, 0x000000008fd00000, 0x000000008fe00000|  0%| F|  |TAMS 0x000000008fd00000, 0x000000008fd00000| Untracked 
| 176|0x000000008fe00000, 0x000000008ff00000, 0x000000008ff00000|100%| S|CS|TAMS 0x000000008fe00000, 0x000000008fe00000| Complete 
| 177|0x000000008ff00000, 0x0000000090000000, 0x0000000090000000|100%| S|CS|TAMS 0x000000008ff00000, 0x000000008ff00000| Complete 
| 178|0x0000000090000000, 0x0000000090100000, 0x0000000090100000|100%| S|CS|TAMS 0x0000000090000000, 0x0000000090000000| Complete 
| 179|0x0000000090100000, 0x0000000090200000, 0x0000000090200000|100%| S|CS|TAMS 0x0000000090100000, 0x0000000090100000| Complete 
| 180|0x0000000090200000, 0x0000000090300000, 0x0000000090300000|100%| S|CS|TAMS 0x0000000090200000, 0x0000000090200000| Complete 
| 181|0x0000000090300000, 0x0000000090400000, 0x0000000090400000|100%| S|CS|TAMS 0x0000000090300000, 0x0000000090300000| Complete 
| 182|0x0000000090400000, 0x0000000090500000, 0x0000000090500000|100%| S|CS|TAMS 0x0000000090400000, 0x0000000090400000| Complete 
| 183|0x0000000090500000, 0x0000000090600000, 0x0000000090600000|100%| S|CS|TAMS 0x0000000090500000, 0x0000000090500000| Complete 
| 184|0x0000000090600000, 0x0000000090700000, 0x0000000090700000|100%| O|  |TAMS 0x0000000090700000, 0x0000000090600000| Untracked 
| 185|0x0000000090700000, 0x0000000090800000, 0x0000000090800000|100%| S|CS|TAMS 0x0000000090700000, 0x0000000090700000| Complete 
| 186|0x0000000090800000, 0x0000000090900000, 0x0000000090900000|100%| S|CS|TAMS 0x0000000090800000, 0x0000000090800000| Complete 
| 187|0x0000000090900000, 0x0000000090900000, 0x0000000090a00000|  0%| F|  |TAMS 0x0000000090900000, 0x0000000090900000| Untracked 
| 188|0x0000000090a00000, 0x0000000090a00000, 0x0000000090b00000|  0%| F|  |TAMS 0x0000000090a00000, 0x0000000090a00000| Untracked 
| 189|0x0000000090b00000, 0x0000000090b00000, 0x0000000090c00000|  0%| F|  |TAMS 0x0000000090b00000, 0x0000000090b00000| Untracked 
| 190|0x0000000090c00000, 0x0000000090c00000, 0x0000000090d00000|  0%| F|  |TAMS 0x0000000090c00000, 0x0000000090c00000| Untracked 
| 191|0x0000000090d00000, 0x0000000090d00000, 0x0000000090e00000|  0%| F|  |TAMS 0x0000000090d00000, 0x0000000090d00000| Untracked 
| 192|0x0000000090e00000, 0x0000000090e00000, 0x0000000090f00000|  0%| F|  |TAMS 0x0000000090e00000, 0x0000000090e00000| Untracked 
| 193|0x0000000090f00000, 0x0000000091000000, 0x0000000091000000|100%| E|CS|TAMS 0x0000000090f00000, 0x0000000090f00000| Complete 
| 194|0x0000000091000000, 0x0000000091100000, 0x0000000091100000|100%| E|CS|TAMS 0x0000000091000000, 0x0000000091000000| Complete 
| 195|0x0000000091100000, 0x0000000091200000, 0x0000000091200000|100%| E|CS|TAMS 0x0000000091100000, 0x0000000091100000| Complete 
| 196|0x0000000091200000, 0x0000000091300000, 0x0000000091300000|100%| E|CS|TAMS 0x0000000091200000, 0x0000000091200000| Complete 
| 197|0x0000000091300000, 0x0000000091400000, 0x0000000091400000|100%| O|  |TAMS 0x0000000091400000, 0x0000000091300000| Untracked 
| 198|0x0000000091400000, 0x0000000091500000, 0x0000000091500000|100%| E|CS|TAMS 0x0000000091400000, 0x0000000091400000| Complete 
| 199|0x0000000091500000, 0x0000000091600000, 0x0000000091600000|100%| E|CS|TAMS 0x0000000091500000, 0x0000000091500000| Complete 
| 200|0x0000000091600000, 0x0000000091700000, 0x0000000091700000|100%| E|CS|TAMS 0x0000000091600000, 0x0000000091600000| Complete 
| 201|0x0000000091700000, 0x0000000091800000, 0x0000000091800000|100%| O|  |TAMS 0x0000000091800000, 0x0000000091700000| Untracked 
| 202|0x0000000091800000, 0x0000000091900000, 0x0000000091900000|100%| O|  |TAMS 0x0000000091900000, 0x0000000091800000| Untracked 
| 203|0x0000000091900000, 0x0000000091a00000, 0x0000000091a00000|100%| E|CS|TAMS 0x0000000091900000, 0x0000000091900000| Complete 
| 204|0x0000000091a00000, 0x0000000091b00000, 0x0000000091b00000|100%| E|CS|TAMS 0x0000000091a00000, 0x0000000091a00000| Complete 
| 205|0x0000000091b00000, 0x0000000091c00000, 0x0000000091c00000|100%| O|  |TAMS 0x0000000091c00000, 0x0000000091b00000| Untracked 
| 206|0x0000000091c00000, 0x0000000091d00000, 0x0000000091d00000|100%| O|  |TAMS 0x0000000091d00000, 0x0000000091c00000| Untracked 
| 207|0x0000000091d00000, 0x0000000091e00000, 0x0000000091e00000|100%| O|  |TAMS 0x0000000091e00000, 0x0000000091d00000| Untracked 
| 208|0x0000000091e00000, 0x0000000091f00000, 0x0000000091f00000|100%| E|CS|TAMS 0x0000000091e00000, 0x0000000091e00000| Complete 
| 209|0x0000000091f00000, 0x0000000092000000, 0x0000000092000000|100%| E|CS|TAMS 0x0000000091f00000, 0x0000000091f00000| Complete 
| 210|0x0000000092000000, 0x0000000092100000, 0x0000000092100000|100%| O|  |TAMS 0x0000000092100000, 0x0000000092000000| Untracked 
| 211|0x0000000092100000, 0x0000000092200000, 0x0000000092200000|100%| E|CS|TAMS 0x0000000092100000, 0x0000000092100000| Complete 
| 212|0x0000000092200000, 0x0000000092300000, 0x0000000092300000|100%| E|CS|TAMS 0x0000000092200000, 0x0000000092200000| Complete 
| 213|0x0000000092300000, 0x0000000092400000, 0x0000000092400000|100%| O|  |TAMS 0x0000000092400000, 0x0000000092300000| Untracked 
| 214|0x0000000092400000, 0x0000000092500000, 0x0000000092500000|100%| O|  |TAMS 0x0000000092500000, 0x0000000092400000| Untracked 
| 215|0x0000000092500000, 0x0000000092600000, 0x0000000092600000|100%| O|  |TAMS 0x0000000092600000, 0x0000000092500000| Untracked 
| 216|0x0000000092600000, 0x0000000092700000, 0x0000000092700000|100%| O|  |TAMS 0x000000009261cc00, 0x0000000092600000| Untracked 
| 217|0x0000000092700000, 0x0000000092800000, 0x0000000092800000|100%| O|  |TAMS 0x0000000092700000, 0x0000000092700000| Untracked 
| 218|0x0000000092800000, 0x0000000092900000, 0x0000000092900000|100%| O|  |TAMS 0x0000000092800000, 0x0000000092800000| Untracked 
| 219|0x0000000092900000, 0x0000000092a00000, 0x0000000092a00000|100%| E|CS|TAMS 0x0000000092900000, 0x0000000092900000| Complete 
| 220|0x0000000092a00000, 0x0000000092b00000, 0x0000000092b00000|100%| E|CS|TAMS 0x0000000092a00000, 0x0000000092a00000| Complete 
| 221|0x0000000092b00000, 0x0000000092c00000, 0x0000000092c00000|100%| E|CS|TAMS 0x0000000092b00000, 0x0000000092b00000| Complete 
| 222|0x0000000092c00000, 0x0000000092d00000, 0x0000000092d00000|100%| E|CS|TAMS 0x0000000092c00000, 0x0000000092c00000| Complete 
| 223|0x0000000092d00000, 0x0000000092e00000, 0x0000000092e00000|100%| E|CS|TAMS 0x0000000092d00000, 0x0000000092d00000| Complete 
| 224|0x0000000092e00000, 0x0000000092f00000, 0x0000000092f00000|100%| E|CS|TAMS 0x0000000092e00000, 0x0000000092e00000| Complete 
| 225|0x0000000092f00000, 0x0000000093000000, 0x0000000093000000|100%| E|CS|TAMS 0x0000000092f00000, 0x0000000092f00000| Complete 
| 226|0x0000000093000000, 0x0000000093100000, 0x0000000093100000|100%| E|CS|TAMS 0x0000000093000000, 0x0000000093000000| Complete 
| 227|0x0000000093100000, 0x0000000093200000, 0x0000000093200000|100%| E|CS|TAMS 0x0000000093100000, 0x0000000093100000| Complete 
| 228|0x0000000093200000, 0x0000000093300000, 0x0000000093300000|100%| E|CS|TAMS 0x0000000093200000, 0x0000000093200000| Complete 
| 229|0x0000000093300000, 0x0000000093400000, 0x0000000093400000|100%| E|CS|TAMS 0x0000000093300000, 0x0000000093300000| Complete 
| 230|0x0000000093400000, 0x0000000093500000, 0x0000000093500000|100%| E|CS|TAMS 0x0000000093400000, 0x0000000093400000| Complete 
| 231|0x0000000093500000, 0x0000000093600000, 0x0000000093600000|100%| E|CS|TAMS 0x0000000093500000, 0x0000000093500000| Complete 
| 232|0x0000000093600000, 0x0000000093700000, 0x0000000093700000|100%| E|CS|TAMS 0x0000000093600000, 0x0000000093600000| Complete 
| 233|0x0000000093700000, 0x0000000093800000, 0x0000000093800000|100%| E|CS|TAMS 0x0000000093700000, 0x0000000093700000| Complete 
| 234|0x0000000093800000, 0x0000000093900000, 0x0000000093900000|100%| E|CS|TAMS 0x0000000093800000, 0x0000000093800000| Complete 
| 235|0x0000000093900000, 0x0000000093a00000, 0x0000000093a00000|100%| E|CS|TAMS 0x0000000093900000, 0x0000000093900000| Complete 
| 236|0x0000000093a00000, 0x0000000093b00000, 0x0000000093b00000|100%| E|CS|TAMS 0x0000000093a00000, 0x0000000093a00000| Complete 
| 237|0x0000000093b00000, 0x0000000093c00000, 0x0000000093c00000|100%| E|CS|TAMS 0x0000000093b00000, 0x0000000093b00000| Complete 
| 238|0x0000000093c00000, 0x0000000093d00000, 0x0000000093d00000|100%| E|CS|TAMS 0x0000000093c00000, 0x0000000093c00000| Complete 
| 239|0x0000000093d00000, 0x0000000093e00000, 0x0000000093e00000|100%| E|CS|TAMS 0x0000000093d00000, 0x0000000093d00000| Complete 
| 240|0x0000000093e00000, 0x0000000093f00000, 0x0000000093f00000|100%| E|CS|TAMS 0x0000000093e00000, 0x0000000093e00000| Complete 
| 241|0x0000000093f00000, 0x0000000094000000, 0x0000000094000000|100%| E|CS|TAMS 0x0000000093f00000, 0x0000000093f00000| Complete 
| 242|0x0000000094000000, 0x0000000094100000, 0x0000000094100000|100%| E|CS|TAMS 0x0000000094000000, 0x0000000094000000| Complete 
| 243|0x0000000094100000, 0x0000000094200000, 0x0000000094200000|100%| E|CS|TAMS 0x0000000094100000, 0x0000000094100000| Complete 
| 244|0x0000000094200000, 0x0000000094300000, 0x0000000094300000|100%| E|CS|TAMS 0x0000000094200000, 0x0000000094200000| Complete 
| 245|0x0000000094300000, 0x0000000094400000, 0x0000000094400000|100%| E|CS|TAMS 0x0000000094300000, 0x0000000094300000| Complete 
| 246|0x0000000094400000, 0x0000000094500000, 0x0000000094500000|100%| E|CS|TAMS 0x0000000094400000, 0x0000000094400000| Complete 
| 247|0x0000000094500000, 0x0000000094600000, 0x0000000094600000|100%| E|CS|TAMS 0x0000000094500000, 0x0000000094500000| Complete 
| 248|0x0000000094600000, 0x0000000094700000, 0x0000000094700000|100%| E|CS|TAMS 0x0000000094600000, 0x0000000094600000| Complete 
| 249|0x0000000094700000, 0x0000000094800000, 0x0000000094800000|100%| E|CS|TAMS 0x0000000094700000, 0x0000000094700000| Complete 
| 250|0x0000000094800000, 0x0000000094900000, 0x0000000094900000|100%| E|CS|TAMS 0x0000000094800000, 0x0000000094800000| Complete 
| 251|0x0000000094900000, 0x0000000094a00000, 0x0000000094a00000|100%| E|CS|TAMS 0x0000000094900000, 0x0000000094900000| Complete 
| 252|0x0000000094a00000, 0x0000000094b00000, 0x0000000094b00000|100%| E|CS|TAMS 0x0000000094a00000, 0x0000000094a00000| Complete 
| 253|0x0000000094b00000, 0x0000000094c00000, 0x0000000094c00000|100%| E|CS|TAMS 0x0000000094b00000, 0x0000000094b00000| Complete 
| 254|0x0000000094c00000, 0x0000000094d00000, 0x0000000094d00000|100%| E|CS|TAMS 0x0000000094c00000, 0x0000000094c00000| Complete 
| 255|0x0000000094d00000, 0x0000000094e00000, 0x0000000094e00000|100%| E|CS|TAMS 0x0000000094d00000, 0x0000000094d00000| Complete 
| 256|0x0000000094e00000, 0x0000000094f00000, 0x0000000094f00000|100%| E|CS|TAMS 0x0000000094e00000, 0x0000000094e00000| Complete 
| 257|0x0000000094f00000, 0x0000000095000000, 0x0000000095000000|100%| E|CS|TAMS 0x0000000094f00000, 0x0000000094f00000| Complete 
| 258|0x0000000095000000, 0x0000000095100000, 0x0000000095100000|100%| E|CS|TAMS 0x0000000095000000, 0x0000000095000000| Complete 
| 259|0x0000000095100000, 0x0000000095200000, 0x0000000095200000|100%| E|  |TAMS 0x0000000095100000, 0x0000000095100000| Complete 
| 260|0x0000000095200000, 0x0000000095300000, 0x0000000095300000|100%| E|CS|TAMS 0x0000000095200000, 0x0000000095200000| Complete 
| 261|0x0000000095300000, 0x0000000095400000, 0x0000000095400000|100%| E|CS|TAMS 0x0000000095300000, 0x0000000095300000| Complete 
| 262|0x0000000095400000, 0x0000000095500000, 0x0000000095500000|100%| E|CS|TAMS 0x0000000095400000, 0x0000000095400000| Complete 
| 263|0x0000000095500000, 0x0000000095600000, 0x0000000095600000|100%| E|CS|TAMS 0x0000000095500000, 0x0000000095500000| Complete 

Card table byte_map: [0x0000015dfd8e0000,0x0000015dfdcc0000] _byte_map_base: 0x0000015dfd4b9000

Marking Bits (Prev, Next): (CMBitMap*) 0x0000015deaca4b00, (CMBitMap*) 0x0000015deaca4ac0
 Prev Bits: [0x0000015d80000000, 0x0000015d81ec8000)
 Next Bits: [0x0000015dfe0a0000, 0x0000015dfff68000)

Polling page: 0x0000015dea420000

Metaspace:

Usage:
  Non-class:     48.77 MB used.
      Class:      6.97 MB used.
       Both:     55.74 MB used.

Virtual space:
  Non-class space:       56.00 MB reserved,      49.81 MB ( 89%) committed,  7 nodes.
      Class space:        1.00 GB reserved,       7.62 MB ( <1%) committed,  1 nodes.
              Both:        1.05 GB reserved,      57.44 MB (  5%) committed. 

Chunk freelists:
   Non-Class:  1.70 MB
       Class:  422.00 KB
        Both:  2.11 MB

MaxMetaspaceSize: 17179869184.00 GB
CompressedClassSpaceSize: 1.00 GB
 - commit_granule_bytes: 65536.
 - commit_granule_words: 8192.
 - virtual_space_node_default_size: 1048576.
 - enlarge_chunks_in_place: 1.
 - new_chunks_are_fully_committed: 0.
 - uncommit_free_chunks: 1.
 - use_allocation_guard: 0.
 - handle_deallocations: 1.


Internal statistics:

num_allocs_failed_limit: 6.
num_arena_births: 1728.
num_arena_deaths: 606.
num_vsnodes_births: 8.
num_vsnodes_deaths: 0.
num_space_committed: 920.
num_space_uncommitted: 1.
num_chunks_returned_to_freelist: 842.
num_chunks_taken_from_freelist: 3830.
num_chunk_merges: 298.
num_chunk_splits: 2212.
num_chunks_enlarged: 1192.
num_purges: 44.

CodeHeap 'non-profiled nmethods': size=238336Kb used=20664Kb max_used=20664Kb free=217671Kb
 bounds [0x0000015dee900000, 0x0000015defd30000, 0x0000015dfd1c0000]
CodeHeap 'non-nmethods': size=7424Kb used=1379Kb max_used=1379Kb free=6044Kb
 bounds [0x0000015dee1c0000, 0x0000015dee430000, 0x0000015dee900000]
 total_blobs=11779 nmethods=11169 adapters=536
 compilation: enabled
              stopped_count=0, restarted_count=0
 full_count=0

Compilation events (20 events):
Event: 60907.089 Thread 0x0000015d8542ffe0 11175       1       org.springframework.web.servlet.mvc.condition.ProducesRequestCondition::getAcceptedMediaTypes (45 bytes)
Event: 60907.090 Thread 0x0000015d8542ffe0 nmethod 11175 0x0000015defd2a210 code [0x0000015defd2a440, 0x0000015defd2a9f8]
Event: 60907.092 Thread 0x0000015d8542ffe0 11176       1       org.apache.catalina.connector.ResponseFacade::setContentType (39 bytes)
Event: 60907.092 Thread 0x0000015d8542ffe0 nmethod 11176 0x0000015defd2ad10 code [0x0000015defd2af00, 0x0000015defd2b138]
Event: 60919.262 Thread 0x0000015d8542ffe0 11177       1       javax.servlet.http.HttpServletRequestWrapper::getMethod (10 bytes)
Event: 60919.262 Thread 0x0000015d8542ffe0 nmethod 11177 0x0000015defd2b310 code [0x0000015defd2b4c0, 0x0000015defd2b608]
Event: 60919.338 Thread 0x0000015d8542ffe0 11178       1       java.util.concurrent.locks.AbstractQueuedSynchronizer::acquireSharedInterruptibly (36 bytes)
Event: 60919.339 Thread 0x0000015d8542ffe0 nmethod 11178 0x0000015defd2b710 code [0x0000015defd2b8e0, 0x0000015defd2bb38]
Event: 60956.576 Thread 0x0000015d8542ffe0 11179       1       org.apache.catalina.webresources.Cache::evict (79 bytes)
Event: 60956.578 Thread 0x0000015d8542ffe0 nmethod 11179 0x0000015defd2bc90 code [0x0000015defd2be80, 0x0000015defd2c198]
Event: 60956.578 Thread 0x0000015d8542ffe0 11180       1       org.apache.catalina.core.DefaultInstanceManager::backgroundProcess (8 bytes)
Event: 60956.578 Thread 0x0000015d8542ffe0 nmethod 11180 0x0000015defd2c490 code [0x0000015defd2c640, 0x0000015defd2c728]
Event: 60956.578 Thread 0x0000015d8542ffe0 11181       1       org.apache.tomcat.util.collections.ManagedConcurrentWeakHashMap::maintain (44 bytes)
Event: 60956.579 Thread 0x0000015d8542ffe0 nmethod 11181 0x0000015defd2c810 code [0x0000015defd2c9e0, 0x0000015defd2ccb8]
Event: 60956.579 Thread 0x0000015d8542ffe0 11182       1       org.apache.catalina.core.StandardWrapper::backgroundProcess (38 bytes)
Event: 60956.579 Thread 0x0000015d8542ffe0 nmethod 11182 0x0000015defd2ce90 code [0x0000015defd2d060, 0x0000015defd2d258]
Event: 61020.183 Thread 0x0000015d8542ffe0 11183       1       org.springframework.boot.devtools.filewatch.ChangedFile::getRelativeName (62 bytes)
Event: 61020.186 Thread 0x0000015d8542ffe0 nmethod 11183 0x0000015defd2d390 code [0x0000015defd2d5c0, 0x0000015defd2da48]
Event: 61020.186 Thread 0x0000015d8542ffe0 11184       1       org.springframework.boot.devtools.filewatch.ChangedFile$$Lambda$887/0x0000000100680a80::<init> (15 bytes)
Event: 61020.186 Thread 0x0000015d8542ffe0 nmethod 11184 0x0000015defd2df90 code [0x0000015defd2e120, 0x0000015defd2e278]

GC Heap History (20 events):
Event: 61036.030 GC heap before
{Heap before GC invocations=1633 (full 18):
 garbage-first heap   total 270336K, used 229718K [0x0000000084e00000, 0x0000000100000000)
  region size 1024K, 17 young (17408K), 3 survivors (3072K)
 Metaspace       used 57075K, committed 58816K, reserved 1105920K
  class space    used 7132K, committed 7808K, reserved 1048576K
}
Event: 61036.036 GC heap after
{Heap after GC invocations=1634 (full 18):
 garbage-first heap   total 270336K, used 220158K [0x0000000084e00000, 0x0000000100000000)
  region size 1024K, 3 young (3072K), 3 survivors (3072K)
 Metaspace       used 57075K, committed 58816K, reserved 1105920K
  class space    used 7132K, committed 7808K, reserved 1048576K
}
Event: 61036.451 GC heap before
{Heap before GC invocations=1634 (full 18):
 garbage-first heap   total 270336K, used 232446K [0x0000000084e00000, 0x0000000100000000)
  region size 1024K, 15 young (15360K), 3 survivors (3072K)
 Metaspace       used 57075K, committed 58816K, reserved 1105920K
  class space    used 7132K, committed 7808K, reserved 1048576K
}
Event: 61036.456 GC heap after
{Heap after GC invocations=1635 (full 18):
 garbage-first heap   total 270336K, used 223345K [0x0000000084e00000, 0x0000000100000000)
  region size 1024K, 2 young (2048K), 2 survivors (2048K)
 Metaspace       used 57075K, committed 58816K, reserved 1105920K
  class space    used 7132K, committed 7808K, reserved 1048576K
}
Event: 61036.823 GC heap before
{Heap before GC invocations=1635 (full 18):
 garbage-first heap   total 270336K, used 234609K [0x0000000084e00000, 0x0000000100000000)
  region size 1024K, 13 young (13312K), 2 survivors (2048K)
 Metaspace       used 57075K, committed 58816K, reserved 1105920K
  class space    used 7132K, committed 7808K, reserved 1048576K
}
Event: 61036.828 GC heap after
{Heap after GC invocations=1636 (full 18):
 garbage-first heap   total 270336K, used 226122K [0x0000000084e00000, 0x0000000100000000)
  region size 1024K, 2 young (2048K), 2 survivors (2048K)
 Metaspace       used 57075K, committed 58816K, reserved 1105920K
  class space    used 7132K, committed 7808K, reserved 1048576K
}
Event: 61037.263 GC heap before
{Heap before GC invocations=1637 (full 18):
 garbage-first heap   total 270336K, used 159562K [0x0000000084e00000, 0x0000000100000000)
  region size 1024K, 13 young (13312K), 2 survivors (2048K)
 Metaspace       used 57075K, committed 58816K, reserved 1105920K
  class space    used 7132K, committed 7808K, reserved 1048576K
}
Event: 61037.267 GC heap after
{Heap after GC invocations=1638 (full 18):
 garbage-first heap   total 270336K, used 151275K [0x0000000084e00000, 0x0000000100000000)
  region size 1024K, 2 young (2048K), 2 survivors (2048K)
 Metaspace       used 57075K, committed 58816K, reserved 1105920K
  class space    used 7132K, committed 7808K, reserved 1048576K
}
Event: 61037.645 GC heap before
{Heap before GC invocations=1638 (full 18):
 garbage-first heap   total 270336K, used 162539K [0x0000000084e00000, 0x0000000100000000)
  region size 1024K, 13 young (13312K), 2 survivors (2048K)
 Metaspace       used 57075K, committed 58816K, reserved 1105920K
  class space    used 7132K, committed 7808K, reserved 1048576K
}
Event: 61037.651 GC heap after
{Heap after GC invocations=1639 (full 18):
 garbage-first heap   total 270336K, used 127956K [0x0000000084e00000, 0x0000000100000000)
  region size 1024K, 2 young (2048K), 2 survivors (2048K)
 Metaspace       used 57075K, committed 58816K, reserved 1105920K
  class space    used 7132K, committed 7808K, reserved 1048576K
}
Event: 61038.146 GC heap before
{Heap before GC invocations=1639 (full 18):
 garbage-first heap   total 270336K, used 139220K [0x0000000084e00000, 0x0000000100000000)
  region size 1024K, 13 young (13312K), 2 survivors (2048K)
 Metaspace       used 57075K, committed 58816K, reserved 1105920K
  class space    used 7132K, committed 7808K, reserved 1048576K
}
Event: 61038.156 GC heap after
{Heap after GC invocations=1640 (full 18):
 garbage-first heap   total 270336K, used 110572K [0x0000000084e00000, 0x0000000100000000)
  region size 1024K, 2 young (2048K), 2 survivors (2048K)
 Metaspace       used 57075K, committed 58816K, reserved 1105920K
  class space    used 7132K, committed 7808K, reserved 1048576K
}
Event: 61038.724 GC heap before
{Heap before GC invocations=1640 (full 18):
 garbage-first heap   total 270336K, used 121836K [0x0000000084e00000, 0x0000000100000000)
  region size 1024K, 13 young (13312K), 2 survivors (2048K)
 Metaspace       used 57075K, committed 58816K, reserved 1105920K
  class space    used 7132K, committed 7808K, reserved 1048576K
}
Event: 61038.737 GC heap after
{Heap after GC invocations=1641 (full 18):
 garbage-first heap   total 270336K, used 100141K [0x0000000084e00000, 0x0000000100000000)
  region size 1024K, 2 young (2048K), 2 survivors (2048K)
 Metaspace       used 57075K, committed 58816K, reserved 1105920K
  class space    used 7132K, committed 7808K, reserved 1048576K
}
Event: 61043.450 GC heap before
{Heap before GC invocations=1641 (full 18):
 garbage-first heap   total 270336K, used 188205K [0x0000000084e00000, 0x0000000100000000)
  region size 1024K, 88 young (90112K), 2 survivors (2048K)
 Metaspace       used 57075K, committed 58816K, reserved 1105920K
  class space    used 7132K, committed 7808K, reserved 1048576K
}
Event: 61043.470 GC heap after
{Heap after GC invocations=1642 (full 18):
 garbage-first heap   total 270336K, used 120831K [0x0000000084e00000, 0x0000000100000000)
  region size 1024K, 11 young (11264K), 11 survivors (11264K)
 Metaspace       used 57075K, committed 58816K, reserved 1105920K
  class space    used 7132K, committed 7808K, reserved 1048576K
}
Event: 61047.538 GC heap before
{Heap before GC invocations=1642 (full 18):
 garbage-first heap   total 270336K, used 196607K [0x0000000084e00000, 0x0000000100000000)
  region size 1024K, 85 young (87040K), 11 survivors (11264K)
 Metaspace       used 57075K, committed 58816K, reserved 1105920K
  class space    used 7132K, committed 7808K, reserved 1048576K
}
Event: 61047.555 GC heap after
{Heap after GC invocations=1643 (full 18):
 garbage-first heap   total 270336K, used 137037K [0x0000000084e00000, 0x0000000100000000)
  region size 1024K, 11 young (11264K), 11 survivors (11264K)
 Metaspace       used 57075K, committed 58816K, reserved 1105920K
  class space    used 7132K, committed 7808K, reserved 1048576K
}
Event: 61050.315 GC heap before
{Heap before GC invocations=1643 (full 18):
 garbage-first heap   total 270336K, used 202573K [0x0000000084e00000, 0x0000000100000000)
  region size 1024K, 75 young (76800K), 11 survivors (11264K)
 Metaspace       used 57075K, committed 58816K, reserved 1105920K
  class space    used 7132K, committed 7808K, reserved 1048576K
}
Event: 61050.328 GC heap after
{Heap after GC invocations=1644 (full 18):
 garbage-first heap   total 270336K, used 145076K [0x0000000084e00000, 0x0000000100000000)
  region size 1024K, 10 young (10240K), 10 survivors (10240K)
 Metaspace       used 57075K, committed 58816K, reserved 1105920K
  class space    used 7132K, committed 7808K, reserved 1048576K
}

Deoptimization events (20 events):
Event: 61020.182 Thread 0x0000015d8a206ba0 DEOPT PACKING pc=0x0000015def4634f4 sp=0x00000041830ff0b0
Event: 61020.182 Thread 0x0000015d8a206ba0 DEOPT UNPACKING pc=0x0000015dee20e77e sp=0x00000041830fe610 mode 1
Event: 61052.032 Thread 0x0000015d8a2c4850 DEOPT PACKING pc=0x0000015def1c9cd4 sp=0x00000041807fe6d0
Event: 61052.032 Thread 0x0000015d8a2c4850 DEOPT UNPACKING pc=0x0000015dee20e77e sp=0x00000041807fdb20 mode 1
Event: 61052.032 Thread 0x0000015d8a2c4850 DEOPT PACKING pc=0x0000015def478694 sp=0x00000041807fe780
Event: 61052.032 Thread 0x0000015d8a2c4850 DEOPT UNPACKING pc=0x0000015dee20e77e sp=0x00000041807fdc58 mode 1
Event: 61052.032 Thread 0x0000015d8a2c4850 DEOPT PACKING pc=0x0000015def37efb4 sp=0x00000041807fe850
Event: 61052.032 Thread 0x0000015d8a2c4850 DEOPT UNPACKING pc=0x0000015dee20e77e sp=0x00000041807fdd90 mode 1
Event: 61052.033 Thread 0x0000015d8a2c4850 DEOPT PACKING pc=0x0000015def38048c sp=0x00000041807fe970
Event: 61052.033 Thread 0x0000015d8a2c4850 DEOPT UNPACKING pc=0x0000015dee20e77e sp=0x00000041807fdeb8 mode 1
Event: 61052.033 Thread 0x0000015d8a2c4850 DEOPT PACKING pc=0x0000015def381724 sp=0x00000041807fea90
Event: 61052.033 Thread 0x0000015d8a2c4850 DEOPT UNPACKING pc=0x0000015dee20e77e sp=0x00000041807fdf38 mode 1
Event: 61052.033 Thread 0x0000015d8a2c4850 DEOPT PACKING pc=0x0000015def3813ac sp=0x00000041807feaf0
Event: 61052.033 Thread 0x0000015d8a2c4850 DEOPT UNPACKING pc=0x0000015dee20e77e sp=0x00000041807fdf98 mode 1
Event: 61052.033 Thread 0x0000015d8a2c4850 DEOPT PACKING pc=0x0000015def0e54b4 sp=0x00000041807feb50
Event: 61052.033 Thread 0x0000015d8a2c4850 DEOPT UNPACKING pc=0x0000015dee20e77e sp=0x00000041807fe088 mode 1
Event: 61052.033 Thread 0x0000015d8a2c4850 DEOPT PACKING pc=0x0000015dee934164 sp=0x00000041807fec40
Event: 61052.033 Thread 0x0000015d8a2c4850 DEOPT UNPACKING pc=0x0000015dee20e77e sp=0x00000041807fe120 mode 1
Event: 61052.033 Thread 0x0000015d8a2c4850 DEOPT PACKING pc=0x0000015def661f0c sp=0x00000041807fecd0
Event: 61052.033 Thread 0x0000015d8a2c4850 DEOPT UNPACKING pc=0x0000015dee20e77e sp=0x00000041807fe178 mode 1

Classes unloaded (20 events):
Event: 60802.061 Thread 0x0000015d84910020 Unloading class 0x0000000100604000 'jdk/internal/reflect/GeneratedMethodAccessor38'
Event: 60802.061 Thread 0x0000015d84910020 Unloading class 0x00000001005bc000 'jdk/internal/reflect/GeneratedSerializationConstructorAccessor19'
Event: 60802.061 Thread 0x0000015d84910020 Unloading class 0x000000010058c000 'jdk/internal/reflect/GeneratedMethodAccessor35'
Event: 60802.061 Thread 0x0000015d84910020 Unloading class 0x0000000100581800 'jdk/internal/reflect/GeneratedSerializationConstructorAccessor18'
Event: 60802.061 Thread 0x0000015d84910020 Unloading class 0x00000001003f8800 'jdk/internal/reflect/GeneratedConstructorAccessor23'
Event: 60802.061 Thread 0x0000015d84910020 Unloading class 0x00000001003f8400 'jdk/internal/reflect/GeneratedConstructorAccessor22'
Event: 60802.061 Thread 0x0000015d84910020 Unloading class 0x00000001003f8000 'jdk/internal/reflect/GeneratedConstructorAccessor21'
Event: 60802.061 Thread 0x0000015d84910020 Unloading class 0x00000001003f4000 'jdk/internal/reflect/GeneratedConstructorAccessor20'
Event: 60802.061 Thread 0x0000015d84910020 Unloading class 0x00000001003ea000 'jdk/internal/reflect/GeneratedConstructorAccessor19'
Event: 60802.061 Thread 0x0000015d84910020 Unloading class 0x0000000100185400 'jdk/internal/reflect/GeneratedSerializationConstructorAccessor10'
Event: 60802.061 Thread 0x0000015d84910020 Unloading class 0x0000000100185000 'jdk/internal/reflect/GeneratedSerializationConstructorAccessor9'
Event: 60802.061 Thread 0x0000015d84910020 Unloading class 0x0000000100183800 'jdk/internal/reflect/GeneratedSerializationConstructorAccessor8'
Event: 60802.061 Thread 0x0000015d84910020 Unloading class 0x0000000100183400 'jdk/internal/reflect/GeneratedConstructorAccessor3'
Event: 60802.061 Thread 0x0000015d84910020 Unloading class 0x0000000100180c00 'jdk/internal/reflect/GeneratedSerializationConstructorAccessor7'
Event: 60802.061 Thread 0x0000015d84910020 Unloading class 0x0000000100180800 'jdk/internal/reflect/GeneratedSerializationConstructorAccessor6'
Event: 60802.061 Thread 0x0000015d84910020 Unloading class 0x0000000100180400 'jdk/internal/reflect/GeneratedSerializationConstructorAccessor5'
Event: 60802.061 Thread 0x0000015d84910020 Unloading class 0x0000000100180000 'jdk/internal/reflect/GeneratedSerializationConstructorAccessor4'
Event: 60802.061 Thread 0x0000015d84910020 Unloading class 0x0000000100146000 'jdk/internal/reflect/GeneratedSerializationConstructorAccessor3'
Event: 60802.061 Thread 0x0000015d84910020 Unloading class 0x0000000100145c00 'jdk/internal/reflect/GeneratedSerializationConstructorAccessor2'
Event: 60802.061 Thread 0x0000015d84910020 Unloading class 0x0000000100145800 'jdk/internal/reflect/GeneratedSerializationConstructorAccessor1'

Classes redefined (10 events):
Event: 496.621 Thread 0x0000015d84910020 redefined class name=com.cotodel.controller.LoginController, count=1
Event: 585.823 Thread 0x0000015d84910020 redefined class name=com.cotodel.controller.LoginController, count=2
Event: 585.823 Thread 0x0000015d84910020 redefined class name=com.cotodel.controller.LoginController, count=1
Event: 621.636 Thread 0x0000015d84910020 redefined class name=com.cotodel.controller.LoginController, count=3
Event: 621.636 Thread 0x0000015d84910020 redefined class name=com.cotodel.controller.LoginController, count=1
Event: 621.636 Thread 0x0000015d84910020 redefined class name=com.cotodel.controller.LoginController, count=2
Event: 757.471 Thread 0x0000015d84910020 redefined class name=com.cotodel.controller.LoginController, count=1
Event: 757.471 Thread 0x0000015d84910020 redefined class name=com.cotodel.controller.LoginController, count=4
Event: 757.472 Thread 0x0000015d84910020 redefined class name=com.cotodel.controller.LoginController, count=3
Event: 757.472 Thread 0x0000015d84910020 redefined class name=com.cotodel.controller.LoginController, count=2

Internal exceptions (20 events):
Event: 4798.857 Thread 0x0000015d8a17b920 Exception <a 'sun/nio/fs/WindowsException'{0x000000009008ac50}> (0x000000009008ac50) 
thrown [t:\workspace\open\src\hotspot\share\prims\jni.cpp, line 579]
Event: 4798.858 Thread 0x0000015d8a17b920 Exception <a 'sun/nio/fs/WindowsException'{0x000000009008b378}> (0x000000009008b378) 
thrown [t:\workspace\open\src\hotspot\share\prims\jni.cpp, line 579]
Event: 4798.858 Thread 0x0000015d8a17b920 Exception <a 'sun/nio/fs/WindowsException'{0x000000009008ba70}> (0x000000009008ba70) 
thrown [t:\workspace\open\src\hotspot\share\prims\jni.cpp, line 579]
Event: 4798.963 Thread 0x0000015d8a17b920 Exception <a 'java/io/FileNotFoundException'{0x000000008feb8a68}> (0x000000008feb8a68) 
thrown [t:\workspace\open\src\hotspot\share\prims\jni.cpp, line 579]
Event: 4820.858 Thread 0x0000015d8a583590 Exception <a 'java/lang/InterruptedException'{0x00000000932553c8}: sleep interrupted> (0x00000000932553c8) 
thrown [t:\workspace\open\src\hotspot\share\prims\jvm.cpp, line 3305]
Event: 4821.119 Thread 0x0000015d8a2c2870 Exception <a 'java/io/FileNotFoundException'{0x0000000094387880}> (0x0000000094387880) 
thrown [t:\workspace\open\src\hotspot\share\prims\jni.cpp, line 579]
Event: 4824.548 Thread 0x0000015d8a2c2870 Exception <a 'java/lang/NoClassDefFoundError'{0x0000000093eeaaa0}: org/flywaydb/core/Flyway> (0x0000000093eeaaa0) 
thrown [t:\workspace\open\src\hotspot\share\oops\constantPool.cpp, line 809]
Event: 4824.550 Thread 0x0000015d8a2c2870 Exception <a 'java/lang/NoClassDefFoundError'{0x0000000093eeadc8}: liquibase/integration/spring/SpringLiquibase> (0x0000000093eeadc8) 
thrown [t:\workspace\open\src\hotspot\share\oops\constantPool.cpp, line 809]
Event: 4824.857 Thread 0x0000015d8a2c2870 Exception <a 'sun/nio/fs/WindowsException'{0x0000000091f1b360}> (0x0000000091f1b360) 
thrown [t:\workspace\open\src\hotspot\share\prims\jni.cpp, line 579]
Event: 4824.858 Thread 0x0000015d8a2c2870 Exception <a 'sun/nio/fs/WindowsException'{0x0000000091f1ba88}> (0x0000000091f1ba88) 
thrown [t:\workspace\open\src\hotspot\share\prims\jni.cpp, line 579]
Event: 4824.859 Thread 0x0000015d8a2c2870 Exception <a 'sun/nio/fs/WindowsException'{0x0000000091f1c180}> (0x0000000091f1c180) 
thrown [t:\workspace\open\src\hotspot\share\prims\jni.cpp, line 579]
Event: 4824.888 Thread 0x0000015d8a2c2870 Exception <a 'java/io/FileNotFoundException'{0x0000000091e58d08}> (0x0000000091e58d08) 
thrown [t:\workspace\open\src\hotspot\share\prims\jni.cpp, line 579]
Event: 4857.359 Thread 0x0000015d8b82b600 Exception <a 'java/lang/ClassNotFoundException'{0x0000000092cfaba8}: java/lang/ObjectCustomizer> (0x0000000092cfaba8) 
thrown [t:\workspace\open\src\hotspot\share\classfile\systemDictionary.cpp, line 256]
Event: 4857.364 Thread 0x0000015d8b82b600 Exception <a 'java/lang/ClassNotFoundException'{0x0000000092b074e0}: com/cotodel/response/UserRegistrationRequestCustomizer> (0x0000000092b074e0) 
thrown [t:\workspace\open\src\hotspot\share\classfile\systemDictionary.cpp, line 256]
Event: 60827.626 Thread 0x0000015d8b82ab60 Exception <a 'java/lang/ClassNotFoundException'{0x00000000910b4608}: java/lang/ObjectCustomizer> (0x00000000910b4608) 
thrown [t:\workspace\open\src\hotspot\share\classfile\systemDictionary.cpp, line 256]
Event: 60827.635 Thread 0x0000015d8b82ab60 Exception <a 'java/lang/ClassNotFoundException'{0x00000000910c0fc0}: com/cotodel/response/UserFormCustomizer> (0x00000000910c0fc0) 
thrown [t:\workspace\open\src\hotspot\share\classfile\systemDictionary.cpp, line 256]
Event: 60830.015 Thread 0x0000015d8a2c4300 Exception <a 'java/lang/NoSuchMethodError'{0x0000000092e8beb8}: static [B.<clinit>()V> (0x0000000092e8beb8) 
thrown [t:\workspace\open\src\hotspot\share\prims\jni.cpp, line 1210]
Event: 60834.186 Thread 0x0000015d8a2c4300 Exception <a 'java/lang/NoSuchMethodError'{0x0000000094818750}: static [Ljava/lang/StackTraceElement;.<clinit>()V> (0x0000000094818750) 
thrown [t:\workspace\open\src\hotspot\share\prims\jni.cpp, line 1210]
Event: 60835.474 Thread 0x0000015d8a2c4850 Exception <a 'java/lang/NoSuchMethodError'{0x00000000932f6278}: static [Ljava/lang/Integer;.<clinit>()V> (0x00000000932f6278) 
thrown [t:\workspace\open\src\hotspot\share\prims\jni.cpp, line 1210]
Event: 61052.032 Thread 0x0000015d8a2c4850 Exception <a 'sun/net/ConnectionResetException'{0x0000000093afe548}: Connection reset> (0x0000000093afe548) 
thrown [t:\workspace\open\src\hotspot\share\prims\jni.cpp, line 600]

Events (20 events):
Event: 61052.004 Executing  VM operation: ChangeBreakpoints
Event: 61052.004 Executing  VM operation: ChangeBreakpoints done
Event: 61052.004 Executing  VM operation: ChangeBreakpoints
Event: 61052.005 Executing  VM operation: ChangeBreakpoints done
Event: 61052.007 Executing  VM operation: ChangeBreakpoints
Event: 61052.008 Executing  VM operation: ChangeBreakpoints done
Event: 61052.008 Executing  VM operation: ChangeBreakpoints
Event: 61052.010 Executing  VM operation: ChangeBreakpoints done
Event: 61052.011 Executing  VM operation: ChangeBreakpoints
Event: 61052.011 Executing  VM operation: ChangeBreakpoints done
Event: 61052.012 Executing  VM operation: ChangeBreakpoints
Event: 61052.013 Executing  VM operation: ChangeBreakpoints done
Event: 61052.013 Executing  VM operation: ChangeBreakpoints
Event: 61052.013 Executing  VM operation: ChangeBreakpoints done
Event: 61052.014 Executing  VM operation: ChangeBreakpoints
Event: 61052.014 Executing  VM operation: ChangeBreakpoints done
Event: 61052.014 Executing  VM operation: ChangeBreakpoints
Event: 61052.014 Executing  VM operation: ChangeBreakpoints done
Event: 61052.014 Executing  VM operation: ChangeBreakpoints
Event: 61052.014 Executing  VM operation: ChangeBreakpoints done


Dynamic libraries:
0x00007ff75c310000 - 0x00007ff75c31e000 	C:\Users\Atul Kumar yadav\Desktop\NHA\sts-4.11.1.RELEASE\plugins\org.eclipse.justj.openjdk.hotspot.jre.full.win32.x86_64_16.0.2.v20210721-1149\jre\bin\javaw.exe
0x00007fffdfb70000 - 0x00007fffdfd87000 	C:\WINDOWS\SYSTEM32\ntdll.dll
0x00007fffdd8e0000 - 0x00007fffdd9a4000 	C:\WINDOWS\System32\KERNEL32.DLL
0x00007fffdd470000 - 0x00007fffdd816000 	C:\WINDOWS\System32\KERNELBASE.dll
0x00007fffdd350000 - 0x00007fffdd461000 	C:\WINDOWS\System32\ucrtbase.dll
0x00007fffc0ef0000 - 0x00007fffc0f08000 	C:\Users\Atul Kumar yadav\Desktop\NHA\sts-4.11.1.RELEASE\plugins\org.eclipse.justj.openjdk.hotspot.jre.full.win32.x86_64_16.0.2.v20210721-1149\jre\bin\jli.dll
0x00007fffbf2c0000 - 0x00007fffbf2d9000 	C:\Users\Atul Kumar yadav\Desktop\NHA\sts-4.11.1.RELEASE\plugins\org.eclipse.justj.openjdk.hotspot.jre.full.win32.x86_64_16.0.2.v20210721-1149\jre\bin\VCRUNTIME140.dll
0x00007fffdf980000 - 0x00007fffdfb2e000 	C:\WINDOWS\System32\USER32.dll
0x00007fffdcf50000 - 0x00007fffdcf76000 	C:\WINDOWS\System32\win32u.dll
0x00007fffb7db0000 - 0x00007fffb8043000 	C:\WINDOWS\WinSxS\amd64_microsoft.windows.common-controls_6595b64144ccf1df_6.0.22621.2506_none_270c5ae97388e100\COMCTL32.dll
0x00007fffdea70000 - 0x00007fffdea99000 	C:\WINDOWS\System32\GDI32.dll
0x00007fffdd1b0000 - 0x00007fffdd2c8000 	C:\WINDOWS\System32\gdi32full.dll
0x00007fffdf070000 - 0x00007fffdf117000 	C:\WINDOWS\System32\msvcrt.dll
0x00007fffdceb0000 - 0x00007fffdcf4a000 	C:\WINDOWS\System32\msvcp_win.dll
0x00007fffdf030000 - 0x00007fffdf061000 	C:\WINDOWS\System32\IMM32.DLL
0x00007fffbf280000 - 0x00007fffbf28c000 	C:\Users\Atul Kumar yadav\Desktop\NHA\sts-4.11.1.RELEASE\plugins\org.eclipse.justj.openjdk.hotspot.jre.full.win32.x86_64_16.0.2.v20210721-1149\jre\bin\vcruntime140_1.dll
0x00007fffa55a0000 - 0x00007fffa5631000 	C:\Users\Atul Kumar yadav\Desktop\NHA\sts-4.11.1.RELEASE\plugins\org.eclipse.justj.openjdk.hotspot.jre.full.win32.x86_64_16.0.2.v20210721-1149\jre\bin\msvcp140.dll
0x00007fff424c0000 - 0x00007fff4306b000 	C:\Users\Atul Kumar yadav\Desktop\NHA\sts-4.11.1.RELEASE\plugins\org.eclipse.justj.openjdk.hotspot.jre.full.win32.x86_64_16.0.2.v20210721-1149\jre\bin\server\jvm.dll
0x00007fffddee0000 - 0x00007fffddf93000 	C:\WINDOWS\System32\ADVAPI32.dll
0x00007fffdd9b0000 - 0x00007fffdda58000 	C:\WINDOWS\System32\sechost.dll
0x00007fffdd820000 - 0x00007fffdd848000 	C:\WINDOWS\System32\bcrypt.dll
0x00007fffdede0000 - 0x00007fffdeef7000 	C:\WINDOWS\System32\RPCRT4.dll
0x00007fffde7c0000 - 0x00007fffde7c8000 	C:\WINDOWS\System32\PSAPI.DLL
0x00007fffbef60000 - 0x00007fffbef69000 	C:\WINDOWS\SYSTEM32\WSOCK32.dll
0x00007fffdefb0000 - 0x00007fffdf021000 	C:\WINDOWS\System32\WS2_32.dll
0x00007fffd3a70000 - 0x00007fffd3aa4000 	C:\WINDOWS\SYSTEM32\WINMM.dll
0x00007fffd2bd0000 - 0x00007fffd2bda000 	C:\WINDOWS\SYSTEM32\VERSION.dll
0x00007fffdbea0000 - 0x00007fffdbeb8000 	C:\WINDOWS\SYSTEM32\kernel.appcore.dll
0x00007fffd80b0000 - 0x00007fffd80ba000 	C:\Users\Atul Kumar yadav\Desktop\NHA\sts-4.11.1.RELEASE\plugins\org.eclipse.justj.openjdk.hotspot.jre.full.win32.x86_64_16.0.2.v20210721-1149\jre\bin\jimage.dll
0x00007fffda880000 - 0x00007fffdaab3000 	C:\WINDOWS\SYSTEM32\DBGHELP.DLL
0x00007fffddab0000 - 0x00007fffdde39000 	C:\WINDOWS\System32\combase.dll
0x00007fffddfa0000 - 0x00007fffde077000 	C:\WINDOWS\System32\OLEAUT32.dll
0x00007fffc12c0000 - 0x00007fffc12f2000 	C:\WINDOWS\SYSTEM32\dbgcore.DLL
0x00007fffdd2d0000 - 0x00007fffdd34a000 	C:\WINDOWS\System32\bcryptPrimitives.dll
0x00007fffc2bc0000 - 0x00007fffc2bfb000 	C:\Users\Atul Kumar yadav\Desktop\NHA\sts-4.11.1.RELEASE\plugins\org.eclipse.justj.openjdk.hotspot.jre.full.win32.x86_64_16.0.2.v20210721-1149\jre\bin\jdwp.dll
0x00007fffd6200000 - 0x00007fffd620e000 	C:\Users\Atul Kumar yadav\Desktop\NHA\sts-4.11.1.RELEASE\plugins\org.eclipse.justj.openjdk.hotspot.jre.full.win32.x86_64_16.0.2.v20210721-1149\jre\bin\instrument.dll
0x00007fffa4a20000 - 0x00007fffa4a45000 	C:\Users\Atul Kumar yadav\Desktop\NHA\sts-4.11.1.RELEASE\plugins\org.eclipse.justj.openjdk.hotspot.jre.full.win32.x86_64_16.0.2.v20210721-1149\jre\bin\java.dll
0x00007fffa4a00000 - 0x00007fffa4a18000 	C:\Users\Atul Kumar yadav\Desktop\NHA\sts-4.11.1.RELEASE\plugins\org.eclipse.justj.openjdk.hotspot.jre.full.win32.x86_64_16.0.2.v20210721-1149\jre\bin\zip.dll
0x00007fffdf120000 - 0x00007fffdf97a000 	C:\WINDOWS\System32\SHELL32.dll
0x00007fffdadb0000 - 0x00007fffdb6a6000 	C:\WINDOWS\SYSTEM32\windows.storage.dll
0x00007fffdac70000 - 0x00007fffdadae000 	C:\WINDOWS\SYSTEM32\wintypes.dll
0x00007fffdece0000 - 0x00007fffdedd3000 	C:\WINDOWS\System32\SHCORE.dll
0x00007fffdea10000 - 0x00007fffdea6e000 	C:\WINDOWS\System32\shlwapi.dll
0x00007fffdcde0000 - 0x00007fffdce06000 	C:\WINDOWS\SYSTEM32\profapi.dll
0x00007fffd7ce0000 - 0x00007fffd7cec000 	C:\Users\Atul Kumar yadav\Desktop\NHA\sts-4.11.1.RELEASE\plugins\org.eclipse.justj.openjdk.hotspot.jre.full.win32.x86_64_16.0.2.v20210721-1149\jre\bin\dt_socket.dll
0x00007fffdb950000 - 0x00007fffdb97d000 	C:\WINDOWS\SYSTEM32\IPHLPAPI.DLL
0x00007fffdc310000 - 0x00007fffdc379000 	C:\WINDOWS\system32\mswsock.dll
0x00007fffdb980000 - 0x00007fffdba79000 	C:\WINDOWS\SYSTEM32\DNSAPI.dll
0x00007fffdecc0000 - 0x00007fffdecc9000 	C:\WINDOWS\System32\NSI.dll
0x00007fffc3ca0000 - 0x00007fffc3caa000 	C:\Windows\System32\rasadhlp.dll
0x00007fffd2620000 - 0x00007fffd26a3000 	C:\WINDOWS\System32\fwpuclnt.dll
0x00007fffa49e0000 - 0x00007fffa49f9000 	C:\Users\Atul Kumar yadav\Desktop\NHA\sts-4.11.1.RELEASE\plugins\org.eclipse.justj.openjdk.hotspot.jre.full.win32.x86_64_16.0.2.v20210721-1149\jre\bin\net.dll
0x00007fffd4a30000 - 0x00007fffd4b67000 	C:\WINDOWS\SYSTEM32\WINHTTP.dll
0x00007fffa49c0000 - 0x00007fffa49d3000 	C:\Users\Atul Kumar yadav\Desktop\NHA\sts-4.11.1.RELEASE\plugins\org.eclipse.justj.openjdk.hotspot.jre.full.win32.x86_64_16.0.2.v20210721-1149\jre\bin\nio.dll
0x00007fffd4320000 - 0x00007fffd4329000 	C:\Users\Atul Kumar yadav\Desktop\NHA\sts-4.11.1.RELEASE\plugins\org.eclipse.justj.openjdk.hotspot.jre.full.win32.x86_64_16.0.2.v20210721-1149\jre\bin\management.dll
0x00007fffd4310000 - 0x00007fffd431b000 	C:\Users\Atul Kumar yadav\Desktop\NHA\sts-4.11.1.RELEASE\plugins\org.eclipse.justj.openjdk.hotspot.jre.full.win32.x86_64_16.0.2.v20210721-1149\jre\bin\management_ext.dll
0x00007fffbb2c0000 - 0x00007fffbb2d7000 	C:\WINDOWS\system32\napinsp.dll
0x00007fffbb180000 - 0x00007fffbb19b000 	C:\WINDOWS\system32\pnrpnsp.dll
0x00007fffba3a0000 - 0x00007fffba3b1000 	C:\WINDOWS\System32\winrnr.dll
0x00007fffd3350000 - 0x00007fffd3365000 	C:\WINDOWS\system32\wshbth.dll
0x00007fffbd170000 - 0x00007fffbd191000 	C:\WINDOWS\system32\nlansp_c.dll
0x00007fffdc660000 - 0x00007fffdc67b000 	C:\WINDOWS\SYSTEM32\CRYPTSP.dll
0x00007fffdbe00000 - 0x00007fffdbe35000 	C:\WINDOWS\system32\rsaenh.dll
0x00007fffdc3b0000 - 0x00007fffdc3dc000 	C:\WINDOWS\SYSTEM32\USERENV.dll
0x00007fffdc640000 - 0x00007fffdc64c000 	C:\WINDOWS\SYSTEM32\CRYPTBASE.dll
0x00007fffd5750000 - 0x00007fffd5769000 	C:\WINDOWS\SYSTEM32\dhcpcsvc6.DLL
0x00007fffd5670000 - 0x00007fffd568f000 	C:\WINDOWS\SYSTEM32\dhcpcsvc.DLL
0x00007fffd61f0000 - 0x00007fffd6200000 	C:\Users\Atul Kumar yadav\Desktop\NHA\sts-4.11.1.RELEASE\plugins\org.eclipse.justj.openjdk.hotspot.jre.full.win32.x86_64_16.0.2.v20210721-1149\jre\bin\verify.dll
0x00007fffbc280000 - 0x00007fffbc28e000 	C:\Users\Atul Kumar yadav\Desktop\NHA\sts-4.11.1.RELEASE\plugins\org.eclipse.justj.openjdk.hotspot.jre.full.win32.x86_64_16.0.2.v20210721-1149\jre\bin\sunmscapi.dll
0x00007fffdd040000 - 0x00007fffdd1a6000 	C:\WINDOWS\System32\CRYPT32.dll
0x00007fffdc770000 - 0x00007fffdc79e000 	C:\WINDOWS\SYSTEM32\ncrypt.dll
0x00007fffdc730000 - 0x00007fffdc767000 	C:\WINDOWS\SYSTEM32\NTASN1.dll
0x00007fffbf420000 - 0x00007fffbf428000 	C:\WINDOWS\system32\wshunix.dll

dbghelp: loaded successfully - version: 4.0.5 - missing functions: none
symbol engine: initialized successfully - sym options: 0x614 - pdb path: .;C:\Users\Atul Kumar yadav\Desktop\NHA\sts-4.11.1.RELEASE\plugins\org.eclipse.justj.openjdk.hotspot.jre.full.win32.x86_64_16.0.2.v20210721-1149\jre\bin;C:\WINDOWS\SYSTEM32;C:\WINDOWS\WinSxS\amd64_microsoft.windows.common-controls_6595b64144ccf1df_6.0.22621.2506_none_270c5ae97388e100;C:\Users\Atul Kumar yadav\Desktop\NHA\sts-4.11.1.RELEASE\plugins\org.eclipse.justj.openjdk.hotspot.jre.full.win32.x86_64_16.0.2.v20210721-1149\jre\bin\server

VM Arguments:
jvm_args: -XX:+ShowCodeDetailsInExceptionMessages -agentlib:jdwp=transport=dt_socket,suspend=y,address=localhost:49520 -Dcom.sun.management.jmxremote -Dcom.sun.management.jmxremote.port=49512 -Dcom.sun.management.jmxremote.authenticate=false -Dcom.sun.management.jmxremote.ssl=false -Djava.rmi.server.hostname=localhost -Dspring.jmx.enabled=true -Dspring.application.admin.enabled=true -XX:TieredStopAtLevel=1 -Dspring.boot.project.name=cotoDel -javaagent:C:\Users\Atul Kumar yadav\Desktop\NHA\sts-4.11.1.RELEASE\configuration\org.eclipse.osgi\258\0\.cp\lib\javaagent-shaded.jar -Dfile.encoding=UTF-8 
java_command: com.cotodel.CotoDelApplication --spring.output.ansi.enabled=always
java_class_path (initial): D:\Coto Del\cotoDel\target\classes;C:\Users\Atul Kumar yadav\.m2\repository\org\springframework\boot\spring-boot-starter-thymeleaf\2.6.1\spring-boot-starter-thymeleaf-2.6.1.jar;C:\Users\Atul Kumar yadav\.m2\repository\org\thymeleaf\thymeleaf-spring5\3.0.12.RELEASE\thymeleaf-spring5-3.0.12.RELEASE.jar;C:\Users\Atul Kumar yadav\.m2\repository\org\thymeleaf\thymeleaf\3.0.12.RELEASE\thymeleaf-3.0.12.RELEASE.jar;C:\Users\Atul Kumar yadav\.m2\repository\org\attoparser\attoparser\2.0.5.RELEASE\attoparser-2.0.5.RELEASE.jar;C:\Users\Atul Kumar yadav\.m2\repository\org\unbescape\unbescape\1.1.6.RELEASE\unbescape-1.1.6.RELEASE.jar;C:\Users\Atul Kumar yadav\.m2\repository\org\slf4j\slf4j-api\1.7.32\slf4j-api-1.7.32.jar;C:\Users\Atul Kumar yadav\.m2\repository\org\thymeleaf\extras\thymeleaf-extras-java8time\3.0.4.RELEASE\thymeleaf-extras-java8time-3.0.4.RELEASE.jar;C:\Users\Atul Kumar yadav\.m2\repository\org\springframework\boot\spring-boot-starter-web\2.6.1\spring-boot-starter-web-2.6.1.jar;C:\Users\Atul Kumar yadav\.m2\repository\org\springframework\boot\spring-boot-starter-json\2.6.1\spring-boot-starter-json-2.6.1.jar;C:\Users\Atul Kumar yadav\.m2\repository\com\fasterxml\jackson\datatype\jackson-datatype-jdk8\2.13.0\jackson-datatype-jdk8-2.13.0.jar;C:\Users\Atul Kumar yadav\.m2\repository\com\fasterxml\jackson\datatype\jackson-datatype-jsr310\2.13.0\jackson-datatype-jsr310-2.13.0.jar;C:\Users\Atul Kumar yadav\.m2\repository\com\fasterxml\jackson\module\jackson-module-parameter-names\2.13.0\jackson-module-parameter-names-2.13.0.jar;C:\Users\Atul Kumar yadav\.m2\repository\org\springframework\spring-web\5.3.13\spring-web-5.3.13.jar;C:\Users\Atul Kumar yadav\.m2\repository\org\springframework\spring-beans\5.3.13\spring-beans-5.3.13.jar;C:\Users\Atul Kumar yadav\.m2\repository\org\springframework\spring-webmvc\5.3.13\spring-webmvc-5.3.13.jar;C:\Users\Atul Kumar yadav\.m2\repository\org\springframework\spring-aop\5.3.13\spring-aop-5.3.13.jar;C:\Users
Launcher Type: SUN_STANDARD

[Global flags]
     intx CICompilerCount                          = 4                                         {product} {ergonomic}
     uint ConcGCThreads                            = 2                                         {product} {ergonomic}
     uint G1ConcRefinementThreads                  = 8                                         {product} {ergonomic}
   size_t G1HeapRegionSize                         = 1048576                                   {product} {ergonomic}
    uintx GCDrainStackTargetSize                   = 64                                        {product} {ergonomic}
   size_t InitialHeapSize                          = 130023424                                 {product} {ergonomic}
     bool ManagementServer                         = true                                      {product} {command line}
   size_t MarkStackSize                            = 4194304                                   {product} {ergonomic}
   size_t MaxHeapSize                              = 2065694720                                {product} {ergonomic}
   size_t MaxNewSize                               = 1239416832                                {product} {ergonomic}
   size_t MinHeapDeltaBytes                        = 1048576                                   {product} {ergonomic}
   size_t MinHeapSize                              = 8388608                                   {product} {ergonomic}
    uintx NonNMethodCodeHeapSize                   = 7549744                                {pd product} {ergonomic}
    uintx NonProfiledCodeHeapSize                  = 244108496                              {pd product} {ergonomic}
    uintx ProfiledCodeHeapSize                     = 0                                      {pd product} {ergonomic}
    uintx ReservedCodeCacheSize                    = 251658240                              {pd product} {ergonomic}
     bool SegmentedCodeCache                       = true                                      {product} {ergonomic}
     bool ShowCodeDetailsInExceptionMessages       = true                                   {manageable} {command line}
   size_t SoftMaxHeapSize                          = 2065694720                             {manageable} {ergonomic}
     intx TieredStopAtLevel                        = 1                                         {product} {command line}
     bool UseCompressedClassPointers               = true                           {product lp64_product} {ergonomic}
     bool UseCompressedOops                        = true                           {product lp64_product} {ergonomic}
     bool UseG1GC                                  = true                                      {product} {ergonomic}
     bool UseLargePagesIndividualAllocation        = false                                  {pd product} {ergonomic}

Logging:
Log output configuration:
 #0: stdout all=warning uptime,level,tags
 #1: stderr all=off uptime,level,tags

Environment Variables:
JAVA_HOME=C:\Program Files\Java\jdk-17
PATH=C:\Users\Atul Kumar yadav\Desktop\NHA\sts-4.11.1.RELEASE\plugins\org.eclipse.justj.openjdk.hotspot.jre.full.win32.x86_64_16.0.2.v20210721-1149\jre\bin;C:/Users/Atul Kumar yadav/Desktop/NHA/sts-4.11.1.RELEASE//plugins/org.eclipse.justj.openjdk.hotspot.jre.full.win32.x86_64_16.0.2.v20210721-1149/jre/bin/server;C:/Users/Atul Kumar yadav/Desktop/NHA/sts-4.11.1.RELEASE//plugins/org.eclipse.justj.openjdk.hotspot.jre.full.win32.x86_64_16.0.2.v20210721-1149/jre/bin;C:\Program Files\Common Files\Oracle\Java\javapath;C:\Program Files (x86)\Common Files\Oracle\Java\javapath;C:\WINDOWS\system32;C:\WINDOWS;C:\WINDOWS\System32\Wbem;C:\WINDOWS\System32\WindowsPowerShell\v1.0\;C:\WINDOWS\System32\OpenSSH\;C:\Program Files (x86)\Microsoft SQL Server\150\DTS\Binn\;D:\apache-maven-3.8.2\bin;C:\Program Files\Java\jdk1.8.0_301\bin;C:\Program Files (x86)\Windows Kits\8.1\Windows Performance Toolkit\;C:\Program Files\Microsoft SQL Server\110\Tools\Binn\;C:\Program Files (x86)\Microsoft SDKs\TypeScript\1.0\;C:\Program Files\Microsoft SQL Server\120\Tools\Binn\;C:\Windows\Microsoft.NET\Framework\v4.0.30319;D:\Hadoop\hadoop-2.10.1\bin;C:\Program Files\Java\jdk-17\bin;C:\ProgramData\chocolatey\bin;C:\Program Files\nodejs\;C:\Program Files\wkhtmltopdf\bin;C:\Program Files\Git\cmd;C:\Program Files\Docker\Docker\resources\bin;C:\Program Files (x86)\Bitvise SSH Client;C:\Users\Atul Kumar yadav\AppData\Local\Microsoft\WindowsApps;D:\Hadoop\hadoop-2.10.1\bin;C:\Program Files\Java\jdk-17\bin;C:\Users\Atul Kumar yadav\AppData\Local\Programs\Microsoft VS Code\bin;C:\Users\Atul Kumar yadav\AppData\Roaming\npm;C:\Program Files\MongoDB\Server\6.0\bin;C:\Users\Atul Kumar yadav\AppData\Local\GitHubDesktop\bin;C:\Users\Atul Kumar yadav\Desktop\NHA\sts-4.11.1.RELEASE;
USERNAME=Atul Kumar yadav
OS=Windows_NT
PROCESSOR_IDENTIFIER=Intel64 Family 6 Model 126 Stepping 5, GenuineIntel



---------------  S Y S T E M  ---------------

OS:
 Windows 10 , 64 bit Build 22621 (10.0.22621.2506)
OS uptime: 6 days 12:49 hours
Hyper-V role detected

CPU: total 8 (initial active 8) (4 cores per cpu, 2 threads per core) family 6 model 126 stepping 5 microcode 0xbc, cx8, cmov, fxsr, ht, mmx, 3dnowpref, sse, sse2, sse3, ssse3, sse4.1, sse4.2, popcnt, lzcnt, tsc, tscinvbit, avx, avx2, aes, erms, clmul, bmi1, bmi2, adx, avx512f, avx512dq, avx512cd, avx512bw, avx512vl, sha, fma, vzeroupper, avx512_vpopcntdq, avx512_vpclmulqdq, avx512_vaes, avx512_vnni, clflush, clflushopt, avx512_vmbi2, avx512_vmbi, hv

Memory: 4k page, system-wide physical 7879M (906M free)
TotalPageFile size 23463M (AvailPageFile size 8032M)
current process WorkingSet (physical memory assigned to process): 334M, peak: 747M
current process commit charge ("private bytes"): 461M, peak: 864M

vm_info: OpenJDK 64-Bit Server VM (16.0.2+7-67) for windows-amd64 JRE (16.0.2+7-67), built on Jun  8 2021 23:21:43 by "mach5one" with MS VC++ 16.7 (VS2019)

END.
