#
# A fatal error has been detected by the Java Runtime Environment:
#
#  EXCEPTION_ACCESS_VIOLATION (0xc0000005) at pc=0x00007fff92c9c236, pid=23864, tid=2716
#
# JRE version: OpenJDK Runtime Environment Temurin-21.0.4+7 (21.0.4+7) (build 21.0.4+7-LTS)
# Java VM: OpenJDK 64-Bit Server VM Temurin-21.0.4+7 (21.0.4+7-LTS, mixed mode, emulated-client, tiered, compressed oops, compressed class ptrs, g1 gc, windows-amd64)
# Problematic frame:
# V  [jvm.dll+0xc236]
#
# No core dump will be written. Minidumps are not enabled by default on client versions of Windows
#
# If you would like to submit a bug report, please visit:
#   https://github.com/adoptium/adoptium-support/issues
#

---------------  S U M M A R Y ------------

Command Line: -XX:+ShowCodeDetailsInExceptionMessages -agentlib:jdwp=transport=dt_socket,suspend=y,address=localhost:58525 -Dcom.sun.management.jmxremote -Dcom.sun.management.jmxremote.port=58524 -Dcom.sun.management.jmxremote.authenticate=false -Dcom.sun.management.jmxremote.ssl=false -Djava.rmi.server.hostname=localhost -Dspring.jmx.enabled=true -Dmanagement.endpoints.jmx.exposure.include=* -Dspring.application.admin.enabled=true -XX:TieredStopAtLevel=1 -Dspring.boot.project.name=hrms -javaagent:D:\STS\sts-4.25.0.RELEASE\configuration\org.eclipse.osgi\270\0\.cp\lib\javaagent-shaded.jar -Dfile.encoding=UTF-8 -Dstdout.encoding=UTF-8 -Dstderr.encoding=UTF-8 com.cotodel.hrms.web.config.CotoDelApplication --spring.output.ansi.enabled=always

Host: 12th Gen Intel(R) Core(TM) i5-12450H, 12 cores, 15G,  Windows 11 , 64 bit Build 26100 (10.0.26100.1882)
Time: Mon Nov 11 14:42:02 2024 India Standard Time elapsed time: 8100.905693 seconds (0d 2h 15m 0s)

---------------  T H R E A D  ---------------

Current thread (0x000002129f6b2960):  WorkerThread "GC Thread#2"    [id=2716, stack(0x0000006e09200000,0x0000006e09300000) (1024K)]

Stack: [0x0000006e09200000,0x0000006e09300000],  sp=0x0000006e092fdf78,  free space=1015k
Native frames: (J=compiled Java code, j=interpreted, Vv=VM code, C=native code)
V  [jvm.dll+0xc236]

JavaThread 0x000002129fb60070 (nid = 20008) was being processed
Java frames: (J=compiled Java code, j=interpreted, Vv=VM code)
j  java.lang.invoke.DirectMethodHandle$Holder.newInvokeSpecial(Ljava/lang/Object;)Ljava/lang/Object;+15 java.base@21.0.4
J 937 c1 jdk.internal.reflect.DirectConstructorHandleAccessor.newInstance([Ljava/lang/Object;)Ljava/lang/Object; java.base@21.0.4 (130 bytes) @ 0x000002128f4fc86c [0x000002128f4fc660+0x000000000000020c]
J 936 c1 java.lang.reflect.Constructor.newInstanceWithCaller([Ljava/lang/Object;ZLjava/lang/Class;)Ljava/lang/Object; java.base@21.0.4 (51 bytes) @ 0x000002128f4f8c9c [0x000002128f4f8bc0+0x00000000000000dc]
J 31206 c1 org.springframework.beans.BeanUtils.instantiateClass(Ljava/lang/reflect/Constructor;[Ljava/lang/Object;)Ljava/lang/Object; (187 bytes) @ 0x000002128fae9be4 [0x000002128fae97c0+0x0000000000000424]
J 33580 c1 org.springframework.beans.factory.support.SimpleInstantiationStrategy.instantiate(Lorg/springframework/beans/factory/support/RootBeanDefinition;Ljava/lang/String;Lorg/springframework/beans/factory/BeanFactory;)Ljava/lang/Object; (152 bytes) @ 0x000002128f841f6c [0x000002128f841aa0+0x00000000000004cc]
J 33561 c1 org.springframework.beans.factory.support.AbstractAutowireCapableBeanFactory.instantiateBean(Ljava/lang/String;Lorg/springframework/beans/factory/support/RootBeanDefinition;)Lorg/springframework/beans/BeanWrapper; (75 bytes) @ 0x000002128f84a354 [0x000002128f84a2a0+0x00000000000000b4]
J 32598 c1 org.springframework.beans.factory.support.AbstractAutowireCapableBeanFactory.createBeanInstance(Ljava/lang/String;Lorg/springframework/beans/factory/support/RootBeanDefinition;[Ljava/lang/Object;)Lorg/springframework/beans/BeanWrapper; (254 bytes) @ 0x00000212900678d4 [0x0000021290067240+0x0000000000000694]
J 32603 c1 org.springframework.beans.factory.support.AbstractAutowireCapableBeanFactory.doCreateBean(Ljava/lang/String;Lorg/springframework/beans/factory/support/RootBeanDefinition;[Ljava/lang/Object;)Ljava/lang/Object; (507 bytes) @ 0x000002128fa6e92c [0x000002128fa6e780+0x00000000000001ac]
J 32601 c1 org.springframework.beans.factory.support.AbstractAutowireCapableBeanFactory.createBean(Ljava/lang/String;Lorg/springframework/beans/factory/support/RootBeanDefinition;[Ljava/lang/Object;)Ljava/lang/Object; (247 bytes) @ 0x0000021290063014 [0x00000212900629c0+0x0000000000000654]
J 32599 c1 org.springframework.beans.factory.support.AbstractBeanFactory$$Lambda+0x00000008003e16e8.getObject()Ljava/lang/Object; (20 bytes) @ 0x0000021290069bbc [0x0000021290069b20+0x000000000000009c]
J 32591 c1 org.springframework.beans.factory.support.DefaultSingletonBeanRegistry.getSingleton(Ljava/lang/String;Lorg/springframework/beans/factory/ObjectFactory;)Ljava/lang/Object; (297 bytes) @ 0x000002129006b784 [0x000002129006b300+0x0000000000000484]
J 31101 c1 org.springframework.beans.factory.support.AbstractBeanFactory.doGetBean(Ljava/lang/String;Ljava/lang/Class;[Ljava/lang/Object;Z)Ljava/lang/Object; (832 bytes) @ 0x000002128fc6f4e4 [0x000002128fc6ee60+0x0000000000000684]
J 32478 c1 org.springframework.beans.factory.support.AbstractBeanFactory.getBean(Ljava/lang/String;)Ljava/lang/Object; (9 bytes) @ 0x000002128f509b94 [0x000002128f509b20+0x0000000000000074]
j  org.springframework.beans.factory.support.DefaultListableBeanFactory.preInstantiateSingletons()V+248
j  org.springframework.context.support.AbstractApplicationContext.finishBeanFactoryInitialization(Lorg/springframework/beans/factory/config/ConfigurableListableBeanFactory;)V+124
j  org.springframework.context.support.AbstractApplicationContext.refresh()V+86
j  org.springframework.boot.web.servlet.context.ServletWebServerApplicationContext.refresh()V+1
j  org.springframework.boot.SpringApplication.refresh(Lorg/springframework/context/ConfigurableApplicationContext;)V+1
j  org.springframework.boot.SpringApplication.refreshContext(Lorg/springframework/context/ConfigurableApplicationContext;)V+16
j  org.springframework.boot.SpringApplication.run([Ljava/lang/String;)Lorg/springframework/context/ConfigurableApplicationContext;+107
j  org.springframework.boot.SpringApplication.run([Ljava/lang/Class;[Ljava/lang/String;)Lorg/springframework/context/ConfigurableApplicationContext;+9
j  org.springframework.boot.SpringApplication.run(Ljava/lang/Class;[Ljava/lang/String;)Lorg/springframework/context/ConfigurableApplicationContext;+9
j  com.cotodel.hrms.web.config.CotoDelApplication.main([Ljava/lang/String;)V+3
j  java.lang.invoke.LambdaForm$DMH+0x00000008000c4c00.invokeStatic(Ljava/lang/Object;Ljava/lang/Object;)V+10 java.base@21.0.4
j  java.lang.invoke.LambdaForm$MH+0x0000000800285000.invoke(Ljava/lang/Object;Ljava/lang/Object;Ljava/lang/Object;)Ljava/lang/Object;+33 java.base@21.0.4
J 3237 c1 jdk.internal.reflect.DirectMethodHandleAccessor.invoke(Ljava/lang/Object;[Ljava/lang/Object;)Ljava/lang/Object; java.base@21.0.4 (92 bytes) @ 0x000002128f91ec7c [0x000002128f91e8c0+0x00000000000003bc]
J 3245 c1 java.lang.reflect.Method.invoke(Ljava/lang/Object;[Ljava/lang/Object;)Ljava/lang/Object; java.base@21.0.4 (108 bytes) @ 0x000002128f9217f4 [0x000002128f921600+0x00000000000001f4]
j  org.springframework.boot.devtools.restart.RestartLauncher.run()V+42
v  ~StubRoutines::call_stub 0x000002128f0c100d

siginfo: EXCEPTION_ACCESS_VIOLATION (0xc0000005), reading address 0x000000089b3ecc77


Registers:
RAX=0x0000000000000000, RBX=0x0000000000000100, RCX=0x0000006e08afdb70, RDX=0x0000006e08afdb70
RSP=0x0000006e092fdf78, RBP=0x0000006e092fe150, RSI=0x0000006e092fe320, RDI=0x0000006e08afdb70
R8 =0x000000089b3ecc6f, R9 =0x0000006e08afdb70, R10=0x000002128f0c0000, R11=0x0000006e092fe1c8
R12=0x000002129a990858, R13=0x0000006e08afdb70, R14=0x00000212a1eba3f0, R15=0x000000089b3ecc6f
RIP=0x00007fff92c9c236, EFLAGS=0x0000000000010206


Register to memory mapping:

RAX=0x0 is null
RBX=0x0000000000000100 is an unknown value
RCX=0x0000006e08afdb70 is pointing into the stack for thread: 0x000002129fb60070
RDX=0x0000006e08afdb70 is pointing into the stack for thread: 0x000002129fb60070
RSP=0x0000006e092fdf78 points into unknown readable memory: 0x00007fff92fe6a5b | 5b 6a fe 92 ff 7f 00 00
RBP=0x0000006e092fe150 points into unknown readable memory: 0x0000006e00000001 | 01 00 00 00 6e 00 00 00
RSI=0x0000006e092fe320 points into unknown readable memory: 0x0000006e08afdb68 | 68 db af 08 6e 00 00 00
RDI=0x0000006e08afdb70 is pointing into the stack for thread: 0x000002129fb60070
R8 =0x000000089b3ecc6f is an unknown value
R9 =0x0000006e08afdb70 is pointing into the stack for thread: 0x000002129fb60070
R10=0x000002128f0c0000 points into unknown readable memory: 0x0000000000000006 | 06 00 00 00 00 00 00 00
R11=0x0000006e092fe1c8 points into unknown readable memory: 0x00007fff92fa337d | 7d 33 fa 92 ff 7f 00 00
R12=0x000002129a990858 points into unknown readable memory: 0x4c2800326a0fffff | ff ff 0f 6a 32 00 28 4c
R13=0x0000006e08afdb70 is pointing into the stack for thread: 0x000002129fb60070
R14=0x00000212a1eba3f0 points into unknown readable memory: 0x00007fff936b5a88 | 88 5a 6b 93 ff 7f 00 00
R15=0x000000089b3ecc6f is an unknown value

Top of Stack: (sp=0x0000006e092fdf78)
0x0000006e092fdf78:   00007fff92fe6a5b 0000003839f92a11
0x0000006e092fdf88:   0000000000000004 0000000000000344
0x0000006e092fdf98:   00007fff9334a91f 000002129fbf0658
0x0000006e092fdfa8:   00007fff92ff507e 000002129ab27488
0x0000006e092fdfb8:   00007fff93424e51 0000000000000055
0x0000006e092fdfc8:   0000000000000008 0000000000000002
0x0000006e092fdfd8:   0000000000000000 000002129f6533a0
0x0000006e092fdfe8:   000002129ab270a0 000002129a990858
0x0000006e092fdff8:   0000006e08afdb70 0000006e092fe320
0x0000006e092fe008:   0000006e092fe150 000002129fbf0658
0x0000006e092fe018:   00007fff92ff5024 0000006e092fe0e0
0x0000006e092fe028:   0000006e092fe320 0000021297c03978
0x0000006e092fe038:   0000000000000000 000002129fbf0658
0x0000006e092fe048:   00007fff92fa392b 0000000000000001
0x0000006e092fe058:   000002129b3ecc80 000002129fbf0658
0x0000006e092fe068:   0000006e092fe320 0000000f8fbe4801
0x0000006e092fe078:   000002129b3ecc80 000002129f6b2960
0x0000006e092fe088:   0000021200000003 00000000000003d8
0x0000006e092fe098:   000002129ab270b0 000002129ab27488
0x0000006e092fe0a8:   000002129b3ecc6f 00000212000000b8
0x0000006e092fe0b8:   000002129b3ecc80 00007fff936acff0
0x0000006e092fe0c8:   0000006e092fe320 000002129fbf0658
0x0000006e092fe0d8:   0000000500000002 000002129a990858
0x0000006e092fe0e8:   0000001300000001 0000000000000032
0x0000006e092fe0f8:   000000010000000c 0000021297c03978
0x0000006e092fe108:   0000000000000000 00000212a1692344
0x0000006e092fe118:   00001a8700000002 0000000300000001
0x0000006e092fe128:   0000ffff0960e100 00007fff934e8330
0x0000006e092fe138:   000002129fbf0658 000002129c69f4f8
0x0000006e092fe148:   000000069ab2001c 0000006e00000001
0x0000006e092fe158:   0000000000000019 000002129fbf0658
0x0000006e092fe168:   00007fff92ff507e 0000000000000000 

Instructions: (pc=0x00007fff92c9c236)
0x00007fff92c9c136:   48 8b 05 33 89 cc 00 48 8b 48 60 48 8b 04 d1 48
0x00007fff92c9c146:   85 c0 75 08 48 8b 05 27 89 cc 00 c3 48 8b 05 17
0x00007fff92c9c156:   89 cc 00 c3 cc cc cc cc cc cc 8b 05 52 5e c1 00
0x00007fff92c9c166:   c3 cc cc cc cc cc cc cc cc cc 0f b6 05 a3 74 c1
0x00007fff92c9c176:   00 48 8b d1 84 c0 74 16 44 8b 41 08 8b 0d 30 5e
0x00007fff92c9c186:   c1 00 49 d3 e0 4c 03 05 1e 5e c1 00 eb 04 4c 8b
0x00007fff92c9c196:   41 08 45 8b 48 08 45 85 c9 7e 0e 41 f6 c1 01 75
0x00007fff92c9c1a6:   53 41 c1 f9 03 49 63 c1 c3 79 49 84 c0 41 b8 0c
0x00007fff92c9c1b6:   00 00 00 8b 05 69 6f c1 00 b9 10 00 00 00 41 0f
0x00007fff92c9c1c6:   45 c8 ff c8 4c 63 c0 41 8b c1 48 c1 f8 10 0f b6
0x00007fff92c9c1d6:   c0 48 63 14 11 41 8b c9 83 e1 3f 48 d3 e2 49 8d
0x00007fff92c9c1e6:   0c 10 49 f7 d0 48 03 c1 49 c1 e8 03 48 c1 e8 03
0x00007fff92c9c1f6:   49 23 c0 c3 49 8b 00 49 8b c8 48 ff a0 00 01 00
0x00007fff92c9c206:   00 cc cc cc cc cc cc cc cc cc 8b 44 24 30 45 03
0x00007fff92c9c216:   c9 44 2b 4c 24 28 83 c0 0b 44 03 ca 45 03 c8 41
0x00007fff92c9c226:   03 c1 c3 cc cc cc cc cc cc cc 4c 8b c2 48 8b d1
0x00007fff92c9c236:   45 8b 48 08 45 85 c9 7e 0e 41 f6 c1 01 75 56 41
0x00007fff92c9c246:   c1 f9 03 49 63 c1 c3 79 4c 80 3d c4 73 c1 00 00
0x00007fff92c9c256:   b8 0c 00 00 00 b9 10 00 00 00 0f 45 c8 8b 05 bf
0x00007fff92c9c266:   6e c1 00 ff c8 4c 63 c0 41 8b c1 48 c1 f8 10 48
0x00007fff92c9c276:   63 14 11 41 8b c9 83 e1 3f 0f b6 c0 48 d3 e2 49
0x00007fff92c9c286:   8d 0c 10 49 f7 d0 48 03 c1 49 c1 e8 03 48 c1 e8
0x00007fff92c9c296:   03 49 23 c0 c3 49 8b 00 49 8b c8 48 ff a0 00 01
0x00007fff92c9c2a6:   00 00 cc cc cc cc cc cc cc cc 48 8b 41 08 0f b7
0x00007fff92c9c2b6:   48 2c 0f b7 40 2a 83 c0 48 03 c1 c3 cc cc cc cc
0x00007fff92c9c2c6:   cc cc cc cc cc cc cc cc cc cc 48 89 5c 24 08 57
0x00007fff92c9c2d6:   48 83 ec 20 0f b6 05 df 70 cc 00 48 8b fa 48 8b
0x00007fff92c9c2e6:   d9 84 c0 74 4f 48 85 15 76 68 cc 00 74 38 48 8b
0x00007fff92c9c2f6:   ca e8 94 a8 8c 00 48 8b d0 48 85 db 74 25 48 85
0x00007fff92c9c306:   c0 74 20 48 8b c7 f0 48 0f b1 13 74 16 48 85 05
0x00007fff92c9c316:   4e 68 cc 00 74 0d 48 8b c8 f0 48 0f b1 13 48 3b
0x00007fff92c9c326:   c1 75 ea 48 8b fa 48 8b c7 48 8b 5c 24 30 48 83 


Stack slot to memory mapping:

stack at sp + 0 slots: 0x00007fff92fe6a5b jvm.dll
stack at sp + 1 slots: 0x0000003839f92a11 is an unknown value
stack at sp + 2 slots: 0x0000000000000004 is an unknown value
stack at sp + 3 slots: 0x0000000000000344 is an unknown value
stack at sp + 4 slots: 0x00007fff9334a91f jvm.dll
stack at sp + 5 slots: 0x000002129fbf0658 points into unknown readable memory: 0x00007fff936b7760 | 60 77 6b 93 ff 7f 00 00
stack at sp + 6 slots: 0x00007fff92ff507e jvm.dll
stack at sp + 7 slots: 0x000002129ab27488 points into unknown readable memory: 0x88000c1298d5c2b6 | b6 c2 d5 98 12 0c 00 88


---------------  P R O C E S S  ---------------

Threads class SMR info:
_java_thread_list=0x00000212a1747560, length=28, elements={
0x000002129a84a050, 0x000002129a84abb0, 0x000002129a89e0c0, 0x000002129a879bc0,
0x000002129a87a230, 0x000002129a87e190, 0x000002129a86fee0, 0x000002129a8c3210,
0x000002129ab19f60, 0x000002129ab1c5f0, 0x000002129ab1cc70, 0x000002129f46a190,
0x000002129f67d370, 0x000002129f6a8790, 0x000002129f6d4090, 0x000002129ff7f190,
0x00000212a00577c0, 0x00000212a132ae30, 0x00000212a132c870, 0x00000212a132a7a0,
0x00000212a132f660, 0x00000212a132efd0, 0x00000212a1eae0a0, 0x000002129fb60070,
0x00000212a2363c10, 0x00000212a23642a0, 0x00000212a2364930, 0x00000212a2364fc0
}

Java Threads: ( => current thread )
  0x000002129a84a050 JavaThread "Reference Handler"          daemon [_thread_blocked, id=24460, stack(0x0000006e08000000,0x0000006e08100000) (1024K)]
  0x000002129a84abb0 JavaThread "Finalizer"                  daemon [_thread_blocked, id=14476, stack(0x0000006e08100000,0x0000006e08200000) (1024K)]
  0x000002129a89e0c0 JavaThread "Signal Dispatcher"          daemon [_thread_blocked, id=8000, stack(0x0000006e08200000,0x0000006e08300000) (1024K)]
  0x000002129a879bc0 JavaThread "Attach Listener"            daemon [_thread_blocked, id=16504, stack(0x0000006e08300000,0x0000006e08400000) (1024K)]
  0x000002129a87a230 JavaThread "Service Thread"             daemon [_thread_blocked, id=17992, stack(0x0000006e08400000,0x0000006e08500000) (1024K)]
  0x000002129a87e190 JavaThread "Monitor Deflation Thread"   daemon [_thread_blocked, id=1940, stack(0x0000006e08500000,0x0000006e08600000) (1024K)]
  0x000002129a86fee0 JavaThread "C1 CompilerThread0"         daemon [_thread_blocked, id=3912, stack(0x0000006e08600000,0x0000006e08700000) (1024K)]
  0x000002129a8c3210 JavaThread "Common-Cleaner"             daemon [_thread_blocked, id=18944, stack(0x0000006e08700000,0x0000006e08800000) (1024K)]
  0x000002129ab19f60 JavaThread "JDWP Transport Listener: dt_socket" daemon [_thread_blocked, id=13328, stack(0x0000006e08b00000,0x0000006e08c00000) (1024K)]
  0x000002129ab1c5f0 JavaThread "JDWP Event Helper Thread"   daemon [_thread_blocked, id=16284, stack(0x0000006e08c00000,0x0000006e08d00000) (1024K)]
  0x000002129ab1cc70 JavaThread "JDWP Command Reader"        daemon [_thread_in_native, id=26628, stack(0x0000006e08d00000,0x0000006e08e00000) (1024K)]
  0x000002129f46a190 JavaThread "Notification Thread"        daemon [_thread_blocked, id=4696, stack(0x0000006e08e00000,0x0000006e08f00000) (1024K)]
  0x000002129f67d370 JavaThread "RMI TCP Accept-0"           daemon [_thread_in_native, id=25112, stack(0x0000006e08f00000,0x0000006e09000000) (1024K)]
  0x000002129f6a8790 JavaThread "RMI TCP Accept-58524"       daemon [_thread_in_native, id=19708, stack(0x0000006e09000000,0x0000006e09100000) (1024K)]
  0x000002129f6d4090 JavaThread "RMI TCP Accept-0"           daemon [_thread_in_native, id=4512, stack(0x0000006e09900000,0x0000006e09a00000) (1024K)]
  0x000002129ff7f190 JavaThread "RMI Scheduler(0)"           daemon [_thread_blocked, id=19700, stack(0x0000006e09e00000,0x0000006e09f00000) (1024K)]
  0x00000212a00577c0 JavaThread "Live Reload Server"         daemon [_thread_in_native, id=14604, stack(0x0000006e0a900000,0x0000006e0aa00000) (1024K)]
  0x00000212a132ae30 JavaThread "DestroyJavaVM"                     [_thread_blocked, id=23216, stack(0x0000006e07800000,0x0000006e07900000) (1024K)]
  0x00000212a132c870 JavaThread "RMI TCP Connection(idle)"   daemon [_thread_blocked, id=17852, stack(0x0000006e07600000,0x0000006e07700000) (1024K)]
  0x00000212a132a7a0 JavaThread "JMX server connection timeout 282" daemon [_thread_blocked, id=16420, stack(0x0000006e07700000,0x0000006e07800000) (1024K)]
  0x00000212a132f660 JavaThread "File Watcher"               daemon [_thread_blocked, id=19688, stack(0x0000006e08800000,0x0000006e08900000) (1024K)]
  0x00000212a132efd0 JavaThread "File Watcher"               daemon [_thread_blocked, id=19876, stack(0x0000006e0a100000,0x0000006e0a200000) (1024K)]
  0x00000212a1eae0a0 JavaThread "Thread-149"                        [_thread_blocked, id=14352, stack(0x0000006e07500000,0x0000006e07600000) (1024K)]
  0x000002129fb60070 JavaThread "restartedMain"                     [_thread_blocked, id=20008, stack(0x0000006e08a00000,0x0000006e08b00000) (1024K)]
  0x00000212a2363c10 JavaThread "Log4j2-TF-81-Scheduled-40"  daemon [_thread_blocked, id=16372, stack(0x0000006e09d00000,0x0000006e09e00000) (1024K)]
  0x00000212a23642a0 JavaThread "Catalina-utility-1"                [_thread_blocked, id=10512, stack(0x0000006e0a000000,0x0000006e0a100000) (1024K)]
  0x00000212a2364930 JavaThread "Catalina-utility-2"                [_thread_blocked, id=16672, stack(0x0000006e0a200000,0x0000006e0a300000) (1024K)]
  0x00000212a2364fc0 JavaThread "container-2"                       [_thread_blocked, id=16600, stack(0x0000006e0a300000,0x0000006e0a400000) (1024K)]
Total: 28

Other Threads:
  0x000002129a81ea10 VMThread "VM Thread"                           [id=10636, stack(0x0000006e07f00000,0x0000006e08000000) (1024K)]
  0x0000021297ce00f0 WatcherThread "VM Periodic Task Thread"        [id=20068, stack(0x0000006e07e00000,0x0000006e07f00000) (1024K)]
  0x000002128b611470 WorkerThread "GC Thread#0"                     [id=14616, stack(0x0000006e07900000,0x0000006e07a00000) (1024K)]
  0x000002129f6b25c0 WorkerThread "GC Thread#1"                     [id=9980, stack(0x0000006e09100000,0x0000006e09200000) (1024K)]
=>0x000002129f6b2960 WorkerThread "GC Thread#2"                     [id=2716, stack(0x0000006e09200000,0x0000006e09300000) (1024K)]
  0x000002129f6b2d00 WorkerThread "GC Thread#3"                     [id=22644, stack(0x0000006e09300000,0x0000006e09400000) (1024K)]
  0x000002129f6b30a0 WorkerThread "GC Thread#4"                     [id=2916, stack(0x0000006e09400000,0x0000006e09500000) (1024K)]
  0x000002129f6b5850 WorkerThread "GC Thread#5"                     [id=9280, stack(0x0000006e09500000,0x0000006e09600000) (1024K)]
  0x000002129f6db440 WorkerThread "GC Thread#6"                     [id=20300, stack(0x0000006e09600000,0x0000006e09700000) (1024K)]
  0x000002129f6db7e0 WorkerThread "GC Thread#7"                     [id=4648, stack(0x0000006e09700000,0x0000006e09800000) (1024K)]
  0x000002129f6dbb80 WorkerThread "GC Thread#8"                     [id=22424, stack(0x0000006e09800000,0x0000006e09900000) (1024K)]
  0x000002129faad4b0 WorkerThread "GC Thread#9"                     [id=9664, stack(0x0000006e09a00000,0x0000006e09b00000) (1024K)]
  0x0000021297b437c0 ConcurrentGCThread "G1 Main Marker"            [id=14552, stack(0x0000006e07a00000,0x0000006e07b00000) (1024K)]
  0x000002128b61ffe0 WorkerThread "G1 Conc#0"                       [id=11036, stack(0x0000006e07b00000,0x0000006e07c00000) (1024K)]
  0x000002129faabb50 WorkerThread "G1 Conc#1"                       [id=20744, stack(0x0000006e09b00000,0x0000006e09c00000) (1024K)]
  0x000002129faabef0 WorkerThread "G1 Conc#2"                       [id=11688, stack(0x0000006e09c00000,0x0000006e09d00000) (1024K)]
  0x0000021297bb0180 ConcurrentGCThread "G1 Refine#0"               [id=3000, stack(0x0000006e07c00000,0x0000006e07d00000) (1024K)]
  0x0000021297bb09a0 ConcurrentGCThread "G1 Service"                [id=18924, stack(0x0000006e07d00000,0x0000006e07e00000) (1024K)]
Total: 18

Threads with active compile tasks:
Total: 0

VM state: at safepoint (normal execution)

VM Mutex/Monitor currently owned by a thread:  ([mutex/lock_event])
[0x00007fff93937308] Threads_lock - owner thread: 0x000002129a81ea10
[0x00007fff93937408] Heap_lock - owner thread: 0x00000212a132efd0

Heap address: 0x0000000704c00000, size: 4020 MB, Compressed Oops mode: Zero based, Oop shift amount: 3

CDS archive(s) not mapped
Compressed class space mapped at: 0x0000000800000000-0x0000000840000000, reserved size: 1073741824
Narrow klass base: 0x0000000800000000, Narrow klass shift: 0, Narrow klass range: 0x40000000

GC Precious Log:
 CardTable entry size: 512
 Card Set container configuration: InlinePtr #cards 4 size 8 Array Of Cards #cards 16 size 48 Howl #buckets 8 coarsen threshold 3686 Howl Bitmap #cards 512 size 80 coarsen threshold 460 Card regions per heap region 1 cards per card region 4096
 CPUs: 12 total, 12 available
 Memory: 16076M
 Large Page Support: Disabled
 NUMA Support: Disabled
 Compressed Oops: Enabled (Zero based)
 Heap Region Size: 2M
 Heap Min Capacity: 8M
 Heap Initial Capacity: 252M
 Heap Max Capacity: 4020M
 Pre-touch: Disabled
 Parallel Workers: 10
 Concurrent Workers: 3
 Concurrent Refinement Workers: 10
 Periodic GC: Disabled

Heap:
 garbage-first heap   total 131072K, used 110701K [0x0000000704c00000, 0x0000000800000000)
  region size 2048K, 39 young (79872K), 4 survivors (8192K)
 Metaspace       used 59729K, committed 60480K, reserved 1114112K
  class space    used 7284K, committed 7680K, reserved 1048576K

Heap Regions: E=young(eden), S=young(survivor), O=old, HS=humongous(starts), HC=humongous(continues), CS=collection set, F=free, TAMS=top-at-mark-start, PB=parsable bottom
|   0|0x0000000704c00000, 0x0000000704e00000, 0x0000000704e00000|100%| O|  |TAMS 0x0000000704c00000| PB 0x0000000704c00000| Untracked 
|   1|0x0000000704e00000, 0x0000000704fffc50, 0x0000000705000000| 99%| O|  |TAMS 0x0000000704e00000| PB 0x0000000704e00000| Untracked 
|   2|0x0000000705000000, 0x0000000705200000, 0x0000000705200000|100%| O|  |TAMS 0x0000000705000000| PB 0x0000000705000000| Untracked 
|   3|0x0000000705200000, 0x0000000705400000, 0x0000000705400000|100%| O|  |TAMS 0x0000000705200000| PB 0x0000000705200000| Untracked 
|   4|0x0000000705400000, 0x0000000705600000, 0x0000000705600000|100%| O|  |TAMS 0x0000000705400000| PB 0x0000000705400000| Untracked 
|   5|0x0000000705600000, 0x0000000705800000, 0x0000000705800000|100%| O|  |TAMS 0x0000000705600000| PB 0x0000000705600000| Untracked 
|   6|0x0000000705800000, 0x0000000705a00000, 0x0000000705a00000|100%| O|  |TAMS 0x0000000705800000| PB 0x0000000705800000| Untracked 
|   7|0x0000000705a00000, 0x0000000705c00000, 0x0000000705c00000|100%| O|  |TAMS 0x0000000705a00000| PB 0x0000000705a00000| Untracked 
|   8|0x0000000705c00000, 0x0000000705e00000, 0x0000000705e00000|100%| O|  |TAMS 0x0000000705c00000| PB 0x0000000705c00000| Untracked 
|   9|0x0000000705e00000, 0x0000000705ff9380, 0x0000000706000000| 98%| O|  |TAMS 0x0000000705e00000| PB 0x0000000705e00000| Untracked 
|  10|0x0000000706000000, 0x00000007061ffff0, 0x0000000706200000| 99%| O|  |TAMS 0x0000000706000000| PB 0x0000000706000000| Untracked 
|  11|0x0000000706200000, 0x00000007063c0940, 0x0000000706400000| 87%| O|  |TAMS 0x0000000706200000| PB 0x0000000706200000| Untracked 
|  12|0x0000000706400000, 0x00000007065fffd0, 0x0000000706600000| 99%| O|  |TAMS 0x0000000706400000| PB 0x0000000706400000| Untracked 
|  13|0x0000000706600000, 0x00000007067fffe8, 0x0000000706800000| 99%| O|  |TAMS 0x0000000706600000| PB 0x0000000706600000| Untracked 
|  14|0x0000000706800000, 0x00000007069ffff0, 0x0000000706a00000| 99%| O|  |TAMS 0x0000000706800000| PB 0x0000000706800000| Untracked 
|  15|0x0000000706a00000, 0x0000000706aca0b8, 0x0000000706c00000| 39%| O|  |TAMS 0x0000000706a00000| PB 0x0000000706a00000| Untracked 
|  16|0x0000000706c00000, 0x0000000706c00000, 0x0000000706e00000|  0%| F|  |TAMS 0x0000000706c00000| PB 0x0000000706c00000| Untracked 
|  17|0x0000000706e00000, 0x0000000706f20f88, 0x0000000707000000| 56%| O|  |TAMS 0x0000000706e00000| PB 0x0000000706e00000| Untracked 
|  18|0x0000000707000000, 0x00000007070a2620, 0x0000000707200000| 31%| O|  |TAMS 0x0000000707000000| PB 0x0000000707000000| Untracked 
|  19|0x0000000707200000, 0x000000070734fd80, 0x0000000707400000| 65%| O|  |TAMS 0x0000000707200000| PB 0x0000000707200000| Untracked 
|  20|0x0000000707400000, 0x0000000707400000, 0x0000000707600000|  0%| F|  |TAMS 0x0000000707400000| PB 0x0000000707400000| Untracked 
|  21|0x0000000707600000, 0x0000000707600000, 0x0000000707800000|  0%| F|  |TAMS 0x0000000707600000| PB 0x0000000707600000| Untracked 
|  22|0x0000000707800000, 0x00000007078c7e60, 0x0000000707a00000| 39%| S|  |TAMS 0x0000000707800000| PB 0x0000000707800000| Complete 
|  23|0x0000000707a00000, 0x0000000707c00000, 0x0000000707c00000|100%| S|  |TAMS 0x0000000707a00000| PB 0x0000000707a00000| Complete 
|  24|0x0000000707c00000, 0x0000000707e00000, 0x0000000707e00000|100%| S|  |TAMS 0x0000000707c00000| PB 0x0000000707c00000| Complete 
|  25|0x0000000707e00000, 0x0000000708000000, 0x0000000708000000|100%| S|  |TAMS 0x0000000707e00000| PB 0x0000000707e00000| Complete 
|  26|0x0000000708000000, 0x0000000708084b10, 0x0000000708200000| 25%| E|CS|TAMS 0x0000000708000000| PB 0x0000000708000000| Complete 
|  27|0x0000000708200000, 0x0000000708400000, 0x0000000708400000|100%| E|CS|TAMS 0x0000000708200000| PB 0x0000000708200000| Complete 
|  28|0x0000000708400000, 0x0000000708600000, 0x0000000708600000|100%| E|CS|TAMS 0x0000000708400000| PB 0x0000000708400000| Complete 
|  29|0x0000000708600000, 0x0000000708800000, 0x0000000708800000|100%| E|CS|TAMS 0x0000000708600000| PB 0x0000000708600000| Complete 
|  30|0x0000000708800000, 0x0000000708a00000, 0x0000000708a00000|100%| E|CS|TAMS 0x0000000708800000| PB 0x0000000708800000| Complete 
|  31|0x0000000708a00000, 0x0000000708c00000, 0x0000000708c00000|100%| E|CS|TAMS 0x0000000708a00000| PB 0x0000000708a00000| Complete 
|  32|0x0000000708c00000, 0x0000000708e00000, 0x0000000708e00000|100%| E|CS|TAMS 0x0000000708c00000| PB 0x0000000708c00000| Complete 
|  33|0x0000000708e00000, 0x0000000709000000, 0x0000000709000000|100%| E|CS|TAMS 0x0000000708e00000| PB 0x0000000708e00000| Complete 
|  34|0x0000000709000000, 0x0000000709200000, 0x0000000709200000|100%| E|CS|TAMS 0x0000000709000000| PB 0x0000000709000000| Complete 
|  35|0x0000000709200000, 0x0000000709400000, 0x0000000709400000|100%| E|CS|TAMS 0x0000000709200000| PB 0x0000000709200000| Complete 
|  36|0x0000000709400000, 0x0000000709600000, 0x0000000709600000|100%| E|CS|TAMS 0x0000000709400000| PB 0x0000000709400000| Complete 
|  37|0x0000000709600000, 0x0000000709800000, 0x0000000709800000|100%| E|CS|TAMS 0x0000000709600000| PB 0x0000000709600000| Complete 
|  38|0x0000000709800000, 0x0000000709a00000, 0x0000000709a00000|100%| E|CS|TAMS 0x0000000709800000| PB 0x0000000709800000| Complete 
|  39|0x0000000709a00000, 0x0000000709c00000, 0x0000000709c00000|100%| E|CS|TAMS 0x0000000709a00000| PB 0x0000000709a00000| Complete 
|  40|0x0000000709c00000, 0x0000000709e00000, 0x0000000709e00000|100%| E|CS|TAMS 0x0000000709c00000| PB 0x0000000709c00000| Complete 
|  41|0x0000000709e00000, 0x000000070a000000, 0x000000070a000000|100%| E|CS|TAMS 0x0000000709e00000| PB 0x0000000709e00000| Complete 
|  42|0x000000070a000000, 0x000000070a200000, 0x000000070a200000|100%| E|CS|TAMS 0x000000070a000000| PB 0x000000070a000000| Complete 
|  43|0x000000070a200000, 0x000000070a400000, 0x000000070a400000|100%| E|CS|TAMS 0x000000070a200000| PB 0x000000070a200000| Complete 
|  44|0x000000070a400000, 0x000000070a600000, 0x000000070a600000|100%| E|CS|TAMS 0x000000070a400000| PB 0x000000070a400000| Complete 
|  45|0x000000070a600000, 0x000000070a800000, 0x000000070a800000|100%| E|CS|TAMS 0x000000070a600000| PB 0x000000070a600000| Complete 
|  46|0x000000070a800000, 0x000000070aa00000, 0x000000070aa00000|100%| E|CS|TAMS 0x000000070a800000| PB 0x000000070a800000| Complete 
|  47|0x000000070aa00000, 0x000000070ac00000, 0x000000070ac00000|100%| E|CS|TAMS 0x000000070aa00000| PB 0x000000070aa00000| Complete 
|  48|0x000000070ac00000, 0x000000070ae00000, 0x000000070ae00000|100%| E|CS|TAMS 0x000000070ac00000| PB 0x000000070ac00000| Complete 
|  49|0x000000070ae00000, 0x000000070b000000, 0x000000070b000000|100%| E|CS|TAMS 0x000000070ae00000| PB 0x000000070ae00000| Complete 
|  50|0x000000070b000000, 0x000000070b200000, 0x000000070b200000|100%| E|CS|TAMS 0x000000070b000000| PB 0x000000070b000000| Complete 
|  51|0x000000070b200000, 0x000000070b400000, 0x000000070b400000|100%| E|CS|TAMS 0x000000070b200000| PB 0x000000070b200000| Complete 
|  52|0x000000070b400000, 0x000000070b600000, 0x000000070b600000|100%| E|CS|TAMS 0x000000070b400000| PB 0x000000070b400000| Complete 
|  53|0x000000070b600000, 0x000000070b800000, 0x000000070b800000|100%| E|CS|TAMS 0x000000070b600000| PB 0x000000070b600000| Complete 
|  54|0x000000070b800000, 0x000000070ba00000, 0x000000070ba00000|100%| E|CS|TAMS 0x000000070b800000| PB 0x000000070b800000| Complete 
|  55|0x000000070ba00000, 0x000000070bc00000, 0x000000070bc00000|100%| E|CS|TAMS 0x000000070ba00000| PB 0x000000070ba00000| Complete 
|  56|0x000000070bc00000, 0x000000070be00000, 0x000000070be00000|100%| E|CS|TAMS 0x000000070bc00000| PB 0x000000070bc00000| Complete 
|  57|0x000000070be00000, 0x000000070c000000, 0x000000070c000000|100%| E|CS|TAMS 0x000000070be00000| PB 0x000000070be00000| Complete 
|  58|0x000000070c000000, 0x000000070c200000, 0x000000070c200000|100%| E|CS|TAMS 0x000000070c000000| PB 0x000000070c000000| Complete 
|  59|0x000000070c200000, 0x000000070c400000, 0x000000070c400000|100%| E|CS|TAMS 0x000000070c200000| PB 0x000000070c200000| Complete 
|  60|0x000000070c400000, 0x000000070c600000, 0x000000070c600000|100%| E|CS|TAMS 0x000000070c400000| PB 0x000000070c400000| Complete 
|  61|0x000000070c600000, 0x000000070c800000, 0x000000070c800000|100%| E|CS|TAMS 0x000000070c600000| PB 0x000000070c600000| Complete 
|  62|0x000000070c800000, 0x000000070ca00000, 0x000000070ca00000|100%| E|CS|TAMS 0x000000070c800000| PB 0x000000070c800000| Complete 
|  63|0x000000070ca00000, 0x000000070cc00000, 0x000000070cc00000|100%| E|CS|TAMS 0x000000070ca00000| PB 0x000000070ca00000| Complete 

Card table byte_map: [0x00000212933c0000,0x0000021293ba0000] _byte_map_base: 0x000002128fb9a000

Marking Bits: (CMBitMap*) 0x000002128b611a80
 Bits: [0x0000021293ba0000, 0x0000021297a70000)

Polling page: 0x0000021289d30000

Metaspace:

Usage:
  Non-class:     51.22 MB used.
      Class:      7.11 MB used.
       Both:     58.33 MB used.

Virtual space:
  Non-class space:       64.00 MB reserved,      51.56 MB ( 81%) committed,  1 nodes.
      Class space:        1.00 GB reserved,       7.50 MB ( <1%) committed,  1 nodes.
             Both:        1.06 GB reserved,      59.06 MB (  5%) committed. 

Chunk freelists:
   Non-Class:  11.83 MB
       Class:  8.42 MB
        Both:  20.25 MB

MaxMetaspaceSize: unlimited
CompressedClassSpaceSize: 1.00 GB
Initial GC threshold: 21.00 MB
Current GC threshold: 98.12 MB
CDS: off
 - commit_granule_bytes: 65536.
 - commit_granule_words: 8192.
 - virtual_space_node_default_size: 8388608.
 - enlarge_chunks_in_place: 1.
 - use_allocation_guard: 0.


Internal statistics:

num_allocs_failed_limit: 6.
num_arena_births: 5764.
num_arena_deaths: 5020.
num_vsnodes_births: 2.
num_vsnodes_deaths: 0.
num_space_committed: 1001.
num_space_uncommitted: 43.
num_chunks_returned_to_freelist: 7793.
num_chunks_taken_from_freelist: 10588.
num_chunk_merges: 1494.
num_chunk_splits: 4255.
num_chunks_enlarged: 2713.
num_inconsistent_stats: 0.

CodeCache: size=49152Kb used=13401Kb max_used=19164Kb free=35750Kb
 bounds [0x000002128f0c0000, 0x00000212903e0000, 0x00000212920c0000]
 total_blobs=6650 nmethods=6009 adapters=564
 compilation: enabled
              stopped_count=0, restarted_count=0
 full_count=0

Compilation events (20 events):
Event: 8076.655 Thread 0x000002129a86fee0 41516       1       java.util.concurrent.FutureTask::report (37 bytes)
Event: 8076.655 Thread 0x000002129a86fee0 nmethod 41516 0x000002128fb36c90 code [0x000002128fb36e60, 0x000002128fb370c0]
Event: 8076.656 Thread 0x000002129a86fee0 41517       1       org.springframework.util.ObjectUtils::toObjectArray (121 bytes)
Event: 8076.657 Thread 0x000002129a86fee0 nmethod 41517 0x000002128f5c7290 code [0x000002128f5c7500, 0x000002128f5c7c08]
Event: 8076.657 Thread 0x000002129f5c29d0 41518       1       org.springframework.cglib.core.CollectionUtils::transform (54 bytes)
Event: 8076.657 Thread 0x000002129f5c29d0 nmethod 41518 0x000002128f8ec790 code [0x000002128f8ec9a0, 0x000002128f8ecda8]
Event: 8076.658 Thread 0x000002129f5c29d0 41519       1       org.springframework.cglib.core.ClassEmitter::end_class (82 bytes)
Event: 8076.658 Thread 0x000002129f5c29d0 nmethod 41519 0x000002128f5c6890 code [0x000002128f5c6ac0, 0x000002128f5c6f38]
Event: 8076.659 Thread 0x000002129f5c29d0 41520       1       org.springframework.boot.web.servlet.ServletContextInitializerBeans::getOrderedBeansOfType (136 bytes)
Event: 8076.660 Thread 0x000002129f5c29d0 nmethod 41520 0x000002128f5c5b10 code [0x000002128f5c5d40, 0x000002128f5c63b8]
Event: 8076.660 Thread 0x000002129a86fee0 41521       1       org.apache.catalina.core.ApplicationFilterRegistration::addMappingForUrlPatterns (138 bytes)
Event: 8076.660 Thread 0x000002129f5c29d0 41522       1       org.apache.tomcat.util.descriptor.web.FilterMap::addURLPattern (13 bytes)
Event: 8076.660 Thread 0x000002129f5c29d0 nmethod 41522 0x000002128fb24490 code [0x000002128fb24640, 0x000002128fb24768]
Event: 8076.660 Thread 0x000002129a86fee0 nmethod 41521 0x000002128f5c4c90 code [0x000002128f5c4ee0, 0x000002128f5c5588]
Event: 8076.660 Thread 0x000002129f5c29d0 41523       1       java.lang.Thread$FieldHolder::<init> (36 bytes)
Event: 8076.660 Thread 0x000002129f5c29d0 nmethod 41523 0x000002128f69c990 code [0x000002128f69cb20, 0x000002128f69ccd0]
Event: 8076.669 Thread 0x000002129a86fee0 41524       1       java.lang.reflect.Field::checkAccess (32 bytes)
Event: 8076.669 Thread 0x000002129a86fee0 nmethod 41524 0x000002128f6d0490 code [0x000002128f6d0620, 0x000002128f6d0778]
Event: 8076.669 Thread 0x000002129a86fee0 41525       1       java.lang.invoke.LambdaForm$MH/0x000000080071b000::invoke (42 bytes)
Event: 8076.670 Thread 0x000002129a86fee0 nmethod 41525 0x00000212901be990 code [0x00000212901beb80, 0x00000212901beee8]

GC Heap History (20 events):
Event: 8030.720 GC heap after
{Heap after GC invocations=683 (full 35):
 garbage-first heap   total 110592K, used 36966K [0x0000000704c00000, 0x0000000800000000)
  region size 2048K, 1 young (2048K), 1 survivors (2048K)
 Metaspace       used 59338K, committed 60160K, reserved 1114112K
  class space    used 7238K, committed 7680K, reserved 1048576K
}
Event: 8036.623 GC heap before
{Heap before GC invocations=684 (full 35):
 garbage-first heap   total 110592K, used 94310K [0x0000000704c00000, 0x0000000800000000)
  region size 2048K, 29 young (59392K), 1 survivors (2048K)
 Metaspace       used 59335K, committed 60160K, reserved 1114112K
  class space    used 7237K, committed 7680K, reserved 1048576K
}
Event: 8036.625 GC heap after
{Heap after GC invocations=685 (full 35):
 garbage-first heap   total 133120K, used 37056K [0x0000000704c00000, 0x0000000800000000)
  region size 2048K, 1 young (2048K), 1 survivors (2048K)
 Metaspace       used 59335K, committed 60160K, reserved 1114112K
  class space    used 7237K, committed 7680K, reserved 1048576K
}
Event: 8044.800 GC heap before
{Heap before GC invocations=685 (full 35):
 garbage-first heap   total 133120K, used 114880K [0x0000000704c00000, 0x0000000800000000)
  region size 2048K, 39 young (79872K), 1 survivors (2048K)
 Metaspace       used 59335K, committed 60160K, reserved 1114112K
  class space    used 7237K, committed 7680K, reserved 1048576K
}
Event: 8044.802 GC heap after
{Heap after GC invocations=686 (full 35):
 garbage-first heap   total 133120K, used 36591K [0x0000000704c00000, 0x0000000800000000)
  region size 2048K, 1 young (2048K), 1 survivors (2048K)
 Metaspace       used 59335K, committed 60160K, reserved 1114112K
  class space    used 7237K, committed 7680K, reserved 1048576K
}
Event: 8052.942 GC heap before
{Heap before GC invocations=686 (full 35):
 garbage-first heap   total 133120K, used 114415K [0x0000000704c00000, 0x0000000800000000)
  region size 2048K, 39 young (79872K), 1 survivors (2048K)
 Metaspace       used 59335K, committed 60160K, reserved 1114112K
  class space    used 7237K, committed 7680K, reserved 1048576K
}
Event: 8052.944 GC heap after
{Heap after GC invocations=687 (full 35):
 garbage-first heap   total 133120K, used 35911K [0x0000000704c00000, 0x0000000800000000)
  region size 2048K, 1 young (2048K), 1 survivors (2048K)
 Metaspace       used 59335K, committed 60160K, reserved 1114112K
  class space    used 7237K, committed 7680K, reserved 1048576K
}
Event: 8060.587 GC heap before
{Heap before GC invocations=687 (full 35):
 garbage-first heap   total 133120K, used 113735K [0x0000000704c00000, 0x0000000800000000)
  region size 2048K, 39 young (79872K), 1 survivors (2048K)
 Metaspace       used 59335K, committed 60160K, reserved 1114112K
  class space    used 7237K, committed 7680K, reserved 1048576K
}
Event: 8060.590 GC heap after
{Heap after GC invocations=688 (full 35):
 garbage-first heap   total 133120K, used 37806K [0x0000000704c00000, 0x0000000800000000)
  region size 2048K, 2 young (4096K), 2 survivors (4096K)
 Metaspace       used 59335K, committed 60160K, reserved 1114112K
  class space    used 7237K, committed 7680K, reserved 1048576K
}
Event: 8068.312 GC heap before
{Heap before GC invocations=688 (full 35):
 garbage-first heap   total 133120K, used 113582K [0x0000000704c00000, 0x0000000800000000)
  region size 2048K, 39 young (79872K), 2 survivors (4096K)
 Metaspace       used 59335K, committed 60160K, reserved 1114112K
  class space    used 7237K, committed 7680K, reserved 1048576K
}
Event: 8068.314 GC heap after
{Heap after GC invocations=689 (full 35):
 garbage-first heap   total 133120K, used 36715K [0x0000000704c00000, 0x0000000800000000)
  region size 2048K, 1 young (2048K), 1 survivors (2048K)
 Metaspace       used 59335K, committed 60160K, reserved 1114112K
  class space    used 7237K, committed 7680K, reserved 1048576K
}
Event: 8075.930 GC heap before
{Heap before GC invocations=689 (full 35):
 garbage-first heap   total 133120K, used 114539K [0x0000000704c00000, 0x0000000800000000)
  region size 2048K, 39 young (79872K), 1 survivors (2048K)
 Metaspace       used 59335K, committed 60160K, reserved 1114112K
  class space    used 7237K, committed 7680K, reserved 1048576K
}
Event: 8075.932 GC heap after
{Heap after GC invocations=690 (full 35):
 garbage-first heap   total 133120K, used 40550K [0x0000000704c00000, 0x0000000800000000)
  region size 2048K, 3 young (6144K), 3 survivors (6144K)
 Metaspace       used 59335K, committed 60160K, reserved 1114112K
  class space    used 7237K, committed 7680K, reserved 1048576K
}
Event: 8076.398 GC heap before
{Heap before GC invocations=690 (full 35):
 garbage-first heap   total 133120K, used 48742K [0x0000000704c00000, 0x0000000800000000)
  region size 2048K, 8 young (16384K), 3 survivors (6144K)
 Metaspace       used 59339K, committed 60160K, reserved 1114112K
  class space    used 7238K, committed 7680K, reserved 1048576K
}
Event: 8076.422 GC heap after
{Heap after GC invocations=691 (full 36):
 garbage-first heap   total 131072K, used 34395K [0x0000000704c00000, 0x0000000800000000)
  region size 2048K, 0 young (0K), 0 survivors (0K)
 Metaspace       used 59339K, committed 60160K, reserved 1114112K
  class space    used 7238K, committed 7680K, reserved 1048576K
}
Event: 8079.767 GC heap before
{Heap before GC invocations=691 (full 36):
 garbage-first heap   total 131072K, used 110171K [0x0000000704c00000, 0x0000000800000000)
  region size 2048K, 38 young (77824K), 0 survivors (0K)
 Metaspace       used 59727K, committed 60480K, reserved 1114112K
  class space    used 7284K, committed 7680K, reserved 1048576K
}
Event: 8079.774 GC heap after
{Heap after GC invocations=692 (full 36):
 garbage-first heap   total 131072K, used 39307K [0x0000000704c00000, 0x0000000800000000)
  region size 2048K, 3 young (6144K), 3 survivors (6144K)
 Metaspace       used 59727K, committed 60480K, reserved 1114112K
  class space    used 7284K, committed 7680K, reserved 1048576K
}
Event: 8090.170 GC heap before
{Heap before GC invocations=692 (full 36):
 garbage-first heap   total 131072K, used 110987K [0x0000000704c00000, 0x0000000800000000)
  region size 2048K, 38 young (77824K), 3 survivors (6144K)
 Metaspace       used 59727K, committed 60480K, reserved 1114112K
  class space    used 7284K, committed 7680K, reserved 1048576K
}
Event: 8090.174 GC heap after
{Heap after GC invocations=693 (full 36):
 garbage-first heap   total 131072K, used 39021K [0x0000000704c00000, 0x0000000800000000)
  region size 2048K, 3 young (6144K), 3 survivors (6144K)
 Metaspace       used 59727K, committed 60480K, reserved 1114112K
  class space    used 7284K, committed 7680K, reserved 1048576K
}
Event: 8100.891 GC heap before
{Heap before GC invocations=693 (full 36):
 garbage-first heap   total 131072K, used 110701K [0x0000000704c00000, 0x0000000800000000)
  region size 2048K, 38 young (77824K), 3 survivors (6144K)
 Metaspace       used 59729K, committed 60480K, reserved 1114112K
  class space    used 7284K, committed 7680K, reserved 1048576K
}

Dll operation events (12 events):
Event: 0.009 Loaded shared library D:\STS\sts-4.25.0.RELEASE\plugins\org.eclipse.justj.openjdk.hotspot.jre.full.win32.x86_64_21.0.4.v20240802-1551\jre\bin\java.dll
Event: 0.015 Loaded shared library D:\STS\sts-4.25.0.RELEASE\plugins\org.eclipse.justj.openjdk.hotspot.jre.full.win32.x86_64_21.0.4.v20240802-1551\jre\bin\zip.dll
Event: 0.216 Loaded shared library D:\STS\sts-4.25.0.RELEASE\plugins\org.eclipse.justj.openjdk.hotspot.jre.full.win32.x86_64_21.0.4.v20240802-1551\jre\bin\instrument.dll
Event: 0.225 Loaded shared library D:\STS\sts-4.25.0.RELEASE\plugins\org.eclipse.justj.openjdk.hotspot.jre.full.win32.x86_64_21.0.4.v20240802-1551\jre\bin\net.dll
Event: 0.226 Loaded shared library D:\STS\sts-4.25.0.RELEASE\plugins\org.eclipse.justj.openjdk.hotspot.jre.full.win32.x86_64_21.0.4.v20240802-1551\jre\bin\nio.dll
Event: 0.232 Loaded shared library D:\STS\sts-4.25.0.RELEASE\plugins\org.eclipse.justj.openjdk.hotspot.jre.full.win32.x86_64_21.0.4.v20240802-1551\jre\bin\zip.dll
Event: 0.346 Loaded shared library D:\STS\sts-4.25.0.RELEASE\plugins\org.eclipse.justj.openjdk.hotspot.jre.full.win32.x86_64_21.0.4.v20240802-1551\jre\bin\jimage.dll
Event: 0.388 Loaded shared library D:\STS\sts-4.25.0.RELEASE\plugins\org.eclipse.justj.openjdk.hotspot.jre.full.win32.x86_64_21.0.4.v20240802-1551\jre\bin\management.dll
Event: 0.396 Loaded shared library D:\STS\sts-4.25.0.RELEASE\plugins\org.eclipse.justj.openjdk.hotspot.jre.full.win32.x86_64_21.0.4.v20240802-1551\jre\bin\management_ext.dll
Event: 0.554 Loaded shared library D:\STS\sts-4.25.0.RELEASE\plugins\org.eclipse.justj.openjdk.hotspot.jre.full.win32.x86_64_21.0.4.v20240802-1551\jre\bin\extnet.dll
Event: 0.578 Loaded shared library D:\STS\sts-4.25.0.RELEASE\plugins\org.eclipse.justj.openjdk.hotspot.jre.full.win32.x86_64_21.0.4.v20240802-1551\jre\bin\verify.dll
Event: 3.007 Loaded shared library D:\STS\sts-4.25.0.RELEASE\plugins\org.eclipse.justj.openjdk.hotspot.jre.full.win32.x86_64_21.0.4.v20240802-1551\jre\bin\sunmscapi.dll

Deoptimization events (20 events):
Event: 8076.667 Thread 0x000002129fb60070 DEOPT PACKING pc=0x000002128f9b406c sp=0x0000006e08af85f0
Event: 8076.667 Thread 0x000002129fb60070 DEOPT UNPACKING pc=0x000002128f114e42 sp=0x0000006e08af7b28 mode 1
Event: 8076.667 Thread 0x000002129fb60070 DEOPT PACKING pc=0x000002128f4ae4b4 sp=0x0000006e08af86e0
Event: 8076.667 Thread 0x000002129fb60070 DEOPT UNPACKING pc=0x000002128f114e42 sp=0x0000006e08af7c88 mode 1
Event: 8076.667 Thread 0x000002129fb60070 DEOPT PACKING pc=0x000002128f4ac32c sp=0x0000006e08af8840
Event: 8076.667 Thread 0x000002129fb60070 DEOPT UNPACKING pc=0x000002128f114e42 sp=0x0000006e08af7e00 mode 1
Event: 8076.669 Thread 0x000002129fb60070 DEOPT PACKING pc=0x000002128f9b406c sp=0x0000006e08afcbe0
Event: 8076.669 Thread 0x000002129fb60070 DEOPT UNPACKING pc=0x000002128f114e42 sp=0x0000006e08afc118 mode 1
Event: 8076.669 Thread 0x000002129fb60070 DEOPT PACKING pc=0x000002128f4ae4b4 sp=0x0000006e08afccd0
Event: 8076.669 Thread 0x000002129fb60070 DEOPT UNPACKING pc=0x000002128f114e42 sp=0x0000006e08afc278 mode 1
Event: 8076.669 Thread 0x000002129fb60070 DEOPT PACKING pc=0x000002128f4ac32c sp=0x0000006e08afce30
Event: 8076.669 Thread 0x000002129fb60070 DEOPT UNPACKING pc=0x000002128f114e42 sp=0x0000006e08afc3f0 mode 1
Event: 8076.673 Thread 0x000002129fb60070 DEOPT PACKING pc=0x000002128f9b406c sp=0x0000006e08af9a00
Event: 8076.673 Thread 0x000002129fb60070 DEOPT UNPACKING pc=0x000002128f114e42 sp=0x0000006e08af8f38 mode 1
Event: 8076.673 Thread 0x000002129fb60070 DEOPT PACKING pc=0x000002128f4ae4b4 sp=0x0000006e08af9af0
Event: 8076.673 Thread 0x000002129fb60070 DEOPT UNPACKING pc=0x000002128f114e42 sp=0x0000006e08af9098 mode 1
Event: 8076.673 Thread 0x000002129fb60070 DEOPT PACKING pc=0x000002128f4ac32c sp=0x0000006e08af9c50
Event: 8076.673 Thread 0x000002129fb60070 DEOPT UNPACKING pc=0x000002128f114e42 sp=0x0000006e08af9210 mode 1
Event: 8096.128 Thread 0x000002129fb60070 DEOPT PACKING pc=0x000002128f4edc94 sp=0x0000006e08afdb70
Event: 8096.128 Thread 0x000002129fb60070 DEOPT UNPACKING pc=0x000002128f114e42 sp=0x0000006e08afd028 mode 0

Classes loaded (20 events):
Event: 7920.440 Loading class java/lang/ObjectCustomizer
Event: 7920.440 Loading class java/lang/ObjectCustomizer done
Event: 7920.440 Loading class java/lang/ObjectCustomizer
Event: 7920.440 Loading class java/lang/ObjectCustomizer done
Event: 8002.660 Loading class java/lang/ObjectCustomizer
Event: 8002.660 Loading class java/lang/ObjectCustomizer done
Event: 8002.661 Loading class java/lang/ObjectCustomizer
Event: 8002.661 Loading class java/lang/ObjectCustomizer done
Event: 8008.204 Loading class java/lang/ObjectCustomizer
Event: 8008.204 Loading class java/lang/ObjectCustomizer done
Event: 8008.204 Loading class java/lang/ObjectCustomizer
Event: 8008.204 Loading class java/lang/ObjectCustomizer done
Event: 8014.788 Loading class java/lang/ObjectCustomizer
Event: 8014.788 Loading class java/lang/ObjectCustomizer done
Event: 8014.789 Loading class java/lang/ObjectCustomizer
Event: 8014.789 Loading class java/lang/ObjectCustomizer done
Event: 8076.640 Loading class java/lang/ObjectCustomizer
Event: 8076.640 Loading class java/lang/ObjectCustomizer done
Event: 8076.641 Loading class java/lang/ObjectCustomizer
Event: 8076.641 Loading class java/lang/ObjectCustomizer done

Classes unloaded (20 events):
Event: 8002.750 Thread 0x000002129a81ea10 Unloading class 0x00000008007a0c00 'java/lang/invoke/LambdaForm$MH+0x00000008007a0c00'
Event: 8002.750 Thread 0x000002129a81ea10 Unloading class 0x0000000800000400 'java/lang/invoke/LambdaForm$MH+0x0000000800000400'
Event: 8002.750 Thread 0x000002129a81ea10 Unloading class 0x00000008004c0800 'java/lang/invoke/LambdaForm$MH+0x00000008004c0800'
Event: 8002.750 Thread 0x000002129a81ea10 Unloading class 0x000000080075a800 'java/lang/invoke/LambdaForm$MH+0x000000080075a800'
Event: 8002.750 Thread 0x000002129a81ea10 Unloading class 0x000000080076dc00 'java/lang/invoke/LambdaForm$MH+0x000000080076dc00'
Event: 8002.750 Thread 0x000002129a81ea10 Unloading class 0x000000080071b800 'java/lang/invoke/LambdaForm$MH+0x000000080071b800'
Event: 8002.750 Thread 0x000002129a81ea10 Unloading class 0x0000000800757c00 'java/lang/invoke/LambdaForm$MH+0x0000000800757c00'
Event: 8002.750 Thread 0x000002129a81ea10 Unloading class 0x0000000800735000 'java/lang/invoke/LambdaForm$BMH+0x0000000800735000'
Event: 8002.750 Thread 0x000002129a81ea10 Unloading class 0x0000000800715000 'java/lang/invoke/LambdaForm$MH+0x0000000800715000'
Event: 8002.750 Thread 0x000002129a81ea10 Unloading class 0x0000000800715800 'java/lang/invoke/LambdaForm$MH+0x0000000800715800'
Event: 8002.750 Thread 0x000002129a81ea10 Unloading class 0x00000008006b9000 'java/lang/invoke/LambdaForm$MH+0x00000008006b9000'
Event: 8002.750 Thread 0x000002129a81ea10 Unloading class 0x0000000800765000 'java/lang/invoke/LambdaForm$BMH+0x0000000800765000'
Event: 8002.750 Thread 0x000002129a81ea10 Unloading class 0x000000080079dc00 'java/lang/invoke/LambdaForm$MH+0x000000080079dc00'
Event: 8002.750 Thread 0x000002129a81ea10 Unloading class 0x000000080074c000 'java/lang/invoke/LambdaForm$MH+0x000000080074c000'
Event: 8002.750 Thread 0x000002129a81ea10 Unloading class 0x000000080071cc00 'java/lang/invoke/LambdaForm$MH+0x000000080071cc00'
Event: 8002.750 Thread 0x000002129a81ea10 Unloading class 0x00000008004f8000 'java/lang/invoke/LambdaForm$MH+0x00000008004f8000'
Event: 8002.750 Thread 0x000002129a81ea10 Unloading class 0x0000000800786800 'java/lang/invoke/LambdaForm$MH+0x0000000800786800'
Event: 8007.943 Thread 0x000002129a81ea10 Unloading class 0x0000000800703000 'org/apache/catalina/loader/JdbcLeakPrevention'
Event: 8014.539 Thread 0x000002129a81ea10 Unloading class 0x0000000800688000 'org/apache/catalina/loader/JdbcLeakPrevention'
Event: 8030.733 Thread 0x000002129a81ea10 Unloading class 0x000000080067c800 'org/apache/catalina/loader/JdbcLeakPrevention'

Classes redefined (20 events):
Event: 1240.643 Thread 0x000002129a81ea10 redefined class name=com.cotodel.hrms.web.controller.LoginController, count=3
Event: 1240.643 Thread 0x000002129a81ea10 redefined class name=com.cotodel.hrms.web.controller.LoginController, count=7
Event: 1240.643 Thread 0x000002129a81ea10 redefined class name=com.cotodel.hrms.web.controller.LoginController, count=6
Event: 1348.310 Thread 0x000002129a81ea10 redefined class name=com.cotodel.hrms.web.controller.LoginController, count=6
Event: 1348.310 Thread 0x000002129a81ea10 redefined class name=com.cotodel.hrms.web.controller.LoginController, count=1
Event: 1348.310 Thread 0x000002129a81ea10 redefined class name=com.cotodel.hrms.web.controller.LoginController, count=5
Event: 1348.310 Thread 0x000002129a81ea10 redefined class name=com.cotodel.hrms.web.controller.LoginController, count=2
Event: 1348.310 Thread 0x000002129a81ea10 redefined class name=com.cotodel.hrms.web.controller.LoginController, count=3
Event: 1348.310 Thread 0x000002129a81ea10 redefined class name=com.cotodel.hrms.web.controller.LoginController, count=4
Event: 1348.310 Thread 0x000002129a81ea10 redefined class name=com.cotodel.hrms.web.controller.LoginController, count=8
Event: 1348.310 Thread 0x000002129a81ea10 redefined class name=com.cotodel.hrms.web.controller.LoginController, count=7
Event: 1442.041 Thread 0x000002129a81ea10 redefined class name=com.cotodel.hrms.web.controller.LoginController, count=7
Event: 1442.042 Thread 0x000002129a81ea10 redefined class name=com.cotodel.hrms.web.controller.LoginController, count=2
Event: 1442.042 Thread 0x000002129a81ea10 redefined class name=com.cotodel.hrms.web.controller.LoginController, count=6
Event: 1442.042 Thread 0x000002129a81ea10 redefined class name=com.cotodel.hrms.web.controller.LoginController, count=3
Event: 1442.042 Thread 0x000002129a81ea10 redefined class name=com.cotodel.hrms.web.controller.LoginController, count=4
Event: 1442.042 Thread 0x000002129a81ea10 redefined class name=com.cotodel.hrms.web.controller.LoginController, count=5
Event: 1442.042 Thread 0x000002129a81ea10 redefined class name=com.cotodel.hrms.web.controller.LoginController, count=9
Event: 1442.042 Thread 0x000002129a81ea10 redefined class name=com.cotodel.hrms.web.controller.LoginController, count=1
Event: 1442.042 Thread 0x000002129a81ea10 redefined class name=com.cotodel.hrms.web.controller.LoginController, count=8

Internal exceptions (20 events):
Event: 8014.795 Thread 0x00000212a132b4c0 Exception <a 'java/lang/ClassNotFoundException'{0x00000007087a3420}: org/springframework/security/config/annotation/web/WebSecurityConfigurerCustomizer> (0x00000007087a3420) 
thrown [s\src\hotspot\share\classfile\systemDictionary.cpp, line 312]
Event: 8014.795 Thread 0x00000212a132b4c0 Exception <a 'java/lang/ClassNotFoundException'{0x00000007087aa938}: org/springframework/security/config/annotation/SecurityConfigurerCustomizer> (0x00000007087aa938) 
thrown [s\src\hotspot\share\classfile\systemDictionary.cpp, line 312]
Event: 8014.811 Thread 0x00000212a132b4c0 Exception <a 'java/io/FileNotFoundException'{0x000000070835a260}> (0x000000070835a260) 
thrown [s\src\hotspot\share\prims\jni.cpp, line 520]
Event: 8014.880 Thread 0x00000212a132b4c0 Exception <a 'java/io/FileNotFoundException'{0x000000070b3bca00}> (0x000000070b3bca00) 
thrown [s\src\hotspot\share\prims\jni.cpp, line 520]
Event: 8014.880 Thread 0x00000212a132b4c0 Exception <a 'java/io/FileNotFoundException'{0x000000070b3bd5e8}> (0x000000070b3bd5e8) 
thrown [s\src\hotspot\share\prims\jni.cpp, line 520]
Event: 8076.397 Thread 0x00000212a2366fd0 Exception <a 'java/lang/InterruptedException'{0x000000070c7e28d0}: sleep interrupted> (0x000000070c7e28d0) 
thrown [s\src\hotspot\share\prims\jvm.cpp, line 3074]
Event: 8076.432 Thread 0x000002129fb60070 Exception <a 'sun/nio/fs/WindowsException'{0x000000070cbc1040}> (0x000000070cbc1040) 
thrown [s\src\hotspot\share\prims\jni.cpp, line 520]
Event: 8076.583 Thread 0x000002129fb60070 Exception <a 'java/lang/NoClassDefFoundError'{0x000000070a61c490}: org/flywaydb/core/Flyway> (0x000000070a61c490) 
thrown [s\src\hotspot\share\oops\constantPool.cpp, line 873]
Event: 8076.585 Thread 0x000002129fb60070 Exception <a 'java/lang/NoClassDefFoundError'{0x000000070a61caf0}: liquibase/integration/spring/SpringLiquibase> (0x000000070a61caf0) 
thrown [s\src\hotspot\share\oops\constantPool.cpp, line 873]
Event: 8076.631 Thread 0x000002129fb60070 Exception <a 'java/io/FileNotFoundException'{0x0000000709b66fd8}> (0x0000000709b66fd8) 
thrown [s\src\hotspot\share\prims\jni.cpp, line 520]
Event: 8076.641 Thread 0x000002129fb60070 Exception <a 'java/lang/ClassNotFoundException'{0x00000007098d78d0}: java/lang/ObjectCustomizer> (0x00000007098d78d0) 
thrown [s\src\hotspot\share\classfile\systemDictionary.cpp, line 312]
Event: 8076.642 Thread 0x000002129fb60070 Exception <a 'java/lang/ClassNotFoundException'{0x00000007098e3358}: org/springframework/security/config/annotation/web/configuration/WebSecurityConfigurerAdapterCustomizer> (0x00000007098e3358) 
thrown [s\src\hotspot\share\classfile\systemDictionary.cpp, line 312]
Event: 8076.642 Thread 0x000002129fb60070 Exception <a 'java/lang/ClassNotFoundException'{0x00000007098f53d8}: com/cotodel/hrms/web/config/LoginSecurityConfigurationCustomizer> (0x00000007098f53d8) 
thrown [s\src\hotspot\share\classfile\systemDictionary.cpp, line 312]
Event: 8076.643 Thread 0x000002129fb60070 Exception <a 'java/lang/ClassNotFoundException'{0x0000000709901720}: com/cotodel/hrms/web/config/LoginSecurityConfiguration$$EnhancerBySpringCGLIB$$af16123cCustomizer> (0x0000000709901720) 
thrown [s\src\hotspot\share\classfile\systemDictionary.cpp, line 312]
Event: 8076.644 Thread 0x000002129fb60070 Exception <a 'java/lang/ClassNotFoundException'{0x0000000709916b88}: org/springframework/context/annotation/ConfigurationClassEnhancer$EnhancedConfigurationCustomizer> (0x0000000709916b88) 
thrown [s\src\hotspot\share\classfile\systemDictionary.cpp, line 312]
Event: 8076.644 Thread 0x000002129fb60070 Exception <a 'java/lang/ClassNotFoundException'{0x000000070991dad8}: org/springframework/beans/factory/BeanFactoryAwareCustomizer> (0x000000070991dad8) 
thrown [s\src\hotspot\share\classfile\systemDictionary.cpp, line 312]
Event: 8076.645 Thread 0x000002129fb60070 Exception <a 'java/lang/ClassNotFoundException'{0x0000000709925cd0}: org/springframework/beans/factory/AwareCustomizer> (0x0000000709925cd0) 
thrown [s\src\hotspot\share\classfile\systemDictionary.cpp, line 312]
Event: 8076.645 Thread 0x000002129fb60070 Exception <a 'java/lang/ClassNotFoundException'{0x000000070992cf08}: org/springframework/security/config/annotation/web/WebSecurityConfigurerCustomizer> (0x000000070992cf08) 
thrown [s\src\hotspot\share\classfile\systemDictionary.cpp, line 312]
Event: 8076.646 Thread 0x000002129fb60070 Exception <a 'java/lang/ClassNotFoundException'{0x0000000709934420}: org/springframework/security/config/annotation/SecurityConfigurerCustomizer> (0x0000000709934420) 
thrown [s\src\hotspot\share\classfile\systemDictionary.cpp, line 312]
Event: 8076.660 Thread 0x000002129fb60070 Exception <a 'java/io/FileNotFoundException'{0x00000007094e3290}> (0x00000007094e3290) 
thrown [s\src\hotspot\share\prims\jni.cpp, line 520]

ZGC Phase Switch (0 events):
No events

VM Operations (20 events):
Event: 8096.318 Executing VM operation: get/set locals done
Event: 8096.319 Executing VM operation: get/set locals
Event: 8096.319 Executing VM operation: get/set locals done
Event: 8096.319 Executing VM operation: get/set locals
Event: 8096.319 Executing VM operation: get/set locals done
Event: 8096.319 Executing VM operation: get/set locals
Event: 8096.319 Executing VM operation: get/set locals done
Event: 8096.320 Executing VM operation: get/set locals
Event: 8096.320 Executing VM operation: get/set locals done
Event: 8096.320 Executing VM operation: get/set locals
Event: 8096.320 Executing VM operation: get/set locals done
Event: 8096.321 Executing VM operation: get/set locals
Event: 8096.321 Executing VM operation: get/set locals done
Event: 8096.322 Executing VM operation: get/set locals
Event: 8096.322 Executing VM operation: get/set locals done
Event: 8096.322 Executing VM operation: get/set locals
Event: 8096.322 Executing VM operation: get/set locals done
Event: 8096.322 Executing VM operation: get/set locals
Event: 8096.322 Executing VM operation: get/set locals done
Event: 8100.891 Executing VM operation: G1CollectForAllocation (G1 Evacuation Pause)

Memory protections (0 events):
No events

Nmethod flushes (20 events):
Event: 8030.739 Thread 0x000002129a81ea10 flushing  nmethod 0x000002128f80ec90
Event: 8030.739 Thread 0x000002129a81ea10 flushing  nmethod 0x000002128f8c9410
Event: 8030.739 Thread 0x000002129a81ea10 flushing  nmethod 0x000002128f8cec10
Event: 8030.739 Thread 0x000002129a81ea10 flushing  nmethod 0x000002128fa43110
Event: 8030.739 Thread 0x000002129a81ea10 flushing  nmethod 0x000002128fa46810
Event: 8030.739 Thread 0x000002129a81ea10 flushing  nmethod 0x000002128fba7710
Event: 8030.739 Thread 0x000002129a81ea10 flushing  nmethod 0x000002128fc4d310
Event: 8030.739 Thread 0x000002129a81ea10 flushing  nmethod 0x000002128fc52210
Event: 8030.739 Thread 0x000002129a81ea10 flushing  nmethod 0x000002128fc77990
Event: 8030.739 Thread 0x000002129a81ea10 flushing  nmethod 0x000002128fd0c910
Event: 8030.739 Thread 0x000002129a81ea10 flushing  nmethod 0x000002128fe5de90
Event: 8030.739 Thread 0x000002129a81ea10 flushing  nmethod 0x000002128fe6f090
Event: 8030.739 Thread 0x000002129a81ea10 flushing  nmethod 0x000002128fe6f810
Event: 8030.739 Thread 0x000002129a81ea10 flushing  nmethod 0x000002128fe6fb10
Event: 8030.739 Thread 0x000002129a81ea10 flushing  nmethod 0x000002128fe72c90
Event: 8030.739 Thread 0x000002129a81ea10 flushing  nmethod 0x000002128fe7f290
Event: 8030.739 Thread 0x000002129a81ea10 flushing  nmethod 0x000002128ffd8a10
Event: 8030.739 Thread 0x000002129a81ea10 flushing  nmethod 0x000002128ffe3690
Event: 8030.739 Thread 0x000002129a81ea10 flushing  nmethod 0x000002129005c410
Event: 8030.739 Thread 0x000002129a81ea10 flushing  nmethod 0x000002129006fe90

Events (20 events):
Event: 8024.900 Thread 0x000002129f5c29d0 Thread exited: 0x000002129f5c29d0
Event: 8076.381 Thread 0x00000212a1eada10 Thread added: 0x00000212a1eae0a0
Event: 8076.381 Thread 0x00000212a1eada10 Thread exited: 0x00000212a1eada10
Event: 8076.384 Thread 0x00000212a132bb50 Thread exited: 0x00000212a132bb50
Event: 8076.397 Thread 0x00000212a132d590 Thread exited: 0x00000212a132d590
Event: 8076.397 Thread 0x00000212a2366fd0 Thread exited: 0x00000212a2366fd0
Event: 8076.423 Thread 0x00000212a1eae0a0 Thread added: 0x00000212a23642a0
Event: 8076.423 Thread 0x00000212a2365c20 Thread exited: 0x00000212a2365c20
Event: 8076.423 Thread 0x00000212a23642a0 Thread exited: 0x00000212a23642a0
Event: 8076.423 Thread 0x00000212a1eae0a0 Thread added: 0x000002129fb60070
Event: 8076.424 Thread 0x00000212a2366940 Thread exited: 0x00000212a2366940
Event: 8076.449 Thread 0x000002129fb60070 Thread added: 0x00000212a2363c10
Event: 8076.450 Thread 0x00000212a1eaccf0 Thread exited: 0x00000212a1eaccf0
Event: 8076.450 Thread 0x000002129a86fee0 Thread added: 0x000002129f5c29d0
Event: 8076.481 Thread 0x000002129fb60070 Thread added: 0x00000212a23642a0
Event: 8076.496 Thread 0x00000212a23642a0 Thread exited: 0x00000212a23642a0
Event: 8076.660 Thread 0x000002129fb60070 Thread added: 0x00000212a23642a0
Event: 8076.660 Thread 0x000002129fb60070 Thread added: 0x00000212a2364930
Event: 8076.660 Thread 0x000002129fb60070 Thread added: 0x00000212a2364fc0
Event: 8081.670 Thread 0x000002129f5c29d0 Thread exited: 0x000002129f5c29d0


Dynamic libraries:
0x00007ff6580b0000 - 0x00007ff6580be000 	D:\STS\sts-4.25.0.RELEASE\plugins\org.eclipse.justj.openjdk.hotspot.jre.full.win32.x86_64_21.0.4.v20240802-1551\jre\bin\javaw.exe
0x00007fffe64e0000 - 0x00007fffe6743000 	C:\Windows\SYSTEM32\ntdll.dll
0x00007fffe5310000 - 0x00007fffe53d7000 	C:\Windows\System32\KERNEL32.DLL
0x00007fffe3ad0000 - 0x00007fffe3e80000 	C:\Windows\System32\KERNELBASE.dll
0x00007fffe3980000 - 0x00007fffe3acb000 	C:\Windows\System32\ucrtbase.dll
0x00007fffb0a30000 - 0x00007fffb0a48000 	D:\STS\sts-4.25.0.RELEASE\plugins\org.eclipse.justj.openjdk.hotspot.jre.full.win32.x86_64_21.0.4.v20240802-1551\jre\bin\jli.dll
0x00007fffe5f50000 - 0x00007fffe6113000 	C:\Windows\System32\USER32.dll
0x00007fffe4330000 - 0x00007fffe4357000 	C:\Windows\System32\win32u.dll
0x00007fffe6470000 - 0x00007fffe649a000 	C:\Windows\System32\GDI32.dll
0x00007fffbba70000 - 0x00007fffbbd00000 	C:\Windows\WinSxS\amd64_microsoft.windows.common-controls_6595b64144ccf1df_6.0.26100.1882_none_3e0e949ae32eca40\COMCTL32.dll
0x00007fffae540000 - 0x00007fffae55b000 	D:\STS\sts-4.25.0.RELEASE\plugins\org.eclipse.justj.openjdk.hotspot.jre.full.win32.x86_64_21.0.4.v20240802-1551\jre\bin\VCRUNTIME140.dll
0x00007fffe3f40000 - 0x00007fffe4063000 	C:\Windows\System32\gdi32full.dll
0x00007fffe5050000 - 0x00007fffe50f9000 	C:\Windows\System32\msvcrt.dll
0x00007fffe3e90000 - 0x00007fffe3f33000 	C:\Windows\System32\msvcp_win.dll
0x00007fffe4d30000 - 0x00007fffe4d5f000 	C:\Windows\System32\IMM32.DLL
0x00007fffa25c0000 - 0x00007fffa25cc000 	D:\STS\sts-4.25.0.RELEASE\plugins\org.eclipse.justj.openjdk.hotspot.jre.full.win32.x86_64_21.0.4.v20240802-1551\jre\bin\vcruntime140_1.dll
0x00007fff9ba00000 - 0x00007fff9ba8e000 	D:\STS\sts-4.25.0.RELEASE\plugins\org.eclipse.justj.openjdk.hotspot.jre.full.win32.x86_64_21.0.4.v20240802-1551\jre\bin\msvcp140.dll
0x00007fff92c90000 - 0x00007fff93a18000 	D:\STS\sts-4.25.0.RELEASE\plugins\org.eclipse.justj.openjdk.hotspot.jre.full.win32.x86_64_21.0.4.v20240802-1551\jre\bin\server\jvm.dll
0x00007fffe5e90000 - 0x00007fffe5f44000 	C:\Windows\System32\ADVAPI32.dll
0x00007fffe63c0000 - 0x00007fffe6466000 	C:\Windows\System32\sechost.dll
0x00007fffe4370000 - 0x00007fffe4486000 	C:\Windows\System32\RPCRT4.dll
0x00007fffe6340000 - 0x00007fffe63b4000 	C:\Windows\System32\WS2_32.dll
0x00007fffe3780000 - 0x00007fffe37ce000 	C:\Windows\SYSTEM32\POWRPROF.dll
0x00007fffd6ce0000 - 0x00007fffd6d16000 	C:\Windows\SYSTEM32\WINMM.dll
0x00007fffd0fe0000 - 0x00007fffd0feb000 	C:\Windows\SYSTEM32\VERSION.dll
0x00007fffe3760000 - 0x00007fffe3774000 	C:\Windows\SYSTEM32\UMPDC.dll
0x00007fffe2710000 - 0x00007fffe272a000 	C:\Windows\SYSTEM32\kernel.appcore.dll
0x00007fffcacd0000 - 0x00007fffcacda000 	D:\STS\sts-4.25.0.RELEASE\plugins\org.eclipse.justj.openjdk.hotspot.jre.full.win32.x86_64_21.0.4.v20240802-1551\jre\bin\jimage.dll
0x00007fffe1160000 - 0x00007fffe13a1000 	C:\Windows\SYSTEM32\DBGHELP.DLL
0x00007fffe5b00000 - 0x00007fffe5e7c000 	C:\Windows\System32\combase.dll
0x00007fffe6200000 - 0x00007fffe62d6000 	C:\Windows\System32\OLEAUT32.dll
0x00007fffc52b0000 - 0x00007fffc52e9000 	C:\Windows\SYSTEM32\dbgcore.DLL
0x00007fffe38e0000 - 0x00007fffe3979000 	C:\Windows\System32\bcryptPrimitives.dll
0x00007fffd1520000 - 0x00007fffd155c000 	D:\STS\sts-4.25.0.RELEASE\plugins\org.eclipse.justj.openjdk.hotspot.jre.full.win32.x86_64_21.0.4.v20240802-1551\jre\bin\jdwp.dll
0x00007fffbf9b0000 - 0x00007fffbf9bf000 	D:\STS\sts-4.25.0.RELEASE\plugins\org.eclipse.justj.openjdk.hotspot.jre.full.win32.x86_64_21.0.4.v20240802-1551\jre\bin\instrument.dll
0x00007fffbf990000 - 0x00007fffbf9af000 	D:\STS\sts-4.25.0.RELEASE\plugins\org.eclipse.justj.openjdk.hotspot.jre.full.win32.x86_64_21.0.4.v20240802-1551\jre\bin\java.dll
0x00007fffb0a10000 - 0x00007fffb0a28000 	D:\STS\sts-4.25.0.RELEASE\plugins\org.eclipse.justj.openjdk.hotspot.jre.full.win32.x86_64_21.0.4.v20240802-1551\jre\bin\zip.dll
0x00007fffe4490000 - 0x00007fffe4b88000 	C:\Windows\System32\SHELL32.dll
0x00007fffe1640000 - 0x00007fffe1e6a000 	C:\Windows\SYSTEM32\windows.storage.dll
0x00007fffe6120000 - 0x00007fffe61f3000 	C:\Windows\System32\SHCORE.dll
0x00007fffe5290000 - 0x00007fffe52ed000 	C:\Windows\System32\shlwapi.dll
0x00007fffe3800000 - 0x00007fffe3829000 	C:\Windows\SYSTEM32\profapi.dll
0x00007fffddad0000 - 0x00007fffddadb000 	D:\STS\sts-4.25.0.RELEASE\plugins\org.eclipse.justj.openjdk.hotspot.jre.full.win32.x86_64_21.0.4.v20240802-1551\jre\bin\dt_socket.dll
0x00007fffe21e0000 - 0x00007fffe2211000 	C:\Windows\SYSTEM32\IPHLPAPI.DLL
0x00007fffe2bf0000 - 0x00007fffe2c58000 	C:\Windows\system32\mswsock.dll
0x00007fffe2220000 - 0x00007fffe233f000 	C:\Windows\SYSTEM32\DNSAPI.dll
0x00007fffe5e80000 - 0x00007fffe5e8a000 	C:\Windows\System32\NSI.dll
0x00007fffd9490000 - 0x00007fffd949b000 	C:\Windows\System32\rasadhlp.dll
0x00007fffdc0c0000 - 0x00007fffdc146000 	C:\Windows\System32\fwpuclnt.dll
0x00007fffb6070000 - 0x00007fffb6080000 	D:\STS\sts-4.25.0.RELEASE\plugins\org.eclipse.justj.openjdk.hotspot.jre.full.win32.x86_64_21.0.4.v20240802-1551\jre\bin\net.dll
0x00007fffdc620000 - 0x00007fffdc746000 	C:\Windows\SYSTEM32\WINHTTP.dll
0x00007fffab630000 - 0x00007fffab646000 	D:\STS\sts-4.25.0.RELEASE\plugins\org.eclipse.justj.openjdk.hotspot.jre.full.win32.x86_64_21.0.4.v20240802-1551\jre\bin\nio.dll
0x00007fff9b960000 - 0x00007fff9b96a000 	D:\STS\sts-4.25.0.RELEASE\plugins\org.eclipse.justj.openjdk.hotspot.jre.full.win32.x86_64_21.0.4.v20240802-1551\jre\bin\management.dll
0x00007fff98da0000 - 0x00007fff98dab000 	D:\STS\sts-4.25.0.RELEASE\plugins\org.eclipse.justj.openjdk.hotspot.jre.full.win32.x86_64_21.0.4.v20240802-1551\jre\bin\management_ext.dll
0x00007fffe4360000 - 0x00007fffe4368000 	C:\Windows\System32\PSAPI.DLL
0x00007fffb5180000 - 0x00007fffb5198000 	C:\Windows\system32\napinsp.dll
0x00007fffb5160000 - 0x00007fffb5172000 	C:\Windows\System32\winrnr.dll
0x00007fffb5130000 - 0x00007fffb5152000 	C:\Windows\system32\nlansp_c.dll
0x00007fffb5110000 - 0x00007fffb5126000 	C:\Windows\system32\wshbth.dll
0x00007fffe2e80000 - 0x00007fffe2e9c000 	C:\Windows\SYSTEM32\CRYPTSP.dll
0x00007fffe2670000 - 0x00007fffe26a8000 	C:\Windows\system32\rsaenh.dll
0x00007fffe2c90000 - 0x00007fffe2cbb000 	C:\Windows\SYSTEM32\USERENV.dll
0x00007fffe3120000 - 0x00007fffe3146000 	C:\Windows\SYSTEM32\bcrypt.dll
0x00007fffe2ea0000 - 0x00007fffe2eac000 	C:\Windows\SYSTEM32\CRYPTBASE.dll
0x00007fffa25b0000 - 0x00007fffa25b9000 	D:\STS\sts-4.25.0.RELEASE\plugins\org.eclipse.justj.openjdk.hotspot.jre.full.win32.x86_64_21.0.4.v20240802-1551\jre\bin\extnet.dll
0x00007fffb2c30000 - 0x00007fffb2c40000 	D:\STS\sts-4.25.0.RELEASE\plugins\org.eclipse.justj.openjdk.hotspot.jre.full.win32.x86_64_21.0.4.v20240802-1551\jre\bin\verify.dll
0x00007fffae560000 - 0x00007fffae56e000 	D:\STS\sts-4.25.0.RELEASE\plugins\org.eclipse.justj.openjdk.hotspot.jre.full.win32.x86_64_21.0.4.v20240802-1551\jre\bin\sunmscapi.dll
0x00007fffe40f0000 - 0x00007fffe4266000 	C:\Windows\System32\CRYPT32.dll
0x00007fffe30e0000 - 0x00007fffe3110000 	C:\Windows\SYSTEM32\ncrypt.dll
0x00007fffe3090000 - 0x00007fffe30cf000 	C:\Windows\SYSTEM32\NTASN1.dll
0x00007fff81790000 - 0x00007fff81798000 	C:\Windows\system32\wshunix.dll

dbghelp: loaded successfully - version: 4.0.5 - missing functions: none
symbol engine: initialized successfully - sym options: 0x614 - pdb path: .;D:\STS\sts-4.25.0.RELEASE\plugins\org.eclipse.justj.openjdk.hotspot.jre.full.win32.x86_64_21.0.4.v20240802-1551\jre\bin;C:\Windows\SYSTEM32;C:\Windows\WinSxS\amd64_microsoft.windows.common-controls_6595b64144ccf1df_6.0.26100.1882_none_3e0e949ae32eca40;D:\STS\sts-4.25.0.RELEASE\plugins\org.eclipse.justj.openjdk.hotspot.jre.full.win32.x86_64_21.0.4.v20240802-1551\jre\bin\server

VM Arguments:
jvm_args: -XX:+ShowCodeDetailsInExceptionMessages -agentlib:jdwp=transport=dt_socket,suspend=y,address=localhost:58525 -Dcom.sun.management.jmxremote -Dcom.sun.management.jmxremote.port=58524 -Dcom.sun.management.jmxremote.authenticate=false -Dcom.sun.management.jmxremote.ssl=false -Djava.rmi.server.hostname=localhost -Dspring.jmx.enabled=true -Dmanagement.endpoints.jmx.exposure.include=* -Dspring.application.admin.enabled=true -XX:TieredStopAtLevel=1 -Dspring.boot.project.name=hrms -javaagent:D:\STS\sts-4.25.0.RELEASE\configuration\org.eclipse.osgi\270\0\.cp\lib\javaagent-shaded.jar -Dfile.encoding=UTF-8 -Dstdout.encoding=UTF-8 -Dstderr.encoding=UTF-8 
java_command: com.cotodel.hrms.web.config.CotoDelApplication --spring.output.ansi.enabled=always
java_class_path (initial): D:\Cotodel\hrms\target\classes;C:\Users\aashv\.m2\repository\org\springframework\boot\spring-boot-starter-thymeleaf\2.6.1\spring-boot-starter-thymeleaf-2.6.1.jar;C:\Users\aashv\.m2\repository\org\thymeleaf\thymeleaf-spring5\3.0.12.RELEASE\thymeleaf-spring5-3.0.12.RELEASE.jar;C:\Users\aashv\.m2\repository\org\thymeleaf\thymeleaf\3.0.12.RELEASE\thymeleaf-3.0.12.RELEASE.jar;C:\Users\aashv\.m2\repository\org\attoparser\attoparser\2.0.5.RELEASE\attoparser-2.0.5.RELEASE.jar;C:\Users\aashv\.m2\repository\org\unbescape\unbescape\1.1.6.RELEASE\unbescape-1.1.6.RELEASE.jar;C:\Users\aashv\.m2\repository\org\slf4j\slf4j-api\1.7.32\slf4j-api-1.7.32.jar;C:\Users\aashv\.m2\repository\org\thymeleaf\extras\thymeleaf-extras-java8time\3.0.4.RELEASE\thymeleaf-extras-java8time-3.0.4.RELEASE.jar;C:\Users\aashv\.m2\repository\org\springframework\boot\spring-boot-starter-web\2.6.1\spring-boot-starter-web-2.6.1.jar;C:\Users\aashv\.m2\repository\org\springframework\boot\spring-boot-starter-json\2.6.1\spring-boot-starter-json-2.6.1.jar;C:\Users\aashv\.m2\repository\com\fasterxml\jackson\datatype\jackson-datatype-jdk8\2.13.0\jackson-datatype-jdk8-2.13.0.jar;C:\Users\aashv\.m2\repository\com\fasterxml\jackson\datatype\jackson-datatype-jsr310\2.13.0\jackson-datatype-jsr310-2.13.0.jar;C:\Users\aashv\.m2\repository\com\fasterxml\jackson\module\jackson-module-parameter-names\2.13.0\jackson-module-parameter-names-2.13.0.jar;C:\Users\aashv\.m2\repository\org\springframework\spring-web\5.3.13\spring-web-5.3.13.jar;C:\Users\aashv\.m2\repository\org\springframework\spring-beans\5.3.13\spring-beans-5.3.13.jar;C:\Users\aashv\.m2\repository\org\springframework\spring-webmvc\5.3.13\spring-webmvc-5.3.13.jar;C:\Users\aashv\.m2\repository\org\springframework\spring-aop\5.3.13\spring-aop-5.3.13.jar;C:\Users\aashv\.m2\repository\org\springframework\spring-context\5.3.13\spring-context-5.3.13.jar;C:\Users\aashv\.m2\repository\org\springframework\spring-expression\5.3.13\spring-expression-5.3.13.jar;C:\Users\aashv\.m2\repository\com\okta\spring\okta-spring-boot-starter\2.1.0\okta-spring-boot-starter-2.1.0.jar;C:\Users\aashv\.m2\repository\com\okta\spring\okta-spring-security-oauth2\2.1.0\okta-spring-security-oauth2-2.1.0.jar;C:\Users\aashv\.m2\repository\com\okta\commons\okta-config-check\1.2.5\okta-config-check-1.2.5.jar;C:\Users\aashv\.m2\repository\com\okta\commons\okta-commons-lang\1.2.5\okta-commons-lang-1.2.5.jar;C:\Users\aashv\.m2\repository\org\springframework\security\spring-security-config\5.6.0\spring-security-config-5.6.0.jar;C:\Users\aashv\.m2\repository\org\springframework\security\spring-security-core\5.6.0\spring-security-core-5.6.0.jar;C:\Users\aashv\.m2\repository\org\springframework\security\spring-security-crypto\5.6.0\spring-security-crypto-5.6.0.jar;C:\Users\aashv\.m2\repository\org\springframework\boot\spring-boot-starter-security\2.6.1\spring-boot-starter-security-2.6.1.jar;C:\Users\aashv\.m2\repository\org\springframework\security\spring-security-web\5.6.0\spring-security-web-5.6.0.jar;C:\Users\aashv\.m2\repository\org\springframework\security\spring-security-oauth2-client\5.6.0\spring-security-oauth2-client-5.6.0.jar;C:\Users\aashv\.m2\repository\org\springframework\security\spring-security-oauth2-core\5.6.0\spring-security-oauth2-core-5.6.0.jar;C:\Users\aashv\.m2\repository\com\nimbusds\oauth2-oidc-sdk\9.19\oauth2-oidc-sdk-9.19.jar;C:\Users\aashv\.m2\repository\com\github\stephenc\jcip\jcip-annotations\1.0-1\jcip-annotations-1.0-1.jar;C:\Users\aashv\.m2\repository\com\nimbusds\content-type\2.1\content-type-2.1.jar;C:\Users\aashv\.m2\repository\net\minidev\json-smart\2.4.7\json-smart-2.4.7.jar;C:\Users\aashv\.m2\repository\net\minidev\accessors-smart\2.4.7\accessors-smart-2.4.7.jar;C:\Users\aashv\.m2\repository\org\ow2\asm\asm\9.1\asm-9.1.jar;C:\Users\aashv\.m2\repository\com\nimbusds\lang-tag\1.5\lang-tag-1.5.jar;C:\Users\aashv\.m2\repository\org\springframework\security\spring-security-oauth2-jose\5.6.0\spring-security-oauth2-jose-5.6.0.jar;C:\Users\aashv\.m2\repository\com\nimbusds\nimbus-jose-jwt\9.14\nimbus-jose-jwt-9.14.jar;C:\Users\aashv\.m2\repository\org\springframework\security\spring-security-oauth2-resource-server\5.6.0\spring-security-oauth2-resource-server-5.6.0.jar;C:\Users\aashv\.m2\repository\com\okta\spring\okta-spring-sdk\2.1.0\okta-spring-sdk-2.1.0.jar;C:\Users\aashv\.m2\repository\com\google\code\gson\gson\2.8.7\gson-2.8.7.jar;C:\Users\aashv\.m2\repository\org\json\json\20210307\json-20210307.jar;C:\Users\aashv\.m2\repository\org\springframework\boot\spring-boot-starter-tomcat\2.6.1\spring-boot-starter-tomcat-2.6.1.jar;C:\Users\aashv\.m2\repository\jakarta\annotation\jakarta.annotation-api\1.3.5\jakarta.annotation-api-1.3.5.jar;C:\Users\aashv\.m2\repository\org\apache\tomcat\embed\tomcat-embed-core\9.0.55\tomcat-embed-core-9.0.55.jar;C:\Users\aashv\.m2\repository\org\apache\tomcat\embed\tomcat-embed-el\9.0.55\tomcat-embed-el-9.0.55.jar;C:\Users\aashv\.m2\repository\org\apache\tomcat\embed\tomcat-embed-websocket\9.0.55\tomcat-embed-websocket-9.0.55.jar;C:\Users\aashv\.m2\repository\org\springframework\boot\spring-boot-starter-mail\2.6.1\spring-boot-starter-mail-2.6.1.jar;C:\Users\aashv\.m2\repository\org\springframework\spring-context-support\5.3.13\spring-context-support-5.3.13.jar;C:\Users\aashv\.m2\repository\com\sun\mail\jakarta.mail\1.6.7\jakarta.mail-1.6.7.jar;C:\Users\aashv\.m2\repository\com\sun\activation\jakarta.activation\1.2.2\jakarta.activation-1.2.2.jar;C:\Users\aashv\.m2\repository\javax\xml\bind\jaxb-api\2.3.1\jaxb-api-2.3.1.jar;C:\Users\aashv\.m2\repository\javax\activation\javax.activation-api\1.2.0\javax.activation-api-1.2.0.jar;C:\Users\aashv\.m2\repository\io\jsonwebtoken\jjwt\0.9.1\jjwt-0.9.1.jar;C:\Users\aashv\.m2\repository\com\fasterxml\jackson\core\jackson-databind\2.13.0\jackson-databind-2.13.0.jar;C:\Users\aashv\.m2\repository\com\fasterxml\jackson\core\jackson-annotations\2.13.0\jackson-annotations-2.13.0.jar;C:\Users\aashv\.m2\repository\com\fasterxml\jackson\core\jackson-core\2.13.0\jackson-core-2.13.0.jar;C:\Users\aashv\.m2\repository\org\springframework\boot\spring-boot-devtools\2.6.1\spring-boot-devtools-2.6.1.jar;C:\Users\aashv\.m2\repository\org\springframework\boot\spring-boot\2.6.1\spring-boot-2.6.1.jar;C:\Users\aashv\.m2\repository\org\springframework\boot\spring-boot-autoconfigure\2.6.1\spring-boot-autoconfigure-2.6.1.jar;C:\Users\aashv\.m2\repository\org\springframework\boot\spring-boot-starter\2.6.1\spring-boot-starter-2.6.1.jar;C:\Users\aashv\.m2\repository\org\springframework\spring-core\5.3.13\spring-core-5.3.13.jar;C:\Users\aashv\.m2\repository\org\springframework\spring-jcl\5.3.13\spring-jcl-5.3.13.jar;C:\Users\aashv\.m2\repository\org\yaml\snakeyaml\1.29\snakeyaml-1.29.jar;C:\Users\aashv\.m2\repository\org\springframework\boot\spring-boot-starter-log4j2\2.6.1\spring-boot-starter-log4j2-2.6.1.jar;C:\Users\aashv\.m2\repository\org\apache\logging\log4j\log4j-slf4j-impl\2.14.1\log4j-slf4j-impl-2.14.1.jar;C:\Users\aashv\.m2\repository\org\apache\logging\log4j\log4j-api\2.14.1\log4j-api-2.14.1.jar;C:\Users\aashv\.m2\repository\org\apache\logging\log4j\log4j-core\2.14.1\log4j-core-2.14.1.jar;C:\Users\aashv\.m2\repository\org\apache\logging\log4j\log4j-jul\2.14.1\log4j-jul-2.14.1.jar;C:\Users\aashv\.m2\repository\org\slf4j\jul-to-slf4j\1.7.32\jul-to-slf4j-1.7.32.jar;C:\Users\aashv\.m2\repository\org\apache\commons\commons-exec\1.1\commons-exec-1.1.jar;C:\Users\aashv\.m2\repository\org\apache\poi\poi\3.12\poi-3.12.jar;C:\Users\aashv\.m2\repository\commons-codec\commons-codec\1.15\commons-codec-1.15.jar;C:\Users\aashv\.m2\repository\org\apache\poi\poi-ooxml\3.12\poi-ooxml-3.12.jar;C:\Users\aashv\.m2\repository\org\apache\poi\poi-ooxml-schemas\3.12\poi-ooxml-schemas-3.12.jar;C:\Users\aashv\.m2\repository\org\apache\xmlbeans\xmlbeans\2.6.0\xmlbeans-2.6.0.jar;C:\Users\aashv\.m2\repository\stax\stax-api\1.0.1\stax-api-1.0.1.jar;C:\Users\aashv\.m2\repository\org\projectlombok\lombok\1.18.24\lombok-1.18.24.jar
Launcher Type: SUN_STANDARD

[Global flags]
     intx CICompilerCount                          = 4                                         {product} {ergonomic}
     uint ConcGCThreads                            = 3                                         {product} {ergonomic}
     uint G1ConcRefinementThreads                  = 10                                        {product} {ergonomic}
   size_t G1HeapRegionSize                         = 2097152                                   {product} {ergonomic}
    uintx GCDrainStackTargetSize                   = 64                                        {product} {ergonomic}
   size_t InitialHeapSize                          = 264241152                                 {product} {ergonomic}
     bool ManagementServer                         = true                                      {product} {command line}
   size_t MarkStackSize                            = 4194304                                   {product} {ergonomic}
   size_t MaxHeapSize                              = 4215275520                                {product} {ergonomic}
   size_t MaxNewSize                               = 2529165312                                {product} {ergonomic}
   size_t MinHeapDeltaBytes                        = 2097152                                   {product} {ergonomic}
   size_t MinHeapSize                              = 8388608                                   {product} {ergonomic}
    uintx NonNMethodCodeHeapSize                   = 4096                                   {pd product} {ergonomic}
    uintx NonProfiledCodeHeapSize                  = 0                                      {pd product} {ergonomic}
     bool ProfileInterpreter                       = false                                  {pd product} {command line}
    uintx ProfiledCodeHeapSize                     = 0                                      {pd product} {ergonomic}
     bool ShowCodeDetailsInExceptionMessages       = true                                   {manageable} {command line}
   size_t SoftMaxHeapSize                          = 4215275520                             {manageable} {ergonomic}
     intx TieredStopAtLevel                        = 1                                         {product} {command line}
     bool UseCompressedOops                        = true                           {product lp64_product} {ergonomic}
     bool UseG1GC                                  = true                                      {product} {ergonomic}
     bool UseLargePagesIndividualAllocation        = false                                  {pd product} {ergonomic}

Logging:
Log output configuration:
 #0: stdout all=warning uptime,level,tags foldmultilines=false
 #1: stderr all=off uptime,level,tags foldmultilines=false

Environment Variables:
JAVA_HOME=C:\Program Files\Java\jdk-17
PATH=D:\STS\sts-4.25.0.RELEASE\plugins\org.eclipse.justj.openjdk.hotspot.jre.full.win32.x86_64_21.0.4.v20240802-1551\jre\bin;D:/STS/sts-4.25.0.RELEASE//plugins/org.eclipse.justj.openjdk.hotspot.jre.full.win32.x86_64_21.0.4.v20240802-1551/jre/bin/server;D:/STS/sts-4.25.0.RELEASE//plugins/org.eclipse.justj.openjdk.hotspot.jre.full.win32.x86_64_21.0.4.v20240802-1551/jre/bin;C:\Program Files\Common Files\Oracle\Java\javapath;C:\Python312\Scripts\;C:\Python312\;C:\Windows\system32;C:\Windows;C:\Windows\System32\Wbem;C:\Windows\System32\WindowsPowerShell\v1.0\;C:\Windows\System32\OpenSSH\;C:\Program Files\Git\cmd;C:\Users\aashv\AppData\;C:\Program Files\nodejs\;C:\ProgramData\chocolatey\bin;C:\Program Files\PuTTY\;C:\Program Files\Java\jdk-17\bin;D:\apache-maven-3.9.9\bin;C:\Program Files\Java\jdk-17\bin;C:\Program Files\TortoiseGit\bin;C:\Users\aashv\AppData\Local\Microsoft\WindowsApps;C:\Users\aashv\AppData\npm;C:\Users\aashv\AppData\Roaming\npm;C:\Users\aashv\AppData\Local\Programs\Microsoft VS Code\bin;C:\Program Files\Java\jdk-17\bin;D:\apache-maven-3.9.9\bin;;D:\STS\sts-4.25.0.RELEASE;
USERNAME=aashv
OS=Windows_NT
PROCESSOR_IDENTIFIER=Intel64 Family 6 Model 154 Stepping 3, GenuineIntel
TMP=C:\Users\aashv\AppData\Local\Temp
TEMP=C:\Users\aashv\AppData\Local\Temp




Periodic native trim disabled

---------------  S Y S T E M  ---------------

OS:
 Windows 11 , 64 bit Build 26100 (10.0.26100.1882)
OS uptime: 3 days 19:25 hours
Hyper-V role detected

CPU: total 12 (initial active 12) (6 cores per cpu, 2 threads per core) family 6 model 154 stepping 3 microcode 0x433, cx8, cmov, fxsr, ht, mmx, 3dnowpref, sse, sse2, sse3, ssse3, sse4.1, sse4.2, popcnt, lzcnt, tsc, tscinvbit, avx, avx2, aes, erms, clmul, bmi1, bmi2, adx, sha, fma, vzeroupper, clflush, clflushopt, clwb, hv, serialize, rdtscp, rdpid, fsrm, f16c, cet_ibt, cet_ss
Processor Information for processor 0
  Max Mhz: 2000, Current Mhz: 2000, Mhz Limit: 2000
Processor Information for processor 1
  Max Mhz: 2000, Current Mhz: 2000, Mhz Limit: 2000
Processor Information for processor 2
  Max Mhz: 2000, Current Mhz: 2000, Mhz Limit: 2000
Processor Information for processor 3
  Max Mhz: 2000, Current Mhz: 2000, Mhz Limit: 2000
Processor Information for processor 4
  Max Mhz: 2000, Current Mhz: 2000, Mhz Limit: 2000
Processor Information for processor 5
  Max Mhz: 2000, Current Mhz: 1520, Mhz Limit: 2000
Processor Information for processor 6
  Max Mhz: 2000, Current Mhz: 2000, Mhz Limit: 2000
Processor Information for processor 7
  Max Mhz: 2000, Current Mhz: 1520, Mhz Limit: 2000
Processor Information for processor 8
  Max Mhz: 2000, Current Mhz: 1500, Mhz Limit: 1500
Processor Information for processor 9
  Max Mhz: 2000, Current Mhz: 1500, Mhz Limit: 1500
Processor Information for processor 10
  Max Mhz: 2000, Current Mhz: 1500, Mhz Limit: 1500
Processor Information for processor 11
  Max Mhz: 2000, Current Mhz: 1500, Mhz Limit: 1500

Memory: 4k page, system-wide physical 16076M (5097M free)
TotalPageFile size 21196M (AvailPageFile size 5461M)
current process WorkingSet (physical memory assigned to process): 277M, peak: 363M
current process commit charge ("private bytes"): 322M, peak: 433M

vm_info: OpenJDK 64-Bit Server VM (21.0.4+7-LTS) for windows-amd64 JRE (21.0.4+7-LTS), built on 2024-07-16T00:00:00Z by "admin" with MS VC++ 17.7 (VS2022)

END.
