#
# A fatal error has been detected by the Java Runtime Environment:
#
#  EXCEPTION_ACCESS_VIOLATION (0xc0000005) at pc=0x00007ffd25bdc236, pid=1596, tid=11540
#
# JRE version: OpenJDK Runtime Environment Temurin-21.0.4+7 (21.0.4+7) (build 21.0.4+7-LTS)
# Java VM: OpenJDK 64-Bit Server VM Temurin-21.0.4+7 (21.0.4+7-LTS, mixed mode, emulated-client, tiered, compressed oops, compressed class ptrs, g1 gc, windows-amd64)
# Problematic frame:
# V  [jvm.dll+0xc236]
#
# No core dump will be written. Minidumps are not enabled by default on client versions of Windows
#
# If you would like to submit a bug report, please visit:
#   https://github.com/adoptium/adoptium-support/issues
#

---------------  S U M M A R Y ------------

Command Line: -XX:+ShowCodeDetailsInExceptionMessages -agentlib:jdwp=transport=dt_socket,suspend=y,address=localhost:50687 -Dcom.sun.management.jmxremote -Dcom.sun.management.jmxremote.port=50686 -Dcom.sun.management.jmxremote.authenticate=false -Dcom.sun.management.jmxremote.ssl=false -Djava.rmi.server.hostname=localhost -Dspring.jmx.enabled=true -Dmanagement.endpoints.jmx.exposure.include=* -Dspring.application.admin.enabled=true -XX:TieredStopAtLevel=1 -Dspring.boot.project.name=hrms -javaagent:D:\STS\sts-4.25.0.RELEASE\configuration\org.eclipse.osgi\270\0\.cp\lib\javaagent-shaded.jar -Dfile.encoding=UTF-8 -Dstdout.encoding=UTF-8 -Dstderr.encoding=UTF-8 com.cotodel.hrms.web.config.CotoDelApplication --spring.output.ansi.enabled=always

Host: 12th Gen Intel(R) Core(TM) i5-12450H, 12 cores, 15G,  Windows 11 , 64 bit Build 26100 (10.0.26100.1882)
Time: Tue Nov 12 15:34:33 2024 India Standard Time elapsed time: 3715.166438 seconds (0d 1h 1m 55s)

---------------  T H R E A D  ---------------

Current thread (0x000001c739e12110):  WorkerThread "GC Thread#4"    [id=11540, stack(0x000000a031600000,0x000000a031700000) (1024K)]

Stack: [0x000000a031600000,0x000000a031700000],  sp=0x000000a0316fe388,  free space=1016k
Native frames: (J=compiled Java code, j=interpreted, Vv=VM code, C=native code)
V  [jvm.dll+0xc236]

JavaThread 0x000001c73ba07c30 (nid = 8828) was being processed
Java frames: (J=compiled Java code, j=interpreted, Vv=VM code)
j  java.lang.invoke.DirectMethodHandle$Holder.newInvokeSpecial(Ljava/lang/Object;)Ljava/lang/Object;+15 java.base@21.0.4
J 13314 c1 jdk.internal.reflect.DirectConstructorHandleAccessor.newInstance([Ljava/lang/Object;)Ljava/lang/Object; java.base@21.0.4 (130 bytes) @ 0x000001c72a114004 [0x000001c72a113d00+0x0000000000000304]
J 13382 c1 java.lang.reflect.Constructor.newInstanceWithCaller([Ljava/lang/Object;ZLjava/lang/Class;)Ljava/lang/Object; java.base@21.0.4 (51 bytes) @ 0x000001c72a171d9c [0x000001c72a171cc0+0x00000000000000dc]
J 14754 c1 org.springframework.beans.BeanUtils.instantiateClass(Ljava/lang/reflect/Constructor;[Ljava/lang/Object;)Ljava/lang/Object; (187 bytes) @ 0x000001c72a89ef64 [0x000001c72a89eb40+0x0000000000000424]
j  org.springframework.beans.factory.support.SimpleInstantiationStrategy.instantiate(Lorg/springframework/beans/factory/support/RootBeanDefinition;Ljava/lang/String;Lorg/springframework/beans/factory/BeanFactory;)Ljava/lang/Object;+140
j  org.springframework.beans.factory.support.AbstractAutowireCapableBeanFactory.instantiateBean(Ljava/lang/String;Lorg/springframework/beans/factory/support/RootBeanDefinition;)Lorg/springframework/beans/BeanWrapper;+32
j  org.springframework.beans.factory.support.AbstractAutowireCapableBeanFactory.createBeanInstance(Ljava/lang/String;Lorg/springframework/beans/factory/support/RootBeanDefinition;[Ljava/lang/Object;)Lorg/springframework/beans/BeanWrapper;+250
j  org.springframework.beans.factory.support.AbstractAutowireCapableBeanFactory.doCreateBean(Ljava/lang/String;Lorg/springframework/beans/factory/support/RootBeanDefinition;[Ljava/lang/Object;)Ljava/lang/Object;+34
j  org.springframework.beans.factory.support.AbstractAutowireCapableBeanFactory.createBean(Ljava/lang/String;Lorg/springframework/beans/factory/support/RootBeanDefinition;[Ljava/lang/Object;)Ljava/lang/Object;+169
j  org.springframework.beans.factory.support.AbstractBeanFactory.lambda$doGetBean$0(Ljava/lang/String;Lorg/springframework/beans/factory/support/RootBeanDefinition;[Ljava/lang/Object;)Ljava/lang/Object;+4
j  org.springframework.beans.factory.support.AbstractBeanFactory$$Lambda+0x00000008003e0a90.getObject()Ljava/lang/Object;+16
j  org.springframework.beans.factory.support.DefaultSingletonBeanRegistry.getSingleton(Ljava/lang/String;Lorg/springframework/beans/factory/ObjectFactory;)Ljava/lang/Object;+132
J 14641 c1 org.springframework.beans.factory.support.AbstractBeanFactory.doGetBean(Ljava/lang/String;Ljava/lang/Class;[Ljava/lang/Object;Z)Ljava/lang/Object; (832 bytes) @ 0x000001c72a5991e4 [0x000001c72a598b60+0x0000000000000684]
j  org.springframework.beans.factory.support.AbstractBeanFactory.getBean(Ljava/lang/String;)Ljava/lang/Object;+5
j  org.springframework.beans.factory.support.DefaultListableBeanFactory.preInstantiateSingletons()V+248
j  org.springframework.context.support.AbstractApplicationContext.finishBeanFactoryInitialization(Lorg/springframework/beans/factory/config/ConfigurableListableBeanFactory;)V+124
j  org.springframework.context.support.AbstractApplicationContext.refresh()V+86
j  org.springframework.boot.web.servlet.context.ServletWebServerApplicationContext.refresh()V+1
j  org.springframework.boot.SpringApplication.refresh(Lorg/springframework/context/ConfigurableApplicationContext;)V+1
j  org.springframework.boot.SpringApplication.refreshContext(Lorg/springframework/context/ConfigurableApplicationContext;)V+16
j  org.springframework.boot.SpringApplication.run([Ljava/lang/String;)Lorg/springframework/context/ConfigurableApplicationContext;+107
j  org.springframework.boot.SpringApplication.run([Ljava/lang/Class;[Ljava/lang/String;)Lorg/springframework/context/ConfigurableApplicationContext;+9
j  org.springframework.boot.SpringApplication.run(Ljava/lang/Class;[Ljava/lang/String;)Lorg/springframework/context/ConfigurableApplicationContext;+9
j  com.cotodel.hrms.web.config.CotoDelApplication.main([Ljava/lang/String;)V+3
j  java.lang.invoke.LambdaForm$DMH+0x00000008000c4c00.invokeStatic(Ljava/lang/Object;Ljava/lang/Object;)V+10 java.base@21.0.4
j  java.lang.invoke.LambdaForm$MH+0x0000000800230400.invoke(Ljava/lang/Object;Ljava/lang/Object;Ljava/lang/Object;)Ljava/lang/Object;+33 java.base@21.0.4
J 3233 c1 jdk.internal.reflect.DirectMethodHandleAccessor.invoke(Ljava/lang/Object;[Ljava/lang/Object;)Ljava/lang/Object; java.base@21.0.4 (92 bytes) @ 0x000001c72a60f3fc [0x000001c72a60f040+0x00000000000003bc]
J 3241 c1 java.lang.reflect.Method.invoke(Ljava/lang/Object;[Ljava/lang/Object;)Ljava/lang/Object; java.base@21.0.4 (108 bytes) @ 0x000001c72a611f74 [0x000001c72a611d80+0x00000000000001f4]
j  org.springframework.boot.devtools.restart.RestartLauncher.run()V+42
v  ~StubRoutines::call_stub 0x000001c729db100d

siginfo: EXCEPTION_ACCESS_VIOLATION (0xc0000005), reading address 0x00000008353ecc77


Registers:
RAX=0x0000000000000000, RBX=0x0000000000000025, RCX=0x000000a0320fe390, RDX=0x000000a0320fe390
RSP=0x000000a0316fe388, RBP=0x000000a0316fe560, RSI=0x000000a0320fe390, RDI=0x000000a0320fe390
R8 =0x00000008353ecc6f, R9 =0x000000a0320fe390, R10=0x000001c7262cfff0, R11=0x000000a0316fe5d8
R12=0x000001c7391ed3c8, R13=0x000000a0320fe390, R14=0x000001c739fe23b0, R15=0x00000008353ecc6f
RIP=0x00007ffd25bdc236, EFLAGS=0x0000000000010206


Register to memory mapping:

RAX=0x0 is null
RBX=0x0000000000000025 is an unknown value
RCX=0x000000a0320fe390 is pointing into the stack for thread: 0x000001c73ba07c30
RDX=0x000000a0320fe390 is pointing into the stack for thread: 0x000001c73ba07c30
RSP=0x000000a0316fe388 points into unknown readable memory: 0x00007ffd25f26a5b | 5b 6a f2 25 fd 7f 00 00
RBP=0x000000a0316fe560 points into unknown readable memory: 0x000000a000000000 | 00 00 00 00 a0 00 00 00
RSI=0x000000a0320fe390 is pointing into the stack for thread: 0x000001c73ba07c30
RDI=0x000000a0320fe390 is pointing into the stack for thread: 0x000001c73ba07c30
R8 =0x00000008353ecc6f is an unknown value
R9 =0x000000a0320fe390 is pointing into the stack for thread: 0x000001c73ba07c30
R10=0x000001c7262cfff0 points into unknown readable memory: 0x00007ffd265ee740 | 40 e7 5e 26 fd 7f 00 00
R11=0x000000a0316fe5d8 points into unknown readable memory: 0x00007ffd25ee337d | 7d 33 ee 25 fd 7f 00 00
R12=0x000001c7391ed3c8 points into unknown readable memory: 0x4c2800326a0fffff | ff ff 0f 6a 32 00 28 4c
R13=0x000000a0320fe390 is pointing into the stack for thread: 0x000001c73ba07c30
R14=0x000001c739fe23b0 points into unknown readable memory: 0x00007ffd265f5a88 | 88 5a 5f 26 fd 7f 00 00
R15=0x00000008353ecc6f is an unknown value

Top of Stack: (sp=0x000000a0316fe388)
0x000000a0316fe388:   00007ffd25f26a5b 0000000000000000
0x000000a0316fe398:   00007ffd25ee8d26 000000000000012f
0x000000a0316fe3a8:   00007ffd2628a91f 000000000000012f
0x000000a0316fe3b8:   00007ffd25ee8d26 000001c73a6d71d8
0x000000a0316fe3c8:   00007ffd26364e51 000001c73a6d71d8
0x000000a0316fe3d8:   0000000000000000 000001c73a6d7178
0x000000a0316fe3e8:   0000000000000000 000001c739da5140
0x000000a0316fe3f8:   000001c739bfacb0 000001c7391ed3c8
0x000000a0316fe408:   000000a0320fe390 000000a0320fe390
0x000000a0316fe418:   000000a0316fe560 000001c73a6d7178
0x000000a0316fe428:   00007ffd25f34e2c 000000a0316fe4f0
0x000000a0316fe438:   000000a0316fe730 000001c734316898
0x000000a0316fe448:   0000000000000000 000001c73a6d7178
0x000000a0316fe458:   00007ffd25ee392b 0000000000000001
0x000000a0316fe468:   000000a0316fe730 000001c73a6d7178
0x000000a0316fe478:   000000a0316fe730 0000000f3a6d7201
0x000000a0316fe488:   000001c7353ecc80 000001c739e12110
0x000000a0316fe498:   000001c700000003 00000000000003d8
0x000000a0316fe4a8:   000001c739bfacc0 000001c739bfb098
0x000000a0316fe4b8:   000001c7353ecc6f 000001c7000000b8
0x000000a0316fe4c8:   000001c7353ecc80 00007ffd265ecff0
0x000000a0316fe4d8:   000000a0316fe730 000001c73a6d7178
0x000000a0316fe4e8:   0000000400000003 000001c7391ed3c8
0x000000a0316fe4f8:   0000001300000001 0000000000000032
0x000000a0316fe508:   000000010000000c 000001c734316898
0x000000a0316fe518:   0000000000000000 000001c73ba2cafc
0x000000a0316fe528:   00007a1000000006 0000000500000003
0x000000a0316fe538:   0000ffff09587100 00007ffd26428330
0x000000a0316fe548:   00007ffd25ee8d26 000001c73504da60
0x000000a0316fe558:   0000000639bf0013 000000a000000000
0x000000a0316fe568:   0000000000000015 000001c73a6d7178
0x000000a0316fe578:   00007ffd25f34e97 000001c73a6d7178 

Instructions: (pc=0x00007ffd25bdc236)
0x00007ffd25bdc136:   48 8b 05 33 89 cc 00 48 8b 48 60 48 8b 04 d1 48
0x00007ffd25bdc146:   85 c0 75 08 48 8b 05 27 89 cc 00 c3 48 8b 05 17
0x00007ffd25bdc156:   89 cc 00 c3 cc cc cc cc cc cc 8b 05 52 5e c1 00
0x00007ffd25bdc166:   c3 cc cc cc cc cc cc cc cc cc 0f b6 05 a3 74 c1
0x00007ffd25bdc176:   00 48 8b d1 84 c0 74 16 44 8b 41 08 8b 0d 30 5e
0x00007ffd25bdc186:   c1 00 49 d3 e0 4c 03 05 1e 5e c1 00 eb 04 4c 8b
0x00007ffd25bdc196:   41 08 45 8b 48 08 45 85 c9 7e 0e 41 f6 c1 01 75
0x00007ffd25bdc1a6:   53 41 c1 f9 03 49 63 c1 c3 79 49 84 c0 41 b8 0c
0x00007ffd25bdc1b6:   00 00 00 8b 05 69 6f c1 00 b9 10 00 00 00 41 0f
0x00007ffd25bdc1c6:   45 c8 ff c8 4c 63 c0 41 8b c1 48 c1 f8 10 0f b6
0x00007ffd25bdc1d6:   c0 48 63 14 11 41 8b c9 83 e1 3f 48 d3 e2 49 8d
0x00007ffd25bdc1e6:   0c 10 49 f7 d0 48 03 c1 49 c1 e8 03 48 c1 e8 03
0x00007ffd25bdc1f6:   49 23 c0 c3 49 8b 00 49 8b c8 48 ff a0 00 01 00
0x00007ffd25bdc206:   00 cc cc cc cc cc cc cc cc cc 8b 44 24 30 45 03
0x00007ffd25bdc216:   c9 44 2b 4c 24 28 83 c0 0b 44 03 ca 45 03 c8 41
0x00007ffd25bdc226:   03 c1 c3 cc cc cc cc cc cc cc 4c 8b c2 48 8b d1
0x00007ffd25bdc236:   45 8b 48 08 45 85 c9 7e 0e 41 f6 c1 01 75 56 41
0x00007ffd25bdc246:   c1 f9 03 49 63 c1 c3 79 4c 80 3d c4 73 c1 00 00
0x00007ffd25bdc256:   b8 0c 00 00 00 b9 10 00 00 00 0f 45 c8 8b 05 bf
0x00007ffd25bdc266:   6e c1 00 ff c8 4c 63 c0 41 8b c1 48 c1 f8 10 48
0x00007ffd25bdc276:   63 14 11 41 8b c9 83 e1 3f 0f b6 c0 48 d3 e2 49
0x00007ffd25bdc286:   8d 0c 10 49 f7 d0 48 03 c1 49 c1 e8 03 48 c1 e8
0x00007ffd25bdc296:   03 49 23 c0 c3 49 8b 00 49 8b c8 48 ff a0 00 01
0x00007ffd25bdc2a6:   00 00 cc cc cc cc cc cc cc cc 48 8b 41 08 0f b7
0x00007ffd25bdc2b6:   48 2c 0f b7 40 2a 83 c0 48 03 c1 c3 cc cc cc cc
0x00007ffd25bdc2c6:   cc cc cc cc cc cc cc cc cc cc 48 89 5c 24 08 57
0x00007ffd25bdc2d6:   48 83 ec 20 0f b6 05 df 70 cc 00 48 8b fa 48 8b
0x00007ffd25bdc2e6:   d9 84 c0 74 4f 48 85 15 76 68 cc 00 74 38 48 8b
0x00007ffd25bdc2f6:   ca e8 94 a8 8c 00 48 8b d0 48 85 db 74 25 48 85
0x00007ffd25bdc306:   c0 74 20 48 8b c7 f0 48 0f b1 13 74 16 48 85 05
0x00007ffd25bdc316:   4e 68 cc 00 74 0d 48 8b c8 f0 48 0f b1 13 48 3b
0x00007ffd25bdc326:   c1 75 ea 48 8b fa 48 8b c7 48 8b 5c 24 30 48 83 


Stack slot to memory mapping:

stack at sp + 0 slots: 0x00007ffd25f26a5b jvm.dll
stack at sp + 1 slots: 0x0 is null
stack at sp + 2 slots: 0x00007ffd25ee8d26 jvm.dll
stack at sp + 3 slots: 0x000000000000012f is an unknown value
stack at sp + 4 slots: 0x00007ffd2628a91f jvm.dll
stack at sp + 5 slots: 0x000000000000012f is an unknown value
stack at sp + 6 slots: 0x00007ffd25ee8d26 jvm.dll
stack at sp + 7 slots: 0x000001c73a6d71d8 points into unknown readable memory: 0x00007ffd265f7808 | 08 78 5f 26 fd 7f 00 00


---------------  P R O C E S S  ---------------

Threads class SMR info:
_java_thread_list=0x000001c73b658120, length=30, elements={
0x000001c739090190, 0x000001c7390dafb0, 0x000001c7390f34c0, 0x000001c7390f3b30,
0x000001c7390f4590, 0x000001c7390e1ad0, 0x000001c7390bf7c0, 0x000001c7392555b0,
0x000001c7393761c0, 0x000001c73937a850, 0x000001c73937aed0, 0x000001c739b9d5e0,
0x000001c739de0580, 0x000001c739df31d0, 0x000001c739e47610, 0x000001c73a3757d0,
0x000001c73a379e50, 0x000001c73a77f7c0, 0x000001c73a781f20, 0x000001c73ba075a0,
0x000001c73ba0aa20, 0x000001c73ba06f10, 0x000001c73ba054d0, 0x000001c73ba05b60,
0x000001c73ba09670, 0x000001c73ba07c30, 0x000001c73ba06880, 0x000001c73ba08950,
0x000001c73ba0b740, 0x000001c73ba08fe0
}

Java Threads: ( => current thread )
  0x000001c739090190 JavaThread "Reference Handler"          daemon [_thread_blocked, id=2168, stack(0x000000a030300000,0x000000a030400000) (1024K)]
  0x000001c7390dafb0 JavaThread "Finalizer"                  daemon [_thread_blocked, id=4644, stack(0x000000a030400000,0x000000a030500000) (1024K)]
  0x000001c7390f34c0 JavaThread "Signal Dispatcher"          daemon [_thread_blocked, id=3792, stack(0x000000a030500000,0x000000a030600000) (1024K)]
  0x000001c7390f3b30 JavaThread "Attach Listener"            daemon [_thread_blocked, id=14280, stack(0x000000a030600000,0x000000a030700000) (1024K)]
  0x000001c7390f4590 JavaThread "Service Thread"             daemon [_thread_blocked, id=17296, stack(0x000000a030700000,0x000000a030800000) (1024K)]
  0x000001c7390e1ad0 JavaThread "Monitor Deflation Thread"   daemon [_thread_blocked, id=9040, stack(0x000000a030800000,0x000000a030900000) (1024K)]
  0x000001c7390bf7c0 JavaThread "C1 CompilerThread0"         daemon [_thread_blocked, id=13880, stack(0x000000a030900000,0x000000a030a00000) (1024K)]
  0x000001c7392555b0 JavaThread "Common-Cleaner"             daemon [_thread_blocked, id=2764, stack(0x000000a030a00000,0x000000a030b00000) (1024K)]
  0x000001c7393761c0 JavaThread "JDWP Transport Listener: dt_socket" daemon [_thread_blocked, id=7996, stack(0x000000a030c00000,0x000000a030d00000) (1024K)]
  0x000001c73937a850 JavaThread "JDWP Event Helper Thread"   daemon [_thread_blocked, id=9948, stack(0x000000a030d00000,0x000000a030e00000) (1024K)]
  0x000001c73937aed0 JavaThread "JDWP Command Reader"        daemon [_thread_in_native, id=12112, stack(0x000000a030e00000,0x000000a030f00000) (1024K)]
  0x000001c739b9d5e0 JavaThread "Notification Thread"        daemon [_thread_blocked, id=12696, stack(0x000000a030f00000,0x000000a031000000) (1024K)]
  0x000001c739de0580 JavaThread "RMI TCP Accept-0"           daemon [_thread_in_native, id=2292, stack(0x000000a031100000,0x000000a031200000) (1024K)]
  0x000001c739df31d0 JavaThread "RMI TCP Accept-50686"       daemon [_thread_in_native, id=13220, stack(0x000000a031200000,0x000000a031300000) (1024K)]
  0x000001c739e47610 JavaThread "RMI TCP Accept-0"           daemon [_thread_in_native, id=11276, stack(0x000000a031c00000,0x000000a031d00000) (1024K)]
  0x000001c73a3757d0 JavaThread "RMI Scheduler(0)"           daemon [_thread_blocked, id=15616, stack(0x000000a032200000,0x000000a032300000) (1024K)]
  0x000001c73a379e50 JavaThread "RMI TCP Connection(idle)"   daemon [_thread_blocked, id=8264, stack(0x000000a032300000,0x000000a032400000) (1024K)]
  0x000001c73a77f7c0 JavaThread "JMX server connection timeout 44" daemon [_thread_blocked, id=11808, stack(0x000000a032400000,0x000000a032500000) (1024K)]
  0x000001c73a781f20 JavaThread "Live Reload Server"         daemon [_thread_in_native, id=8348, stack(0x000000a032c00000,0x000000a032d00000) (1024K)]
  0x000001c73ba075a0 JavaThread "DestroyJavaVM"                     [_thread_blocked, id=15656, stack(0x000000a02fb00000,0x000000a02fc00000) (1024K)]
  0x000001c73ba0aa20 JavaThread "Thread-5"                          [_thread_blocked, id=15104, stack(0x000000a02f900000,0x000000a02fa00000) (1024K)]
  0x000001c73ba06f10 JavaThread "File Watcher"               daemon [_thread_blocked, id=14524, stack(0x000000a031000000,0x000000a031100000) (1024K)]
  0x000001c73ba054d0 JavaThread "File Watcher"               daemon [_thread_blocked, id=5836, stack(0x000000a02f800000,0x000000a02f900000) (1024K)]
  0x000001c73ba05b60 JavaThread "File Watcher"               daemon [_thread_blocked, id=11912, stack(0x000000a030b00000,0x000000a030c00000) (1024K)]
  0x000001c73ba09670 JavaThread "File Watcher"               daemon [_thread_blocked, id=8048, stack(0x000000a031d00000,0x000000a031e00000) (1024K)]
  0x000001c73ba07c30 JavaThread "restartedMain"                     [_thread_blocked, id=8828, stack(0x000000a032000000,0x000000a032100000) (1024K)]
  0x000001c73ba06880 JavaThread "Log4j2-TF-15-Scheduled-7"   daemon [_thread_blocked, id=12612, stack(0x000000a032600000,0x000000a032700000) (1024K)]
  0x000001c73ba08950 JavaThread "Catalina-utility-1"                [_thread_blocked, id=10080, stack(0x000000a032700000,0x000000a032800000) (1024K)]
  0x000001c73ba0b740 JavaThread "Catalina-utility-2"                [_thread_blocked, id=13132, stack(0x000000a032800000,0x000000a032900000) (1024K)]
  0x000001c73ba08fe0 JavaThread "container-4"                       [_thread_blocked, id=14428, stack(0x000000a032900000,0x000000a032a00000) (1024K)]
Total: 30

Other Threads:
  0x000001c739047890 VMThread "VM Thread"                           [id=17552, stack(0x000000a030200000,0x000000a030300000) (1024K)]
  0x000001c7343f3010 WatcherThread "VM Periodic Task Thread"        [id=20440, stack(0x000000a030100000,0x000000a030200000) (1024K)]
  0x000001c726324d80 WorkerThread "GC Thread#0"                     [id=17012, stack(0x000000a02fc00000,0x000000a02fd00000) (1024K)]
  0x000001c739e11630 WorkerThread "GC Thread#1"                     [id=9688, stack(0x000000a031300000,0x000000a031400000) (1024K)]
  0x000001c739e119d0 WorkerThread "GC Thread#2"                     [id=1256, stack(0x000000a031400000,0x000000a031500000) (1024K)]
  0x000001c739e11d70 WorkerThread "GC Thread#3"                     [id=5296, stack(0x000000a031500000,0x000000a031600000) (1024K)]
=>0x000001c739e12110 WorkerThread "GC Thread#4"                     [id=11540, stack(0x000000a031600000,0x000000a031700000) (1024K)]
  0x000001c739e124b0 WorkerThread "GC Thread#5"                     [id=4316, stack(0x000000a031700000,0x000000a031800000) (1024K)]
  0x000001c739e34100 WorkerThread "GC Thread#6"                     [id=2076, stack(0x000000a031800000,0x000000a031900000) (1024K)]
  0x000001c739e344a0 WorkerThread "GC Thread#7"                     [id=4048, stack(0x000000a031900000,0x000000a031a00000) (1024K)]
  0x000001c739e38850 WorkerThread "GC Thread#8"                     [id=16560, stack(0x000000a031a00000,0x000000a031b00000) (1024K)]
  0x000001c739e38bf0 WorkerThread "GC Thread#9"                     [id=16960, stack(0x000000a031b00000,0x000000a031c00000) (1024K)]
  0x000001c7263357b0 ConcurrentGCThread "G1 Main Marker"            [id=12264, stack(0x000000a02fd00000,0x000000a02fe00000) (1024K)]
  0x000001c7263361c0 WorkerThread "G1 Conc#0"                       [id=9596, stack(0x000000a02fe00000,0x000000a02ff00000) (1024K)]
  0x000001c739e98c80 WorkerThread "G1 Conc#1"                       [id=6288, stack(0x000000a031e00000,0x000000a031f00000) (1024K)]
  0x000001c739e97e00 WorkerThread "G1 Conc#2"                       [id=15260, stack(0x000000a031f00000,0x000000a032000000) (1024K)]
  0x000001c72636e620 ConcurrentGCThread "G1 Refine#0"               [id=6592, stack(0x000000a02ff00000,0x000000a030000000) (1024K)]
  0x000001c7342c5060 ConcurrentGCThread "G1 Service"                [id=6388, stack(0x000000a030000000,0x000000a030100000) (1024K)]
Total: 18

Threads with active compile tasks:
Total: 0

VM state: at safepoint (normal execution)

VM Mutex/Monitor currently owned by a thread:  ([mutex/lock_event])
[0x00007ffd26877308] Threads_lock - owner thread: 0x000001c739047890
[0x00007ffd26877408] Heap_lock - owner thread: 0x000001c73ba09670

Heap address: 0x0000000704c00000, size: 4020 MB, Compressed Oops mode: Zero based, Oop shift amount: 3

CDS archive(s) not mapped
Compressed class space mapped at: 0x0000000800000000-0x0000000840000000, reserved size: 1073741824
Narrow klass base: 0x0000000800000000, Narrow klass shift: 0, Narrow klass range: 0x40000000

GC Precious Log:
 CardTable entry size: 512
 Card Set container configuration: InlinePtr #cards 4 size 8 Array Of Cards #cards 16 size 48 Howl #buckets 8 coarsen threshold 3686 Howl Bitmap #cards 512 size 80 coarsen threshold 460 Card regions per heap region 1 cards per card region 4096
 CPUs: 12 total, 12 available
 Memory: 16076M
 Large Page Support: Disabled
 NUMA Support: Disabled
 Compressed Oops: Enabled (Zero based)
 Heap Region Size: 2M
 Heap Min Capacity: 8M
 Heap Initial Capacity: 252M
 Heap Max Capacity: 4020M
 Pre-touch: Disabled
 Parallel Workers: 10
 Concurrent Workers: 3
 Concurrent Refinement Workers: 10
 Periodic GC: Disabled

Heap:
 garbage-first heap   total 151552K, used 127216K [0x0000000704c00000, 0x0000000800000000)
  region size 2048K, 44 young (90112K), 5 survivors (10240K)
 Metaspace       used 57248K, committed 57856K, reserved 1114112K
  class space    used 7032K, committed 7296K, reserved 1048576K

Heap Regions: E=young(eden), S=young(survivor), O=old, HS=humongous(starts), HC=humongous(continues), CS=collection set, F=free, TAMS=top-at-mark-start, PB=parsable bottom
|   0|0x0000000704c00000, 0x0000000704e00000, 0x0000000704e00000|100%| O|  |TAMS 0x0000000704e00000| PB 0x0000000704c00000| Untracked 
|   1|0x0000000704e00000, 0x0000000704ffd5a0, 0x0000000705000000| 99%| O|  |TAMS 0x0000000704ffd5a0| PB 0x0000000704e00000| Untracked 
|   2|0x0000000705000000, 0x0000000705200000, 0x0000000705200000|100%| O|  |TAMS 0x0000000705200000| PB 0x0000000705000000| Untracked 
|   3|0x0000000705200000, 0x00000007053ffff8, 0x0000000705400000| 99%| O|  |TAMS 0x00000007053ffff8| PB 0x0000000705200000| Untracked 
|   4|0x0000000705400000, 0x00000007055a28f8, 0x0000000705600000| 81%| O|  |TAMS 0x00000007055a28f8| PB 0x0000000705400000| Untracked 
|   5|0x0000000705600000, 0x00000007057fff70, 0x0000000705800000| 99%| O|  |TAMS 0x00000007057fff70| PB 0x0000000705600000| Untracked 
|   6|0x0000000705800000, 0x0000000705a00000, 0x0000000705a00000|100%| O|  |TAMS 0x0000000705a00000| PB 0x0000000705800000| Untracked 
|   7|0x0000000705a00000, 0x0000000705c00000, 0x0000000705c00000|100%| O|  |TAMS 0x0000000705c00000| PB 0x0000000705a00000| Untracked 
|   8|0x0000000705c00000, 0x0000000705dff9b8, 0x0000000705e00000| 99%| O|  |TAMS 0x0000000705dff9b8| PB 0x0000000705c00000| Untracked 
|   9|0x0000000705e00000, 0x0000000705e00000, 0x0000000706000000|  0%| F|  |TAMS 0x0000000705e00000| PB 0x0000000705e00000| Untracked 
|  10|0x0000000706000000, 0x0000000706200000, 0x0000000706200000|100%| O|  |TAMS 0x0000000706200000| PB 0x0000000706000000| Untracked 
|  11|0x0000000706200000, 0x0000000706400000, 0x0000000706400000|100%| O|  |TAMS 0x0000000706400000| PB 0x0000000706200000| Untracked 
|  12|0x0000000706400000, 0x0000000706600000, 0x0000000706600000|100%| O|  |TAMS 0x0000000706600000| PB 0x0000000706400000| Untracked 
|  13|0x0000000706600000, 0x0000000706800000, 0x0000000706800000|100%| O|  |TAMS 0x0000000706800000| PB 0x0000000706600000| Untracked 
|  14|0x0000000706800000, 0x00000007069e6030, 0x0000000706a00000| 94%| O|  |TAMS 0x00000007069e6030| PB 0x0000000706800000| Untracked 
|  15|0x0000000706a00000, 0x0000000706c00000, 0x0000000706c00000|100%| O|  |TAMS 0x0000000706c00000| PB 0x0000000706a00000| Untracked 
|  16|0x0000000706c00000, 0x0000000706e00000, 0x0000000706e00000|100%| O|  |TAMS 0x0000000706e00000| PB 0x0000000706c00000| Untracked 
|  17|0x0000000706e00000, 0x0000000707000000, 0x0000000707000000|100%| O|  |TAMS 0x0000000707000000| PB 0x0000000706e00000| Untracked 
|  18|0x0000000707000000, 0x0000000707200000, 0x0000000707200000|100%| O|  |TAMS 0x0000000707200000| PB 0x0000000707000000| Untracked 
|  19|0x0000000707200000, 0x0000000707400000, 0x0000000707400000|100%| O|  |TAMS 0x0000000707400000| PB 0x0000000707200000| Untracked 
|  20|0x0000000707400000, 0x0000000707600000, 0x0000000707600000|100%| O|  |TAMS 0x0000000707600000| PB 0x0000000707400000| Untracked 
|  21|0x0000000707600000, 0x00000007076f9aa0, 0x0000000707800000| 48%| O|  |TAMS 0x00000007076f9aa0| PB 0x0000000707600000| Untracked 
|  22|0x0000000707800000, 0x0000000707800000, 0x0000000707a00000|  0%| F|  |TAMS 0x0000000707800000| PB 0x0000000707800000| Untracked 
|  23|0x0000000707a00000, 0x0000000707a00000, 0x0000000707c00000|  0%| F|  |TAMS 0x0000000707a00000| PB 0x0000000707a00000| Untracked 
|  24|0x0000000707c00000, 0x0000000707c00000, 0x0000000707e00000|  0%| F|  |TAMS 0x0000000707c00000| PB 0x0000000707c00000| Untracked 
|  25|0x0000000707e00000, 0x0000000707e00000, 0x0000000708000000|  0%| F|  |TAMS 0x0000000707e00000| PB 0x0000000707e00000| Untracked 
|  26|0x0000000708000000, 0x0000000708000000, 0x0000000708200000|  0%| F|  |TAMS 0x0000000708000000| PB 0x0000000708000000| Untracked 
|  27|0x0000000708200000, 0x0000000708376400, 0x0000000708400000| 73%| S|  |TAMS 0x0000000708200000| PB 0x0000000708200000| Complete 
|  28|0x0000000708400000, 0x0000000708600000, 0x0000000708600000|100%| S|  |TAMS 0x0000000708400000| PB 0x0000000708400000| Complete 
|  29|0x0000000708600000, 0x0000000708800000, 0x0000000708800000|100%| S|  |TAMS 0x0000000708600000| PB 0x0000000708600000| Complete 
|  30|0x0000000708800000, 0x0000000708a00000, 0x0000000708a00000|100%| S|  |TAMS 0x0000000708800000| PB 0x0000000708800000| Complete 
|  31|0x0000000708a00000, 0x0000000708c00000, 0x0000000708c00000|100%| S|  |TAMS 0x0000000708a00000| PB 0x0000000708a00000| Complete 
|  32|0x0000000708c00000, 0x0000000708e00000, 0x0000000708e00000|100%| E|CS|TAMS 0x0000000708c00000| PB 0x0000000708c00000| Complete 
|  33|0x0000000708e00000, 0x0000000708fbcd80, 0x0000000709000000| 86%| E|CS|TAMS 0x0000000708e00000| PB 0x0000000708e00000| Complete 
|  34|0x0000000709000000, 0x0000000709200000, 0x0000000709200000|100%| E|CS|TAMS 0x0000000709000000| PB 0x0000000709000000| Complete 
|  35|0x0000000709200000, 0x0000000709400000, 0x0000000709400000|100%| E|CS|TAMS 0x0000000709200000| PB 0x0000000709200000| Complete 
|  36|0x0000000709400000, 0x0000000709600000, 0x0000000709600000|100%| E|CS|TAMS 0x0000000709400000| PB 0x0000000709400000| Complete 
|  37|0x0000000709600000, 0x0000000709800000, 0x0000000709800000|100%| E|CS|TAMS 0x0000000709600000| PB 0x0000000709600000| Complete 
|  38|0x0000000709800000, 0x0000000709a00000, 0x0000000709a00000|100%| E|CS|TAMS 0x0000000709800000| PB 0x0000000709800000| Complete 
|  39|0x0000000709a00000, 0x0000000709c00000, 0x0000000709c00000|100%| E|CS|TAMS 0x0000000709a00000| PB 0x0000000709a00000| Complete 
|  40|0x0000000709c00000, 0x0000000709e00000, 0x0000000709e00000|100%| E|CS|TAMS 0x0000000709c00000| PB 0x0000000709c00000| Complete 
|  41|0x0000000709e00000, 0x000000070a000000, 0x000000070a000000|100%| E|CS|TAMS 0x0000000709e00000| PB 0x0000000709e00000| Complete 
|  42|0x000000070a000000, 0x000000070a200000, 0x000000070a200000|100%| E|CS|TAMS 0x000000070a000000| PB 0x000000070a000000| Complete 
|  43|0x000000070a200000, 0x000000070a400000, 0x000000070a400000|100%| E|CS|TAMS 0x000000070a200000| PB 0x000000070a200000| Complete 
|  44|0x000000070a400000, 0x000000070a600000, 0x000000070a600000|100%| E|CS|TAMS 0x000000070a400000| PB 0x000000070a400000| Complete 
|  45|0x000000070a600000, 0x000000070a800000, 0x000000070a800000|100%| E|CS|TAMS 0x000000070a600000| PB 0x000000070a600000| Complete 
|  46|0x000000070a800000, 0x000000070aa00000, 0x000000070aa00000|100%| E|CS|TAMS 0x000000070a800000| PB 0x000000070a800000| Complete 
|  47|0x000000070aa00000, 0x000000070ac00000, 0x000000070ac00000|100%| E|CS|TAMS 0x000000070aa00000| PB 0x000000070aa00000| Complete 
|  48|0x000000070ac00000, 0x000000070ae00000, 0x000000070ae00000|100%| E|CS|TAMS 0x000000070ac00000| PB 0x000000070ac00000| Complete 
|  49|0x000000070ae00000, 0x000000070b000000, 0x000000070b000000|100%| E|CS|TAMS 0x000000070ae00000| PB 0x000000070ae00000| Complete 
|  50|0x000000070b000000, 0x000000070b200000, 0x000000070b200000|100%| E|CS|TAMS 0x000000070b000000| PB 0x000000070b000000| Complete 
|  51|0x000000070b200000, 0x000000070b400000, 0x000000070b400000|100%| E|CS|TAMS 0x000000070b200000| PB 0x000000070b200000| Complete 
|  52|0x000000070b400000, 0x000000070b600000, 0x000000070b600000|100%| E|CS|TAMS 0x000000070b400000| PB 0x000000070b400000| Complete 
|  53|0x000000070b600000, 0x000000070b800000, 0x000000070b800000|100%| E|CS|TAMS 0x000000070b600000| PB 0x000000070b600000| Complete 
|  54|0x000000070b800000, 0x000000070ba00000, 0x000000070ba00000|100%| E|CS|TAMS 0x000000070b800000| PB 0x000000070b800000| Complete 
|  55|0x000000070ba00000, 0x000000070bc00000, 0x000000070bc00000|100%| E|CS|TAMS 0x000000070ba00000| PB 0x000000070ba00000| Complete 
|  56|0x000000070bc00000, 0x000000070be00000, 0x000000070be00000|100%| E|CS|TAMS 0x000000070bc00000| PB 0x000000070bc00000| Complete 
|  57|0x000000070be00000, 0x000000070c000000, 0x000000070c000000|100%| E|CS|TAMS 0x000000070be00000| PB 0x000000070be00000| Complete 
|  58|0x000000070c000000, 0x000000070c200000, 0x000000070c200000|100%| E|CS|TAMS 0x000000070c000000| PB 0x000000070c000000| Complete 
|  59|0x000000070c200000, 0x000000070c400000, 0x000000070c400000|100%| E|CS|TAMS 0x000000070c200000| PB 0x000000070c200000| Complete 
|  60|0x000000070c400000, 0x000000070c600000, 0x000000070c600000|100%| E|CS|TAMS 0x000000070c400000| PB 0x000000070c400000| Complete 
|  61|0x000000070c600000, 0x000000070c800000, 0x000000070c800000|100%| E|CS|TAMS 0x000000070c600000| PB 0x000000070c600000| Complete 
|  62|0x000000070c800000, 0x000000070ca00000, 0x000000070ca00000|100%| E|CS|TAMS 0x000000070c800000| PB 0x000000070c800000| Complete 
|  63|0x000000070ca00000, 0x000000070cc00000, 0x000000070cc00000|100%| E|CS|TAMS 0x000000070ca00000| PB 0x000000070ca00000| Complete 
|  64|0x000000070cc00000, 0x000000070ce00000, 0x000000070ce00000|100%| E|CS|TAMS 0x000000070cc00000| PB 0x000000070cc00000| Complete 
|  65|0x000000070ce00000, 0x000000070d000000, 0x000000070d000000|100%| E|CS|TAMS 0x000000070ce00000| PB 0x000000070ce00000| Complete 
|  66|0x000000070d000000, 0x000000070d200000, 0x000000070d200000|100%| E|CS|TAMS 0x000000070d000000| PB 0x000000070d000000| Complete 
|  67|0x000000070d200000, 0x000000070d400000, 0x000000070d400000|100%| E|CS|TAMS 0x000000070d200000| PB 0x000000070d200000| Complete 
|  68|0x000000070d400000, 0x000000070d600000, 0x000000070d600000|100%| E|CS|TAMS 0x000000070d400000| PB 0x000000070d400000| Complete 
|  69|0x000000070d600000, 0x000000070d800000, 0x000000070d800000|100%| E|CS|TAMS 0x000000070d600000| PB 0x000000070d600000| Complete 
|  70|0x000000070d800000, 0x000000070da00000, 0x000000070da00000|100%| E|CS|TAMS 0x000000070d800000| PB 0x000000070d800000| Complete 
|  71|0x000000070da00000, 0x000000070dc00000, 0x000000070dc00000|100%| E|CS|TAMS 0x000000070da00000| PB 0x000000070da00000| Complete 
|  72|0x000000070dc00000, 0x000000070de00000, 0x000000070de00000|100%| E|CS|TAMS 0x000000070dc00000| PB 0x000000070dc00000| Complete 
| 125|0x0000000714600000, 0x0000000714800000, 0x0000000714800000|100%| E|CS|TAMS 0x0000000714600000| PB 0x0000000714600000| Complete 

Card table byte_map: [0x000001c72d8d0000,0x000001c72e0b0000] _byte_map_base: 0x000001c72a0aa000

Marking Bits: (CMBitMap*) 0x000001c726325390
 Bits: [0x000001c72e0b0000, 0x000001c731f80000)

Polling page: 0x000001c724170000

Metaspace:

Usage:
  Non-class:     49.04 MB used.
      Class:      6.87 MB used.
       Both:     55.91 MB used.

Virtual space:
  Non-class space:       64.00 MB reserved,      49.38 MB ( 77%) committed,  1 nodes.
      Class space:        1.00 GB reserved,       7.12 MB ( <1%) committed,  1 nodes.
             Both:        1.06 GB reserved,      56.50 MB (  5%) committed. 

Chunk freelists:
   Non-Class:  13.91 MB
       Class:  8.69 MB
        Both:  22.60 MB

MaxMetaspaceSize: unlimited
CompressedClassSpaceSize: 1.00 GB
Initial GC threshold: 21.00 MB
Current GC threshold: 93.44 MB
CDS: off
 - commit_granule_bytes: 65536.
 - commit_granule_words: 8192.
 - virtual_space_node_default_size: 8388608.
 - enlarge_chunks_in_place: 1.
 - use_allocation_guard: 0.


Internal statistics:

num_allocs_failed_limit: 6.
num_arena_births: 1248.
num_arena_deaths: 550.
num_vsnodes_births: 2.
num_vsnodes_deaths: 0.
num_space_committed: 904.
num_space_uncommitted: 0.
num_chunks_returned_to_freelist: 663.
num_chunks_taken_from_freelist: 3039.
num_chunk_merges: 143.
num_chunk_splits: 1854.
num_chunks_enlarged: 1385.
num_inconsistent_stats: 0.

CodeCache: size=49152Kb used=8702Kb max_used=16564Kb free=40449Kb
 bounds [0x000001c729db0000, 0x000001c72ae10000, 0x000001c72cdb0000]
 total_blobs=4909 nmethods=4270 adapters=562
 compilation: enabled
              stopped_count=0, restarted_count=0
 full_count=0

Compilation events (20 events):
Event: 3699.167 Thread 0x000001c7390bf7c0 nmethod 16019 0x000001c72a8cac10 code [0x000001c72a8cae00, 0x000001c72a8cb128]
Event: 3699.168 Thread 0x000001c73a076df0 nmethod 16009 0x000001c72a8c6b90 code [0x000001c72a8c70a0, 0x000001c72a8c9c60]
Event: 3699.176 Thread 0x000001c73a078930 16022       1       org.springframework.beans.AbstractNestablePropertyAccessor::getWrappedClass (8 bytes)
Event: 3699.176 Thread 0x000001c73a078930 nmethod 16022 0x000001c72a8c6710 code [0x000001c72a8c68c0, 0x000001c72a8c6a68]
Event: 3699.177 Thread 0x000001c73a078930 16023   !   1       org.springframework.context.annotation.CommonAnnotationBeanPostProcessor::findResourceMetadata (124 bytes)
Event: 3699.177 Thread 0x000001c73a0774c0 16024   !   1       org.springframework.beans.factory.annotation.AutowiredAnnotationBeanPostProcessor::findAutowiringMetadata (124 bytes)
Event: 3699.177 Thread 0x000001c73a078930 nmethod 16023 0x000001c72a8c5b10 code [0x000001c72a8c5d40, 0x000001c72a8c6370]
Event: 3699.177 Thread 0x000001c73a0774c0 nmethod 16024 0x000001c72a8c4f10 code [0x000001c72a8c5140, 0x000001c72a8c5770]
Event: 3699.178 Thread 0x000001c7390bf7c0 16025       1       java.security.CodeSource::getCertificates (95 bytes)
Event: 3699.178 Thread 0x000001c73a076df0 16026  s    1       jdk.internal.loader.Resource::cachedInputStream (20 bytes)
Event: 3699.178 Thread 0x000001c73a076df0 nmethod 16026 0x000001c72a8c4a90 code [0x000001c72a8c4c40, 0x000001c72a8c4e78]
Event: 3699.179 Thread 0x000001c7390bf7c0 nmethod 16025 0x000001c72a8c4110 code [0x000001c72a8c4320, 0x000001c72a8c4818]
Event: 3699.179 Thread 0x000001c73a076df0 16027       1       org.springframework.beans.factory.annotation.InjectionMetadata::checkConfigMembers (87 bytes)
Event: 3699.179 Thread 0x000001c73a0774c0 16029       1       org.springframework.beans.factory.annotation.InjectionMetadata::inject (75 bytes)
Event: 3699.179 Thread 0x000001c7390bf7c0 16028       1       org.springframework.beans.factory.annotation.InjectionMetadata::needsRefresh (14 bytes)
Event: 3699.179 Thread 0x000001c7390bf7c0 nmethod 16028 0x000001c72a8c3e10 code [0x000001c72a8c3fa0, 0x000001c72a8c4080]
Event: 3699.179 Thread 0x000001c73a0774c0 nmethod 16029 0x000001c72a8c3810 code [0x000001c72a8c3a00, 0x000001c72a8c3c68]
Event: 3699.180 Thread 0x000001c73a076df0 nmethod 16027 0x000001c72a8c2d90 code [0x000001c72a8c2fe0, 0x000001c72a8c34e0]
Event: 3699.180 Thread 0x000001c73a078930 16030       1       java.lang.reflect.Modifier::isFinal (13 bytes)
Event: 3699.180 Thread 0x000001c73a078930 nmethod 16030 0x000001c72a8c2810 code [0x000001c72a8c29a0, 0x000001c72a8c2a58]

GC Heap History (20 events):
Event: 3643.173 GC heap after
{Heap after GC invocations=314 (full 1):
 garbage-first heap   total 200704K, used 36370K [0x0000000704c00000, 0x0000000800000000)
  region size 2048K, 1 young (2048K), 1 survivors (2048K)
 Metaspace       used 56647K, committed 57408K, reserved 1114112K
  class space    used 6935K, committed 7232K, reserved 1048576K
}
Event: 3652.594 GC heap before
{Heap before GC invocations=314 (full 1):
 garbage-first heap   total 200704K, used 153106K [0x0000000704c00000, 0x0000000800000000)
  region size 2048K, 58 young (118784K), 1 survivors (2048K)
 Metaspace       used 56647K, committed 57408K, reserved 1114112K
  class space    used 6935K, committed 7232K, reserved 1048576K
}
Event: 3652.595 GC heap after
{Heap after GC invocations=315 (full 1):
 garbage-first heap   total 200704K, used 34565K [0x0000000704c00000, 0x0000000800000000)
  region size 2048K, 1 young (2048K), 1 survivors (2048K)
 Metaspace       used 56647K, committed 57408K, reserved 1114112K
  class space    used 6935K, committed 7232K, reserved 1048576K
}
Event: 3661.626 GC heap before
{Heap before GC invocations=315 (full 1):
 garbage-first heap   total 200704K, used 151301K [0x0000000704c00000, 0x0000000800000000)
  region size 2048K, 58 young (118784K), 1 survivors (2048K)
 Metaspace       used 56647K, committed 57408K, reserved 1114112K
  class space    used 6935K, committed 7232K, reserved 1048576K
}
Event: 3661.627 GC heap after
{Heap after GC invocations=316 (full 1):
 garbage-first heap   total 200704K, used 35831K [0x0000000704c00000, 0x0000000800000000)
  region size 2048K, 1 young (2048K), 1 survivors (2048K)
 Metaspace       used 56647K, committed 57408K, reserved 1114112K
  class space    used 6935K, committed 7232K, reserved 1048576K
}
Event: 3670.979 GC heap before
{Heap before GC invocations=316 (full 1):
 garbage-first heap   total 200704K, used 152567K [0x0000000704c00000, 0x0000000800000000)
  region size 2048K, 58 young (118784K), 1 survivors (2048K)
 Metaspace       used 56647K, committed 57408K, reserved 1114112K
  class space    used 6935K, committed 7232K, reserved 1048576K
}
Event: 3670.984 GC heap after
{Heap after GC invocations=317 (full 1):
 garbage-first heap   total 200704K, used 36496K [0x0000000704c00000, 0x0000000800000000)
  region size 2048K, 2 young (4096K), 2 survivors (4096K)
 Metaspace       used 56647K, committed 57408K, reserved 1114112K
  class space    used 6935K, committed 7232K, reserved 1048576K
}
Event: 3680.001 GC heap before
{Heap before GC invocations=317 (full 1):
 garbage-first heap   total 200704K, used 151184K [0x0000000704c00000, 0x0000000800000000)
  region size 2048K, 58 young (118784K), 2 survivors (4096K)
 Metaspace       used 56647K, committed 57408K, reserved 1114112K
  class space    used 6935K, committed 7232K, reserved 1048576K
}
Event: 3680.003 GC heap after
{Heap after GC invocations=318 (full 1):
 garbage-first heap   total 200704K, used 37634K [0x0000000704c00000, 0x0000000800000000)
  region size 2048K, 2 young (4096K), 2 survivors (4096K)
 Metaspace       used 56647K, committed 57408K, reserved 1114112K
  class space    used 6935K, committed 7232K, reserved 1048576K
}
Event: 3689.424 GC heap before
{Heap before GC invocations=318 (full 1):
 garbage-first heap   total 200704K, used 152322K [0x0000000704c00000, 0x0000000800000000)
  region size 2048K, 58 young (118784K), 2 survivors (4096K)
 Metaspace       used 56647K, committed 57408K, reserved 1114112K
  class space    used 6935K, committed 7232K, reserved 1048576K
}
Event: 3689.426 GC heap after
{Heap after GC invocations=319 (full 1):
 garbage-first heap   total 200704K, used 34945K [0x0000000704c00000, 0x0000000800000000)
  region size 2048K, 1 young (2048K), 1 survivors (2048K)
 Metaspace       used 56647K, committed 57408K, reserved 1114112K
  class space    used 6935K, committed 7232K, reserved 1048576K
}
Event: 3698.060 GC heap before
{Heap before GC invocations=319 (full 1):
 garbage-first heap   total 200704K, used 151681K [0x0000000704c00000, 0x0000000800000000)
  region size 2048K, 58 young (118784K), 1 survivors (2048K)
 Metaspace       used 56649K, committed 57408K, reserved 1114112K
  class space    used 6936K, committed 7232K, reserved 1048576K
}
Event: 3698.062 GC heap after
{Heap after GC invocations=320 (full 1):
 garbage-first heap   total 200704K, used 40254K [0x0000000704c00000, 0x0000000800000000)
  region size 2048K, 3 young (6144K), 3 survivors (6144K)
 Metaspace       used 56649K, committed 57408K, reserved 1114112K
  class space    used 6936K, committed 7232K, reserved 1048576K
}
Event: 3698.912 GC heap before
{Heap before GC invocations=320 (full 1):
 garbage-first heap   total 200704K, used 89406K [0x0000000704c00000, 0x0000000800000000)
  region size 2048K, 28 young (57344K), 3 survivors (6144K)
 Metaspace       used 56931K, committed 57472K, reserved 1114112K
  class space    used 6993K, committed 7232K, reserved 1048576K
}
Event: 3698.915 GC heap after
{Heap after GC invocations=321 (full 1):
 garbage-first heap   total 200704K, used 41739K [0x0000000704c00000, 0x0000000800000000)
  region size 2048K, 4 young (8192K), 4 survivors (8192K)
 Metaspace       used 56931K, committed 57472K, reserved 1114112K
  class space    used 6993K, committed 7232K, reserved 1048576K
}
Event: 3703.005 GC heap before
{Heap before GC invocations=322 (full 1):
 garbage-first heap   total 151552K, used 123659K [0x0000000704c00000, 0x0000000800000000)
  region size 2048K, 44 young (90112K), 4 survivors (8192K)
 Metaspace       used 57245K, committed 57856K, reserved 1114112K
  class space    used 7031K, committed 7296K, reserved 1048576K
}
Event: 3703.010 GC heap after
{Heap after GC invocations=323 (full 1):
 garbage-first heap   total 151552K, used 46418K [0x0000000704c00000, 0x0000000800000000)
  region size 2048K, 6 young (12288K), 6 survivors (12288K)
 Metaspace       used 57245K, committed 57856K, reserved 1114112K
  class space    used 7031K, committed 7296K, reserved 1048576K
}
Event: 3709.149 GC heap before
{Heap before GC invocations=323 (full 1):
 garbage-first heap   total 151552K, used 124242K [0x0000000704c00000, 0x0000000800000000)
  region size 2048K, 44 young (90112K), 6 survivors (12288K)
 Metaspace       used 57245K, committed 57856K, reserved 1114112K
  class space    used 7031K, committed 7296K, reserved 1048576K
}
Event: 3709.153 GC heap after
{Heap after GC invocations=324 (full 1):
 garbage-first heap   total 151552K, used 47344K [0x0000000704c00000, 0x0000000800000000)
  region size 2048K, 3 young (6144K), 3 survivors (6144K)
 Metaspace       used 57245K, committed 57856K, reserved 1114112K
  class space    used 7031K, committed 7296K, reserved 1048576K
}
Event: 3715.128 GC heap before
{Heap before GC invocations=324 (full 1):
 garbage-first heap   total 151552K, used 127216K [0x0000000704c00000, 0x0000000800000000)
  region size 2048K, 42 young (86016K), 3 survivors (6144K)
 Metaspace       used 57248K, committed 57856K, reserved 1114112K
  class space    used 7032K, committed 7296K, reserved 1048576K
}

Dll operation events (12 events):
Event: 0.007 Loaded shared library D:\STS\sts-4.25.0.RELEASE\plugins\org.eclipse.justj.openjdk.hotspot.jre.full.win32.x86_64_21.0.4.v20240802-1551\jre\bin\java.dll
Event: 0.012 Loaded shared library D:\STS\sts-4.25.0.RELEASE\plugins\org.eclipse.justj.openjdk.hotspot.jre.full.win32.x86_64_21.0.4.v20240802-1551\jre\bin\zip.dll
Event: 0.232 Loaded shared library D:\STS\sts-4.25.0.RELEASE\plugins\org.eclipse.justj.openjdk.hotspot.jre.full.win32.x86_64_21.0.4.v20240802-1551\jre\bin\instrument.dll
Event: 0.241 Loaded shared library D:\STS\sts-4.25.0.RELEASE\plugins\org.eclipse.justj.openjdk.hotspot.jre.full.win32.x86_64_21.0.4.v20240802-1551\jre\bin\net.dll
Event: 0.242 Loaded shared library D:\STS\sts-4.25.0.RELEASE\plugins\org.eclipse.justj.openjdk.hotspot.jre.full.win32.x86_64_21.0.4.v20240802-1551\jre\bin\nio.dll
Event: 0.247 Loaded shared library D:\STS\sts-4.25.0.RELEASE\plugins\org.eclipse.justj.openjdk.hotspot.jre.full.win32.x86_64_21.0.4.v20240802-1551\jre\bin\zip.dll
Event: 0.356 Loaded shared library D:\STS\sts-4.25.0.RELEASE\plugins\org.eclipse.justj.openjdk.hotspot.jre.full.win32.x86_64_21.0.4.v20240802-1551\jre\bin\jimage.dll
Event: 0.390 Loaded shared library D:\STS\sts-4.25.0.RELEASE\plugins\org.eclipse.justj.openjdk.hotspot.jre.full.win32.x86_64_21.0.4.v20240802-1551\jre\bin\management.dll
Event: 0.398 Loaded shared library D:\STS\sts-4.25.0.RELEASE\plugins\org.eclipse.justj.openjdk.hotspot.jre.full.win32.x86_64_21.0.4.v20240802-1551\jre\bin\management_ext.dll
Event: 0.548 Loaded shared library D:\STS\sts-4.25.0.RELEASE\plugins\org.eclipse.justj.openjdk.hotspot.jre.full.win32.x86_64_21.0.4.v20240802-1551\jre\bin\extnet.dll
Event: 0.574 Loaded shared library D:\STS\sts-4.25.0.RELEASE\plugins\org.eclipse.justj.openjdk.hotspot.jre.full.win32.x86_64_21.0.4.v20240802-1551\jre\bin\verify.dll
Event: 3.357 Loaded shared library D:\STS\sts-4.25.0.RELEASE\plugins\org.eclipse.justj.openjdk.hotspot.jre.full.win32.x86_64_21.0.4.v20240802-1551\jre\bin\sunmscapi.dll

Deoptimization events (20 events):
Event: 3699.161 Thread 0x000001c73ba07c30 DEOPT PACKING pc=0x000001c72a9bc6ec sp=0x000000a0320f9590
Event: 3699.161 Thread 0x000001c73ba07c30 DEOPT UNPACKING pc=0x000001c729e04e42 sp=0x000000a0320f8ac8 mode 1
Event: 3699.161 Thread 0x000001c73ba07c30 DEOPT PACKING pc=0x000001c72a9bf0b4 sp=0x000000a0320f9680
Event: 3699.161 Thread 0x000001c73ba07c30 DEOPT UNPACKING pc=0x000001c729e04e42 sp=0x000000a0320f8c28 mode 1
Event: 3699.161 Thread 0x000001c73ba07c30 DEOPT PACKING pc=0x000001c72a9bd82c sp=0x000000a0320f97e0
Event: 3699.161 Thread 0x000001c73ba07c30 DEOPT UNPACKING pc=0x000001c729e04e42 sp=0x000000a0320f8da0 mode 1
Event: 3699.164 Thread 0x000001c73ba07c30 DEOPT PACKING pc=0x000001c72a9bc6ec sp=0x000000a0320fd490
Event: 3699.164 Thread 0x000001c73ba07c30 DEOPT UNPACKING pc=0x000001c729e04e42 sp=0x000000a0320fc9c8 mode 1
Event: 3699.164 Thread 0x000001c73ba07c30 DEOPT PACKING pc=0x000001c72a9bf0b4 sp=0x000000a0320fd580
Event: 3699.164 Thread 0x000001c73ba07c30 DEOPT UNPACKING pc=0x000001c729e04e42 sp=0x000000a0320fcb28 mode 1
Event: 3699.164 Thread 0x000001c73ba07c30 DEOPT PACKING pc=0x000001c72a9bd82c sp=0x000000a0320fd6e0
Event: 3699.164 Thread 0x000001c73ba07c30 DEOPT UNPACKING pc=0x000001c729e04e42 sp=0x000000a0320fcca0 mode 1
Event: 3699.180 Thread 0x000001c73ba07c30 DEOPT PACKING pc=0x000001c72a9bc6ec sp=0x000000a0320fa2b0
Event: 3699.180 Thread 0x000001c73ba07c30 DEOPT UNPACKING pc=0x000001c729e04e42 sp=0x000000a0320f97e8 mode 1
Event: 3699.180 Thread 0x000001c73ba07c30 DEOPT PACKING pc=0x000001c72a9bf0b4 sp=0x000000a0320fa3a0
Event: 3699.180 Thread 0x000001c73ba07c30 DEOPT UNPACKING pc=0x000001c729e04e42 sp=0x000000a0320f9948 mode 1
Event: 3699.180 Thread 0x000001c73ba07c30 DEOPT PACKING pc=0x000001c72a9bd82c sp=0x000000a0320fa500
Event: 3699.180 Thread 0x000001c73ba07c30 DEOPT UNPACKING pc=0x000001c729e04e42 sp=0x000000a0320f9ac0 mode 1
Event: 3709.312 Thread 0x000001c73ba07c30 DEOPT PACKING pc=0x000001c72a8a7394 sp=0x000000a0320fe390
Event: 3709.312 Thread 0x000001c73ba07c30 DEOPT UNPACKING pc=0x000001c729e04e42 sp=0x000000a0320fd848 mode 0

Classes loaded (20 events):
Event: 3170.213 Loading class java/io/InvalidClassException
Event: 3170.213 Loading class java/io/InvalidClassException done
Event: 3193.461 Loading class java/lang/ObjectCustomizer
Event: 3193.461 Loading class java/lang/ObjectCustomizer done
Event: 3193.461 Loading class java/lang/ObjectCustomizer
Event: 3193.461 Loading class java/lang/ObjectCustomizer done
Event: 3197.935 Loading class java/lang/ObjectCustomizer
Event: 3197.935 Loading class java/lang/ObjectCustomizer done
Event: 3197.936 Loading class java/lang/ObjectCustomizer
Event: 3197.936 Loading class java/lang/ObjectCustomizer done
Event: 3203.523 Loading class java/lang/ObjectCustomizer
Event: 3203.523 Loading class java/lang/ObjectCustomizer done
Event: 3203.523 Loading class java/lang/ObjectCustomizer
Event: 3203.523 Loading class java/lang/ObjectCustomizer done
Event: 3699.015 Loading class java/time/DurationEditor
Event: 3699.015 Loading class java/time/DurationEditor done
Event: 3699.087 Loading class java/lang/ObjectCustomizer
Event: 3699.087 Loading class java/lang/ObjectCustomizer done
Event: 3699.087 Loading class java/lang/ObjectCustomizer
Event: 3699.087 Loading class java/lang/ObjectCustomizer done

Classes unloaded (20 events):
Event: 3300.764 Thread 0x000001c739047890 Unloading class 0x000000080069e000 'java/lang/invoke/LambdaForm$DMH+0x000000080069e000'
Event: 3300.764 Thread 0x000001c739047890 Unloading class 0x0000000800700400 'java/lang/invoke/LambdaForm$DMH+0x0000000800700400'
Event: 3300.764 Thread 0x000001c739047890 Unloading class 0x000000080067d000 'java/lang/invoke/LambdaForm$MH+0x000000080067d000'
Event: 3300.764 Thread 0x000001c739047890 Unloading class 0x00000008005d0400 'java/lang/invoke/LambdaForm$MH+0x00000008005d0400'
Event: 3300.764 Thread 0x000001c739047890 Unloading class 0x00000008005c4800 'java/lang/invoke/LambdaForm$MH+0x00000008005c4800'
Event: 3300.764 Thread 0x000001c739047890 Unloading class 0x00000008005a0000 'java/lang/invoke/LambdaForm$MH+0x00000008005a0000'
Event: 3300.764 Thread 0x000001c739047890 Unloading class 0x0000000800594000 'java/lang/invoke/LambdaForm$MH+0x0000000800594000'
Event: 3300.764 Thread 0x000001c739047890 Unloading class 0x0000000800538400 'java/lang/invoke/LambdaForm$MH+0x0000000800538400'
Event: 3300.764 Thread 0x000001c739047890 Unloading class 0x00000008004f8800 'java/lang/invoke/LambdaForm$MH+0x00000008004f8800'
Event: 3300.764 Thread 0x000001c739047890 Unloading class 0x0000000800458800 'java/lang/invoke/LambdaForm$MH+0x0000000800458800'
Event: 3300.764 Thread 0x000001c739047890 Unloading class 0x0000000800414000 'java/lang/invoke/LambdaForm$MH+0x0000000800414000'
Event: 3300.764 Thread 0x000001c739047890 Unloading class 0x00000008003c0800 'java/lang/invoke/LambdaForm$MH+0x00000008003c0800'
Event: 3300.764 Thread 0x000001c739047890 Unloading class 0x00000008003c0400 'java/lang/invoke/LambdaForm$MH+0x00000008003c0400'
Event: 3300.764 Thread 0x000001c739047890 Unloading class 0x00000008002a0400 'jdk/internal/reflect/GeneratedSerializationConstructorAccessor44'
Event: 3300.764 Thread 0x000001c739047890 Unloading class 0x00000008002a1400 'jdk/internal/reflect/GeneratedSerializationConstructorAccessor43'
Event: 3300.764 Thread 0x000001c739047890 Unloading class 0x00000008002a2400 'jdk/internal/reflect/GeneratedSerializationConstructorAccessor42'
Event: 3300.764 Thread 0x000001c739047890 Unloading class 0x00000008002cd000 'jdk/internal/reflect/GeneratedSerializationConstructorAccessor41'
Event: 3411.751 Thread 0x000001c739047890 Unloading class 0x0000000800719c00 'jdk/internal/reflect/GeneratedSerializationConstructorAccessor47'
Event: 3411.751 Thread 0x000001c739047890 Unloading class 0x0000000800736400 'jdk/internal/reflect/GeneratedSerializationConstructorAccessor46'
Event: 3411.751 Thread 0x000001c739047890 Unloading class 0x0000000800736800 'jdk/internal/reflect/GeneratedSerializationConstructorAccessor45'

Classes redefined (0 events):
No events

Internal exceptions (20 events):
Event: 3301.165 Thread 0x000001c73a379e50 Exception <a 'java/lang/NoSuchMethodError'{0x000000070c7a27e0}: static [B.<clinit>()V> (0x000000070c7a27e0) 
thrown [s\src\hotspot\share\prims\jni.cpp, line 1111]
Event: 3601.167 Thread 0x000001c73a379e50 Exception <a 'java/lang/NoSuchMethodError'{0x000000070e7d3018}: static [B.<clinit>()V> (0x000000070e7d3018) 
thrown [s\src\hotspot\share\prims\jni.cpp, line 1111]
Event: 3698.569 Thread 0x000001c73ba07c30 Exception <a 'sun/nio/fs/WindowsException'{0x000000071044e5d0}> (0x000000071044e5d0) 
thrown [s\src\hotspot\share\prims\jni.cpp, line 520]
Event: 3698.634 Thread 0x000001c73ba07c30 Exception <a 'java/lang/NoSuchMethodError'{0x000000071017c000}: 'void java.lang.invoke.DelegatingMethodHandle$Holder.reinvoke_L(java.lang.Object, java.lang.Object, int)'> (0x000000071017c000) 
thrown [s\src\hotspot\share\interpreter\linkResolver.cpp, line 773]
Event: 3698.654 Thread 0x000001c73ba07c30 Exception <a 'java/lang/NoSuchMethodError'{0x000000070faeebd8}: 'java.lang.Object java.lang.invoke.DelegatingMethodHandle$Holder.reinvoke_L(java.lang.Object, int, java.lang.Object, java.lang.Object, java.lang.Object, java.lang.Object, java.lang.Object, java.lang.Object, java.lang.Object)'> (0x000000070faeebd8) 
thrown [s\src\hotspot\share\interpreter\linkResolver.cpp, line 773]
Event: 3698.674 Thread 0x000001c73ba07c30 Exception <a 'java/lang/NoSuchMethodError'{0x000000070f87e170}: 'long java.lang.invoke.DelegatingMethodHandle$Holder.reinvoke_L(java.lang.Object, java.lang.Object)'> (0x000000070f87e170) 
thrown [s\src\hotspot\share\interpreter\linkResolver.cpp, line 773]
Event: 3698.981 Thread 0x000001c73ba07c30 Exception <a 'java/lang/NoClassDefFoundError'{0x000000070d2461e0}: org/flywaydb/core/Flyway> (0x000000070d2461e0) 
thrown [s\src\hotspot\share\oops\constantPool.cpp, line 873]
Event: 3698.982 Thread 0x000001c73ba07c30 Exception <a 'java/lang/NoClassDefFoundError'{0x000000070d246840}: liquibase/integration/spring/SpringLiquibase> (0x000000070d246840) 
thrown [s\src\hotspot\share\oops\constantPool.cpp, line 873]
Event: 3699.051 Thread 0x000001c73ba07c30 Exception <a 'java/lang/NoSuchMethodError'{0x000000070c693b10}: 'int java.lang.invoke.DirectMethodHandle$Holder.invokeVirtual(java.lang.Object, java.lang.Object, java.lang.Object, java.lang.Object)'> (0x000000070c693b10) 
thrown [s\src\hotspot\share\interpreter\linkResolver.cpp, line 773]
Event: 3699.052 Thread 0x000001c73ba07c30 Exception <a 'java/lang/NoSuchMethodError'{0x000000070c6970f8}: 'int java.lang.invoke.DelegatingMethodHandle$Holder.reinvoke_L(java.lang.Object, java.lang.Object, java.lang.Object, java.lang.Object)'> (0x000000070c6970f8) 
thrown [s\src\hotspot\share\interpreter\linkResolver.cpp, line 773]
Event: 3699.072 Thread 0x000001c73ba07c30 Exception <a 'java/io/FileNotFoundException'{0x000000070c4c7fb8}> (0x000000070c4c7fb8) 
thrown [s\src\hotspot\share\prims\jni.cpp, line 520]
Event: 3699.087 Thread 0x000001c73ba07c30 Exception <a 'java/lang/ClassNotFoundException'{0x000000070c242508}: java/lang/ObjectCustomizer> (0x000000070c242508) 
thrown [s\src\hotspot\share\classfile\systemDictionary.cpp, line 312]
Event: 3699.089 Thread 0x000001c73ba07c30 Exception <a 'java/lang/ClassNotFoundException'{0x000000070c24e4b0}: org/springframework/security/config/annotation/web/configuration/WebSecurityConfigurerAdapterCustomizer> (0x000000070c24e4b0) 
thrown [s\src\hotspot\share\classfile\systemDictionary.cpp, line 312]
Event: 3699.094 Thread 0x000001c73ba07c30 Exception <a 'java/lang/ClassNotFoundException'{0x000000070c261f40}: com/cotodel/hrms/web/config/LoginSecurityConfigurationCustomizer> (0x000000070c261f40) 
thrown [s\src\hotspot\share\classfile\systemDictionary.cpp, line 312]
Event: 3699.098 Thread 0x000001c73ba07c30 Exception <a 'java/lang/ClassNotFoundException'{0x000000070c26e2b8}: com/cotodel/hrms/web/config/LoginSecurityConfiguration$$EnhancerBySpringCGLIB$$2cf94b07Customizer> (0x000000070c26e2b8) 
thrown [s\src\hotspot\share\classfile\systemDictionary.cpp, line 312]
Event: 3699.100 Thread 0x000001c73ba07c30 Exception <a 'java/lang/ClassNotFoundException'{0x000000070c283778}: org/springframework/context/annotation/ConfigurationClassEnhancer$EnhancedConfigurationCustomizer> (0x000000070c283778) 
thrown [s\src\hotspot\share\classfile\systemDictionary.cpp, line 312]
Event: 3699.102 Thread 0x000001c73ba07c30 Exception <a 'java/lang/ClassNotFoundException'{0x000000070c28a618}: org/springframework/beans/factory/BeanFactoryAwareCustomizer> (0x000000070c28a618) 
thrown [s\src\hotspot\share\classfile\systemDictionary.cpp, line 312]
Event: 3699.103 Thread 0x000001c73ba07c30 Exception <a 'java/lang/ClassNotFoundException'{0x000000070c292820}: org/springframework/beans/factory/AwareCustomizer> (0x000000070c292820) 
thrown [s\src\hotspot\share\classfile\systemDictionary.cpp, line 312]
Event: 3699.103 Thread 0x000001c73ba07c30 Exception <a 'java/lang/ClassNotFoundException'{0x000000070c299a58}: org/springframework/security/config/annotation/web/WebSecurityConfigurerCustomizer> (0x000000070c299a58) 
thrown [s\src\hotspot\share\classfile\systemDictionary.cpp, line 312]
Event: 3699.103 Thread 0x000001c73ba07c30 Exception <a 'java/lang/ClassNotFoundException'{0x000000070c2a0f70}: org/springframework/security/config/annotation/SecurityConfigurerCustomizer> (0x000000070c2a0f70) 
thrown [s\src\hotspot\share\classfile\systemDictionary.cpp, line 312]

ZGC Phase Switch (0 events):
No events

VM Operations (20 events):
Event: 3709.531 Executing VM operation: get/set locals done
Event: 3709.531 Executing VM operation: get/set locals
Event: 3709.531 Executing VM operation: get/set locals done
Event: 3709.531 Executing VM operation: get/set locals
Event: 3709.531 Executing VM operation: get/set locals done
Event: 3709.531 Executing VM operation: get/set locals
Event: 3709.532 Executing VM operation: get/set locals done
Event: 3709.532 Executing VM operation: get/set locals
Event: 3709.532 Executing VM operation: get/set locals done
Event: 3709.532 Executing VM operation: get/set locals
Event: 3709.532 Executing VM operation: get/set locals done
Event: 3709.533 Executing VM operation: get/set locals
Event: 3709.533 Executing VM operation: get/set locals done
Event: 3709.533 Executing VM operation: get/set locals
Event: 3709.533 Executing VM operation: get/set locals done
Event: 3709.533 Executing VM operation: get/set locals
Event: 3709.533 Executing VM operation: get/set locals done
Event: 3709.534 Executing VM operation: get/set locals
Event: 3709.534 Executing VM operation: get/set locals done
Event: 3715.128 Executing VM operation: G1CollectForAllocation (G1 Evacuation Pause)

Memory protections (0 events):
No events

Nmethod flushes (20 events):
Event: 3447.064 Thread 0x000001c739047890 flushing  nmethod 0x000001c729fc5110
Event: 3447.064 Thread 0x000001c739047890 flushing  nmethod 0x000001c729fc7490
Event: 3447.064 Thread 0x000001c739047890 flushing  nmethod 0x000001c729fcc090
Event: 3447.064 Thread 0x000001c739047890 flushing  nmethod 0x000001c729febd10
Event: 3447.064 Thread 0x000001c739047890 flushing  nmethod 0x000001c729ffbd10
Event: 3447.064 Thread 0x000001c739047890 flushing  nmethod 0x000001c72a048910
Event: 3447.064 Thread 0x000001c739047890 flushing  nmethod 0x000001c72a04b890
Event: 3447.064 Thread 0x000001c739047890 flushing  nmethod 0x000001c72a061290
Event: 3447.064 Thread 0x000001c739047890 flushing  nmethod 0x000001c72a112690
Event: 3447.064 Thread 0x000001c739047890 flushing  nmethod 0x000001c72a117d90
Event: 3447.064 Thread 0x000001c739047890 flushing  nmethod 0x000001c72a193410
Event: 3447.064 Thread 0x000001c739047890 flushing  nmethod 0x000001c72a280190
Event: 3447.064 Thread 0x000001c739047890 flushing  nmethod 0x000001c72a8ae490
Event: 3447.064 Thread 0x000001c739047890 flushing  nmethod 0x000001c72a015690
Event: 3447.064 Thread 0x000001c739047890 flushing  nmethod 0x000001c72a01fa90
Event: 3447.064 Thread 0x000001c739047890 flushing  nmethod 0x000001c72a0a6e10
Event: 3447.064 Thread 0x000001c739047890 flushing  nmethod 0x000001c72a32a410
Event: 3447.064 Thread 0x000001c739047890 flushing  nmethod 0x000001c72a32a790
Event: 3447.064 Thread 0x000001c739047890 flushing  nmethod 0x000001c72a32c410
Event: 3447.064 Thread 0x000001c739047890 flushing  nmethod 0x000001c72a491e10

Events (20 events):
Event: 3306.725 Thread 0x000001c73a079da0 Thread exited: 0x000001c73a079da0
Event: 3306.725 Thread 0x000001c73a0796d0 Thread exited: 0x000001c73a0796d0
Event: 3601.164 Thread 0x000001c7390bf7c0 Thread added: 0x000001c73a0774c0
Event: 3606.180 Thread 0x000001c73a0774c0 Thread exited: 0x000001c73a0774c0
Event: 3696.616 Thread 0x000001c7390bf7c0 Thread added: 0x000001c73a0774c0
Event: 3698.529 Thread 0x000001c73a0774c0 Thread exited: 0x000001c73a0774c0
Event: 3698.533 Thread 0x000001c7390bf7c0 Thread added: 0x000001c73a076df0
Event: 3698.540 Thread 0x000001c73ba0aa20 Thread added: 0x000001c73ba07c30
Event: 3698.548 Thread 0x000001c73a076df0 Thread added: 0x000001c73a0774c0
Event: 3698.548 Thread 0x000001c73a076df0 Thread added: 0x000001c73a078930
Event: 3698.660 Thread 0x000001c73ba07c30 Thread added: 0x000001c73ba06880
Event: 3698.661 Thread 0x000001c73ba061f0 Thread exited: 0x000001c73ba061f0
Event: 3698.745 Thread 0x000001c73ba07c30 Thread added: 0x000001c73ba061f0
Event: 3698.763 Thread 0x000001c73ba061f0 Thread exited: 0x000001c73ba061f0
Event: 3699.148 Thread 0x000001c73ba07c30 Thread added: 0x000001c73ba08950
Event: 3699.148 Thread 0x000001c73ba07c30 Thread added: 0x000001c73ba0b740
Event: 3699.148 Thread 0x000001c73ba07c30 Thread added: 0x000001c73ba08fe0
Event: 3704.187 Thread 0x000001c73a078930 Thread exited: 0x000001c73a078930
Event: 3709.192 Thread 0x000001c73a0774c0 Thread exited: 0x000001c73a0774c0
Event: 3709.193 Thread 0x000001c73a076df0 Thread exited: 0x000001c73a076df0


Dynamic libraries:
0x00007ff731500000 - 0x00007ff73150e000 	D:\STS\sts-4.25.0.RELEASE\plugins\org.eclipse.justj.openjdk.hotspot.jre.full.win32.x86_64_21.0.4.v20240802-1551\jre\bin\javaw.exe
0x00007ffdcb5e0000 - 0x00007ffdcb843000 	C:\Windows\SYSTEM32\ntdll.dll
0x00007ffdc96a0000 - 0x00007ffdc9767000 	C:\Windows\System32\KERNEL32.DLL
0x00007ffdc8aa0000 - 0x00007ffdc8e50000 	C:\Windows\System32\KERNELBASE.dll
0x00007ffdc91f0000 - 0x00007ffdc933b000 	C:\Windows\System32\ucrtbase.dll
0x00007ffdbf0c0000 - 0x00007ffdbf0d8000 	D:\STS\sts-4.25.0.RELEASE\plugins\org.eclipse.justj.openjdk.hotspot.jre.full.win32.x86_64_21.0.4.v20240802-1551\jre\bin\jli.dll
0x00007ffdbe900000 - 0x00007ffdbe91b000 	D:\STS\sts-4.25.0.RELEASE\plugins\org.eclipse.justj.openjdk.hotspot.jre.full.win32.x86_64_21.0.4.v20240802-1551\jre\bin\VCRUNTIME140.dll
0x00007ffdc9c70000 - 0x00007ffdc9e33000 	C:\Windows\System32\USER32.dll
0x00007ffdc8f10000 - 0x00007ffdc8f37000 	C:\Windows\System32\win32u.dll
0x00007ffda2200000 - 0x00007ffda2490000 	C:\Windows\WinSxS\amd64_microsoft.windows.common-controls_6595b64144ccf1df_6.0.26100.1882_none_3e0e949ae32eca40\COMCTL32.dll
0x00007ffdc9e40000 - 0x00007ffdc9e6a000 	C:\Windows\System32\GDI32.dll
0x00007ffdc90c0000 - 0x00007ffdc91e3000 	C:\Windows\System32\gdi32full.dll
0x00007ffdca6c0000 - 0x00007ffdca769000 	C:\Windows\System32\msvcrt.dll
0x00007ffdc8e60000 - 0x00007ffdc8f03000 	C:\Windows\System32\msvcp_win.dll
0x00007ffdc9e80000 - 0x00007ffdc9eaf000 	C:\Windows\System32\IMM32.DLL
0x00007ffdc1ff0000 - 0x00007ffdc1ffc000 	D:\STS\sts-4.25.0.RELEASE\plugins\org.eclipse.justj.openjdk.hotspot.jre.full.win32.x86_64_21.0.4.v20240802-1551\jre\bin\vcruntime140_1.dll
0x00007ffdbd730000 - 0x00007ffdbd7be000 	D:\STS\sts-4.25.0.RELEASE\plugins\org.eclipse.justj.openjdk.hotspot.jre.full.win32.x86_64_21.0.4.v20240802-1551\jre\bin\msvcp140.dll
0x00007ffd25bd0000 - 0x00007ffd26958000 	D:\STS\sts-4.25.0.RELEASE\plugins\org.eclipse.justj.openjdk.hotspot.jre.full.win32.x86_64_21.0.4.v20240802-1551\jre\bin\server\jvm.dll
0x00007ffdcaa00000 - 0x00007ffdcaab4000 	C:\Windows\System32\ADVAPI32.dll
0x00007ffdca940000 - 0x00007ffdca9e6000 	C:\Windows\System32\sechost.dll
0x00007ffdcaac0000 - 0x00007ffdcabd6000 	C:\Windows\System32\RPCRT4.dll
0x00007ffdc94b0000 - 0x00007ffdc9524000 	C:\Windows\System32\WS2_32.dll
0x00007ffdba9a0000 - 0x00007ffdba9d6000 	C:\Windows\SYSTEM32\WINMM.dll
0x00007ffdbdfe0000 - 0x00007ffdbdfeb000 	C:\Windows\SYSTEM32\VERSION.dll
0x00007ffdc8880000 - 0x00007ffdc88ce000 	C:\Windows\SYSTEM32\POWRPROF.dll
0x00007ffdc8860000 - 0x00007ffdc8874000 	C:\Windows\SYSTEM32\UMPDC.dll
0x00007ffdc7810000 - 0x00007ffdc782a000 	C:\Windows\SYSTEM32\kernel.appcore.dll
0x00007ffdc1fe0000 - 0x00007ffdc1fea000 	D:\STS\sts-4.25.0.RELEASE\plugins\org.eclipse.justj.openjdk.hotspot.jre.full.win32.x86_64_21.0.4.v20240802-1551\jre\bin\jimage.dll
0x00007ffdc6280000 - 0x00007ffdc64c1000 	C:\Windows\SYSTEM32\DBGHELP.DLL
0x00007ffdc9850000 - 0x00007ffdc9bcc000 	C:\Windows\System32\combase.dll
0x00007ffdc9ec0000 - 0x00007ffdc9f96000 	C:\Windows\System32\OLEAUT32.dll
0x00007ffda4cd0000 - 0x00007ffda4d09000 	C:\Windows\SYSTEM32\dbgcore.DLL
0x00007ffdc9340000 - 0x00007ffdc93d9000 	C:\Windows\System32\bcryptPrimitives.dll
0x00007ffdbda10000 - 0x00007ffdbda4c000 	D:\STS\sts-4.25.0.RELEASE\plugins\org.eclipse.justj.openjdk.hotspot.jre.full.win32.x86_64_21.0.4.v20240802-1551\jre\bin\jdwp.dll
0x00007ffdc1fd0000 - 0x00007ffdc1fdf000 	D:\STS\sts-4.25.0.RELEASE\plugins\org.eclipse.justj.openjdk.hotspot.jre.full.win32.x86_64_21.0.4.v20240802-1551\jre\bin\instrument.dll
0x00007ffdbec60000 - 0x00007ffdbec7f000 	D:\STS\sts-4.25.0.RELEASE\plugins\org.eclipse.justj.openjdk.hotspot.jre.full.win32.x86_64_21.0.4.v20240802-1551\jre\bin\java.dll
0x00007ffdbec40000 - 0x00007ffdbec58000 	D:\STS\sts-4.25.0.RELEASE\plugins\org.eclipse.justj.openjdk.hotspot.jre.full.win32.x86_64_21.0.4.v20240802-1551\jre\bin\zip.dll
0x00007ffdcae40000 - 0x00007ffdcb538000 	C:\Windows\System32\SHELL32.dll
0x00007ffdc6740000 - 0x00007ffdc6f6a000 	C:\Windows\SYSTEM32\windows.storage.dll
0x00007ffdc9770000 - 0x00007ffdc9843000 	C:\Windows\System32\SHCORE.dll
0x00007ffdca5e0000 - 0x00007ffdca63d000 	C:\Windows\System32\shlwapi.dll
0x00007ffdc8900000 - 0x00007ffdc8929000 	C:\Windows\SYSTEM32\profapi.dll
0x00007ffdbec10000 - 0x00007ffdbec1b000 	D:\STS\sts-4.25.0.RELEASE\plugins\org.eclipse.justj.openjdk.hotspot.jre.full.win32.x86_64_21.0.4.v20240802-1551\jre\bin\dt_socket.dll
0x00007ffdc72d0000 - 0x00007ffdc7301000 	C:\Windows\SYSTEM32\IPHLPAPI.DLL
0x00007ffdc7cf0000 - 0x00007ffdc7d58000 	C:\Windows\system32\mswsock.dll
0x00007ffdc7310000 - 0x00007ffdc742f000 	C:\Windows\SYSTEM32\DNSAPI.dll
0x00007ffdca430000 - 0x00007ffdca43a000 	C:\Windows\System32\NSI.dll
0x00007ffdbf280000 - 0x00007ffdbf28b000 	C:\Windows\System32\rasadhlp.dll
0x00007ffdc25e0000 - 0x00007ffdc2666000 	C:\Windows\System32\fwpuclnt.dll
0x00007ffdc1fc0000 - 0x00007ffdc1fd0000 	D:\STS\sts-4.25.0.RELEASE\plugins\org.eclipse.justj.openjdk.hotspot.jre.full.win32.x86_64_21.0.4.v20240802-1551\jre\bin\net.dll
0x00007ffdc14e0000 - 0x00007ffdc1606000 	C:\Windows\SYSTEM32\WINHTTP.dll
0x00007ffdbe840000 - 0x00007ffdbe856000 	D:\STS\sts-4.25.0.RELEASE\plugins\org.eclipse.justj.openjdk.hotspot.jre.full.win32.x86_64_21.0.4.v20240802-1551\jre\bin\nio.dll
0x00007ffdc2010000 - 0x00007ffdc201a000 	D:\STS\sts-4.25.0.RELEASE\plugins\org.eclipse.justj.openjdk.hotspot.jre.full.win32.x86_64_21.0.4.v20240802-1551\jre\bin\management.dll
0x00007ffdc2000000 - 0x00007ffdc200b000 	D:\STS\sts-4.25.0.RELEASE\plugins\org.eclipse.justj.openjdk.hotspot.jre.full.win32.x86_64_21.0.4.v20240802-1551\jre\bin\management_ext.dll
0x00007ffdca9f0000 - 0x00007ffdca9f8000 	C:\Windows\System32\PSAPI.DLL
0x00007ffdae910000 - 0x00007ffdae928000 	C:\Windows\system32\napinsp.dll
0x00007ffd9bb30000 - 0x00007ffd9bb42000 	C:\Windows\System32\winrnr.dll
0x00007ffd99e50000 - 0x00007ffd99e72000 	C:\Windows\system32\nlansp_c.dll
0x00007ffd99e30000 - 0x00007ffd99e46000 	C:\Windows\system32\wshbth.dll
0x00007ffdc7f60000 - 0x00007ffdc7f7c000 	C:\Windows\SYSTEM32\CRYPTSP.dll
0x00007ffdc7770000 - 0x00007ffdc77a8000 	C:\Windows\system32\rsaenh.dll
0x00007ffdc7d90000 - 0x00007ffdc7dbb000 	C:\Windows\SYSTEM32\USERENV.dll
0x00007ffdc8220000 - 0x00007ffdc8246000 	C:\Windows\SYSTEM32\bcrypt.dll
0x00007ffdc7f50000 - 0x00007ffdc7f5c000 	C:\Windows\SYSTEM32\CRYPTBASE.dll
0x00007ffdbe8f0000 - 0x00007ffdbe8f9000 	D:\STS\sts-4.25.0.RELEASE\plugins\org.eclipse.justj.openjdk.hotspot.jre.full.win32.x86_64_21.0.4.v20240802-1551\jre\bin\extnet.dll
0x00007ffdbf0b0000 - 0x00007ffdbf0c0000 	D:\STS\sts-4.25.0.RELEASE\plugins\org.eclipse.justj.openjdk.hotspot.jre.full.win32.x86_64_21.0.4.v20240802-1551\jre\bin\verify.dll
0x00007ffdbe980000 - 0x00007ffdbe98e000 	D:\STS\sts-4.25.0.RELEASE\plugins\org.eclipse.justj.openjdk.hotspot.jre.full.win32.x86_64_21.0.4.v20240802-1551\jre\bin\sunmscapi.dll
0x00007ffdc8f40000 - 0x00007ffdc90b6000 	C:\Windows\System32\CRYPT32.dll
0x00007ffdc81e0000 - 0x00007ffdc8210000 	C:\Windows\SYSTEM32\ncrypt.dll
0x00007ffdc8190000 - 0x00007ffdc81cf000 	C:\Windows\SYSTEM32\NTASN1.dll
0x00007ffd86a10000 - 0x00007ffd86a18000 	C:\Windows\system32\wshunix.dll

dbghelp: loaded successfully - version: 4.0.5 - missing functions: none
symbol engine: initialized successfully - sym options: 0x614 - pdb path: .;D:\STS\sts-4.25.0.RELEASE\plugins\org.eclipse.justj.openjdk.hotspot.jre.full.win32.x86_64_21.0.4.v20240802-1551\jre\bin;C:\Windows\SYSTEM32;C:\Windows\WinSxS\amd64_microsoft.windows.common-controls_6595b64144ccf1df_6.0.26100.1882_none_3e0e949ae32eca40;D:\STS\sts-4.25.0.RELEASE\plugins\org.eclipse.justj.openjdk.hotspot.jre.full.win32.x86_64_21.0.4.v20240802-1551\jre\bin\server

VM Arguments:
jvm_args: -XX:+ShowCodeDetailsInExceptionMessages -agentlib:jdwp=transport=dt_socket,suspend=y,address=localhost:50687 -Dcom.sun.management.jmxremote -Dcom.sun.management.jmxremote.port=50686 -Dcom.sun.management.jmxremote.authenticate=false -Dcom.sun.management.jmxremote.ssl=false -Djava.rmi.server.hostname=localhost -Dspring.jmx.enabled=true -Dmanagement.endpoints.jmx.exposure.include=* -Dspring.application.admin.enabled=true -XX:TieredStopAtLevel=1 -Dspring.boot.project.name=hrms -javaagent:D:\STS\sts-4.25.0.RELEASE\configuration\org.eclipse.osgi\270\0\.cp\lib\javaagent-shaded.jar -Dfile.encoding=UTF-8 -Dstdout.encoding=UTF-8 -Dstderr.encoding=UTF-8 
java_command: com.cotodel.hrms.web.config.CotoDelApplication --spring.output.ansi.enabled=always
java_class_path (initial): D:\Cotodel\hrms\target\classes;C:\Users\aashv\.m2\repository\org\springframework\boot\spring-boot-starter-thymeleaf\2.6.1\spring-boot-starter-thymeleaf-2.6.1.jar;C:\Users\aashv\.m2\repository\org\thymeleaf\thymeleaf-spring5\3.0.12.RELEASE\thymeleaf-spring5-3.0.12.RELEASE.jar;C:\Users\aashv\.m2\repository\org\thymeleaf\thymeleaf\3.0.12.RELEASE\thymeleaf-3.0.12.RELEASE.jar;C:\Users\aashv\.m2\repository\org\attoparser\attoparser\2.0.5.RELEASE\attoparser-2.0.5.RELEASE.jar;C:\Users\aashv\.m2\repository\org\unbescape\unbescape\1.1.6.RELEASE\unbescape-1.1.6.RELEASE.jar;C:\Users\aashv\.m2\repository\org\slf4j\slf4j-api\1.7.32\slf4j-api-1.7.32.jar;C:\Users\aashv\.m2\repository\org\thymeleaf\extras\thymeleaf-extras-java8time\3.0.4.RELEASE\thymeleaf-extras-java8time-3.0.4.RELEASE.jar;C:\Users\aashv\.m2\repository\org\springframework\boot\spring-boot-starter-web\2.6.1\spring-boot-starter-web-2.6.1.jar;C:\Users\aashv\.m2\repository\org\springframework\boot\spring-boot-starter-json\2.6.1\spring-boot-starter-json-2.6.1.jar;C:\Users\aashv\.m2\repository\com\fasterxml\jackson\datatype\jackson-datatype-jdk8\2.13.0\jackson-datatype-jdk8-2.13.0.jar;C:\Users\aashv\.m2\repository\com\fasterxml\jackson\datatype\jackson-datatype-jsr310\2.13.0\jackson-datatype-jsr310-2.13.0.jar;C:\Users\aashv\.m2\repository\com\fasterxml\jackson\module\jackson-module-parameter-names\2.13.0\jackson-module-parameter-names-2.13.0.jar;C:\Users\aashv\.m2\repository\org\springframework\spring-web\5.3.13\spring-web-5.3.13.jar;C:\Users\aashv\.m2\repository\org\springframework\spring-beans\5.3.13\spring-beans-5.3.13.jar;C:\Users\aashv\.m2\repository\org\springframework\spring-webmvc\5.3.13\spring-webmvc-5.3.13.jar;C:\Users\aashv\.m2\repository\org\springframework\spring-aop\5.3.13\spring-aop-5.3.13.jar;C:\Users\aashv\.m2\repository\org\springframework\spring-context\5.3.13\spring-context-5.3.13.jar;C:\Users\aashv\.m2\repository\org\springframework\spring-expression\5.3.13\spring-expression-5.3.13.jar;C:\Users\aashv\.m2\repository\com\okta\spring\okta-spring-boot-starter\2.1.0\okta-spring-boot-starter-2.1.0.jar;C:\Users\aashv\.m2\repository\com\okta\spring\okta-spring-security-oauth2\2.1.0\okta-spring-security-oauth2-2.1.0.jar;C:\Users\aashv\.m2\repository\com\okta\commons\okta-config-check\1.2.5\okta-config-check-1.2.5.jar;C:\Users\aashv\.m2\repository\com\okta\commons\okta-commons-lang\1.2.5\okta-commons-lang-1.2.5.jar;C:\Users\aashv\.m2\repository\org\springframework\security\spring-security-config\5.6.0\spring-security-config-5.6.0.jar;C:\Users\aashv\.m2\repository\org\springframework\security\spring-security-core\5.6.0\spring-security-core-5.6.0.jar;C:\Users\aashv\.m2\repository\org\springframework\security\spring-security-crypto\5.6.0\spring-security-crypto-5.6.0.jar;C:\Users\aashv\.m2\repository\org\springframework\boot\spring-boot-starter-security\2.6.1\spring-boot-starter-security-2.6.1.jar;C:\Users\aashv\.m2\repository\org\springframework\security\spring-security-web\5.6.0\spring-security-web-5.6.0.jar;C:\Users\aashv\.m2\repository\org\springframework\security\spring-security-oauth2-client\5.6.0\spring-security-oauth2-client-5.6.0.jar;C:\Users\aashv\.m2\repository\org\springframework\security\spring-security-oauth2-core\5.6.0\spring-security-oauth2-core-5.6.0.jar;C:\Users\aashv\.m2\repository\com\nimbusds\oauth2-oidc-sdk\9.19\oauth2-oidc-sdk-9.19.jar;C:\Users\aashv\.m2\repository\com\github\stephenc\jcip\jcip-annotations\1.0-1\jcip-annotations-1.0-1.jar;C:\Users\aashv\.m2\repository\com\nimbusds\content-type\2.1\content-type-2.1.jar;C:\Users\aashv\.m2\repository\net\minidev\json-smart\2.4.7\json-smart-2.4.7.jar;C:\Users\aashv\.m2\repository\net\minidev\accessors-smart\2.4.7\accessors-smart-2.4.7.jar;C:\Users\aashv\.m2\repository\org\ow2\asm\asm\9.1\asm-9.1.jar;C:\Users\aashv\.m2\repository\com\nimbusds\lang-tag\1.5\lang-tag-1.5.jar;C:\Users\aashv\.m2\repository\org\springframework\security\spring-security-oauth2-jose\5.6.0\spring-security-oauth2-jose-5.6.0.jar;C:\Users\aashv\.m2\repository\com\nimbusds\nimbus-jose-jwt\9.14\nimbus-jose-jwt-9.14.jar;C:\Users\aashv\.m2\repository\org\springframework\security\spring-security-oauth2-resource-server\5.6.0\spring-security-oauth2-resource-server-5.6.0.jar;C:\Users\aashv\.m2\repository\com\okta\spring\okta-spring-sdk\2.1.0\okta-spring-sdk-2.1.0.jar;C:\Users\aashv\.m2\repository\com\google\code\gson\gson\2.8.7\gson-2.8.7.jar;C:\Users\aashv\.m2\repository\org\json\json\20210307\json-20210307.jar;C:\Users\aashv\.m2\repository\org\springframework\boot\spring-boot-starter-tomcat\2.6.1\spring-boot-starter-tomcat-2.6.1.jar;C:\Users\aashv\.m2\repository\jakarta\annotation\jakarta.annotation-api\1.3.5\jakarta.annotation-api-1.3.5.jar;C:\Users\aashv\.m2\repository\org\apache\tomcat\embed\tomcat-embed-core\9.0.55\tomcat-embed-core-9.0.55.jar;C:\Users\aashv\.m2\repository\org\apache\tomcat\embed\tomcat-embed-el\9.0.55\tomcat-embed-el-9.0.55.jar;C:\Users\aashv\.m2\repository\org\apache\tomcat\embed\tomcat-embed-websocket\9.0.55\tomcat-embed-websocket-9.0.55.jar;C:\Users\aashv\.m2\repository\org\springframework\boot\spring-boot-starter-mail\2.6.1\spring-boot-starter-mail-2.6.1.jar;C:\Users\aashv\.m2\repository\org\springframework\spring-context-support\5.3.13\spring-context-support-5.3.13.jar;C:\Users\aashv\.m2\repository\com\sun\mail\jakarta.mail\1.6.7\jakarta.mail-1.6.7.jar;C:\Users\aashv\.m2\repository\com\sun\activation\jakarta.activation\1.2.2\jakarta.activation-1.2.2.jar;C:\Users\aashv\.m2\repository\javax\xml\bind\jaxb-api\2.3.1\jaxb-api-2.3.1.jar;C:\Users\aashv\.m2\repository\javax\activation\javax.activation-api\1.2.0\javax.activation-api-1.2.0.jar;C:\Users\aashv\.m2\repository\io\jsonwebtoken\jjwt\0.9.1\jjwt-0.9.1.jar;C:\Users\aashv\.m2\repository\com\fasterxml\jackson\core\jackson-databind\2.13.0\jackson-databind-2.13.0.jar;C:\Users\aashv\.m2\repository\com\fasterxml\jackson\core\jackson-annotations\2.13.0\jackson-annotations-2.13.0.jar;C:\Users\aashv\.m2\repository\com\fasterxml\jackson\core\jackson-core\2.13.0\jackson-core-2.13.0.jar;C:\Users\aashv\.m2\repository\org\springframework\boot\spring-boot-devtools\2.6.1\spring-boot-devtools-2.6.1.jar;C:\Users\aashv\.m2\repository\org\springframework\boot\spring-boot\2.6.1\spring-boot-2.6.1.jar;C:\Users\aashv\.m2\repository\org\springframework\boot\spring-boot-autoconfigure\2.6.1\spring-boot-autoconfigure-2.6.1.jar;C:\Users\aashv\.m2\repository\org\springframework\boot\spring-boot-starter\2.6.1\spring-boot-starter-2.6.1.jar;C:\Users\aashv\.m2\repository\org\springframework\spring-core\5.3.13\spring-core-5.3.13.jar;C:\Users\aashv\.m2\repository\org\springframework\spring-jcl\5.3.13\spring-jcl-5.3.13.jar;C:\Users\aashv\.m2\repository\org\yaml\snakeyaml\1.29\snakeyaml-1.29.jar;C:\Users\aashv\.m2\repository\org\springframework\boot\spring-boot-starter-log4j2\2.6.1\spring-boot-starter-log4j2-2.6.1.jar;C:\Users\aashv\.m2\repository\org\apache\logging\log4j\log4j-slf4j-impl\2.14.1\log4j-slf4j-impl-2.14.1.jar;C:\Users\aashv\.m2\repository\org\apache\logging\log4j\log4j-api\2.14.1\log4j-api-2.14.1.jar;C:\Users\aashv\.m2\repository\org\apache\logging\log4j\log4j-core\2.14.1\log4j-core-2.14.1.jar;C:\Users\aashv\.m2\repository\org\apache\logging\log4j\log4j-jul\2.14.1\log4j-jul-2.14.1.jar;C:\Users\aashv\.m2\repository\org\slf4j\jul-to-slf4j\1.7.32\jul-to-slf4j-1.7.32.jar;C:\Users\aashv\.m2\repository\org\apache\commons\commons-exec\1.1\commons-exec-1.1.jar;C:\Users\aashv\.m2\repository\org\apache\poi\poi\3.12\poi-3.12.jar;C:\Users\aashv\.m2\repository\commons-codec\commons-codec\1.15\commons-codec-1.15.jar;C:\Users\aashv\.m2\repository\org\apache\poi\poi-ooxml\3.12\poi-ooxml-3.12.jar;C:\Users\aashv\.m2\repository\org\apache\poi\poi-ooxml-schemas\3.12\poi-ooxml-schemas-3.12.jar;C:\Users\aashv\.m2\repository\org\apache\xmlbeans\xmlbeans\2.6.0\xmlbeans-2.6.0.jar;C:\Users\aashv\.m2\repository\stax\stax-api\1.0.1\stax-api-1.0.1.jar;C:\Users\aashv\.m2\repository\org\projectlombok\lombok\1.18.24\lombok-1.18.24.jar
Launcher Type: SUN_STANDARD

[Global flags]
     intx CICompilerCount                          = 4                                         {product} {ergonomic}
     uint ConcGCThreads                            = 3                                         {product} {ergonomic}
     uint G1ConcRefinementThreads                  = 10                                        {product} {ergonomic}
   size_t G1HeapRegionSize                         = 2097152                                   {product} {ergonomic}
    uintx GCDrainStackTargetSize                   = 64                                        {product} {ergonomic}
   size_t InitialHeapSize                          = 264241152                                 {product} {ergonomic}
     bool ManagementServer                         = true                                      {product} {command line}
   size_t MarkStackSize                            = 4194304                                   {product} {ergonomic}
   size_t MaxHeapSize                              = 4215275520                                {product} {ergonomic}
   size_t MaxNewSize                               = 2529165312                                {product} {ergonomic}
   size_t MinHeapDeltaBytes                        = 2097152                                   {product} {ergonomic}
   size_t MinHeapSize                              = 8388608                                   {product} {ergonomic}
    uintx NonNMethodCodeHeapSize                   = 4096                                   {pd product} {ergonomic}
    uintx NonProfiledCodeHeapSize                  = 0                                      {pd product} {ergonomic}
     bool ProfileInterpreter                       = false                                  {pd product} {command line}
    uintx ProfiledCodeHeapSize                     = 0                                      {pd product} {ergonomic}
     bool ShowCodeDetailsInExceptionMessages       = true                                   {manageable} {command line}
   size_t SoftMaxHeapSize                          = 4215275520                             {manageable} {ergonomic}
     intx TieredStopAtLevel                        = 1                                         {product} {command line}
     bool UseCompressedOops                        = true                           {product lp64_product} {ergonomic}
     bool UseG1GC                                  = true                                      {product} {ergonomic}
     bool UseLargePagesIndividualAllocation        = false                                  {pd product} {ergonomic}

Logging:
Log output configuration:
 #0: stdout all=warning uptime,level,tags foldmultilines=false
 #1: stderr all=off uptime,level,tags foldmultilines=false

Environment Variables:
JAVA_HOME=C:\Program Files\Java\jdk-17
PATH=D:\STS\sts-4.25.0.RELEASE\plugins\org.eclipse.justj.openjdk.hotspot.jre.full.win32.x86_64_21.0.4.v20240802-1551\jre\bin;D:/STS/sts-4.25.0.RELEASE//plugins/org.eclipse.justj.openjdk.hotspot.jre.full.win32.x86_64_21.0.4.v20240802-1551/jre/bin/server;D:/STS/sts-4.25.0.RELEASE//plugins/org.eclipse.justj.openjdk.hotspot.jre.full.win32.x86_64_21.0.4.v20240802-1551/jre/bin;C:\Program Files\Common Files\Oracle\Java\javapath;C:\Python312\Scripts\;C:\Python312\;C:\Windows\system32;C:\Windows;C:\Windows\System32\Wbem;C:\Windows\System32\WindowsPowerShell\v1.0\;C:\Windows\System32\OpenSSH\;C:\Program Files\Git\cmd;C:\Users\aashv\AppData\;C:\Program Files\nodejs\;C:\ProgramData\chocolatey\bin;C:\Program Files\PuTTY\;C:\Program Files\Java\jdk-17\bin;D:\apache-maven-3.9.9\bin;C:\Program Files\Java\jdk-17\bin;C:\Program Files\TortoiseGit\bin;C:\Users\aashv\AppData\Local\Microsoft\WindowsApps;C:\Users\aashv\AppData\npm;C:\Users\aashv\AppData\Roaming\npm;C:\Users\aashv\AppData\Local\Programs\Microsoft VS Code\bin;C:\Program Files\Java\jdk-17\bin;D:\apache-maven-3.9.9\bin;;D:\STS\sts-4.25.0.RELEASE;
USERNAME=aashv
OS=Windows_NT
PROCESSOR_IDENTIFIER=Intel64 Family 6 Model 154 Stepping 3, GenuineIntel
TMP=C:\Users\aashv\AppData\Local\Temp
TEMP=C:\Users\aashv\AppData\Local\Temp




Periodic native trim disabled

---------------  S Y S T E M  ---------------

OS:
 Windows 11 , 64 bit Build 26100 (10.0.26100.1882)
OS uptime: 0 days 1:14 hours
Hyper-V role detected

CPU: total 12 (initial active 12) (6 cores per cpu, 2 threads per core) family 6 model 154 stepping 3 microcode 0x433, cx8, cmov, fxsr, ht, mmx, 3dnowpref, sse, sse2, sse3, ssse3, sse4.1, sse4.2, popcnt, lzcnt, tsc, tscinvbit, avx, avx2, aes, erms, clmul, bmi1, bmi2, adx, sha, fma, vzeroupper, clflush, clflushopt, clwb, hv, serialize, rdtscp, rdpid, fsrm, f16c, cet_ibt, cet_ss
Processor Information for processor 0
  Max Mhz: 2000, Current Mhz: 2000, Mhz Limit: 2000
Processor Information for processor 1
  Max Mhz: 2000, Current Mhz: 2000, Mhz Limit: 2000
Processor Information for processor 2
  Max Mhz: 2000, Current Mhz: 2000, Mhz Limit: 2000
Processor Information for processor 3
  Max Mhz: 2000, Current Mhz: 2000, Mhz Limit: 2000
Processor Information for processor 4
  Max Mhz: 2000, Current Mhz: 2000, Mhz Limit: 2000
Processor Information for processor 5
  Max Mhz: 2000, Current Mhz: 1520, Mhz Limit: 2000
Processor Information for processor 6
  Max Mhz: 2000, Current Mhz: 1520, Mhz Limit: 2000
Processor Information for processor 7
  Max Mhz: 2000, Current Mhz: 2000, Mhz Limit: 2000
Processor Information for processor 8
  Max Mhz: 2000, Current Mhz: 1500, Mhz Limit: 1500
Processor Information for processor 9
  Max Mhz: 2000, Current Mhz: 1500, Mhz Limit: 1500
Processor Information for processor 10
  Max Mhz: 2000, Current Mhz: 1500, Mhz Limit: 1500
Processor Information for processor 11
  Max Mhz: 2000, Current Mhz: 1500, Mhz Limit: 1500

Memory: 4k page, system-wide physical 16076M (5749M free)
TotalPageFile size 20940M (AvailPageFile size 7863M)
current process WorkingSet (physical memory assigned to process): 286M, peak: 336M
current process commit charge ("private bytes"): 330M, peak: 380M

vm_info: OpenJDK 64-Bit Server VM (21.0.4+7-LTS) for windows-amd64 JRE (21.0.4+7-LTS), built on 2024-07-16T00:00:00Z by "admin" with MS VC++ 17.7 (VS2022)

END.
