#
# A fatal error has been detected by the Java Runtime Environment:
#
#  EXCEPTION_ACCESS_VIOLATION (0xc0000005) at pc=0x00007ff96a41c236, pid=25284, tid=6120
#
# JRE version: OpenJDK Runtime Environment Temurin-21.0.4+7 (21.0.4+7) (build 21.0.4+7-LTS)
# Java VM: OpenJDK 64-Bit Server VM Temurin-21.0.4+7 (21.0.4+7-LTS, mixed mode, emulated-client, tiered, compressed oops, compressed class ptrs, g1 gc, windows-amd64)
# Problematic frame:
# V  [jvm.dll+0xc236]
#
# No core dump will be written. Minidumps are not enabled by default on client versions of Windows
#
# If you would like to submit a bug report, please visit:
#   https://github.com/adoptium/adoptium-support/issues
#

---------------  S U M M A R Y ------------

Command Line: -XX:+ShowCodeDetailsInExceptionMessages -agentlib:jdwp=transport=dt_socket,suspend=y,address=localhost:55277 -Dcom.sun.management.jmxremote -Dcom.sun.management.jmxremote.port=55276 -Dcom.sun.management.jmxremote.authenticate=false -Dcom.sun.management.jmxremote.ssl=false -Djava.rmi.server.hostname=localhost -Dspring.jmx.enabled=true -Dmanagement.endpoints.jmx.exposure.include=* -Dspring.application.admin.enabled=true -XX:TieredStopAtLevel=1 -Dspring.boot.project.name=hrms -javaagent:D:\STS\sts-4.25.0.RELEASE\configuration\org.eclipse.osgi\270\0\.cp\lib\javaagent-shaded.jar -Dfile.encoding=UTF-8 -Dstdout.encoding=UTF-8 -Dstderr.encoding=UTF-8 com.cotodel.hrms.web.config.CotoDelApplication --spring.output.ansi.enabled=always

Host: 12th Gen Intel(R) Core(TM) i5-12450H, 12 cores, 15G,  Windows 11 , 64 bit Build 26100 (10.0.26100.2454)
Time: Mon Feb 10 12:06:15 2025 India Standard Time elapsed time: 9851.484133 seconds (0d 2h 44m 11s)

---------------  T H R E A D  ---------------

Current thread (0x0000028bd6f14760):  WorkerThread "GC Thread#8"    [id=6120, stack(0x000000b1d6200000,0x000000b1d6300000) (1024K)]

Stack: [0x000000b1d6200000,0x000000b1d6300000],  sp=0x000000b1d62fe068,  free space=1016k
Native frames: (J=compiled Java code, j=interpreted, Vv=VM code, C=native code)
V  [jvm.dll+0xc236]

JavaThread 0x0000028bd87d4220 (nid = 20736) was being processed
Java frames: (J=compiled Java code, j=interpreted, Vv=VM code)
j  java.lang.invoke.DirectMethodHandle$Holder.newInvokeSpecial(Ljava/lang/Object;)Ljava/lang/Object;+15 java.base@21.0.4
J 9410 c1 jdk.internal.reflect.DirectConstructorHandleAccessor.newInstance([Ljava/lang/Object;)Ljava/lang/Object; java.base@21.0.4 (130 bytes) @ 0x0000028bc6b3a784 [0x0000028bc6b3a480+0x0000000000000304]
J 10011 c1 java.lang.reflect.Constructor.newInstanceWithCaller([Ljava/lang/Object;ZLjava/lang/Class;)Ljava/lang/Object; java.base@21.0.4 (51 bytes) @ 0x0000028bc6fb1f9c [0x0000028bc6fb1ec0+0x00000000000000dc]
J 12114 c1 org.springframework.beans.BeanUtils.instantiateClass(Ljava/lang/reflect/Constructor;[Ljava/lang/Object;)Ljava/lang/Object; (187 bytes) @ 0x0000028bc6e865e4 [0x0000028bc6e861c0+0x0000000000000424]
J 32637 c1 org.springframework.beans.factory.support.SimpleInstantiationStrategy.instantiate(Lorg/springframework/beans/factory/support/RootBeanDefinition;Ljava/lang/String;Lorg/springframework/beans/factory/BeanFactory;)Ljava/lang/Object; (152 bytes) @ 0x0000028bc6c240ec [0x0000028bc6c23c20+0x00000000000004cc]
J 32641 c1 org.springframework.beans.factory.support.AbstractAutowireCapableBeanFactory.instantiateBean(Ljava/lang/String;Lorg/springframework/beans/factory/support/RootBeanDefinition;)Lorg/springframework/beans/BeanWrapper; (75 bytes) @ 0x0000028bc7984e54 [0x0000028bc7984da0+0x00000000000000b4]
J 32383 c1 org.springframework.beans.factory.support.AbstractAutowireCapableBeanFactory.createBeanInstance(Ljava/lang/String;Lorg/springframework/beans/factory/support/RootBeanDefinition;[Ljava/lang/Object;)Lorg/springframework/beans/BeanWrapper; (254 bytes) @ 0x0000028bc6d887d4 [0x0000028bc6d88140+0x0000000000000694]
J 32382 c1 org.springframework.beans.factory.support.AbstractAutowireCapableBeanFactory.doCreateBean(Ljava/lang/String;Lorg/springframework/beans/factory/support/RootBeanDefinition;[Ljava/lang/Object;)Ljava/lang/Object; (507 bytes) @ 0x0000028bc71e382c [0x0000028bc71e3680+0x00000000000001ac]
J 32387 c1 org.springframework.beans.factory.support.AbstractAutowireCapableBeanFactory.createBean(Ljava/lang/String;Lorg/springframework/beans/factory/support/RootBeanDefinition;[Ljava/lang/Object;)Ljava/lang/Object; (247 bytes) @ 0x0000028bc78d4514 [0x0000028bc78d3ec0+0x0000000000000654]
J 32393 c1 org.springframework.beans.factory.support.AbstractBeanFactory$$Lambda+0x00000008003dd4c0.getObject()Ljava/lang/Object; (20 bytes) @ 0x0000028bc6ec8b3c [0x0000028bc6ec8aa0+0x000000000000009c]
J 32386 c1 org.springframework.beans.factory.support.DefaultSingletonBeanRegistry.getSingleton(Ljava/lang/String;Lorg/springframework/beans/factory/ObjectFactory;)Ljava/lang/Object; (297 bytes) @ 0x0000028bc770fa84 [0x0000028bc770f600+0x0000000000000484]
J 12130 c1 org.springframework.beans.factory.support.AbstractBeanFactory.doGetBean(Ljava/lang/String;Ljava/lang/Class;[Ljava/lang/Object;Z)Ljava/lang/Object; (832 bytes) @ 0x0000028bc73470e4 [0x0000028bc7346a60+0x0000000000000684]
J 32313 c1 org.springframework.beans.factory.support.DefaultListableBeanFactory.doResolveDependency(Lorg/springframework/beans/factory/config/DependencyDescriptor;Ljava/lang/String;Ljava/util/Set;Lorg/springframework/beans/TypeConverter;)Ljava/lang/Object; (530 bytes) @ 0x0000028bc70dc5d4 [0x0000028bc70dafc0+0x0000000000001614]
J 32314 c1 org.springframework.beans.factory.support.DefaultListableBeanFactory.resolveDependency(Lorg/springframework/beans/factory/config/DependencyDescriptor;Ljava/lang/String;Ljava/util/Set;Lorg/springframework/beans/TypeConverter;)Ljava/lang/Object; (116 bytes) @ 0x0000028bc751a4ac [0x0000028bc751a2e0+0x00000000000001cc]
J 32343 c1 org.springframework.beans.factory.annotation.AutowiredAnnotationBeanPostProcessor$AutowiredFieldElement.resolveFieldValue(Ljava/lang/reflect/Field;Ljava/lang/Object;Ljava/lang/String;)Ljava/lang/Object; (265 bytes) @ 0x0000028bc6ce7184 [0x0000028bc6ce6b80+0x0000000000000604]
J 32345 c1 org.springframework.beans.factory.annotation.AutowiredAnnotationBeanPostProcessor$AutowiredFieldElement.inject(Ljava/lang/Object;Ljava/lang/String;Lorg/springframework/beans/PropertyValues;)V (77 bytes) @ 0x0000028bc704bab4 [0x0000028bc704b9c0+0x00000000000000f4]
J 13198 c1 org.springframework.beans.factory.annotation.InjectionMetadata.inject(Ljava/lang/Object;Ljava/lang/String;Lorg/springframework/beans/PropertyValues;)V (75 bytes) @ 0x0000028bc7072bc4 [0x0000028bc7072a80+0x0000000000000144]
J 13405 c1 org.springframework.beans.factory.annotation.AutowiredAnnotationBeanPostProcessor.postProcessProperties(Lorg/springframework/beans/PropertyValues;Ljava/lang/Object;Ljava/lang/String;)Lorg/springframework/beans/PropertyValues; (45 bytes) @ 0x0000028bc7367f14 [0x0000028bc7367e60+0x00000000000000b4]
J 12715 c1 org.springframework.beans.factory.support.AbstractAutowireCapableBeanFactory.populateBean(Ljava/lang/String;Lorg/springframework/beans/factory/support/RootBeanDefinition;Lorg/springframework/beans/BeanWrapper;)V (372 bytes) @ 0x0000028bc6b6009c [0x0000028bc6b5f6a0+0x00000000000009fc]
J 32382 c1 org.springframework.beans.factory.support.AbstractAutowireCapableBeanFactory.doCreateBean(Ljava/lang/String;Lorg/springframework/beans/factory/support/RootBeanDefinition;[Ljava/lang/Object;)Ljava/lang/Object; (507 bytes) @ 0x0000028bc71e3d64 [0x0000028bc71e3680+0x00000000000006e4]
J 32387 c1 org.springframework.beans.factory.support.AbstractAutowireCapableBeanFactory.createBean(Ljava/lang/String;Lorg/springframework/beans/factory/support/RootBeanDefinition;[Ljava/lang/Object;)Ljava/lang/Object; (247 bytes) @ 0x0000028bc78d4514 [0x0000028bc78d3ec0+0x0000000000000654]
J 32393 c1 org.springframework.beans.factory.support.AbstractBeanFactory$$Lambda+0x00000008003dd4c0.getObject()Ljava/lang/Object; (20 bytes) @ 0x0000028bc6ec8b3c [0x0000028bc6ec8aa0+0x000000000000009c]
J 32386 c1 org.springframework.beans.factory.support.DefaultSingletonBeanRegistry.getSingleton(Ljava/lang/String;Lorg/springframework/beans/factory/ObjectFactory;)Ljava/lang/Object; (297 bytes) @ 0x0000028bc770fa84 [0x0000028bc770f600+0x0000000000000484]
J 12130 c1 org.springframework.beans.factory.support.AbstractBeanFactory.doGetBean(Ljava/lang/String;Ljava/lang/Class;[Ljava/lang/Object;Z)Ljava/lang/Object; (832 bytes) @ 0x0000028bc73470e4 [0x0000028bc7346a60+0x0000000000000684]
J 13245 c1 org.springframework.beans.factory.support.AbstractBeanFactory.getBean(Ljava/lang/String;)Ljava/lang/Object; (9 bytes) @ 0x0000028bc6d6a314 [0x0000028bc6d6a2a0+0x0000000000000074]
j  org.springframework.beans.factory.support.DefaultListableBeanFactory.preInstantiateSingletons()V+248
j  org.springframework.context.support.AbstractApplicationContext.finishBeanFactoryInitialization(Lorg/springframework/beans/factory/config/ConfigurableListableBeanFactory;)V+124
j  org.springframework.context.support.AbstractApplicationContext.refresh()V+86
j  org.springframework.boot.web.servlet.context.ServletWebServerApplicationContext.refresh()V+1
j  org.springframework.boot.SpringApplication.refresh(Lorg/springframework/context/ConfigurableApplicationContext;)V+1
j  org.springframework.boot.SpringApplication.refreshContext(Lorg/springframework/context/ConfigurableApplicationContext;)V+16
j  org.springframework.boot.SpringApplication.run([Ljava/lang/String;)Lorg/springframework/context/ConfigurableApplicationContext;+107
j  org.springframework.boot.SpringApplication.run([Ljava/lang/Class;[Ljava/lang/String;)Lorg/springframework/context/ConfigurableApplicationContext;+9
j  org.springframework.boot.SpringApplication.run(Ljava/lang/Class;[Ljava/lang/String;)Lorg/springframework/context/ConfigurableApplicationContext;+9
j  com.cotodel.hrms.web.config.CotoDelApplication.main([Ljava/lang/String;)V+3
j  java.lang.invoke.LambdaForm$DMH+0x00000008000c4c00.invokeStatic(Ljava/lang/Object;Ljava/lang/Object;)V+10 java.base@21.0.4
j  java.lang.invoke.LambdaForm$MH+0x0000000800c51000.invoke(Ljava/lang/Object;Ljava/lang/Object;Ljava/lang/Object;)Ljava/lang/Object;+33 java.base@21.0.4
J 3312 c1 jdk.internal.reflect.DirectMethodHandleAccessor.invoke(Ljava/lang/Object;[Ljava/lang/Object;)Ljava/lang/Object; java.base@21.0.4 (92 bytes) @ 0x0000028bc6faa3fc [0x0000028bc6faa040+0x00000000000003bc]
J 3326 c1 java.lang.reflect.Method.invoke(Ljava/lang/Object;[Ljava/lang/Object;)Ljava/lang/Object; java.base@21.0.4 (108 bytes) @ 0x0000028bc6fb50f4 [0x0000028bc6fb4f00+0x00000000000001f4]
j  org.springframework.boot.devtools.restart.RestartLauncher.run()V+42
v  ~StubRoutines::call_stub 0x0000028bc673100d

siginfo: EXCEPTION_ACCESS_VIOLATION (0xc0000005), reading address 0x00000008d23ecc77


Registers:
RAX=0x0000000000000000, RBX=0x0000000000000000, RCX=0x000000b1d54fcb90, RDX=0x000000b1d54fcb90
RSP=0x000000b1d62fe068, RBP=0x000000b1d62fe240, RSI=0x000000b1d62fe410, RDI=0x000000b1d54fcb90
R8 =0x00000008d23ecc6f, R9 =0x000000b1d54fcb90, R10=0x0000028bc6730000, R11=0x000000b1d62fe2b8
R12=0x0000028bd61db348, R13=0x000000b1d54fcb90, R14=0x0000028bd9a63e30, R15=0x00000008d23ecc6f
RIP=0x00007ff96a41c236, EFLAGS=0x0000000000010206


Register to memory mapping:

RAX=0x0 is null
RBX=0x0 is null
RCX=0x000000b1d54fcb90 is pointing into the stack for thread: 0x0000028bd87d4220
RDX=0x000000b1d54fcb90 is pointing into the stack for thread: 0x0000028bd87d4220
RSP=0x000000b1d62fe068 points into unknown readable memory: 0x00007ff96a766a5b | 5b 6a 76 6a f9 7f 00 00
RBP=0x000000b1d62fe240 points into unknown readable memory: 0x0000028b00000000 | 00 00 00 00 8b 02 00 00
RSI=0x000000b1d62fe410 points into unknown readable memory: 0x000000b1d54fcb88 | 88 cb 4f d5 b1 00 00 00
RDI=0x000000b1d54fcb90 is pointing into the stack for thread: 0x0000028bd87d4220
R8 =0x00000008d23ecc6f is an unknown value
R9 =0x000000b1d54fcb90 is pointing into the stack for thread: 0x0000028bd87d4220
R10=0x0000028bc6730000 points into unknown readable memory: 0x0000000000000006 | 06 00 00 00 00 00 00 00
R11=0x000000b1d62fe2b8 points into unknown readable memory: 0x00007ff96a72337d | 7d 33 72 6a f9 7f 00 00
R12=0x0000028bd61db348 points into unknown readable memory: 0x4c2800326a0fffff | ff ff 0f 6a 32 00 28 4c
R13=0x000000b1d54fcb90 is pointing into the stack for thread: 0x0000028bd87d4220
R14=0x0000028bd9a63e30 points into unknown readable memory: 0x00007ff96ae35a88 | 88 5a e3 6a f9 7f 00 00
R15=0x00000008d23ecc6f is an unknown value

Top of Stack: (sp=0x000000b1d62fe068)
0x000000b1d62fe068:   00007ff96a766a5b 0000000000000000
0x000000b1d62fe078:   0000000000000004 000000000000012f
0x000000b1d62fe088:   00007ff96aaca91f 000000000000012f
0x000000b1d62fe098:   0000000000000013 0000028bd8a7c6d8
0x000000b1d62fe0a8:   00007ff96aba4e51 0000000000008101
0x000000b1d62fe0b8:   0000000000000008 0000028bd8a7c678
0x000000b1d62fe0c8:   0000000000000000 0000028bd6ea5450
0x000000b1d62fe0d8:   0000028bd6ee3180 0000028bd61db348
0x000000b1d62fe0e8:   000000b1d54fcb90 000000b1d62fe410
0x000000b1d62fe0f8:   000000b1d62fe240 0000028bd8a7c678
0x000000b1d62fe108:   00007ff96a775024 000000b1d62fe1d0
0x000000b1d62fe118:   000000b1d62fe410 0000028bd1bdd308
0x000000b1d62fe128:   0000000000000000 0000028bd8a7c678
0x000000b1d62fe138:   00007ff96a72392b 0000000000000001
0x000000b1d62fe148:   0000028bd23ecc80 0000028bd8a7c678
0x000000b1d62fe158:   000000b1d62fe410 0000000fc7818601
0x000000b1d62fe168:   0000028bd23ecc80 0000028bd6f14760
0x000000b1d62fe178:   0000028b00000003 00000000000003d8
0x000000b1d62fe188:   0000028bd6ee3190 0000028bd6ee3568
0x000000b1d62fe198:   0000028bd23ecc6f 0000028b000000b8
0x000000b1d62fe1a8:   0000028bd23ecc80 00007ff96ae2cff0
0x000000b1d62fe1b8:   000000b1d62fe410 0000028bd8a7c678
0x000000b1d62fe1c8:   0000000400000003 0000028bd61db348
0x000000b1d62fe1d8:   0000001300000001 0000000000000032
0x000000b1d62fe1e8:   000000010000000c 0000028bd1bdd308
0x000000b1d62fe1f8:   0000000000000000 0000028bc7818610
0x000000b1d62fe208:   0000d7c814eb7550 00007ff96ac68330
0x000000b1d62fe218:   000000b1d62fe2a0 00000000000003d8
0x000000b1d62fe228:   0000028bd6ee3568 0000028bd204da60
0x000000b1d62fe238:   00000006c7810013 0000028b00000000
0x000000b1d62fe248:   0000000000000015 0000028bd8a7c678
0x000000b1d62fe258:   00007ff96a77507e 0000000000000000 

Instructions: (pc=0x00007ff96a41c236)
0x00007ff96a41c136:   48 8b 05 33 89 cc 00 48 8b 48 60 48 8b 04 d1 48
0x00007ff96a41c146:   85 c0 75 08 48 8b 05 27 89 cc 00 c3 48 8b 05 17
0x00007ff96a41c156:   89 cc 00 c3 cc cc cc cc cc cc 8b 05 52 5e c1 00
0x00007ff96a41c166:   c3 cc cc cc cc cc cc cc cc cc 0f b6 05 a3 74 c1
0x00007ff96a41c176:   00 48 8b d1 84 c0 74 16 44 8b 41 08 8b 0d 30 5e
0x00007ff96a41c186:   c1 00 49 d3 e0 4c 03 05 1e 5e c1 00 eb 04 4c 8b
0x00007ff96a41c196:   41 08 45 8b 48 08 45 85 c9 7e 0e 41 f6 c1 01 75
0x00007ff96a41c1a6:   53 41 c1 f9 03 49 63 c1 c3 79 49 84 c0 41 b8 0c
0x00007ff96a41c1b6:   00 00 00 8b 05 69 6f c1 00 b9 10 00 00 00 41 0f
0x00007ff96a41c1c6:   45 c8 ff c8 4c 63 c0 41 8b c1 48 c1 f8 10 0f b6
0x00007ff96a41c1d6:   c0 48 63 14 11 41 8b c9 83 e1 3f 48 d3 e2 49 8d
0x00007ff96a41c1e6:   0c 10 49 f7 d0 48 03 c1 49 c1 e8 03 48 c1 e8 03
0x00007ff96a41c1f6:   49 23 c0 c3 49 8b 00 49 8b c8 48 ff a0 00 01 00
0x00007ff96a41c206:   00 cc cc cc cc cc cc cc cc cc 8b 44 24 30 45 03
0x00007ff96a41c216:   c9 44 2b 4c 24 28 83 c0 0b 44 03 ca 45 03 c8 41
0x00007ff96a41c226:   03 c1 c3 cc cc cc cc cc cc cc 4c 8b c2 48 8b d1
0x00007ff96a41c236:   45 8b 48 08 45 85 c9 7e 0e 41 f6 c1 01 75 56 41
0x00007ff96a41c246:   c1 f9 03 49 63 c1 c3 79 4c 80 3d c4 73 c1 00 00
0x00007ff96a41c256:   b8 0c 00 00 00 b9 10 00 00 00 0f 45 c8 8b 05 bf
0x00007ff96a41c266:   6e c1 00 ff c8 4c 63 c0 41 8b c1 48 c1 f8 10 48
0x00007ff96a41c276:   63 14 11 41 8b c9 83 e1 3f 0f b6 c0 48 d3 e2 49
0x00007ff96a41c286:   8d 0c 10 49 f7 d0 48 03 c1 49 c1 e8 03 48 c1 e8
0x00007ff96a41c296:   03 49 23 c0 c3 49 8b 00 49 8b c8 48 ff a0 00 01
0x00007ff96a41c2a6:   00 00 cc cc cc cc cc cc cc cc 48 8b 41 08 0f b7
0x00007ff96a41c2b6:   48 2c 0f b7 40 2a 83 c0 48 03 c1 c3 cc cc cc cc
0x00007ff96a41c2c6:   cc cc cc cc cc cc cc cc cc cc 48 89 5c 24 08 57
0x00007ff96a41c2d6:   48 83 ec 20 0f b6 05 df 70 cc 00 48 8b fa 48 8b
0x00007ff96a41c2e6:   d9 84 c0 74 4f 48 85 15 76 68 cc 00 74 38 48 8b
0x00007ff96a41c2f6:   ca e8 94 a8 8c 00 48 8b d0 48 85 db 74 25 48 85
0x00007ff96a41c306:   c0 74 20 48 8b c7 f0 48 0f b1 13 74 16 48 85 05
0x00007ff96a41c316:   4e 68 cc 00 74 0d 48 8b c8 f0 48 0f b1 13 48 3b
0x00007ff96a41c326:   c1 75 ea 48 8b fa 48 8b c7 48 8b 5c 24 30 48 83 


Stack slot to memory mapping:

stack at sp + 0 slots: 0x00007ff96a766a5b jvm.dll
stack at sp + 1 slots: 0x0 is null
stack at sp + 2 slots: 0x0000000000000004 is an unknown value
stack at sp + 3 slots: 0x000000000000012f is an unknown value
stack at sp + 4 slots: 0x00007ff96aaca91f jvm.dll
stack at sp + 5 slots: 0x000000000000012f is an unknown value
stack at sp + 6 slots: 0x0000000000000013 is an unknown value
stack at sp + 7 slots: 0x0000028bd8a7c6d8 points into unknown readable memory: 0x00007ff96ae37790 | 90 77 e3 6a f9 7f 00 00


---------------  P R O C E S S  ---------------

Threads class SMR info:
_java_thread_list=0x0000028bd9768b30, length=27, elements={
0x0000028bd60c2bc0, 0x0000028bd60c5630, 0x0000028bd60a3340, 0x0000028bd60a39b0,
0x0000028bd60a5420, 0x0000028bd6098d30, 0x0000028bd6099da0, 0x0000028bd6231dc0,
0x0000028bd632a910, 0x0000028bd6348f70, 0x0000028bd634ba10, 0x0000028bd6be8d60,
0x0000028bd6eb6210, 0x0000028bd6f00a40, 0x0000028bd6f3b420, 0x0000028bd7198560,
0x0000028bd71c80d0, 0x0000028bd7596c40, 0x0000028bd87d0da0, 0x0000028bd8d0f3a0,
0x0000028bd8d10de0, 0x0000028bd87d0710, 0x0000028bd87d4220, 0x0000028bd87d48b0,
0x0000028bd87d1ac0, 0x0000028bd87d27e0, 0x0000028bd87d2e70
}

Java Threads: ( => current thread )
  0x0000028bd60c2bc0 JavaThread "Reference Handler"          daemon [_thread_blocked, id=24948, stack(0x000000b1d4b00000,0x000000b1d4c00000) (1024K)]
  0x0000028bd60c5630 JavaThread "Finalizer"                  daemon [_thread_blocked, id=23960, stack(0x000000b1d4c00000,0x000000b1d4d00000) (1024K)]
  0x0000028bd60a3340 JavaThread "Signal Dispatcher"          daemon [_thread_blocked, id=26068, stack(0x000000b1d4d00000,0x000000b1d4e00000) (1024K)]
  0x0000028bd60a39b0 JavaThread "Attach Listener"            daemon [_thread_blocked, id=15960, stack(0x000000b1d4e00000,0x000000b1d4f00000) (1024K)]
  0x0000028bd60a5420 JavaThread "Service Thread"             daemon [_thread_blocked, id=10840, stack(0x000000b1d4f00000,0x000000b1d5000000) (1024K)]
  0x0000028bd6098d30 JavaThread "Monitor Deflation Thread"   daemon [_thread_blocked, id=8124, stack(0x000000b1d5000000,0x000000b1d5100000) (1024K)]
  0x0000028bd6099da0 JavaThread "C1 CompilerThread0"         daemon [_thread_blocked, id=6864, stack(0x000000b1d5100000,0x000000b1d5200000) (1024K)]
  0x0000028bd6231dc0 JavaThread "Common-Cleaner"             daemon [_thread_blocked, id=11964, stack(0x000000b1d5200000,0x000000b1d5300000) (1024K)]
  0x0000028bd632a910 JavaThread "JDWP Transport Listener: dt_socket" daemon [_thread_blocked, id=23164, stack(0x000000b1d5600000,0x000000b1d5700000) (1024K)]
  0x0000028bd6348f70 JavaThread "JDWP Event Helper Thread"   daemon [_thread_blocked, id=12152, stack(0x000000b1d5700000,0x000000b1d5800000) (1024K)]
  0x0000028bd634ba10 JavaThread "JDWP Command Reader"        daemon [_thread_in_native, id=4488, stack(0x000000b1d5800000,0x000000b1d5900000) (1024K)]
  0x0000028bd6be8d60 JavaThread "Notification Thread"        daemon [_thread_blocked, id=1456, stack(0x000000b1d5900000,0x000000b1d5a00000) (1024K)]
  0x0000028bd6eb6210 JavaThread "RMI TCP Accept-0"           daemon [_thread_in_native, id=17632, stack(0x000000b1d5a00000,0x000000b1d5b00000) (1024K)]
  0x0000028bd6f00a40 JavaThread "RMI TCP Accept-55276"       daemon [_thread_in_native, id=19632, stack(0x000000b1d6300000,0x000000b1d6400000) (1024K)]
  0x0000028bd6f3b420 JavaThread "RMI TCP Accept-0"           daemon [_thread_in_native, id=21568, stack(0x000000b1d6400000,0x000000b1d6500000) (1024K)]
  0x0000028bd7198560 JavaThread "RMI Scheduler(0)"           daemon [_thread_blocked, id=2300, stack(0x000000b1d6600000,0x000000b1d6700000) (1024K)]
  0x0000028bd71c80d0 JavaThread "RMI TCP Connection(150)-127.0.0.1" daemon [_thread_in_native, id=17284, stack(0x000000b1d6700000,0x000000b1d6800000) (1024K)]
  0x0000028bd7596c40 JavaThread "Live Reload Server"         daemon [_thread_in_native, id=25224, stack(0x000000b1d7400000,0x000000b1d7500000) (1024K)]
  0x0000028bd87d0da0 JavaThread "DestroyJavaVM"                     [_thread_blocked, id=15772, stack(0x000000b1d4300000,0x000000b1d4400000) (1024K)]
  0x0000028bd8d0f3a0 JavaThread "JMX server connection timeout 371" daemon [_thread_blocked, id=10612, stack(0x000000b1d4200000,0x000000b1d4300000) (1024K)]
  0x0000028bd8d10de0 JavaThread "File Watcher"               daemon [_thread_blocked, id=20344, stack(0x000000b1d4100000,0x000000b1d4200000) (1024K)]
  0x0000028bd87d0710 JavaThread "Thread-206"                        [_thread_blocked, id=6036, stack(0x000000b1d4000000,0x000000b1d4100000) (1024K)]
  0x0000028bd87d4220 JavaThread "restartedMain"                     [_thread_blocked, id=20736, stack(0x000000b1d5400000,0x000000b1d5500000) (1024K)]
  0x0000028bd87d48b0 JavaThread "Log4j2-TF-109-Scheduled-54" daemon [_thread_blocked, id=16184, stack(0x000000b1d6500000,0x000000b1d6600000) (1024K)]
  0x0000028bd87d1ac0 JavaThread "Catalina-utility-1"                [_thread_blocked, id=14480, stack(0x000000b1d5500000,0x000000b1d5600000) (1024K)]
  0x0000028bd87d27e0 JavaThread "Catalina-utility-2"                [_thread_blocked, id=22472, stack(0x000000b1d6800000,0x000000b1d6900000) (1024K)]
  0x0000028bd87d2e70 JavaThread "container-1"                       [_thread_blocked, id=4368, stack(0x000000b1d6c00000,0x000000b1d6d00000) (1024K)]
Total: 27

Other Threads:
  0x0000028bd600e4c0 VMThread "VM Thread"                           [id=23612, stack(0x000000b1d4a00000,0x000000b1d4b00000) (1024K)]
  0x0000028bd1cbba90 WatcherThread "VM Periodic Task Thread"        [id=6072, stack(0x000000b1d4900000,0x000000b1d4a00000) (1024K)]
  0x0000028bc2bf2810 WorkerThread "GC Thread#0"                     [id=7144, stack(0x000000b1d4400000,0x000000b1d4500000) (1024K)]
  0x0000028bd6eb91e0 WorkerThread "GC Thread#1"                     [id=3084, stack(0x000000b1d5b00000,0x000000b1d5c00000) (1024K)]
  0x0000028bd6eb9580 WorkerThread "GC Thread#2"                     [id=9264, stack(0x000000b1d5c00000,0x000000b1d5d00000) (1024K)]
  0x0000028bd6eb9920 WorkerThread "GC Thread#3"                     [id=5708, stack(0x000000b1d5d00000,0x000000b1d5e00000) (1024K)]
  0x0000028bd6eb9cc0 WorkerThread "GC Thread#4"                     [id=24476, stack(0x000000b1d5e00000,0x000000b1d5f00000) (1024K)]
  0x0000028bd6eba060 WorkerThread "GC Thread#5"                     [id=10504, stack(0x000000b1d5f00000,0x000000b1d6000000) (1024K)]
  0x0000028bd6f08670 WorkerThread "GC Thread#6"                     [id=24504, stack(0x000000b1d6000000,0x000000b1d6100000) (1024K)]
  0x0000028bd6f14ea0 WorkerThread "GC Thread#7"                     [id=22304, stack(0x000000b1d6100000,0x000000b1d6200000) (1024K)]
=>0x0000028bd6f14760 WorkerThread "GC Thread#8"                     [id=6120, stack(0x000000b1d6200000,0x000000b1d6300000) (1024K)]
  0x0000028bd6f13c80 WorkerThread "GC Thread#9"                     [id=24548, stack(0x000000b1d6900000,0x000000b1d6a00000) (1024K)]
  0x0000028bc2c04860 ConcurrentGCThread "G1 Main Marker"            [id=1552, stack(0x000000b1d4500000,0x000000b1d4600000) (1024K)]
  0x0000028bc2c05a80 WorkerThread "G1 Conc#0"                       [id=24512, stack(0x000000b1d4600000,0x000000b1d4700000) (1024K)]
  0x0000028bd6f143c0 WorkerThread "G1 Conc#1"                       [id=25440, stack(0x000000b1d6a00000,0x000000b1d6b00000) (1024K)]
  0x0000028bd6f138e0 WorkerThread "G1 Conc#2"                       [id=24860, stack(0x000000b1d6b00000,0x000000b1d6c00000) (1024K)]
  0x0000028bd1b7f0f0 ConcurrentGCThread "G1 Refine#0"               [id=24244, stack(0x000000b1d4700000,0x000000b1d4800000) (1024K)]
  0x0000028bd1b80a20 ConcurrentGCThread "G1 Service"                [id=7540, stack(0x000000b1d4800000,0x000000b1d4900000) (1024K)]
Total: 18

Threads with active compile tasks:
Total: 0

VM state: at safepoint (normal execution)

VM Mutex/Monitor currently owned by a thread:  ([mutex/lock_event])
[0x00007ff96b0b7308] Threads_lock - owner thread: 0x0000028bd600e4c0
[0x00007ff96b0b7408] Heap_lock - owner thread: 0x0000028bd8d10de0

Heap address: 0x0000000704c00000, size: 4020 MB, Compressed Oops mode: Zero based, Oop shift amount: 3

CDS archive(s) not mapped
Compressed class space mapped at: 0x0000000800000000-0x0000000840000000, reserved size: 1073741824
Narrow klass base: 0x0000000800000000, Narrow klass shift: 0, Narrow klass range: 0x40000000

GC Precious Log:
 CardTable entry size: 512
 Card Set container configuration: InlinePtr #cards 4 size 8 Array Of Cards #cards 16 size 48 Howl #buckets 8 coarsen threshold 3686 Howl Bitmap #cards 512 size 80 coarsen threshold 460 Card regions per heap region 1 cards per card region 4096
 CPUs: 12 total, 12 available
 Memory: 16076M
 Large Page Support: Disabled
 NUMA Support: Disabled
 Compressed Oops: Enabled (Zero based)
 Heap Region Size: 2M
 Heap Min Capacity: 8M
 Heap Initial Capacity: 252M
 Heap Max Capacity: 4020M
 Pre-touch: Disabled
 Parallel Workers: 10
 Concurrent Workers: 3
 Concurrent Refinement Workers: 10
 Periodic GC: Disabled

Heap:
 garbage-first heap   total 143360K, used 124272K [0x0000000704c00000, 0x0000000800000000)
  region size 2048K, 45 young (92160K), 3 survivors (6144K)
 Metaspace       used 111640K, committed 113024K, reserved 1179648K
  class space    used 12178K, committed 12864K, reserved 1048576K

Heap Regions: E=young(eden), S=young(survivor), O=old, HS=humongous(starts), HC=humongous(continues), CS=collection set, F=free, TAMS=top-at-mark-start, PB=parsable bottom
|   0|0x0000000704c00000, 0x0000000704e00000, 0x0000000704e00000|100%| O|  |TAMS 0x0000000704c00000| PB 0x0000000704c00000| Untracked 
|   1|0x0000000704e00000, 0x0000000705000000, 0x0000000705000000|100%| O|  |TAMS 0x0000000704e00000| PB 0x0000000704e00000| Untracked 
|   2|0x0000000705000000, 0x0000000705200000, 0x0000000705200000|100%| O|  |TAMS 0x0000000705000000| PB 0x0000000705000000| Untracked 
|   3|0x0000000705200000, 0x00000007053ffff8, 0x0000000705400000| 99%| O|  |TAMS 0x0000000705200000| PB 0x0000000705200000| Untracked 
|   4|0x0000000705400000, 0x00000007055fffc8, 0x0000000705600000| 99%| O|  |TAMS 0x0000000705400000| PB 0x0000000705400000| Untracked 
|   5|0x0000000705600000, 0x00000007057ffff0, 0x0000000705800000| 99%| O|  |TAMS 0x0000000705600000| PB 0x0000000705600000| Untracked 
|   6|0x0000000705800000, 0x00000007059ffff0, 0x0000000705a00000| 99%| O|  |TAMS 0x0000000705800000| PB 0x0000000705800000| Untracked 
|   7|0x0000000705a00000, 0x0000000705bfffe0, 0x0000000705c00000| 99%| O|  |TAMS 0x0000000705a00000| PB 0x0000000705a00000| Untracked 
|   8|0x0000000705c00000, 0x0000000705dfffa0, 0x0000000705e00000| 99%| O|  |TAMS 0x0000000705c00000| PB 0x0000000705c00000| Untracked 
|   9|0x0000000705e00000, 0x0000000705ffffd8, 0x0000000706000000| 99%| O|  |TAMS 0x0000000705e00000| PB 0x0000000705e00000| Untracked 
|  10|0x0000000706000000, 0x00000007061fffe8, 0x0000000706200000| 99%| O|  |TAMS 0x0000000706000000| PB 0x0000000706000000| Untracked 
|  11|0x0000000706200000, 0x00000007063fffd8, 0x0000000706400000| 99%| O|  |TAMS 0x0000000706200000| PB 0x0000000706200000| Untracked 
|  12|0x0000000706400000, 0x0000000706600000, 0x0000000706600000|100%| O|  |TAMS 0x0000000706400000| PB 0x0000000706400000| Untracked 
|  13|0x0000000706600000, 0x00000007067ffff8, 0x0000000706800000| 99%| O|  |TAMS 0x0000000706600000| PB 0x0000000706600000| Untracked 
|  14|0x0000000706800000, 0x0000000706995cd0, 0x0000000706a00000| 79%| O|  |TAMS 0x0000000706800000| PB 0x0000000706800000| Untracked 
|  15|0x0000000706a00000, 0x0000000706b11d68, 0x0000000706c00000| 53%| O|  |TAMS 0x0000000706a00000| PB 0x0000000706a00000| Untracked 
|  16|0x0000000706c00000, 0x0000000706d0b210, 0x0000000706e00000| 52%| O|  |TAMS 0x0000000706c00000| PB 0x0000000706c00000| Untracked 
|  17|0x0000000706e00000, 0x0000000706ffffe8, 0x0000000707000000| 99%| O|  |TAMS 0x0000000706e00000| PB 0x0000000706e00000| Untracked 
|  18|0x0000000707000000, 0x0000000707186588, 0x0000000707200000| 76%| O|  |TAMS 0x0000000707000000| PB 0x0000000707000000| Untracked 
|  19|0x0000000707200000, 0x0000000707200000, 0x0000000707400000|  0%| F|  |TAMS 0x0000000707200000| PB 0x0000000707200000| Untracked 
|  20|0x0000000707400000, 0x0000000707400000, 0x0000000707600000|  0%| F|  |TAMS 0x0000000707400000| PB 0x0000000707400000| Untracked 
|  21|0x0000000707600000, 0x0000000707600000, 0x0000000707800000|  0%| F|  |TAMS 0x0000000707600000| PB 0x0000000707600000| Untracked 
|  22|0x0000000707800000, 0x0000000707822fb8, 0x0000000707a00000|  6%| O|  |TAMS 0x0000000707800000| PB 0x0000000707800000| Untracked 
|  23|0x0000000707a00000, 0x0000000707a00000, 0x0000000707c00000|  0%| F|  |TAMS 0x0000000707a00000| PB 0x0000000707a00000| Untracked 
|  24|0x0000000707c00000, 0x0000000707d9ae50, 0x0000000707e00000| 80%| S|  |TAMS 0x0000000707c00000| PB 0x0000000707c00000| Complete 
|  25|0x0000000707e00000, 0x0000000708000000, 0x0000000708000000|100%| S|  |TAMS 0x0000000707e00000| PB 0x0000000707e00000| Complete 
|  26|0x0000000708000000, 0x0000000708200000, 0x0000000708200000|100%| S|  |TAMS 0x0000000708000000| PB 0x0000000708000000| Complete 
|  27|0x0000000708200000, 0x0000000708400000, 0x0000000708400000|100%| E|CS|TAMS 0x0000000708200000| PB 0x0000000708200000| Complete 
|  28|0x0000000708400000, 0x0000000708600000, 0x0000000708600000|100%| E|CS|TAMS 0x0000000708400000| PB 0x0000000708400000| Complete 
|  29|0x0000000708600000, 0x0000000708800000, 0x0000000708800000|100%| E|CS|TAMS 0x0000000708600000| PB 0x0000000708600000| Complete 
|  30|0x0000000708800000, 0x0000000708a00000, 0x0000000708a00000|100%| E|CS|TAMS 0x0000000708800000| PB 0x0000000708800000| Complete 
|  31|0x0000000708a00000, 0x0000000708c00000, 0x0000000708c00000|100%| E|CS|TAMS 0x0000000708a00000| PB 0x0000000708a00000| Complete 
|  32|0x0000000708c00000, 0x0000000708e00000, 0x0000000708e00000|100%| E|CS|TAMS 0x0000000708c00000| PB 0x0000000708c00000| Complete 
|  33|0x0000000708e00000, 0x0000000709000000, 0x0000000709000000|100%| E|CS|TAMS 0x0000000708e00000| PB 0x0000000708e00000| Complete 
|  34|0x0000000709000000, 0x0000000709200000, 0x0000000709200000|100%| E|CS|TAMS 0x0000000709000000| PB 0x0000000709000000| Complete 
|  35|0x0000000709200000, 0x0000000709400000, 0x0000000709400000|100%| E|CS|TAMS 0x0000000709200000| PB 0x0000000709200000| Complete 
|  36|0x0000000709400000, 0x0000000709600000, 0x0000000709600000|100%| E|CS|TAMS 0x0000000709400000| PB 0x0000000709400000| Complete 
|  37|0x0000000709600000, 0x0000000709800000, 0x0000000709800000|100%| E|CS|TAMS 0x0000000709600000| PB 0x0000000709600000| Complete 
|  38|0x0000000709800000, 0x0000000709a00000, 0x0000000709a00000|100%| E|CS|TAMS 0x0000000709800000| PB 0x0000000709800000| Complete 
|  39|0x0000000709a00000, 0x0000000709c00000, 0x0000000709c00000|100%| E|CS|TAMS 0x0000000709a00000| PB 0x0000000709a00000| Complete 
|  40|0x0000000709c00000, 0x0000000709e00000, 0x0000000709e00000|100%| E|CS|TAMS 0x0000000709c00000| PB 0x0000000709c00000| Complete 
|  41|0x0000000709e00000, 0x000000070a000000, 0x000000070a000000|100%| E|CS|TAMS 0x0000000709e00000| PB 0x0000000709e00000| Complete 
|  42|0x000000070a000000, 0x000000070a200000, 0x000000070a200000|100%| E|CS|TAMS 0x000000070a000000| PB 0x000000070a000000| Complete 
|  43|0x000000070a200000, 0x000000070a400000, 0x000000070a400000|100%| E|CS|TAMS 0x000000070a200000| PB 0x000000070a200000| Complete 
|  44|0x000000070a400000, 0x000000070a600000, 0x000000070a600000|100%| E|CS|TAMS 0x000000070a400000| PB 0x000000070a400000| Complete 
|  45|0x000000070a600000, 0x000000070a800000, 0x000000070a800000|100%| E|CS|TAMS 0x000000070a600000| PB 0x000000070a600000| Complete 
|  46|0x000000070a800000, 0x000000070aa00000, 0x000000070aa00000|100%| E|CS|TAMS 0x000000070a800000| PB 0x000000070a800000| Complete 
|  47|0x000000070aa00000, 0x000000070ac00000, 0x000000070ac00000|100%| E|CS|TAMS 0x000000070aa00000| PB 0x000000070aa00000| Complete 
|  48|0x000000070ac00000, 0x000000070ae00000, 0x000000070ae00000|100%| E|CS|TAMS 0x000000070ac00000| PB 0x000000070ac00000| Complete 
|  49|0x000000070ae00000, 0x000000070b000000, 0x000000070b000000|100%| E|CS|TAMS 0x000000070ae00000| PB 0x000000070ae00000| Complete 
|  50|0x000000070b000000, 0x000000070b200000, 0x000000070b200000|100%| E|CS|TAMS 0x000000070b000000| PB 0x000000070b000000| Complete 
|  51|0x000000070b200000, 0x000000070b400000, 0x000000070b400000|100%| E|CS|TAMS 0x000000070b200000| PB 0x000000070b200000| Complete 
|  52|0x000000070b400000, 0x000000070b600000, 0x000000070b600000|100%| E|CS|TAMS 0x000000070b400000| PB 0x000000070b400000| Complete 
|  53|0x000000070b600000, 0x000000070b800000, 0x000000070b800000|100%| E|CS|TAMS 0x000000070b600000| PB 0x000000070b600000| Complete 
|  54|0x000000070b800000, 0x000000070ba00000, 0x000000070ba00000|100%| E|CS|TAMS 0x000000070b800000| PB 0x000000070b800000| Complete 
|  55|0x000000070ba00000, 0x000000070bc00000, 0x000000070bc00000|100%| E|CS|TAMS 0x000000070ba00000| PB 0x000000070ba00000| Complete 
|  56|0x000000070bc00000, 0x000000070be00000, 0x000000070be00000|100%| E|CS|TAMS 0x000000070bc00000| PB 0x000000070bc00000| Complete 
|  57|0x000000070be00000, 0x000000070c000000, 0x000000070c000000|100%| E|CS|TAMS 0x000000070be00000| PB 0x000000070be00000| Complete 
|  58|0x000000070c000000, 0x000000070c200000, 0x000000070c200000|100%| E|CS|TAMS 0x000000070c000000| PB 0x000000070c000000| Complete 
|  59|0x000000070c200000, 0x000000070c400000, 0x000000070c400000|100%| E|CS|TAMS 0x000000070c200000| PB 0x000000070c200000| Complete 
|  60|0x000000070c400000, 0x000000070c600000, 0x000000070c600000|100%| E|CS|TAMS 0x000000070c400000| PB 0x000000070c400000| Complete 
|  61|0x000000070c600000, 0x000000070c800000, 0x000000070c800000|100%| E|CS|TAMS 0x000000070c600000| PB 0x000000070c600000| Complete 
|  62|0x000000070c800000, 0x000000070ca00000, 0x000000070ca00000|100%| E|CS|TAMS 0x000000070c800000| PB 0x000000070c800000| Complete 
|  63|0x000000070ca00000, 0x000000070cc00000, 0x000000070cc00000|100%| E|CS|TAMS 0x000000070ca00000| PB 0x000000070ca00000| Complete 
|  64|0x000000070cc00000, 0x000000070ce00000, 0x000000070ce00000|100%| E|CS|TAMS 0x000000070cc00000| PB 0x000000070cc00000| Complete 
|  65|0x000000070ce00000, 0x000000070d000000, 0x000000070d000000|100%| E|CS|TAMS 0x000000070ce00000| PB 0x000000070ce00000| Complete 
|  66|0x000000070d000000, 0x000000070d200000, 0x000000070d200000|100%| E|CS|TAMS 0x000000070d000000| PB 0x000000070d000000| Complete 
|  67|0x000000070d200000, 0x000000070d400000, 0x000000070d400000|100%| E|CS|TAMS 0x000000070d200000| PB 0x000000070d200000| Complete 
|  68|0x000000070d400000, 0x000000070d600000, 0x000000070d600000|100%| E|CS|TAMS 0x000000070d400000| PB 0x000000070d400000| Complete 
|2009|0x00000007ffe00000, 0x0000000800000000, 0x0000000800000000|100%| O|  |TAMS 0x00000007ffe00000| PB 0x00000007ffe00000| Untracked 

Card table byte_map: [0x0000028bca9c0000,0x0000028bcb1a0000] _byte_map_base: 0x0000028bc719a000

Marking Bits: (CMBitMap*) 0x0000028bc2bf2e20
 Bits: [0x0000028bcb1a0000, 0x0000028bcf070000)

Polling page: 0x0000028bc12b0000

Metaspace:

Usage:
  Non-class:     97.13 MB used.
      Class:     11.89 MB used.
       Both:    109.02 MB used.

Virtual space:
  Non-class space:      128.00 MB reserved,      97.81 MB ( 76%) committed,  2 nodes.
      Class space:        1.00 GB reserved,      12.56 MB (  1%) committed,  1 nodes.
             Both:        1.12 GB reserved,     110.38 MB ( 10%) committed. 

Chunk freelists:
   Non-Class:  13.48 MB
       Class:  3.35 MB
        Both:  16.83 MB

MaxMetaspaceSize: unlimited
CompressedClassSpaceSize: 1.00 GB
Initial GC threshold: 21.00 MB
Current GC threshold: 183.25 MB
CDS: off
 - commit_granule_bytes: 65536.
 - commit_granule_words: 8192.
 - virtual_space_node_default_size: 8388608.
 - enlarge_chunks_in_place: 1.
 - use_allocation_guard: 0.


Internal statistics:

num_allocs_failed_limit: 6.
num_arena_births: 4926.
num_arena_deaths: 3976.
num_vsnodes_births: 3.
num_vsnodes_deaths: 0.
num_space_committed: 1766.
num_space_uncommitted: 0.
num_chunks_returned_to_freelist: 4722.
num_chunks_taken_from_freelist: 10891.
num_chunk_merges: 1027.
num_chunk_splits: 5586.
num_chunks_enlarged: 3969.
num_inconsistent_stats: 0.

CodeCache: size=49152Kb used=16893Kb max_used=23013Kb free=32258Kb
 bounds [0x0000028bc6730000, 0x0000028bc7db0000, 0x0000028bc9730000]
 total_blobs=8013 nmethods=7343 adapters=591
 compilation: enabled
              stopped_count=0, restarted_count=0
 full_count=0

Compilation events (20 events):
Event: 9845.679 Thread 0x0000028bd6099da0 39938       1       java.util.logging.Logger::updateEffectiveLevel (126 bytes)
Event: 9845.680 Thread 0x0000028bd6099da0 nmethod 39938 0x0000028bc6fbc890 code [0x0000028bc6fbca80, 0x0000028bc6fbce90]
Event: 9845.695 Thread 0x0000028bd6099da0 39939       1       java.lang.String::repeat (151 bytes)
Event: 9845.695 Thread 0x0000028bd6099da0 nmethod 39939 0x0000028bc73c5b90 code [0x0000028bc73c5de0, 0x0000028bc73c6678]
Event: 9845.697 Thread 0x0000028bd6099da0 39940       1       sun.reflect.generics.repository.ConstructorRepository::computeExceptionTypes (62 bytes)
Event: 9845.698 Thread 0x0000028bd6099da0 nmethod 39940 0x0000028bc6fbbe90 code [0x0000028bc6fbc040, 0x0000028bc6fbc478]
Event: 9845.706 Thread 0x0000028bd6099da0 39941       1       org.springframework.context.expression.BeanFactoryResolver::<init> (16 bytes)
Event: 9845.706 Thread 0x0000028bd6099da0 nmethod 39941 0x0000028bc759e790 code [0x0000028bc759e940, 0x0000028bc759eb28]
Event: 9845.710 Thread 0x0000028bd6099da0 39942       1       java.lang.invoke.LambdaForm$MH/0x0000000800c7d000::invoke (42 bytes)
Event: 9845.710 Thread 0x0000028bd6099da0 nmethod 39942 0x0000028bc73c5510 code [0x0000028bc73c5700, 0x0000028bc73c5970]
Event: 9845.735 Thread 0x0000028bd6099da0 39943       1       java.lang.invoke.LambdaForm$MH/0x0000000800c2b800::invoke (56 bytes)
Event: 9845.735 Thread 0x0000028bd6099da0 nmethod 39943 0x0000028bc7683a10 code [0x0000028bc7683be0, 0x0000028bc7683e50]
Event: 9851.033 Thread 0x0000028bd6099da0 39944       1       java.net.Socket::<init> (10 bytes)
Event: 9851.034 Thread 0x0000028bd6099da0 nmethod 39944 0x0000028bc794b990 code [0x0000028bc794bb20, 0x0000028bc794bd18]
Event: 9851.034 Thread 0x0000028bd6099da0 39945       1       java.net.Socket::checkPermission (21 bytes)
Event: 9851.034 Thread 0x0000028bd6099da0 nmethod 39945 0x0000028bc7adbe10 code [0x0000028bc7adbfa0, 0x0000028bc7adc058]
Event: 9851.034 Thread 0x0000028bd6099da0 39946       1       java.net.Socket::<init> (25 bytes)
Event: 9851.034 Thread 0x0000028bd6099da0 nmethod 39946 0x0000028bc73c5010 code [0x0000028bc73c51a0, 0x0000028bc73c5390]
Event: 9851.034 Thread 0x0000028bd6099da0 39947       1       jdk.internal.util.ByteArray::getUnsignedShort (12 bytes)
Event: 9851.034 Thread 0x0000028bd6099da0 nmethod 39947 0x0000028bc6e13610 code [0x0000028bc6e137a0, 0x0000028bc6e138e0]

GC Heap History (20 events):
Event: 9759.915 GC heap after
{Heap after GC invocations=651 (full 49):
 garbage-first heap   total 147456K, used 40587K [0x0000000704c00000, 0x0000000800000000)
  region size 2048K, 3 young (6144K), 3 survivors (6144K)
 Metaspace       used 110334K, committed 111744K, reserved 1179648K
  class space    used 12052K, committed 12736K, reserved 1048576K
}
Event: 9771.625 GC heap before
{Heap before GC invocations=651 (full 49):
 garbage-first heap   total 147456K, used 122507K [0x0000000704c00000, 0x0000000800000000)
  region size 2048K, 43 young (88064K), 3 survivors (6144K)
 Metaspace       used 110334K, committed 111744K, reserved 1179648K
  class space    used 12052K, committed 12736K, reserved 1048576K
}
Event: 9771.627 GC heap after
{Heap after GC invocations=652 (full 49):
 garbage-first heap   total 147456K, used 40667K [0x0000000704c00000, 0x0000000800000000)
  region size 2048K, 3 young (6144K), 3 survivors (6144K)
 Metaspace       used 110334K, committed 111744K, reserved 1179648K
  class space    used 12052K, committed 12736K, reserved 1048576K
}
Event: 9783.464 GC heap before
{Heap before GC invocations=652 (full 49):
 garbage-first heap   total 147456K, used 122587K [0x0000000704c00000, 0x0000000800000000)
  region size 2048K, 43 young (88064K), 3 survivors (6144K)
 Metaspace       used 110334K, committed 111744K, reserved 1179648K
  class space    used 12052K, committed 12736K, reserved 1048576K
}
Event: 9783.468 GC heap after
{Heap after GC invocations=653 (full 49):
 garbage-first heap   total 147456K, used 40482K [0x0000000704c00000, 0x0000000800000000)
  region size 2048K, 3 young (6144K), 3 survivors (6144K)
 Metaspace       used 110334K, committed 111744K, reserved 1179648K
  class space    used 12052K, committed 12736K, reserved 1048576K
}
Event: 9792.818 GC heap before
{Heap before GC invocations=653 (full 49):
 garbage-first heap   total 147456K, used 110114K [0x0000000704c00000, 0x0000000800000000)
  region size 2048K, 38 young (77824K), 3 survivors (6144K)
 Metaspace       used 110391K, committed 111744K, reserved 1179648K
  class space    used 12053K, committed 12736K, reserved 1048576K
}
Event: 9792.858 GC heap after
{Heap after GC invocations=654 (full 50):
 garbage-first heap   total 143360K, used 36018K [0x0000000704c00000, 0x0000000800000000)
  region size 2048K, 0 young (0K), 0 survivors (0K)
 Metaspace       used 110284K, committed 111744K, reserved 1179648K
  class space    used 12024K, committed 12736K, reserved 1048576K
}
Event: 9794.033 GC heap before
{Heap before GC invocations=654 (full 50):
 garbage-first heap   total 143360K, used 122034K [0x0000000704c00000, 0x0000000800000000)
  region size 2048K, 42 young (86016K), 0 survivors (0K)
 Metaspace       used 111239K, committed 112576K, reserved 1179648K
  class space    used 12125K, committed 12800K, reserved 1048576K
}
Event: 9794.037 GC heap after
{Heap after GC invocations=655 (full 50):
 garbage-first heap   total 143360K, used 41222K [0x0000000704c00000, 0x0000000800000000)
  region size 2048K, 3 young (6144K), 3 survivors (6144K)
 Metaspace       used 111239K, committed 112576K, reserved 1179648K
  class space    used 12125K, committed 12800K, reserved 1048576K
}
Event: 9805.319 GC heap before
{Heap before GC invocations=655 (full 50):
 garbage-first heap   total 143360K, used 121094K [0x0000000704c00000, 0x0000000800000000)
  region size 2048K, 42 young (86016K), 3 survivors (6144K)
 Metaspace       used 111239K, committed 112576K, reserved 1179648K
  class space    used 12125K, committed 12800K, reserved 1048576K
}
Event: 9805.326 GC heap after
{Heap after GC invocations=656 (full 50):
 garbage-first heap   total 143360K, used 42631K [0x0000000704c00000, 0x0000000800000000)
  region size 2048K, 4 young (8192K), 4 survivors (8192K)
 Metaspace       used 111239K, committed 112576K, reserved 1179648K
  class space    used 12125K, committed 12800K, reserved 1048576K
}
Event: 9816.365 GC heap before
{Heap before GC invocations=656 (full 50):
 garbage-first heap   total 143360K, used 118407K [0x0000000704c00000, 0x0000000800000000)
  region size 2048K, 41 young (83968K), 4 survivors (8192K)
 Metaspace       used 111239K, committed 112576K, reserved 1179648K
  class space    used 12125K, committed 12800K, reserved 1048576K
}
Event: 9816.368 GC heap after
{Heap after GC invocations=657 (full 50):
 garbage-first heap   total 143360K, used 39878K [0x0000000704c00000, 0x0000000800000000)
  region size 2048K, 2 young (4096K), 2 survivors (4096K)
 Metaspace       used 111239K, committed 112576K, reserved 1179648K
  class space    used 12125K, committed 12800K, reserved 1048576K
}
Event: 9827.952 GC heap before
{Heap before GC invocations=657 (full 50):
 garbage-first heap   total 143360K, used 121798K [0x0000000704c00000, 0x0000000800000000)
  region size 2048K, 42 young (86016K), 2 survivors (4096K)
 Metaspace       used 111239K, committed 112576K, reserved 1179648K
  class space    used 12125K, committed 12800K, reserved 1048576K
}
Event: 9827.954 GC heap after
{Heap after GC invocations=658 (full 50):
 garbage-first heap   total 143360K, used 40114K [0x0000000704c00000, 0x0000000800000000)
  region size 2048K, 2 young (4096K), 2 survivors (4096K)
 Metaspace       used 111239K, committed 112576K, reserved 1179648K
  class space    used 12125K, committed 12800K, reserved 1048576K
}
Event: 9839.579 GC heap before
{Heap before GC invocations=658 (full 50):
 garbage-first heap   total 143360K, used 122034K [0x0000000704c00000, 0x0000000800000000)
  region size 2048K, 42 young (86016K), 2 survivors (4096K)
 Metaspace       used 111239K, committed 112576K, reserved 1179648K
  class space    used 12125K, committed 12800K, reserved 1048576K
}
Event: 9839.584 GC heap after
{Heap after GC invocations=659 (full 50):
 garbage-first heap   total 143360K, used 40308K [0x0000000704c00000, 0x0000000800000000)
  region size 2048K, 3 young (6144K), 3 survivors (6144K)
 Metaspace       used 111239K, committed 112576K, reserved 1179648K
  class space    used 12125K, committed 12800K, reserved 1048576K
}
Event: 9845.364 GC heap before
{Heap before GC invocations=659 (full 50):
 garbage-first heap   total 143360K, used 85364K [0x0000000704c00000, 0x0000000800000000)
  region size 2048K, 26 young (53248K), 3 survivors (6144K)
 Metaspace       used 111242K, committed 112576K, reserved 1179648K
  class space    used 12125K, committed 12800K, reserved 1048576K
}
Event: 9845.398 GC heap after
{Heap after GC invocations=660 (full 51):
 garbage-first heap   total 143360K, used 38256K [0x0000000704c00000, 0x0000000800000000)
  region size 2048K, 0 young (0K), 0 survivors (0K)
 Metaspace       used 111229K, committed 112576K, reserved 1179648K
  class space    used 12123K, committed 12800K, reserved 1048576K
}
Event: 9851.445 GC heap before
{Heap before GC invocations=660 (full 51):
 garbage-first heap   total 143360K, used 124272K [0x0000000704c00000, 0x0000000800000000)
  region size 2048K, 42 young (86016K), 0 survivors (0K)
 Metaspace       used 111640K, committed 113024K, reserved 1179648K
  class space    used 12178K, committed 12864K, reserved 1048576K
}

Dll operation events (12 events):
Event: 0.071 Loaded shared library D:\STS\sts-4.25.0.RELEASE\plugins\org.eclipse.justj.openjdk.hotspot.jre.full.win32.x86_64_21.0.4.v20240802-1551\jre\bin\java.dll
Event: 0.075 Loaded shared library D:\STS\sts-4.25.0.RELEASE\plugins\org.eclipse.justj.openjdk.hotspot.jre.full.win32.x86_64_21.0.4.v20240802-1551\jre\bin\zip.dll
Event: 0.435 Loaded shared library D:\STS\sts-4.25.0.RELEASE\plugins\org.eclipse.justj.openjdk.hotspot.jre.full.win32.x86_64_21.0.4.v20240802-1551\jre\bin\instrument.dll
Event: 0.444 Loaded shared library D:\STS\sts-4.25.0.RELEASE\plugins\org.eclipse.justj.openjdk.hotspot.jre.full.win32.x86_64_21.0.4.v20240802-1551\jre\bin\net.dll
Event: 0.445 Loaded shared library D:\STS\sts-4.25.0.RELEASE\plugins\org.eclipse.justj.openjdk.hotspot.jre.full.win32.x86_64_21.0.4.v20240802-1551\jre\bin\nio.dll
Event: 0.450 Loaded shared library D:\STS\sts-4.25.0.RELEASE\plugins\org.eclipse.justj.openjdk.hotspot.jre.full.win32.x86_64_21.0.4.v20240802-1551\jre\bin\zip.dll
Event: 0.560 Loaded shared library D:\STS\sts-4.25.0.RELEASE\plugins\org.eclipse.justj.openjdk.hotspot.jre.full.win32.x86_64_21.0.4.v20240802-1551\jre\bin\jimage.dll
Event: 0.648 Loaded shared library D:\STS\sts-4.25.0.RELEASE\plugins\org.eclipse.justj.openjdk.hotspot.jre.full.win32.x86_64_21.0.4.v20240802-1551\jre\bin\management.dll
Event: 0.661 Loaded shared library D:\STS\sts-4.25.0.RELEASE\plugins\org.eclipse.justj.openjdk.hotspot.jre.full.win32.x86_64_21.0.4.v20240802-1551\jre\bin\management_ext.dll
Event: 0.925 Loaded shared library D:\STS\sts-4.25.0.RELEASE\plugins\org.eclipse.justj.openjdk.hotspot.jre.full.win32.x86_64_21.0.4.v20240802-1551\jre\bin\extnet.dll
Event: 0.952 Loaded shared library D:\STS\sts-4.25.0.RELEASE\plugins\org.eclipse.justj.openjdk.hotspot.jre.full.win32.x86_64_21.0.4.v20240802-1551\jre\bin\verify.dll
Event: 7.581 Loaded shared library D:\STS\sts-4.25.0.RELEASE\plugins\org.eclipse.justj.openjdk.hotspot.jre.full.win32.x86_64_21.0.4.v20240802-1551\jre\bin\sunmscapi.dll

Deoptimization events (20 events):
Event: 9845.737 Thread 0x0000028bd87d4220 DEOPT PACKING pc=0x0000028bc6b8feec sp=0x000000b1d54fcec0
Event: 9845.737 Thread 0x0000028bd87d4220 DEOPT UNPACKING pc=0x0000028bc6784e42 sp=0x000000b1d54fc3f8 mode 1
Event: 9845.737 Thread 0x0000028bd87d4220 DEOPT PACKING pc=0x0000028bc6b8ec34 sp=0x000000b1d54fcfb0
Event: 9845.737 Thread 0x0000028bd87d4220 DEOPT UNPACKING pc=0x0000028bc6784e42 sp=0x000000b1d54fc558 mode 1
Event: 9845.737 Thread 0x0000028bd87d4220 DEOPT PACKING pc=0x0000028bc6b8d3ac sp=0x000000b1d54fd110
Event: 9845.737 Thread 0x0000028bd87d4220 DEOPT UNPACKING pc=0x0000028bc6784e42 sp=0x000000b1d54fc6d0 mode 1
Event: 9845.737 Thread 0x0000028bd87d4220 DEOPT PACKING pc=0x0000028bc6b8feec sp=0x000000b1d54f8a60
Event: 9845.737 Thread 0x0000028bd87d4220 DEOPT UNPACKING pc=0x0000028bc6784e42 sp=0x000000b1d54f7f98 mode 1
Event: 9845.737 Thread 0x0000028bd87d4220 DEOPT PACKING pc=0x0000028bc6b8ec34 sp=0x000000b1d54f8b50
Event: 9845.737 Thread 0x0000028bd87d4220 DEOPT UNPACKING pc=0x0000028bc6784e42 sp=0x000000b1d54f80f8 mode 1
Event: 9845.738 Thread 0x0000028bd87d4220 DEOPT PACKING pc=0x0000028bc6b8d3ac sp=0x000000b1d54f8cb0
Event: 9845.738 Thread 0x0000028bd87d4220 DEOPT UNPACKING pc=0x0000028bc6784e42 sp=0x000000b1d54f8270 mode 1
Event: 9845.738 Thread 0x0000028bd87d4220 DEOPT PACKING pc=0x0000028bc6b8feec sp=0x000000b1d54fbc40
Event: 9845.738 Thread 0x0000028bd87d4220 DEOPT UNPACKING pc=0x0000028bc6784e42 sp=0x000000b1d54fb178 mode 1
Event: 9845.738 Thread 0x0000028bd87d4220 DEOPT PACKING pc=0x0000028bc6b8ec34 sp=0x000000b1d54fbd30
Event: 9845.738 Thread 0x0000028bd87d4220 DEOPT UNPACKING pc=0x0000028bc6784e42 sp=0x000000b1d54fb2d8 mode 1
Event: 9845.738 Thread 0x0000028bd87d4220 DEOPT PACKING pc=0x0000028bc6b8d3ac sp=0x000000b1d54fbe90
Event: 9845.738 Thread 0x0000028bd87d4220 DEOPT UNPACKING pc=0x0000028bc6784e42 sp=0x000000b1d54fb450 mode 1
Event: 9850.396 Thread 0x0000028bd87d4220 DEOPT PACKING pc=0x0000028bc6eece14 sp=0x000000b1d54fcb90
Event: 9850.396 Thread 0x0000028bd87d4220 DEOPT UNPACKING pc=0x0000028bc6784e42 sp=0x000000b1d54fc048 mode 0

Classes loaded (20 events):
Event: 9339.751 Loading class java/lang/ObjectCustomizer
Event: 9339.751 Loading class java/lang/ObjectCustomizer done
Event: 9674.140 Loading class java/time/DurationEditor
Event: 9674.140 Loading class java/time/DurationEditor done
Event: 9674.199 Loading class java/lang/ObjectCustomizer
Event: 9674.199 Loading class java/lang/ObjectCustomizer done
Event: 9674.200 Loading class java/lang/ObjectCustomizer
Event: 9674.200 Loading class java/lang/ObjectCustomizer done
Event: 9695.355 Loading class java/lang/ObjectCustomizer
Event: 9695.355 Loading class java/lang/ObjectCustomizer done
Event: 9695.355 Loading class java/lang/ObjectCustomizer
Event: 9695.355 Loading class java/lang/ObjectCustomizer done
Event: 9793.457 Loading class java/lang/ObjectCustomizer
Event: 9793.457 Loading class java/lang/ObjectCustomizer done
Event: 9793.458 Loading class java/lang/ObjectCustomizer
Event: 9793.458 Loading class java/lang/ObjectCustomizer done
Event: 9845.692 Loading class java/lang/ObjectCustomizer
Event: 9845.692 Loading class java/lang/ObjectCustomizer done
Event: 9845.693 Loading class java/lang/ObjectCustomizer
Event: 9845.693 Loading class java/lang/ObjectCustomizer done

Classes unloaded (20 events):
Event: 9792.828 Thread 0x0000028bd600e4c0 Unloading class 0x0000000800bd8400 'java/lang/invoke/LambdaForm$MH+0x0000000800bd8400'
Event: 9792.828 Thread 0x0000028bd600e4c0 Unloading class 0x0000000800bcc000 'java/lang/invoke/LambdaForm$MH+0x0000000800bcc000'
Event: 9792.828 Thread 0x0000028bd600e4c0 Unloading class 0x00000008007b4000 'java/lang/invoke/LambdaForm$MH+0x00000008007b4000'
Event: 9792.828 Thread 0x0000028bd600e4c0 Unloading class 0x0000000800b80000 'java/lang/invoke/LambdaForm$MH+0x0000000800b80000'
Event: 9792.828 Thread 0x0000028bd600e4c0 Unloading class 0x0000000800b51000 'java/lang/invoke/LambdaForm$MH+0x0000000800b51000'
Event: 9792.828 Thread 0x0000028bd600e4c0 Unloading class 0x0000000800b4e000 'java/lang/invoke/LambdaForm$BMH+0x0000000800b4e000'
Event: 9792.828 Thread 0x0000028bd600e4c0 Unloading class 0x0000000800a56000 'java/lang/invoke/LambdaForm$MH+0x0000000800a56000'
Event: 9792.828 Thread 0x0000028bd600e4c0 Unloading class 0x0000000800a54c00 'java/lang/invoke/LambdaForm$MH+0x0000000800a54c00'
Event: 9792.828 Thread 0x0000028bd600e4c0 Unloading class 0x0000000800186400 'java/lang/invoke/LambdaForm$MH+0x0000000800186400'
Event: 9792.828 Thread 0x0000028bd600e4c0 Unloading class 0x00000008009b8000 'java/lang/invoke/LambdaForm$MH+0x00000008009b8000'
Event: 9792.828 Thread 0x0000028bd600e4c0 Unloading class 0x0000000800b38400 'java/lang/invoke/LambdaForm$BMH+0x0000000800b38400'
Event: 9792.828 Thread 0x0000028bd600e4c0 Unloading class 0x0000000800c3c400 'java/lang/invoke/LambdaForm$MH+0x0000000800c3c400'
Event: 9792.828 Thread 0x0000028bd600e4c0 Unloading class 0x0000000800c3f000 'java/lang/invoke/LambdaForm$MH+0x0000000800c3f000'
Event: 9792.828 Thread 0x0000028bd600e4c0 Unloading class 0x0000000800c48400 'java/lang/invoke/LambdaForm$MH+0x0000000800c48400'
Event: 9792.828 Thread 0x0000028bd600e4c0 Unloading class 0x0000000800c49400 'java/lang/invoke/LambdaForm$MH+0x0000000800c49400'
Event: 9792.828 Thread 0x0000028bd600e4c0 Unloading class 0x0000000800c4ac00 'java/lang/invoke/LambdaForm$MH+0x0000000800c4ac00'
Event: 9845.375 Thread 0x0000028bd600e4c0 Unloading class 0x0000000800c8b400 'jdk/internal/reflect/GeneratedSerializationConstructorAccessor151'
Event: 9845.375 Thread 0x0000028bd600e4c0 Unloading class 0x0000000800c8b000 'jdk/internal/reflect/GeneratedSerializationConstructorAccessor150'
Event: 9845.375 Thread 0x0000028bd600e4c0 Unloading class 0x0000000800c8ac00 'jdk/internal/reflect/GeneratedSerializationConstructorAccessor149'
Event: 9845.375 Thread 0x0000028bd600e4c0 Unloading class 0x0000000800c7cc00 'org/apache/catalina/loader/JdbcLeakPrevention'

Classes redefined (20 events):
Event: 9337.616 Thread 0x0000028bd600e4c0 redefined class name=com.cotodel.hrms.web.controller.EmployeeDetailController, count=2
Event: 9337.616 Thread 0x0000028bd600e4c0 redefined class name=com.cotodel.hrms.web.controller.EmployeeDetailController, count=2
Event: 9337.616 Thread 0x0000028bd600e4c0 redefined class name=com.cotodel.hrms.web.controller.EmployeeDetailController, count=14
Event: 9337.616 Thread 0x0000028bd600e4c0 redefined class name=com.cotodel.hrms.web.controller.EmployeeDetailController, count=2
Event: 9337.616 Thread 0x0000028bd600e4c0 redefined class name=com.cotodel.hrms.web.controller.EmployeeDetailController, count=19
Event: 9337.616 Thread 0x0000028bd600e4c0 redefined class name=com.cotodel.hrms.web.controller.EmployeeDetailController, count=2
Event: 9337.616 Thread 0x0000028bd600e4c0 redefined class name=com.cotodel.hrms.web.controller.EmployeeDetailController, count=6
Event: 9337.616 Thread 0x0000028bd600e4c0 redefined class name=com.cotodel.hrms.web.controller.EmployeeDetailController, count=2
Event: 9337.616 Thread 0x0000028bd600e4c0 redefined class name=com.cotodel.hrms.web.controller.EmployeeDetailController, count=11
Event: 9337.616 Thread 0x0000028bd600e4c0 redefined class name=com.cotodel.hrms.web.controller.EmployeeDetailController, count=2
Event: 9337.616 Thread 0x0000028bd600e4c0 redefined class name=com.cotodel.hrms.web.controller.EmployeeDetailController, count=16
Event: 9337.616 Thread 0x0000028bd600e4c0 redefined class name=com.cotodel.hrms.web.controller.EmployeeDetailController, count=2
Event: 9337.616 Thread 0x0000028bd600e4c0 redefined class name=com.cotodel.hrms.web.controller.EmployeeDetailController, count=24
Event: 9337.616 Thread 0x0000028bd600e4c0 redefined class name=com.cotodel.hrms.web.controller.EmployeeDetailController, count=21
Event: 9337.616 Thread 0x0000028bd600e4c0 redefined class name=com.cotodel.hrms.web.controller.EmployeeDetailController, count=2
Event: 9337.616 Thread 0x0000028bd600e4c0 redefined class name=com.cotodel.hrms.web.controller.EmployeeDetailController, count=4
Event: 9337.616 Thread 0x0000028bd600e4c0 redefined class name=com.cotodel.hrms.web.controller.EmployeeDetailController, count=24
Event: 9337.616 Thread 0x0000028bd600e4c0 redefined class name=com.cotodel.hrms.web.controller.EmployeeDetailController, count=1
Event: 9337.616 Thread 0x0000028bd600e4c0 redefined class name=com.cotodel.hrms.web.controller.EmployeeDetailController, count=2
Event: 9337.616 Thread 0x0000028bd600e4c0 redefined class name=com.cotodel.hrms.web.controller.EmployeeDetailController, count=8

Internal exceptions (20 events):
Event: 9793.468 Thread 0x0000028bd87d4220 Exception <a 'java/lang/ClassNotFoundException'{0x0000000709cbb5e8}: org/springframework/beans/factory/BeanFactoryAwareCustomizer> (0x0000000709cbb5e8) 
thrown [s\src\hotspot\share\classfile\systemDictionary.cpp, line 312]
Event: 9793.469 Thread 0x0000028bd87d4220 Exception <a 'java/lang/ClassNotFoundException'{0x0000000709cc3338}: org/springframework/beans/factory/AwareCustomizer> (0x0000000709cc3338) 
thrown [s\src\hotspot\share\classfile\systemDictionary.cpp, line 312]
Event: 9793.469 Thread 0x0000028bd87d4220 Exception <a 'java/lang/ClassNotFoundException'{0x0000000709cc9fc0}: org/springframework/security/config/annotation/web/WebSecurityConfigurerCustomizer> (0x0000000709cc9fc0) 
thrown [s\src\hotspot\share\classfile\systemDictionary.cpp, line 312]
Event: 9793.470 Thread 0x0000028bd87d4220 Exception <a 'java/lang/ClassNotFoundException'{0x0000000709cd0f48}: org/springframework/security/config/annotation/SecurityConfigurerCustomizer> (0x0000000709cd0f48) 
thrown [s\src\hotspot\share\classfile\systemDictionary.cpp, line 312]
Event: 9793.711 Thread 0x0000028bd87d4220 Exception <a 'java/io/FileNotFoundException'{0x0000000708620608}> (0x0000000708620608) 
thrown [s\src\hotspot\share\prims\jni.cpp, line 520]
Event: 9793.712 Thread 0x0000028bd87d4220 Exception <a 'java/io/FileNotFoundException'{0x00000007086211f0}> (0x00000007086211f0) 
thrown [s\src\hotspot\share\prims\jni.cpp, line 520]
Event: 9845.363 Thread 0x0000028bd87d48b0 Exception <a 'java/lang/InterruptedException'{0x000000070a9ce0d0}: sleep interrupted> (0x000000070a9ce0d0) 
thrown [s\src\hotspot\share\prims\jvm.cpp, line 3074]
Event: 9845.409 Thread 0x0000028bd87d4220 Exception <a 'sun/nio/fs/WindowsException'{0x000000070d4a9220}> (0x000000070d4a9220) 
thrown [s\src\hotspot\share\prims\jni.cpp, line 520]
Event: 9845.629 Thread 0x0000028bd87d4220 Exception <a 'java/lang/NoClassDefFoundError'{0x000000070ad5bbe8}: org/flywaydb/core/Flyway> (0x000000070ad5bbe8) 
thrown [s\src\hotspot\share\oops\constantPool.cpp, line 873]
Event: 9845.630 Thread 0x0000028bd87d4220 Exception <a 'java/lang/NoClassDefFoundError'{0x000000070ad5c248}: liquibase/integration/spring/SpringLiquibase> (0x000000070ad5c248) 
thrown [s\src\hotspot\share\oops\constantPool.cpp, line 873]
Event: 9845.682 Thread 0x0000028bd87d4220 Exception <a 'java/io/FileNotFoundException'{0x0000000709fbd188}> (0x0000000709fbd188) 
thrown [s\src\hotspot\share\prims\jni.cpp, line 520]
Event: 9845.693 Thread 0x0000028bd87d4220 Exception <a 'java/lang/ClassNotFoundException'{0x0000000709d6c050}: java/lang/ObjectCustomizer> (0x0000000709d6c050) 
thrown [s\src\hotspot\share\classfile\systemDictionary.cpp, line 312]
Event: 9845.694 Thread 0x0000028bd87d4220 Exception <a 'java/lang/ClassNotFoundException'{0x0000000709d77488}: org/springframework/security/config/annotation/web/configuration/WebSecurityConfigurerAdapterCustomizer> (0x0000000709d77488) 
thrown [s\src\hotspot\share\classfile\systemDictionary.cpp, line 312]
Event: 9845.694 Thread 0x0000028bd87d4220 Exception <a 'java/lang/ClassNotFoundException'{0x0000000709d89010}: com/cotodel/hrms/web/config/LoginSecurityConfigurationCustomizer> (0x0000000709d89010) 
thrown [s\src\hotspot\share\classfile\systemDictionary.cpp, line 312]
Event: 9845.695 Thread 0x0000028bd87d4220 Exception <a 'java/lang/ClassNotFoundException'{0x0000000709d94d48}: com/cotodel/hrms/web/config/LoginSecurityConfiguration$$EnhancerBySpringCGLIB$$f224ec82Customizer> (0x0000000709d94d48) 
thrown [s\src\hotspot\share\classfile\systemDictionary.cpp, line 312]
Event: 9845.696 Thread 0x0000028bd87d4220 Exception <a 'java/lang/ClassNotFoundException'{0x0000000709da9b88}: org/springframework/context/annotation/ConfigurationClassEnhancer$EnhancedConfigurationCustomizer> (0x0000000709da9b88) 
thrown [s\src\hotspot\share\classfile\systemDictionary.cpp, line 312]
Event: 9845.696 Thread 0x0000028bd87d4220 Exception <a 'java/lang/ClassNotFoundException'{0x0000000709db04e8}: org/springframework/beans/factory/BeanFactoryAwareCustomizer> (0x0000000709db04e8) 
thrown [s\src\hotspot\share\classfile\systemDictionary.cpp, line 312]
Event: 9845.696 Thread 0x0000028bd87d4220 Exception <a 'java/lang/ClassNotFoundException'{0x0000000709db8238}: org/springframework/beans/factory/AwareCustomizer> (0x0000000709db8238) 
thrown [s\src\hotspot\share\classfile\systemDictionary.cpp, line 312]
Event: 9845.697 Thread 0x0000028bd87d4220 Exception <a 'java/lang/ClassNotFoundException'{0x0000000709dbeec0}: org/springframework/security/config/annotation/web/WebSecurityConfigurerCustomizer> (0x0000000709dbeec0) 
thrown [s\src\hotspot\share\classfile\systemDictionary.cpp, line 312]
Event: 9845.697 Thread 0x0000028bd87d4220 Exception <a 'java/lang/ClassNotFoundException'{0x0000000709dc5e48}: org/springframework/security/config/annotation/SecurityConfigurerCustomizer> (0x0000000709dc5e48) 
thrown [s\src\hotspot\share\classfile\systemDictionary.cpp, line 312]

ZGC Phase Switch (0 events):
No events

VM Operations (20 events):
Event: 9850.643 Executing VM operation: get/set locals done
Event: 9850.643 Executing VM operation: get/set locals
Event: 9850.643 Executing VM operation: get/set locals done
Event: 9850.643 Executing VM operation: get/set locals
Event: 9850.643 Executing VM operation: get/set locals done
Event: 9850.644 Executing VM operation: get/set locals
Event: 9850.644 Executing VM operation: get/set locals done
Event: 9850.644 Executing VM operation: get/set locals
Event: 9850.644 Executing VM operation: get/set locals done
Event: 9850.645 Executing VM operation: get/set locals
Event: 9850.645 Executing VM operation: get/set locals done
Event: 9850.645 Executing VM operation: get/set locals
Event: 9850.645 Executing VM operation: get/set locals done
Event: 9850.646 Executing VM operation: get/set locals
Event: 9850.646 Executing VM operation: get/set locals done
Event: 9850.646 Executing VM operation: get/set locals
Event: 9850.646 Executing VM operation: get/set locals done
Event: 9850.648 Executing VM operation: get/set locals
Event: 9850.648 Executing VM operation: get/set locals done
Event: 9851.445 Executing VM operation: G1CollectForAllocation (G1 Evacuation Pause)

Memory protections (0 events):
No events

Nmethod flushes (20 events):
Event: 9694.758 Thread 0x0000028bd600e4c0 flushing  nmethod 0x0000028bc7b07e10
Event: 9694.758 Thread 0x0000028bd600e4c0 flushing  nmethod 0x0000028bc7c21f90
Event: 9694.758 Thread 0x0000028bd600e4c0 flushing  nmethod 0x0000028bc7c22910
Event: 9694.758 Thread 0x0000028bd600e4c0 flushing  nmethod 0x0000028bc7c26290
Event: 9695.586 Thread 0x0000028bd600e4c0 flushing  nmethod 0x0000028bc7905e10
Event: 9695.586 Thread 0x0000028bd600e4c0 flushing  nmethod 0x0000028bc7c27310
Event: 9695.586 Thread 0x0000028bd600e4c0 flushing  nmethod 0x0000028bc77aa690
Event: 9695.586 Thread 0x0000028bd600e4c0 flushing  nmethod 0x0000028bc6b41310
Event: 9695.586 Thread 0x0000028bd600e4c0 flushing  nmethod 0x0000028bc7948590
Event: 9695.586 Thread 0x0000028bd600e4c0 flushing  nmethod 0x0000028bc76f6f90
Event: 9695.586 Thread 0x0000028bd600e4c0 flushing  nmethod 0x0000028bc7533f10
Event: 9695.586 Thread 0x0000028bd600e4c0 flushing  nmethod 0x0000028bc794d990
Event: 9695.586 Thread 0x0000028bd600e4c0 flushing  nmethod 0x0000028bc7314690
Event: 9695.586 Thread 0x0000028bd600e4c0 flushing  nmethod 0x0000028bc7be7690
Event: 9695.586 Thread 0x0000028bd600e4c0 flushing  nmethod 0x0000028bc6e20710
Event: 9695.586 Thread 0x0000028bd600e4c0 flushing  nmethod 0x0000028bc7086190
Event: 9695.586 Thread 0x0000028bd600e4c0 flushing  nmethod 0x0000028bc72f9490
Event: 9695.586 Thread 0x0000028bd600e4c0 flushing  nmethod 0x0000028bc7c2be10
Event: 9695.587 Thread 0x0000028bd600e4c0 flushing  nmethod 0x0000028bc7c32b10
Event: 9695.587 Thread 0x0000028bd600e4c0 flushing  nmethod 0x0000028bc7c3fc90

Events (20 events):
Event: 9793.749 Thread 0x0000028bd87d4220 Thread added: 0x0000028bd87d1ac0
Event: 9793.754 Thread 0x0000028bd87d4220 Thread exited: 0x0000028bd87d4220
Event: 9793.754 Thread 0x0000028bd87d0710 Thread exited: 0x0000028bd87d0710
Event: 9845.356 Thread 0x0000028bd87d1430 Thread added: 0x0000028bd87d0710
Event: 9845.356 Thread 0x0000028bd87d1430 Thread exited: 0x0000028bd87d1430
Event: 9845.360 Thread 0x0000028bd87d1ac0 Thread exited: 0x0000028bd87d1ac0
Event: 9845.363 Thread 0x0000028bd87d4f40 Thread exited: 0x0000028bd87d4f40
Event: 9845.363 Thread 0x0000028bd87d48b0 Thread exited: 0x0000028bd87d48b0
Event: 9845.364 Thread 0x0000028bd87d2e70 Thread exited: 0x0000028bd87d2e70
Event: 9845.364 Thread 0x0000028bd87d3b90 Thread exited: 0x0000028bd87d3b90
Event: 9845.398 Thread 0x0000028bd87d0710 Thread added: 0x0000028bd87d48b0
Event: 9845.398 Thread 0x0000028bd87d48b0 Thread exited: 0x0000028bd87d48b0
Event: 9845.398 Thread 0x0000028bd87d0710 Thread added: 0x0000028bd87d4220
Event: 9845.433 Thread 0x0000028bd87d4220 Thread added: 0x0000028bd87d48b0
Event: 9845.433 Thread 0x0000028bd87d27e0 Thread exited: 0x0000028bd87d27e0
Event: 9845.474 Thread 0x0000028bd87d4220 Thread added: 0x0000028bd87d27e0
Event: 9845.495 Thread 0x0000028bd87d27e0 Thread exited: 0x0000028bd87d27e0
Event: 9845.719 Thread 0x0000028bd87d4220 Thread added: 0x0000028bd87d1ac0
Event: 9845.719 Thread 0x0000028bd87d4220 Thread added: 0x0000028bd87d27e0
Event: 9845.720 Thread 0x0000028bd87d4220 Thread added: 0x0000028bd87d2e70


Dynamic libraries:
0x00007ff76fdc0000 - 0x00007ff76fdce000 	D:\STS\sts-4.25.0.RELEASE\plugins\org.eclipse.justj.openjdk.hotspot.jre.full.win32.x86_64_21.0.4.v20240802-1551\jre\bin\javaw.exe
0x00007ff9effc0000 - 0x00007ff9f0223000 	C:\Windows\SYSTEM32\ntdll.dll
0x00007ff9ef240000 - 0x00007ff9ef308000 	C:\Windows\System32\KERNEL32.DLL
0x00007ff9ed440000 - 0x00007ff9ed7f2000 	C:\Windows\System32\KERNELBASE.dll
0x00007ff9edc30000 - 0x00007ff9edd7b000 	C:\Windows\System32\ucrtbase.dll
0x00007ff9bbbb0000 - 0x00007ff9bbbcb000 	D:\STS\sts-4.25.0.RELEASE\plugins\org.eclipse.justj.openjdk.hotspot.jre.full.win32.x86_64_21.0.4.v20240802-1551\jre\bin\VCRUNTIME140.dll
0x00007ff9e1ec0000 - 0x00007ff9e1ed8000 	D:\STS\sts-4.25.0.RELEASE\plugins\org.eclipse.justj.openjdk.hotspot.jre.full.win32.x86_64_21.0.4.v20240802-1551\jre\bin\jli.dll
0x00007ff9ee740000 - 0x00007ff9ee908000 	C:\Windows\System32\USER32.dll
0x00007ff9c3760000 - 0x00007ff9c39f0000 	C:\Windows\WinSxS\amd64_microsoft.windows.common-controls_6595b64144ccf1df_6.0.26100.2454_none_3e0b68a2e331ad60\COMCTL32.dll
0x00007ff9edc00000 - 0x00007ff9edc27000 	C:\Windows\System32\win32u.dll
0x00007ff9ef520000 - 0x00007ff9ef5c9000 	C:\Windows\System32\msvcrt.dll
0x00007ff9eff40000 - 0x00007ff9eff6a000 	C:\Windows\System32\GDI32.dll
0x00007ff9eda40000 - 0x00007ff9edb6b000 	C:\Windows\System32\gdi32full.dll
0x00007ff9ed390000 - 0x00007ff9ed433000 	C:\Windows\System32\msvcp_win.dll
0x00007ff9ee980000 - 0x00007ff9ee9af000 	C:\Windows\System32\IMM32.DLL
0x00007ff9bfbe0000 - 0x00007ff9bfbec000 	D:\STS\sts-4.25.0.RELEASE\plugins\org.eclipse.justj.openjdk.hotspot.jre.full.win32.x86_64_21.0.4.v20240802-1551\jre\bin\vcruntime140_1.dll
0x00007ff9b9560000 - 0x00007ff9b95ee000 	D:\STS\sts-4.25.0.RELEASE\plugins\org.eclipse.justj.openjdk.hotspot.jre.full.win32.x86_64_21.0.4.v20240802-1551\jre\bin\msvcp140.dll
0x00007ff96a410000 - 0x00007ff96b198000 	D:\STS\sts-4.25.0.RELEASE\plugins\org.eclipse.justj.openjdk.hotspot.jre.full.win32.x86_64_21.0.4.v20240802-1551\jre\bin\server\jvm.dll
0x00007ff9ef730000 - 0x00007ff9ef7e4000 	C:\Windows\System32\ADVAPI32.dll
0x00007ff9ee280000 - 0x00007ff9ee326000 	C:\Windows\System32\sechost.dll
0x00007ff9efc80000 - 0x00007ff9efd96000 	C:\Windows\System32\RPCRT4.dll
0x00007ff9ef1c0000 - 0x00007ff9ef234000 	C:\Windows\System32\WS2_32.dll
0x00007ff9ed220000 - 0x00007ff9ed26e000 	C:\Windows\SYSTEM32\POWRPROF.dll
0x00007ff9e1110000 - 0x00007ff9e1146000 	C:\Windows\SYSTEM32\WINMM.dll
0x00007ff9e2240000 - 0x00007ff9e224b000 	C:\Windows\SYSTEM32\VERSION.dll
0x00007ff9ed200000 - 0x00007ff9ed214000 	C:\Windows\SYSTEM32\UMPDC.dll
0x00007ff9ec1a0000 - 0x00007ff9ec1ba000 	C:\Windows\SYSTEM32\kernel.appcore.dll
0x00007ff9e50e0000 - 0x00007ff9e50ea000 	D:\STS\sts-4.25.0.RELEASE\plugins\org.eclipse.justj.openjdk.hotspot.jre.full.win32.x86_64_21.0.4.v20240802-1551\jre\bin\jimage.dll
0x00007ff9ead20000 - 0x00007ff9eaf61000 	C:\Windows\SYSTEM32\DBGHELP.DLL
0x00007ff9ee330000 - 0x00007ff9ee6ae000 	C:\Windows\System32\combase.dll
0x00007ff9ee1a0000 - 0x00007ff9ee276000 	C:\Windows\System32\OLEAUT32.dll
0x00007ff9c96b0000 - 0x00007ff9c96e9000 	C:\Windows\SYSTEM32\dbgcore.DLL
0x00007ff9edd80000 - 0x00007ff9ede19000 	C:\Windows\System32\bcryptPrimitives.dll
0x00007ff9bb810000 - 0x00007ff9bb84c000 	D:\STS\sts-4.25.0.RELEASE\plugins\org.eclipse.justj.openjdk.hotspot.jre.full.win32.x86_64_21.0.4.v20240802-1551\jre\bin\jdwp.dll
0x00007ff9e4440000 - 0x00007ff9e444f000 	D:\STS\sts-4.25.0.RELEASE\plugins\org.eclipse.justj.openjdk.hotspot.jre.full.win32.x86_64_21.0.4.v20240802-1551\jre\bin\instrument.dll
0x00007ff9bfbf0000 - 0x00007ff9bfc0f000 	D:\STS\sts-4.25.0.RELEASE\plugins\org.eclipse.justj.openjdk.hotspot.jre.full.win32.x86_64_21.0.4.v20240802-1551\jre\bin\java.dll
0x00007ff9bd200000 - 0x00007ff9bd218000 	D:\STS\sts-4.25.0.RELEASE\plugins\org.eclipse.justj.openjdk.hotspot.jre.full.win32.x86_64_21.0.4.v20240802-1551\jre\bin\zip.dll
0x00007ff9ee9c0000 - 0x00007ff9ef0c1000 	C:\Windows\System32\SHELL32.dll
0x00007ff9eb060000 - 0x00007ff9eb891000 	C:\Windows\SYSTEM32\windows.storage.dll
0x00007ff9ef0e0000 - 0x00007ff9ef1ba000 	C:\Windows\System32\SHCORE.dll
0x00007ff9ef5d0000 - 0x00007ff9ef62d000 	C:\Windows\System32\shlwapi.dll
0x00007ff9ed2a0000 - 0x00007ff9ed2ce000 	C:\Windows\SYSTEM32\profapi.dll
0x00007ff9e2b10000 - 0x00007ff9e2b1b000 	D:\STS\sts-4.25.0.RELEASE\plugins\org.eclipse.justj.openjdk.hotspot.jre.full.win32.x86_64_21.0.4.v20240802-1551\jre\bin\dt_socket.dll
0x00007ff9ebc70000 - 0x00007ff9ebca2000 	C:\Windows\SYSTEM32\IPHLPAPI.DLL
0x00007ff9ec680000 - 0x00007ff9ec6e8000 	C:\Windows\system32\mswsock.dll
0x00007ff9ebcb0000 - 0x00007ff9ebdd5000 	C:\Windows\SYSTEM32\DNSAPI.dll
0x00007ff9ef630000 - 0x00007ff9ef63a000 	C:\Windows\System32\NSI.dll
0x00007ff9e5e10000 - 0x00007ff9e5e1b000 	C:\Windows\System32\rasadhlp.dll
0x00007ff9e71b0000 - 0x00007ff9e7235000 	C:\Windows\System32\fwpuclnt.dll
0x00007ff9e2540000 - 0x00007ff9e2550000 	D:\STS\sts-4.25.0.RELEASE\plugins\org.eclipse.justj.openjdk.hotspot.jre.full.win32.x86_64_21.0.4.v20240802-1551\jre\bin\net.dll
0x00007ff9e69d0000 - 0x00007ff9e6af6000 	C:\Windows\SYSTEM32\WINHTTP.dll
0x00007ff9bc730000 - 0x00007ff9bc746000 	D:\STS\sts-4.25.0.RELEASE\plugins\org.eclipse.justj.openjdk.hotspot.jre.full.win32.x86_64_21.0.4.v20240802-1551\jre\bin\nio.dll
0x00007ff9bbb20000 - 0x00007ff9bbb2a000 	D:\STS\sts-4.25.0.RELEASE\plugins\org.eclipse.justj.openjdk.hotspot.jre.full.win32.x86_64_21.0.4.v20240802-1551\jre\bin\management.dll
0x00007ff9bb8e0000 - 0x00007ff9bb8eb000 	D:\STS\sts-4.25.0.RELEASE\plugins\org.eclipse.justj.openjdk.hotspot.jre.full.win32.x86_64_21.0.4.v20240802-1551\jre\bin\management_ext.dll
0x00007ff9ef0d0000 - 0x00007ff9ef0d8000 	C:\Windows\System32\PSAPI.DLL
0x00007ff9652d0000 - 0x00007ff9652e8000 	C:\Windows\system32\napinsp.dll
0x00007ff9652f0000 - 0x00007ff965302000 	C:\Windows\System32\winrnr.dll
0x00007ff9e2b20000 - 0x00007ff9e2b42000 	C:\Windows\system32\nlansp_c.dll
0x00007ff9b0f00000 - 0x00007ff9b0f16000 	C:\Windows\system32\wshbth.dll
0x00007ff9ec8f0000 - 0x00007ff9ec90c000 	C:\Windows\SYSTEM32\CRYPTSP.dll
0x00007ff9ec100000 - 0x00007ff9ec138000 	C:\Windows\system32\rsaenh.dll
0x00007ff9ec720000 - 0x00007ff9ec74b000 	C:\Windows\SYSTEM32\USERENV.dll
0x00007ff9ecbb0000 - 0x00007ff9ecbd6000 	C:\Windows\SYSTEM32\bcrypt.dll
0x00007ff9ec910000 - 0x00007ff9ec91c000 	C:\Windows\SYSTEM32\CRYPTBASE.dll
0x00007ff9bc580000 - 0x00007ff9bc589000 	D:\STS\sts-4.25.0.RELEASE\plugins\org.eclipse.justj.openjdk.hotspot.jre.full.win32.x86_64_21.0.4.v20240802-1551\jre\bin\extnet.dll
0x00007ff9d8380000 - 0x00007ff9d8390000 	D:\STS\sts-4.25.0.RELEASE\plugins\org.eclipse.justj.openjdk.hotspot.jre.full.win32.x86_64_21.0.4.v20240802-1551\jre\bin\verify.dll
0x00007ff9d80c0000 - 0x00007ff9d80ce000 	D:\STS\sts-4.25.0.RELEASE\plugins\org.eclipse.justj.openjdk.hotspot.jre.full.win32.x86_64_21.0.4.v20240802-1551\jre\bin\sunmscapi.dll
0x00007ff9ed800000 - 0x00007ff9ed976000 	C:\Windows\System32\CRYPT32.dll
0x00007ff9ecb70000 - 0x00007ff9ecba0000 	C:\Windows\SYSTEM32\ncrypt.dll
0x00007ff9ecb20000 - 0x00007ff9ecb5f000 	C:\Windows\SYSTEM32\NTASN1.dll
0x00007ff9b86c0000 - 0x00007ff9b86c8000 	C:\Windows\system32\wshunix.dll

dbghelp: loaded successfully - version: 4.0.5 - missing functions: none
symbol engine: initialized successfully - sym options: 0x614 - pdb path: .;D:\STS\sts-4.25.0.RELEASE\plugins\org.eclipse.justj.openjdk.hotspot.jre.full.win32.x86_64_21.0.4.v20240802-1551\jre\bin;C:\Windows\SYSTEM32;C:\Windows\WinSxS\amd64_microsoft.windows.common-controls_6595b64144ccf1df_6.0.26100.2454_none_3e0b68a2e331ad60;D:\STS\sts-4.25.0.RELEASE\plugins\org.eclipse.justj.openjdk.hotspot.jre.full.win32.x86_64_21.0.4.v20240802-1551\jre\bin\server

VM Arguments:
jvm_args: -XX:+ShowCodeDetailsInExceptionMessages -agentlib:jdwp=transport=dt_socket,suspend=y,address=localhost:55277 -Dcom.sun.management.jmxremote -Dcom.sun.management.jmxremote.port=55276 -Dcom.sun.management.jmxremote.authenticate=false -Dcom.sun.management.jmxremote.ssl=false -Djava.rmi.server.hostname=localhost -Dspring.jmx.enabled=true -Dmanagement.endpoints.jmx.exposure.include=* -Dspring.application.admin.enabled=true -XX:TieredStopAtLevel=1 -Dspring.boot.project.name=hrms -javaagent:D:\STS\sts-4.25.0.RELEASE\configuration\org.eclipse.osgi\270\0\.cp\lib\javaagent-shaded.jar -Dfile.encoding=UTF-8 -Dstdout.encoding=UTF-8 -Dstderr.encoding=UTF-8 
java_command: com.cotodel.hrms.web.config.CotoDelApplication --spring.output.ansi.enabled=always
java_class_path (initial): D:\Cotodel\hrms\hrms\target\classes;C:\Users\aashv\.m2\repository\org\springframework\boot\spring-boot-starter-thymeleaf\2.6.1\spring-boot-starter-thymeleaf-2.6.1.jar;C:\Users\aashv\.m2\repository\org\thymeleaf\thymeleaf-spring5\3.0.12.RELEASE\thymeleaf-spring5-3.0.12.RELEASE.jar;C:\Users\aashv\.m2\repository\org\thymeleaf\thymeleaf\3.0.12.RELEASE\thymeleaf-3.0.12.RELEASE.jar;C:\Users\aashv\.m2\repository\org\attoparser\attoparser\2.0.5.RELEASE\attoparser-2.0.5.RELEASE.jar;C:\Users\aashv\.m2\repository\org\unbescape\unbescape\1.1.6.RELEASE\unbescape-1.1.6.RELEASE.jar;C:\Users\aashv\.m2\repository\org\slf4j\slf4j-api\1.7.32\slf4j-api-1.7.32.jar;C:\Users\aashv\.m2\repository\org\thymeleaf\extras\thymeleaf-extras-java8time\3.0.4.RELEASE\thymeleaf-extras-java8time-3.0.4.RELEASE.jar;C:\Users\aashv\.m2\repository\org\springframework\boot\spring-boot-starter-web\2.6.1\spring-boot-starter-web-2.6.1.jar;C:\Users\aashv\.m2\repository\org\springframework\boot\spring-boot-starter-json\2.6.1\spring-boot-starter-json-2.6.1.jar;C:\Users\aashv\.m2\repository\com\fasterxml\jackson\datatype\jackson-datatype-jdk8\2.13.0\jackson-datatype-jdk8-2.13.0.jar;C:\Users\aashv\.m2\repository\com\fasterxml\jackson\module\jackson-module-parameter-names\2.13.0\jackson-module-parameter-names-2.13.0.jar;C:\Users\aashv\.m2\repository\org\springframework\spring-web\5.3.13\spring-web-5.3.13.jar;C:\Users\aashv\.m2\repository\org\springframework\spring-beans\5.3.13\spring-beans-5.3.13.jar;C:\Users\aashv\.m2\repository\org\springframework\spring-webmvc\5.3.13\spring-webmvc-5.3.13.jar;C:\Users\aashv\.m2\repository\org\springframework\spring-aop\5.3.13\spring-aop-5.3.13.jar;C:\Users\aashv\.m2\repository\org\springframework\spring-context\5.3.13\spring-context-5.3.13.jar;C:\Users\aashv\.m2\repository\org\springframework\spring-expression\5.3.13\spring-expression-5.3.13.jar;C:\Users\aashv\.m2\repository\com\okta\spring\okta-spring-boot-starter\2.1.0\okta-spring-boot-starter-2.1.0.jar;C:\Users\aashv\.m2\repository\com\okta\spring\okta-spring-security-oauth2\2.1.0\okta-spring-security-oauth2-2.1.0.jar;C:\Users\aashv\.m2\repository\com\okta\commons\okta-config-check\1.2.5\okta-config-check-1.2.5.jar;C:\Users\aashv\.m2\repository\com\okta\commons\okta-commons-lang\1.2.5\okta-commons-lang-1.2.5.jar;C:\Users\aashv\.m2\repository\org\springframework\security\spring-security-config\5.6.0\spring-security-config-5.6.0.jar;C:\Users\aashv\.m2\repository\org\springframework\security\spring-security-core\5.6.0\spring-security-core-5.6.0.jar;C:\Users\aashv\.m2\repository\org\springframework\security\spring-security-crypto\5.6.0\spring-security-crypto-5.6.0.jar;C:\Users\aashv\.m2\repository\org\springframework\boot\spring-boot-starter-security\2.6.1\spring-boot-starter-security-2.6.1.jar;C:\Users\aashv\.m2\repository\org\springframework\security\spring-security-web\5.6.0\spring-security-web-5.6.0.jar;C:\Users\aashv\.m2\repository\org\springframework\security\spring-security-oauth2-client\5.6.0\spring-security-oauth2-client-5.6.0.jar;C:\Users\aashv\.m2\repository\org\springframework\security\spring-security-oauth2-core\5.6.0\spring-security-oauth2-core-5.6.0.jar;C:\Users\aashv\.m2\repository\com\nimbusds\oauth2-oidc-sdk\9.19\oauth2-oidc-sdk-9.19.jar;C:\Users\aashv\.m2\repository\com\github\stephenc\jcip\jcip-annotations\1.0-1\jcip-annotations-1.0-1.jar;C:\Users\aashv\.m2\repository\com\nimbusds\content-type\2.1\content-type-2.1.jar;C:\Users\aashv\.m2\repository\net\minidev\json-smart\2.4.7\json-smart-2.4.7.jar;C:\Users\aashv\.m2\repository\net\minidev\accessors-smart\2.4.7\accessors-smart-2.4.7.jar;C:\Users\aashv\.m2\repository\org\ow2\asm\asm\9.1\asm-9.1.jar;C:\Users\aashv\.m2\repository\com\nimbusds\lang-tag\1.5\lang-tag-1.5.jar;C:\Users\aashv\.m2\repository\org\springframework\security\spring-security-oauth2-jose\5.6.0\spring-security-oauth2-jose-5.6.0.jar;C:\Users\aashv\.m2\repository\com\nimbusds\nimbus-jose-jwt\9.14\nimbus-jose-jwt-9.14.jar;C:\Users\aashv\.m2\repository\org\springframework\security\spring-security-oauth2-resource-server\5.6.0\spring-security-oauth2-resource-server-5.6.0.jar;C:\Users\aashv\.m2\repository\com\okta\spring\okta-spring-sdk\2.1.0\okta-spring-sdk-2.1.0.jar;C:\Users\aashv\.m2\repository\com\google\code\gson\gson\2.8.7\gson-2.8.7.jar;C:\Users\aashv\.m2\repository\org\json\json\20210307\json-20210307.jar;C:\Users\aashv\.m2\repository\org\springframework\boot\spring-boot-starter-tomcat\2.6.1\spring-boot-starter-tomcat-2.6.1.jar;C:\Users\aashv\.m2\repository\jakarta\annotation\jakarta.annotation-api\1.3.5\jakarta.annotation-api-1.3.5.jar;C:\Users\aashv\.m2\repository\org\apache\tomcat\embed\tomcat-embed-core\9.0.55\tomcat-embed-core-9.0.55.jar;C:\Users\aashv\.m2\repository\org\apache\tomcat\embed\tomcat-embed-el\9.0.55\tomcat-embed-el-9.0.55.jar;C:\Users\aashv\.m2\repository\org\apache\tomcat\embed\tomcat-embed-websocket\9.0.55\tomcat-embed-websocket-9.0.55.jar;C:\Users\aashv\.m2\repository\org\springframework\boot\spring-boot-starter-mail\2.6.1\spring-boot-starter-mail-2.6.1.jar;C:\Users\aashv\.m2\repository\org\springframework\spring-context-support\5.3.13\spring-context-support-5.3.13.jar;C:\Users\aashv\.m2\repository\com\sun\mail\jakarta.mail\1.6.7\jakarta.mail-1.6.7.jar;C:\Users\aashv\.m2\repository\com\sun\activation\jakarta.activation\1.2.2\jakarta.activation-1.2.2.jar;C:\Users\aashv\.m2\repository\javax\xml\bind\jaxb-api\2.3.1\jaxb-api-2.3.1.jar;C:\Users\aashv\.m2\repository\javax\activation\javax.activation-api\1.2.0\javax.activation-api-1.2.0.jar;C:\Users\aashv\.m2\repository\io\jsonwebtoken\jjwt\0.9.1\jjwt-0.9.1.jar;C:\Users\aashv\.m2\repository\org\bouncycastle\bcprov-ext-jdk16\1.45\bcprov-ext-jdk16-1.45.jar;C:\Users\aashv\.m2\repository\com\fasterxml\jackson\core\jackson-databind\2.12.3\jackson-databind-2.12.3.jar;C:\Users\aashv\.m2\repository\com\fasterxml\jackson\core\jackson-annotations\2.13.0\jackson-annotations-2.13.0.jar;C:\Users\aashv\.m2\repository\com\fasterxml\jackson\core\jackson-core\2.13.0\jackson-core-2.13.0.jar;C:\Users\aashv\.m2\repository\com\fasterxml\jackson\datatype\jackson-datatype-jsr310\2.12.3\jackson-datatype-jsr310-2.12.3.jar;C:\Users\aashv\.m2\repository\org\springframework\boot\spring-boot-devtools\2.6.1\spring-boot-devtools-2.6.1.jar;C:\Users\aashv\.m2\repository\org\springframework\boot\spring-boot\2.6.1\spring-boot-2.6.1.jar;C:\Users\aashv\.m2\repository\org\springframework\boot\spring-boot-autoconfigure\2.6.1\spring-boot-autoconfigure-2.6.1.jar;C:\Users\aashv\.m2\repository\org\springframework\boot\spring-boot-starter\2.6.1\spring-boot-starter-2.6.1.jar;C:\Users\aashv\.m2\repository\org\springframework\spring-core\5.3.13\spring-core-5.3.13.jar;C:\Users\aashv\.m2\repository\org\springframework\spring-jcl\5.3.13\spring-jcl-5.3.13.jar;C:\Users\aashv\.m2\repository\org\yaml\snakeyaml\1.29\snakeyaml-1.29.jar;C:\Users\aashv\.m2\repository\org\springframework\boot\spring-boot-starter-log4j2\2.6.1\spring-boot-starter-log4j2-2.6.1.jar;C:\Users\aashv\.m2\repository\org\apache\logging\log4j\log4j-slf4j-impl\2.14.1\log4j-slf4j-impl-2.14.1.jar;C:\Users\aashv\.m2\repository\org\apache\logging\log4j\log4j-api\2.14.1\log4j-api-2.14.1.jar;C:\Users\aashv\.m2\repository\org\apache\logging\log4j\log4j-core\2.14.1\log4j-core-2.14.1.jar;C:\Users\aashv\.m2\repository\org\apache\logging\log4j\log4j-jul\2.14.1\log4j-jul-2.14.1.jar;C:\Users\aashv\.m2\repository\org\slf4j\jul-to-slf4j\1.7.32\jul-to-slf4j-1.7.32.jar;C:\Users\aashv\.m2\repository\org\apache\commons\commons-exec\1.1\commons-exec-1.1.jar;C:\Users\aashv\.m2\repository\org\apache\poi\poi\3.12\poi-3.12.jar;C:\Users\aashv\.m2\repository\commons-codec\commons-codec\1.15\commons-codec-1.15.jar;C:\Users\aashv\.m2\repository\org\apache\poi\poi-ooxml\3.12\poi-ooxml-3.12.jar;C:\Users\aashv\.m2\repository\org\apache\poi\poi-ooxml-schemas\3.12\poi-ooxml-schemas-3.12.jar;C:\Users\aashv\.m2\repository\org\apache\xmlbeans\xmlbeans\2.6.0\xmlbeans-2.6.0.jar;C:\Users\aashv\.m2\repository\stax\stax-api\1.0.1\stax-api-1.0.1.jar;C:\Users\aashv\.m2\repository\org\projectlombok\lombok\1.18.24\lombok-1.18.24.jar
Launcher Type: SUN_STANDARD

[Global flags]
     intx CICompilerCount                          = 4                                         {product} {ergonomic}
     uint ConcGCThreads                            = 3                                         {product} {ergonomic}
     uint G1ConcRefinementThreads                  = 10                                        {product} {ergonomic}
   size_t G1HeapRegionSize                         = 2097152                                   {product} {ergonomic}
    uintx GCDrainStackTargetSize                   = 64                                        {product} {ergonomic}
   size_t InitialHeapSize                          = 264241152                                 {product} {ergonomic}
     bool ManagementServer                         = true                                      {product} {command line}
   size_t MarkStackSize                            = 4194304                                   {product} {ergonomic}
   size_t MaxHeapSize                              = 4215275520                                {product} {ergonomic}
   size_t MaxNewSize                               = 2529165312                                {product} {ergonomic}
   size_t MinHeapDeltaBytes                        = 2097152                                   {product} {ergonomic}
   size_t MinHeapSize                              = 8388608                                   {product} {ergonomic}
    uintx NonNMethodCodeHeapSize                   = 4096                                   {pd product} {ergonomic}
    uintx NonProfiledCodeHeapSize                  = 0                                      {pd product} {ergonomic}
     bool ProfileInterpreter                       = false                                  {pd product} {command line}
    uintx ProfiledCodeHeapSize                     = 0                                      {pd product} {ergonomic}
     bool ShowCodeDetailsInExceptionMessages       = true                                   {manageable} {command line}
   size_t SoftMaxHeapSize                          = 4215275520                             {manageable} {ergonomic}
     intx TieredStopAtLevel                        = 1                                         {product} {command line}
     bool UseCompressedOops                        = true                           {product lp64_product} {ergonomic}
     bool UseG1GC                                  = true                                      {product} {ergonomic}
     bool UseLargePagesIndividualAllocation        = false                                  {pd product} {ergonomic}

Logging:
Log output configuration:
 #0: stdout all=warning uptime,level,tags foldmultilines=false
 #1: stderr all=off uptime,level,tags foldmultilines=false

Environment Variables:
JAVA_HOME=C:\Program Files\Java\jdk-17
PATH=D:\STS\sts-4.25.0.RELEASE\plugins\org.eclipse.justj.openjdk.hotspot.jre.full.win32.x86_64_21.0.4.v20240802-1551\jre\bin;D:/STS/sts-4.25.0.RELEASE//plugins/org.eclipse.justj.openjdk.hotspot.jre.full.win32.x86_64_21.0.4.v20240802-1551/jre/bin/server;D:/STS/sts-4.25.0.RELEASE//plugins/org.eclipse.justj.openjdk.hotspot.jre.full.win32.x86_64_21.0.4.v20240802-1551/jre/bin;C:\Program Files\Common Files\Oracle\Java\javapath;C:\Python312\Scripts\;C:\Python312\;C:\Windows\system32;C:\Windows;C:\Windows\System32\Wbem;C:\Windows\System32\WindowsPowerShell\v1.0\;C:\Windows\System32\OpenSSH\;C:\Program Files\Git\cmd;C:\Users\aashv\AppData\;C:\Program Files\nodejs\;C:\ProgramData\chocolatey\bin;C:\Program Files\PuTTY\;C:\Program Files\Java\jdk-17\bin;D:\apache-maven-3.9.9\bin;C:\Program Files\Java\jdk-17\bin;C:\Program Files\TortoiseGit\bin;C:\Users\aashv\AppData\Local\Microsoft\WindowsApps;C:\Users\aashv\AppData\npm;C:\Users\aashv\AppData\Roaming\npm;C:\Users\aashv\AppData\Local\Programs\Microsoft VS Code\bin;C:\Program Files\Java\jdk-17\bin;D:\apache-maven-3.9.9\bin;;D:\STS\sts-4.25.0.RELEASE;
USERNAME=aashv
OS=Windows_NT
PROCESSOR_IDENTIFIER=Intel64 Family 6 Model 154 Stepping 3, GenuineIntel
TMP=C:\Users\aashv\AppData\Local\Temp
TEMP=C:\Users\aashv\AppData\Local\Temp




Periodic native trim disabled

---------------  S Y S T E M  ---------------

OS:
 Windows 11 , 64 bit Build 26100 (10.0.26100.2454)
OS uptime: 2 days 13:35 hours
Hyper-V role detected

CPU: total 12 (initial active 12) (6 cores per cpu, 2 threads per core) family 6 model 154 stepping 3 microcode 0x433, cx8, cmov, fxsr, ht, mmx, 3dnowpref, sse, sse2, sse3, ssse3, sse4.1, sse4.2, popcnt, lzcnt, tsc, tscinvbit, avx, avx2, aes, erms, clmul, bmi1, bmi2, adx, sha, fma, vzeroupper, clflush, clflushopt, clwb, hv, serialize, rdtscp, rdpid, fsrm, f16c, cet_ibt, cet_ss
Processor Information for processor 0
  Max Mhz: 2000, Current Mhz: 2000, Mhz Limit: 2000
Processor Information for processor 1
  Max Mhz: 2000, Current Mhz: 2000, Mhz Limit: 2000
Processor Information for processor 2
  Max Mhz: 2000, Current Mhz: 2000, Mhz Limit: 2000
Processor Information for processor 3
  Max Mhz: 2000, Current Mhz: 2000, Mhz Limit: 2000
Processor Information for processor 4
  Max Mhz: 2000, Current Mhz: 2000, Mhz Limit: 2000
Processor Information for processor 5
  Max Mhz: 2000, Current Mhz: 2000, Mhz Limit: 2000
Processor Information for processor 6
  Max Mhz: 2000, Current Mhz: 2000, Mhz Limit: 2000
Processor Information for processor 7
  Max Mhz: 2000, Current Mhz: 2000, Mhz Limit: 2000
Processor Information for processor 8
  Max Mhz: 2000, Current Mhz: 1500, Mhz Limit: 1500
Processor Information for processor 9
  Max Mhz: 2000, Current Mhz: 1500, Mhz Limit: 1500
Processor Information for processor 10
  Max Mhz: 2000, Current Mhz: 1500, Mhz Limit: 1500
Processor Information for processor 11
  Max Mhz: 2000, Current Mhz: 1500, Mhz Limit: 1500

Memory: 4k page, system-wide physical 16076M (5631M free)
TotalPageFile size 21452M (AvailPageFile size 7500M)
current process WorkingSet (physical memory assigned to process): 355M, peak: 475M
current process commit charge ("private bytes"): 398M, peak: 598M

vm_info: OpenJDK 64-Bit Server VM (21.0.4+7-LTS) for windows-amd64 JRE (21.0.4+7-LTS), built on 2024-07-16T00:00:00Z by "admin" with MS VC++ 17.7 (VS2022)

END.
